----------------
IN: 
0x00000000:  e3a00000  mov      r0, #0
0x00000004:  e59f1004  ldr      r1, [pc, #4]
0x00000008:  e59f2004  ldr      r2, [pc, #4]
0x0000000c:  e59ff004  ldr      pc, [pc, #4]

R00=00000000 R01=00000000 R02=00000000 R03=00000000
R04=00000000 R05=00000000 R06=00000000 R07=00000000
R08=00000000 R09=00000000 R10=00000000 R11=00000000
R12=00000000 R13=00000000 R14=00000000 R15=00000000
PSR=400001d3 -Z-- A svc32
----------------
IN: 
0x00008000:  e3a01c06  mov      r1, #0x600
0x00008004:  e3811061  orr      r1, r1, #0x61
0x00008008:  e1a00000  mov      r0, r0
0x0000800c:  e1a00000  mov      r0, r0
0x00008010:  e1a00000  mov      r0, r0
0x00008014:  e1a00000  mov      r0, r0
0x00008018:  e1a00000  mov      r0, r0
0x0000801c:  e1a00000  mov      r0, r0
0x00008020:  e1a00000  mov      r0, r0
0x00008024:  e1a00000  mov      r0, r0
0x00008028:  ea000002  b        #0x8038

R00=00000000 R01=00000661 R02=00000100 R03=00000000
R04=00000000 R05=00000000 R06=00000000 R07=00000000
R08=00000000 R09=00000000 R10=00000000 R11=00000000
R12=00000000 R13=00000000 R14=00000000 R15=00008000
PSR=400001d3 -Z-- A svc32
----------------
IN: 
0x00008038:  e1a07001  mov      r7, r1
0x0000803c:  e1a08002  mov      r8, r2
0x00008040:  e10f2000  mrs      r2, apsr
0x00008044:  e3120003  tst      r2, #3
0x00008048:  1a000001  bne      #0x8054

R00=00000000 R01=00000661 R02=00000100 R03=00000000
R04=00000000 R05=00000000 R06=00000000 R07=00000000
R08=00000000 R09=00000000 R10=00000000 R11=00000000
R12=00000000 R13=00000000 R14=00000000 R15=00008038
PSR=400001d3 -Z-- A svc32
----------------
IN: 
0x00008054:  e10f2000  mrs      r2, apsr
0x00008058:  e38220c0  orr      r2, r2, #0xc0
0x0000805c:  e121f002  msr      cpsr_c, r2

R00=00000000 R01=00000661 R02=400001d3 R03=00000000
R04=00000000 R05=00000000 R06=00000000 R07=00000661
R08=00000100 R09=00000000 R10=00000000 R11=00000000
R12=00000000 R13=00000000 R14=00000000 R15=00008054
PSR=000001d3 ---- A svc32
----------------
IN: 
0x00008060:  00000000  andeq    r0, r0, r0
0x00008064:  00000000  andeq    r0, r0, r0
0x00008068:  e28f00d4  add      r0, pc, #0xd4
0x0000806c:  e890307e  ldm      r0, {r1, r2, r3, r4, r5, r6, ip, sp}
0x00008070:  e0500001  subs     r0, r0, r1
0x00008074:  0a00000a  beq      #0x80a4

R00=00000000 R01=00000661 R02=000001d3 R03=00000000
R04=00000000 R05=00000000 R06=00000000 R07=00000661
R08=00000100 R09=00000000 R10=00000000 R11=00000000
R12=00000000 R13=00000000 R14=00000000 R15=00008060
PSR=000001d3 ---- A svc32
----------------
IN: 
0x00008078:  e0855000  add      r5, r5, r0
0x0000807c:  e0866000  add      r6, r6, r0
0x00008080:  e08cc000  add      ip, ip, r0
0x00008084:  e0822000  add      r2, r2, r0
0x00008088:  e0833000  add      r3, r3, r0
0x0000808c:  e08dd000  add      sp, sp, r0
0x00008090:  e5961000  ldr      r1, [r6]
0x00008094:  e0811000  add      r1, r1, r0
0x00008098:  e4861004  str      r1, [r6], #4
0x0000809c:  e156000c  cmp      r6, ip
0x000080a0:  3afffffa  blo      #0x8090

R00=00008008 R01=0000013c R02=000f9618 R03=000f9634
R04=00008000 R05=00000000 R06=000f95e0 R07=00000661
R08=00000100 R09=00000000 R10=00000000 R11=00000000
R12=000f960c R13=000fa634 R14=00000000 R15=00008078
PSR=200001d3 --C- A svc32
----------------
IN: 
0x00008090:  e5961000  ldr      r1, [r6]
0x00008094:  e0811000  add      r1, r1, r0
0x00008098:  e4861004  str      r1, [r6], #4
0x0000809c:  e156000c  cmp      r6, ip
0x000080a0:  3afffffa  blo      #0x8090

R00=00008008 R01=001015e6 R02=00101620 R03=0010163c
R04=00008000 R05=00008008 R06=001015ec R07=00000661
R08=00000100 R09=00000000 R10=00000000 R11=00000000
R12=00101614 R13=0010263c R14=00000000 R15=00008090
PSR=800001d3 N--- A svc32
R00=00008008 R01=00101634 R02=00101620 R03=0010163c
R04=00008000 R05=00008008 R06=001015f0 R07=00000661
R08=00000100 R09=00000000 R10=00000000 R11=00000000
R12=00101614 R13=0010263c R14=00000000 R15=00008090
PSR=800001d3 N--- A svc32
----------------
IN: 
0x000080a4:  e3a00000  mov      r0, #0
0x000080a8:  e4820004  str      r0, [r2], #4
0x000080ac:  e4820004  str      r0, [r2], #4
0x000080b0:  e4820004  str      r0, [r2], #4
0x000080b4:  e4820004  str      r0, [r2], #4
0x000080b8:  e1520003  cmp      r2, r3
0x000080bc:  3afffff9  blo      #0x80a8

R00=00008008 R01=0010162c R02=00101620 R03=0010163c
R04=00008000 R05=00008008 R06=00101614 R07=00000661
R08=00000100 R09=00000000 R10=00000000 R11=00000000
R12=00101614 R13=0010263c R14=00000000 R15=000080a4
PSR=600001d3 -ZC- A svc32
----------------
IN: 
0x000080a8:  e4820004  str      r0, [r2], #4
0x000080ac:  e4820004  str      r0, [r2], #4
0x000080b0:  e4820004  str      r0, [r2], #4
0x000080b4:  e4820004  str      r0, [r2], #4
0x000080b8:  e1520003  cmp      r2, r3
0x000080bc:  3afffff9  blo      #0x80a8

R00=00000000 R01=0010162c R02=00101630 R03=0010163c
R04=00008000 R05=00008008 R06=00101614 R07=00000661
R08=00000100 R09=00000000 R10=00000000 R11=00000000
R12=00101614 R13=0010263c R14=00000000 R15=000080a8
PSR=800001d3 N--- A svc32
----------------
IN: 
0x000080c0:  eb000028  bl       #0x8168

R00=00000000 R01=0010162c R02=00101640 R03=0010163c
R04=00008000 R05=00008008 R06=00101614 R07=00000661
R08=00000100 R09=00000000 R10=00000000 R11=00000000
R12=00101614 R13=0010263c R14=00000000 R15=000080c0
PSR=200001d3 --C- A svc32
----------------
IN: 
0x00008168:  e3a03008  mov      r3, #8
0x0000816c:  ea00009a  b        #0x83dc

R00=00000000 R01=0010162c R02=00101640 R03=0010163c
R04=00008000 R05=00008008 R06=00101614 R07=00000661
R08=00000100 R09=00000000 R10=00000000 R11=00000000
R12=00101614 R13=0010263c R14=000080c4 R15=00008168
PSR=200001d3 --C- A svc32
----------------
IN: 
0x000083dc:  e28fc01c  add      ip, pc, #0x1c
0x000083e0:  ee106f10  mrc      p15, #0, r6, c0, c0, #0
0x000083e4:  e59c1000  ldr      r1, [ip]
0x000083e8:  e59c2004  ldr      r2, [ip, #4]
0x000083ec:  e0211006  eor      r1, r1, r6
0x000083f0:  e1110002  tst      r1, r2
0x000083f4:  008cf003  addeq    pc, ip, r3

R00=00000000 R01=0010162c R02=00101640 R03=00000008
R04=00008000 R05=00008008 R06=00101614 R07=00000661
R08=00000100 R09=00000000 R10=00000000 R11=00000000
R12=00101614 R13=0010263c R14=000080c4 R15=000083dc
PSR=200001d3 --C- A svc32
----------------
IN: 
0x000083f8:  e28cc014  add      ip, ip, #0x14
0x000083fc:  eafffff8  b        #0x83e4

R00=00000000 R01=00509465 R02=ffffffe0 R03=00000008
R04=00008000 R05=00008008 R06=41069265 R07=00000661
R08=00000100 R09=00000000 R10=00000000 R11=00000000
R12=00008400 R13=0010263c R14=000080c4 R15=000083f8
PSR=200001d3 --C- A svc32
----------------
IN: 
0x000083e4:  e59c1000  ldr      r1, [ip]
0x000083e8:  e59c2004  ldr      r2, [ip, #4]
0x000083ec:  e0211006  eor      r1, r1, r6
0x000083f0:  e1110002  tst      r1, r2
0x000083f4:  008cf003  addeq    pc, ip, r3

R00=00000000 R01=00509465 R02=ffffffe0 R03=00000008
R04=00008000 R05=00008008 R06=41069265 R07=00000661
R08=00000100 R09=00000000 R10=00000000 R11=00000000
R12=00008414 R13=0010263c R14=000080c4 R15=000083e4
PSR=200001d3 --C- A svc32
R00=00000000 R01=41069265 R02=0000f000 R03=00000008
R04=00008000 R05=00008008 R06=41069265 R07=00000661
R08=00000100 R09=00000000 R10=00000000 R11=00000000
R12=00008414 R13=0010263c R14=000080c4 R15=000083f8
PSR=200001d3 --C- A svc32
----------------
IN: 
0x0000850c:  eaffff57  b        #0x8270

R00=00000000 R01=00060005 R02=ff00fff0 R03=00000008
R04=00008000 R05=00008008 R06=41069265 R07=00000661
R08=00000100 R09=00000000 R10=00000000 R11=00000000
R12=00008504 R13=0010263c R14=000080c4 R15=0000850c
PSR=600001d3 -ZC- A svc32
----------------
IN: 
0x00008270:  e1a0c00e  mov      ip, lr
0x00008274:  ebffffe2  bl       #0x8204

R00=00000000 R01=00060005 R02=ff00fff0 R03=00000008
R04=00008000 R05=00008008 R06=41069265 R07=00000661
R08=00000100 R09=00000000 R10=00000000 R11=00000000
R12=00008504 R13=0010263c R14=000080c4 R15=00008270
PSR=600001d3 -ZC- A svc32
----------------
IN: 
0x00008204:  e2443901  sub      r3, r4, #0x4000
0x00008208:  e3c330ff  bic      r3, r3, #0xff
0x0000820c:  e3c33c3f  bic      r3, r3, #0x3f00
0x00008210:  e1a00003  mov      r0, r3
0x00008214:  e1a09920  lsr      sb, r0, #0x12
0x00008218:  e1a09909  lsl      sb, sb, #0x12
0x0000821c:  e289a201  add      sl, sb, #0x10000000
0x00008220:  e3a01012  mov      r1, #0x12
0x00008224:  e3811b03  orr      r1, r1, #0xc00
0x00008228:  e2832901  add      r2, r3, #0x4000
0x0000822c:  e1510009  cmp      r1, sb
0x00008230:  2381100c  orrhs    r1, r1, #0xc
0x00008234:  e151000a  cmp      r1, sl
0x00008238:  23c1100c  bichs    r1, r1, #0xc
0x0000823c:  e4801004  str      r1, [r0], #4
0x00008240:  e2811601  add      r1, r1, #0x100000
0x00008244:  e1300002  teq      r0, r2
0x00008248:  1afffff7  bne      #0x822c

R00=00000000 R01=00060005 R02=ff00fff0 R03=00000008
R04=00008000 R05=00008008 R06=41069265 R07=00000661
R08=00000100 R09=00000000 R10=00000000 R11=00000000
R12=000080c4 R13=0010263c R14=00008278 R15=00008204
PSR=600001d3 -ZC- A svc32
----------------
IN: 
0x0000822c:  e1510009  cmp      r1, sb
0x00008230:  2381100c  orrhs    r1, r1, #0xc
0x00008234:  e151000a  cmp      r1, sl
0x00008238:  23c1100c  bichs    r1, r1, #0xc
0x0000823c:  e4801004  str      r1, [r0], #4
0x00008240:  e2811601  add      r1, r1, #0x100000
0x00008244:  e1300002  teq      r0, r2
0x00008248:  1afffff7  bne      #0x822c

R00=00004004 R01=00100c1e R02=00008000 R03=00004000
R04=00008000 R05=00008008 R06=41069265 R07=00000661
R08=00000100 R09=00000000 R10=10000000 R11=00000000
R12=000080c4 R13=0010263c R14=00008278 R15=0000822c
PSR=000001d3 ---- A svc32
R00=00004008 R01=00200c1e R02=00008000 R03=00004000
R04=00008000 R05=00008008 R06=41069265 R07=00000661
R08=00000100 R09=00000000 R10=10000000 R11=00000000
R12=000080c4 R13=0010263c R14=00008278 R15=0000822c
PSR=000001d3 ---- A svc32
----------------
IN: 
0x0000824c:  e3a0101e  mov      r1, #0x1e
0x00008250:  e3811b03  orr      r1, r1, #0xc00
0x00008254:  e1a02a2f  lsr      r2, pc, #0x14
0x00008258:  e1811a02  orr      r1, r1, r2, lsl #20
0x0000825c:  e0830102  add      r0, r3, r2, lsl #2
0x00008260:  e4801004  str      r1, [r0], #4
0x00008264:  e2811601  add      r1, r1, #0x100000
0x00008268:  e5801000  str      r1, [r0]
0x0000826c:  e1a0f00e  mov      pc, lr

R00=00008000 R01=00000c12 R02=00008000 R03=00004000
R04=00008000 R05=00008008 R06=41069265 R07=00000661
R08=00000100 R09=00000000 R10=10000000 R11=00000000
R12=000080c4 R13=0010263c R14=00008278 R15=0000824c
PSR=600001d3 -ZC- A svc32
----------------
IN: 
0x00008278:  e3a00000  mov      r0, #0
0x0000827c:  ee070f9a  mcr      p15, #0, r0, c7, c10, #4
0x00008280:  ee080f17  mcr      p15, #0, r0, c8, c7, #0

R00=00004004 R01=00100c1e R02=00000000 R03=00004000
R04=00008000 R05=00008008 R06=41069265 R07=00000661
R08=00000100 R09=00000000 R10=10000000 R11=00000000
R12=000080c4 R13=0010263c R14=00008278 R15=00008278
PSR=600001d3 -ZC- A svc32
----------------
IN: 
0x00008284:  ee110f10  mrc      p15, #0, r0, c1, c0, #0
0x00008288:  e3800a05  orr      r0, r0, #0x5000
0x0000828c:  e3800030  orr      r0, r0, #0x30
0x00008290:  eb00002c  bl       #0x8348

R00=00000000 R01=00100c1e R02=00000000 R03=00004000
R04=00008000 R05=00008008 R06=41069265 R07=00000661
R08=00000100 R09=00000000 R10=10000000 R11=00000000
R12=000080c4 R13=0010263c R14=00008278 R15=00008284
PSR=600001d3 -ZC- A svc32
----------------
IN: 
0x00008348:  e380000d  orr      r0, r0, #0xd
0x0000834c:  e3e01000  mvn      r1, #0
0x00008350:  ee023f10  mcr      p15, #0, r3, c2, c0, #0

R00=00095078 R01=00100c1e R02=00000000 R03=00004000
R04=00008000 R05=00008008 R06=41069265 R07=00000661
R08=00000100 R09=00000000 R10=10000000 R11=00000000
R12=000080c4 R13=0010263c R14=00008294 R15=00008348
PSR=600001d3 -ZC- A svc32
----------------
IN: 
0x00008354:  ee031f10  mcr      p15, #0, r1, c3, c0, #0

R00=0009507d R01=ffffffff R02=00000000 R03=00004000
R04=00008000 R05=00008008 R06=41069265 R07=00000661
R08=00000100 R09=00000000 R10=10000000 R11=00000000
R12=000080c4 R13=0010263c R14=00008294 R15=00008354
PSR=600001d3 -ZC- A svc32
----------------
IN: 
0x00008358:  ea000002  b        #0x8368

R00=0009507d R01=ffffffff R02=00000000 R03=00004000
R04=00008000 R05=00008008 R06=41069265 R07=00000661
R08=00000100 R09=00000000 R10=10000000 R11=00000000
R12=000080c4 R13=0010263c R14=00008294 R15=00008358
PSR=600001d3 -ZC- A svc32
----------------
IN: 
0x00008368:  ee010f10  mcr      p15, #0, r0, c1, c0, #0

R00=0009507d R01=ffffffff R02=00000000 R03=00004000
R04=00008000 R05=00008008 R06=41069265 R07=00000661
R08=00000100 R09=00000000 R10=10000000 R11=00000000
R12=000080c4 R13=0010263c R14=00008294 R15=00008368
PSR=600001d3 -ZC- A svc32
----------------
IN: 
0x0000836c:  ee110f10  mrc      p15, #0, r0, c1, c0, #0
0x00008370:  e04ef020  sub      pc, lr, r0, lsr #32

R00=0009507d R01=ffffffff R02=00000000 R03=00004000
R04=00008000 R05=00008008 R06=41069265 R07=00000661
R08=00000100 R09=00000000 R10=10000000 R11=00000000
R12=000080c4 R13=0010263c R14=00008294 R15=0000836c
PSR=600001d3 -ZC- A svc32
----------------
IN: 
0x00008294:  e3a00000  mov      r0, #0
0x00008298:  ee080f17  mcr      p15, #0, r0, c8, c7, #0

R00=0009507d R01=ffffffff R02=00000000 R03=00004000
R04=00008000 R05=00008008 R06=41069265 R07=00000661
R08=00000100 R09=00000000 R10=10000000 R11=00000000
R12=000080c4 R13=0010263c R14=00008294 R15=00008294
PSR=600001d3 -ZC- A svc32
----------------
IN: 
0x0000829c:  e1a0f00c  mov      pc, ip

R00=00000000 R01=ffffffff R02=00000000 R03=00004000
R04=00008000 R05=00008008 R06=41069265 R07=00000661
R08=00000100 R09=00000000 R10=10000000 R11=00000000
R12=000080c4 R13=0010263c R14=00008294 R15=0000829c
PSR=600001d3 -ZC- A svc32
----------------
IN: 
0x000080c4:  e1a0100d  mov      r1, sp
0x000080c8:  e28d2801  add      r2, sp, #0x10000
0x000080cc:  e1540002  cmp      r4, r2
0x000080d0:  2a000017  bhs      #0x8134

R00=00000000 R01=ffffffff R02=00000000 R03=00004000
R04=00008000 R05=00008008 R06=41069265 R07=00000661
R08=00000100 R09=00000000 R10=10000000 R11=00000000
R12=000080c4 R13=0010263c R14=00008294 R15=000080c4
PSR=600001d3 -ZC- A svc32
----------------
IN: 
0x000080d4:  e04d3005  sub      r3, sp, r5
0x000080d8:  e0840103  add      r0, r4, r3, lsl #2
0x000080dc:  e1500005  cmp      r0, r5
0x000080e0:  9a000013  bls      #0x8134

R00=00000000 R01=0010263c R02=0011263c R03=00004000
R04=00008000 R05=00008008 R06=41069265 R07=00000661
R08=00000100 R09=00000000 R10=10000000 R11=00000000
R12=000080c4 R13=0010263c R14=00008294 R15=000080d4
PSR=800001d3 N--- A svc32
----------------
IN: 
0x000080e4:  e1a05002  mov      r5, r2
0x000080e8:  e1a00005  mov      r0, r5
0x000080ec:  e1a03007  mov      r3, r7
0x000080f0:  eb000d05  bl       #0xb50c

R00=003f18d0 R01=0010263c R02=0011263c R03=000fa634
R04=00008000 R05=00008008 R06=41069265 R07=00000661
R08=00000100 R09=00000000 R10=10000000 R11=00000000
R12=000080c4 R13=0010263c R14=00008294 R15=000080e4
PSR=200001d3 --C- A svc32
----------------
IN: 
0x0000b50c:  e1a0c00d  mov      ip, sp
0x0000b510:  e92ddff0  push     {r4, r5, r6, r7, r8, sb, sl, fp, ip, lr, pc}
0x0000b514:  e24cb004  sub      fp, ip, #4
0x0000b518:  e24dd01c  sub      sp, sp, #0x1c
0x0000b51c:  e59f50d0  ldr      r5, [pc, #0xd0]
0x0000b520:  e59fc0d0  ldr      ip, [pc, #0xd0]
0x0000b524:  e08f5005  add      r5, pc, r5
0x0000b528:  e795700c  ldr      r7, [r5, ip]
0x0000b52c:  e59fc0c8  ldr      ip, [pc, #0xc8]
0x0000b530:  e795c00c  ldr      ip, [r5, ip]
0x0000b534:  e50bc030  str      ip, [fp, #-0x30]
0x0000b538:  e59fc0c0  ldr      ip, [pc, #0xc0]
0x0000b53c:  e5574002  ldrb     r4, [r7, #-2]
0x0000b540:  e557e003  ldrb     lr, [r7, #-3]
0x0000b544:  e795c00c  ldr      ip, [r5, ip]
0x0000b548:  e5578004  ldrb     r8, [r7, #-4]
0x0000b54c:  e5579001  ldrb     sb, [r7, #-1]
0x0000b550:  e1a04804  lsl      r4, r4, #0x10
0x0000b554:  e184440e  orr      r4, r4, lr, lsl #8
0x0000b558:  e59fe0a4  ldr      lr, [pc, #0xa4]
0x0000b55c:  e50bc034  str      ip, [fp, #-0x34]
0x0000b560:  e59fc0a0  ldr      ip, [pc, #0xa0]
0x0000b564:  e1844008  orr      r4, r4, r8
0x0000b568:  e1844c09  orr      r4, r4, sb, lsl #24
0x0000b56c:  e795a00e  ldr      sl, [r5, lr]
0x0000b570:  e795600c  ldr      r6, [r5, ip]
0x0000b574:  e59fc090  ldr      ip, [pc, #0x90]
0x0000b578:  e795e00c  ldr      lr, [r5, ip]
0x0000b57c:  e51bc030  ldr      ip, [fp, #-0x30]
0x0000b580:  e5862000  str      r2, [r6]
0x0000b584:  e58e3000  str      r3, [lr]
0x0000b588:  e58c0000  str      r0, [ip]
0x0000b58c:  e58a1000  str      r1, [sl]
0x0000b590:  e51b1034  ldr      r1, [fp, #-0x34]
0x0000b594:  e59f0074  ldr      r0, [pc, #0x74]
0x0000b598:  e5814000  str      r4, [r1]
0x0000b59c:  e0850000  add      r0, r5, r0
0x0000b5a0:  ebfff613  bl       #0x8df4

R00=0011263c R01=0010263c R02=0011263c R03=00000661
R04=00008000 R05=0011263c R06=41069265 R07=00000661
R08=00000100 R09=00000000 R10=10000000 R11=00000000
R12=000080c4 R13=0010263c R14=000080f4 R15=0000b50c
PSR=200001d3 --C- A svc32
----------------
IN: 
0x00008df4:  e1a0c00d  mov      ip, sp
0x00008df8:  e92dd8f0  push     {r4, r5, r6, r7, fp, ip, lr, pc}
0x00008dfc:  e24cb004  sub      fp, ip, #4
0x00008e00:  e3a05000  mov      r5, #0
0x00008e04:  e1a06000  mov      r6, r0
0x00008e08:  ea000005  b        #0x8e24

R00=0000b9b0 R01=00101628 R02=0011263c R03=00000661
R04=002af8e0 R05=001015e8 R06=00101630 R07=001015e6
R08=000000e0 R09=00000000 R10=0010162c R11=00102638
R12=00101624 R13=001025f4 R14=0000b5a4 R15=00008df4
PSR=200001d3 --C- A svc32
----------------
IN: 
0x00008e24:  e7d64005  ldrb     r4, [r6, r5]
0x00008e28:  e2855001  add      r5, r5, #1
0x00008e2c:  e3540000  cmp      r4, #0
0x00008e30:  1afffff5  bne      #0x8e0c

R00=0000b9b0 R01=00101628 R02=0011263c R03=00000661
R04=002af8e0 R05=00000000 R06=0000b9b0 R07=001015e6
R08=000000e0 R09=00000000 R10=0010162c R11=001025f0
R12=001025f4 R13=001025d4 R14=0000b5a4 R15=00008e24
PSR=200001d3 --C- A svc32
----------------
IN: 
0x00008e0c:  e354000a  cmp      r4, #0xa
0x00008e10:  1a000001  bne      #0x8e1c

R00=0000b9b0 R01=00101628 R02=0011263c R03=00000661
R04=00000055 R05=00000001 R06=0000b9b0 R07=001015e6
R08=000000e0 R09=00000000 R10=0010162c R11=001025f0
R12=001025f4 R13=001025d4 R14=0000b5a4 R15=00008e0c
PSR=200001d3 --C- A svc32
----------------
IN: 
0x00008e1c:  e1a00004  mov      r0, r4
0x00008e20:  ebffffd6  bl       #0x8d80

R00=0000b9b0 R01=00101628 R02=0011263c R03=00000661
R04=00000055 R05=00000001 R06=0000b9b0 R07=001015e6
R08=000000e0 R09=00000000 R10=0010162c R11=001025f0
R12=001025f4 R13=001025d4 R14=0000b5a4 R15=00008e1c
PSR=200001d3 --C- A svc32
----------------
IN: 
0x00008d80:  e1a0c00d  mov      ip, sp
0x00008d84:  e92dd800  push     {fp, ip, lr, pc}
0x00008d88:  e24cb004  sub      fp, ip, #4
0x00008d8c:  e59f1024  ldr      r1, [pc, #0x24]
0x00008d90:  e3a02000  mov      r2, #0
0x00008d94:  e5d13014  ldrb     r3, [r1, #0x14]
0x00008d98:  e3130020  tst      r3, #0x20
0x00008d9c:  1a000002  bne      #0x8dac

R00=00000055 R01=00101628 R02=0011263c R03=00000661
R04=00000055 R05=00000001 R06=0000b9b0 R07=001015e6
R08=000000e0 R09=00000000 R10=0010162c R11=001025f0
R12=001025f4 R13=001025d4 R14=00008e24 R15=00008d80
PSR=200001d3 --C- A svc32
----------------
IN: 
0x00008dac:  e59f3004  ldr      r3, [pc, #4]
0x00008db0:  e5c30000  strb     r0, [r3]
0x00008db4:  e89da800  ldm      sp, {fp, sp, pc}

R00=00000055 R01=f1012000 R02=00000000 R03=00000060
R04=00000055 R05=00000001 R06=0000b9b0 R07=001015e6
R08=000000e0 R09=00000000 R10=0010162c R11=001025d0
R12=001025d4 R13=001025c4 R14=00008e24 R15=00008dac
PSR=200001d3 --C- A svc32
----------------
IN: 
0x00008e34:  ebffffe0  bl       #0x8dbc

R00=0000002e R01=f1012000 R02=00000000 R03=f1012000
R04=00000000 R05=00000017 R06=0000b9b0 R07=001015e6
R08=000000e0 R09=00000000 R10=0010162c R11=001025f0
R12=001025d4 R13=001025d4 R14=00008e24 R15=00008e34
PSR=600001d3 -ZC- A svc32
----------------
IN: 
0x00008dbc:  e1a0c00d  mov      ip, sp
0x00008dc0:  e92dd800  push     {fp, ip, lr, pc}
0x00008dc4:  e24cb004  sub      fp, ip, #4
0x00008dc8:  e59f1020  ldr      r1, [pc, #0x20]
0x00008dcc:  e3a02000  mov      r2, #0
0x00008dd0:  e5d13014  ldrb     r3, [r1, #0x14]
0x00008dd4:  e2033060  and      r3, r3, #0x60
0x00008dd8:  e3530060  cmp      r3, #0x60
0x00008ddc:  0a000002  beq      #0x8dec

R00=0000002e R01=f1012000 R02=00000000 R03=f1012000
R04=00000000 R05=00000017 R06=0000b9b0 R07=001015e6
R08=000000e0 R09=00000000 R10=0010162c R11=001025f0
R12=001025d4 R13=001025d4 R14=00008e38 R15=00008dbc
PSR=600001d3 -ZC- A svc32
----------------
IN: 
0x00008dec:  e89da800  ldm      sp, {fp, sp, pc}

R00=0000002e R01=f1012000 R02=00000000 R03=00000060
R04=00000000 R05=00000017 R06=0000b9b0 R07=001015e6
R08=000000e0 R09=00000000 R10=0010162c R11=001025d0
R12=001025d4 R13=001025c4 R14=00008e38 R15=00008dec
PSR=600001d3 -ZC- A svc32
----------------
IN: 
0x00008e38:  e89da8f0  ldm      sp, {r4, r5, r6, r7, fp, sp, pc}

R00=0000002e R01=f1012000 R02=00000000 R03=00000060
R04=00000000 R05=00000017 R06=0000b9b0 R07=001015e6
R08=000000e0 R09=00000000 R10=0010162c R11=001025f0
R12=001025d4 R13=001025d4 R14=00008e38 R15=00008e38
PSR=600001d3 -ZC- A svc32
----------------
IN: 
0x0000b5a4:  e3a03000  mov      r3, #0
0x0000b5a8:  e51bc030  ldr      ip, [fp, #-0x30]
0x0000b5ac:  e1a02003  mov      r2, r3
0x0000b5b0:  e58d3004  str      r3, [sp, #4]
0x0000b5b4:  e59f1058  ldr      r1, [pc, #0x58]
0x0000b5b8:  e59c6000  ldr      r6, [ip]
0x0000b5bc:  e59fc054  ldr      ip, [pc, #0x54]
0x0000b5c0:  e7950001  ldr      r0, [r5, r1]
0x0000b5c4:  e58d6000  str      r6, [sp]
0x0000b5c8:  e795400c  ldr      r4, [r5, ip]
0x0000b5cc:  e0601007  rsb      r1, r0, r7
0x0000b5d0:  e58d4008  str      r4, [sp, #8]
0x0000b5d4:  ebffffb3  bl       #0xb4a8

R00=0000002e R01=f1012000 R02=00000000 R03=00000060
R04=002af8e0 R05=001015e8 R06=00101630 R07=001015e6
R08=000000e0 R09=00000000 R10=0010162c R11=00102638
R12=001025d4 R13=001025f4 R14=00008e38 R15=0000b5a4
PSR=600001d3 -ZC- A svc32
----------------
IN: 
0x0000b4a8:  e1a0c00d  mov      ip, sp
0x0000b4ac:  e92dd800  push     {fp, ip, lr, pc}
0x0000b4b0:  e24cb004  sub      fp, ip, #4
0x0000b4b4:  e24dd010  sub      sp, sp, #0x10
0x0000b4b8:  e59bc004  ldr      ip, [fp, #4]
0x0000b4bc:  e2411004  sub      r1, r1, #4
0x0000b4c0:  e59be008  ldr      lr, [fp, #8]
0x0000b4c4:  e58dc000  str      ip, [sp]
0x0000b4c8:  e59bc00c  ldr      ip, [fp, #0xc]
0x0000b4cc:  e58de004  str      lr, [sp, #4]
0x0000b4d0:  e58dc008  str      ip, [sp, #8]
0x0000b4d4:  ebfffc3f  bl       #0xa5d8

R00=0000b9e4 R01=000f5c02 R02=00000000 R03=00000000
R04=00009604 R05=001015e8 R06=0011263c R07=001015e6
R08=000000e0 R09=00000000 R10=0010162c R11=00102638
R12=0000001c R13=001025f4 R14=0000b5d8 R15=0000b4a8
PSR=600001d3 -ZC- A svc32
----------------
IN: 
0x0000a5d8:  e1a0c00d  mov      ip, sp
0x0000a5dc:  e92ddff0  push     {r4, r5, r6, r7, r8, sb, sl, fp, ip, lr, pc}
0x0000a5e0:  e24cb004  sub      fp, ip, #4
0x0000a5e4:  e24dd084  sub      sp, sp, #0x84
0x0000a5e8:  e59f7ea8  ldr      r7, [pc, #0xea8]
0x0000a5ec:  e3500000  cmp      r0, #0
0x0000a5f0:  e50b009c  str      r0, [fp, #-0x9c]
0x0000a5f4:  e1a08001  mov      r8, r1
0x0000a5f8:  e50b30a0  str      r3, [fp, #-0xa0]
0x0000a5fc:  e1a04002  mov      r4, r2
0x0000a600:  e08f7007  add      r7, pc, r7
0x0000a604:  1a000009  bne      #0xa630

R00=0000b9e4 R01=000f5bfe R02=00000000 R03=00000000
R04=00009604 R05=001015e8 R06=0011263c R07=001015e6
R08=000000e0 R09=00000000 R10=0010162c R11=001025f0
R12=00009604 R13=001025d4 R14=0000b4d8 R15=0000a5d8
PSR=600001d3 -ZC- A svc32
----------------
IN: 
0x0000a630:  e51b009c  ldr      r0, [fp, #-0x9c]
0x0000a634:  e50b008c  str      r0, [fp, #-0x8c]
0x0000a638:  e3540000  cmp      r4, #0
0x0000a63c:  0a000001  beq      #0xa648

R00=0000b9e4 R01=000f5bfe R02=00000000 R03=00000000
R04=00000000 R05=001015e8 R06=0011263c R07=001015e8
R08=000f5bfe R09=00000000 R10=0010162c R11=001025d0
R12=001025d4 R13=00102524 R14=0000b4d8 R15=0000a630
PSR=200001d3 --C- A svc32
----------------
IN: 
0x0000a648:  e59f3e50  ldr      r3, [pc, #0xe50]
0x0000a64c:  e7972003  ldr      r2, [r7, r3]
0x0000a650:  e50b2068  str      r2, [fp, #-0x68]
0x0000a654:  e51b108c  ldr      r1, [fp, #-0x8c]
0x0000a658:  e3e02000  mvn      r2, #0
0x0000a65c:  e50b2050  str      r2, [fp, #-0x50]
0x0000a660:  e24b6045  sub      r6, fp, #0x45
0x0000a664:  e51b208c  ldr      r2, [fp, #-0x8c]
0x0000a668:  e50b8058  str      r8, [fp, #-0x58]
0x0000a66c:  e0813008  add      r3, r1, r8
0x0000a670:  e3a01000  mov      r1, #0
0x0000a674:  e50b305c  str      r3, [fp, #-0x5c]
0x0000a678:  e50b2060  str      r2, [fp, #-0x60]
0x0000a67c:  e1a04001  mov      r4, r1
0x0000a680:  e1a05001  mov      r5, r1
0x0000a684:  e50b2064  str      r2, [fp, #-0x64]
0x0000a688:  e24b8068  sub      r8, fp, #0x68
0x0000a68c:  e50b1054  str      r1, [fp, #-0x54]
0x0000a690:  e51b2064  ldr      r2, [fp, #-0x64]
0x0000a694:  e2844001  add      r4, r4, #1
0x0000a698:  e51b305c  ldr      r3, [fp, #-0x5c]
0x0000a69c:  e1520003  cmp      r2, r3
0x0000a6a0:  3a000002  blo      #0xa6b0

R00=0000b9e4 R01=000f5bfe R02=00000000 R03=00000000
R04=00000000 R05=001015e8 R06=0011263c R07=001015e8
R08=000f5bfe R09=00000000 R10=0010162c R11=001025d0
R12=001025d4 R13=00102524 R14=0000b4d8 R15=0000a648
PSR=600001d3 -ZC- A svc32
----------------
IN: 
0x0000a6b0:  e1a03002  mov      r3, r2
0x0000a6b4:  e354000d  cmp      r4, #0xd
0x0000a6b8:  e4d32001  ldrb     r2, [r3], #1
0x0000a6bc:  e7c62005  strb     r2, [r6, r5]
0x0000a6c0:  e1a05004  mov      r5, r4
0x0000a6c4:  e50b3064  str      r3, [fp, #-0x64]
0x0000a6c8:  1afffff0  bne      #0xa690

R00=0000b9e4 R01=00000000 R02=0000b9e4 R03=001015e2
R04=00000001 R05=00000000 R06=0010258b R07=001015e8
R08=00102568 R09=00000000 R10=0010162c R11=001025d0
R12=001025d4 R13=00102524 R14=0000b4d8 R15=0000a6b0
PSR=800001d3 N--- A svc32
----------------
IN: 
0x0000a690:  e51b2064  ldr      r2, [fp, #-0x64]
0x0000a694:  e2844001  add      r4, r4, #1
0x0000a698:  e51b305c  ldr      r3, [fp, #-0x5c]
0x0000a69c:  e1520003  cmp      r2, r3
0x0000a6a0:  3a000002  blo      #0xa6b0

R00=0000b9e4 R01=00000000 R02=0000006d R03=0000b9e5
R04=00000001 R05=00000001 R06=0010258b R07=001015e8
R08=00102568 R09=00000000 R10=0010162c R11=001025d0
R12=001025d4 R13=00102524 R14=0000b4d8 R15=0000a690
PSR=800001d3 N--- A svc32
R00=0000b9e4 R01=00000000 R02=0000b9e5 R03=001015e2
R04=00000002 R05=00000001 R06=0010258b R07=001015e8
R08=00102568 R09=00000000 R10=0010162c R11=001025d0
R12=001025d4 R13=00102524 R14=0000b4d8 R15=0000a6b0
PSR=800001d3 N--- A svc32
----------------
IN: 
0x0000a6cc:  e55b1045  ldrb     r1, [fp, #-0x45]
0x0000a6d0:  e35100e0  cmp      r1, #0xe0
0x0000a6d4:  9a000003  bls      #0xa6e8

R00=0000b9e4 R01=00000000 R02=000000ff R03=0000b9f1
R04=0000000d R05=0000000d R06=0010258b R07=001015e8
R08=00102568 R09=00000000 R10=0010162c R11=001025d0
R12=001025d4 R13=00102524 R14=0000b4d8 R15=0000a6cc
PSR=600001d3 -ZC- A svc32
----------------
IN: 
0x0000a6e8:  e3a02000  mov      r2, #0
0x0000a6ec:  e1a03002  mov      r3, r2
0x0000a6f0:  ea000000  b        #0xa6f8

R00=0000b9e4 R01=0000006d R02=000000ff R03=0000b9f1
R04=0000000d R05=0000000d R06=0010258b R07=001015e8
R08=00102568 R09=00000000 R10=0010162c R11=001025d0
R12=001025d4 R13=00102524 R14=0000b4d8 R15=0000a6e8
PSR=800001d3 N--- A svc32
----------------
IN: 
0x0000a6f8:  e083c001  add      ip, r3, r1
0x0000a6fc:  e2433009  sub      r3, r3, #9
0x0000a700:  e50bc098  str      ip, [fp, #-0x98]
0x0000a704:  e35c0008  cmp      ip, #8
0x0000a708:  cafffff9  bgt      #0xa6f4

R00=0000b9e4 R01=0000006d R02=00000000 R03=00000000
R04=0000000d R05=0000000d R06=0010258b R07=001015e8
R08=00102568 R09=00000000 R10=0010162c R11=001025d0
R12=001025d4 R13=00102524 R14=0000b4d8 R15=0000a6f8
PSR=800001d3 N--- A svc32
----------------
IN: 
0x0000a6f4:  e2822001  add      r2, r2, #1
0x0000a6f8:  e083c001  add      ip, r3, r1
0x0000a6fc:  e2433009  sub      r3, r3, #9
0x0000a700:  e50bc098  str      ip, [fp, #-0x98]
0x0000a704:  e35c0008  cmp      ip, #8
0x0000a708:  cafffff9  bgt      #0xa6f4

R00=0000b9e4 R01=0000006d R02=00000000 R03=fffffff7
R04=0000000d R05=0000000d R06=0010258b R07=001015e8
R08=00102568 R09=00000000 R10=0010162c R11=001025d0
R12=0000006d R13=00102524 R14=0000b4d8 R15=0000a6f4
PSR=200001d3 --C- A svc32
R00=0000b9e4 R01=0000006d R02=00000001 R03=ffffffee
R04=0000000d R05=0000000d R06=0010258b R07=001015e8
R08=00102568 R09=00000000 R10=0010162c R11=001025d0
R12=00000064 R13=00102524 R14=0000b4d8 R15=0000a6f4
PSR=200001d3 --C- A svc32
----------------
IN: 
0x0000a70c:  e1a09002  mov      sb, r2
0x0000a710:  e3a03000  mov      r3, #0
0x0000a714:  ea000001  b        #0xa720

R00=0000b9e4 R01=0000006d R02=0000000c R03=ffffff8b
R04=0000000d R05=0000000d R06=0010258b R07=001015e8
R08=00102568 R09=00000000 R10=0010162c R11=001025d0
R12=00000001 R13=00102524 R14=0000b4d8 R15=0000a70c
PSR=800001d3 N--- A svc32
----------------
IN: 
0x0000a720:  e3590004  cmp      sb, #4
0x0000a724:  cafffffb  bgt      #0xa718

R00=0000b9e4 R01=0000006d R02=0000000c R03=00000000
R04=0000000d R05=0000000d R06=0010258b R07=001015e8
R08=00102568 R09=0000000c R10=0010162c R11=001025d0
R12=00000001 R13=00102524 R14=0000b4d8 R15=0000a720
PSR=800001d3 N--- A svc32
----------------
IN: 
0x0000a718:  e2833001  add      r3, r3, #1
0x0000a71c:  e2499005  sub      sb, sb, #5
0x0000a720:  e3590004  cmp      sb, #4
0x0000a724:  cafffffb  bgt      #0xa718

R00=0000b9e4 R01=0000006d R02=0000000c R03=00000000
R04=0000000d R05=0000000d R06=0010258b R07=001015e8
R08=00102568 R09=0000000c R10=0010162c R11=001025d0
R12=00000001 R13=00102524 R14=0000b4d8 R15=0000a718
PSR=200001d3 --C- A svc32
R00=0000b9e4 R01=0000006d R02=0000000c R03=00000001
R04=0000000d R05=0000000d R06=0010258b R07=001015e8
R08=00102568 R09=00000007 R10=0010162c R11=001025d0
R12=00000001 R13=00102524 R14=0000b4d8 R15=0000a718
PSR=200001d3 --C- A svc32
----------------
IN: 
0x0000a728:  e3a0c001  mov      ip, #1
0x0000a72c:  e3a01001  mov      r1, #1
0x0000a730:  e1a02311  lsl      r2, r1, r3
0x0000a734:  e2860001  add      r0, r6, #1
0x0000a738:  e1a0391c  lsl      r3, ip, sb
0x0000a73c:  e2422001  sub      r2, r2, #1
0x0000a740:  e2433001  sub      r3, r3, #1
0x0000a744:  e3a01004  mov      r1, #4
0x0000a748:  e50b2094  str      r2, [fp, #-0x94]
0x0000a74c:  e50b3090  str      r3, [fp, #-0x90]
0x0000a750:  ebfffa44  bl       #0x9068

R00=0000b9e4 R01=0000006d R02=0000000c R03=00000002
R04=0000000d R05=0000000d R06=0010258b R07=001015e8
R08=00102568 R09=00000002 R10=0010162c R11=001025d0
R12=00000001 R13=00102524 R14=0000b4d8 R15=0000a728
PSR=800001d3 N--- A svc32
----------------
IN: 
0x00009068:  e1a0c00d  mov      ip, sp
0x0000906c:  e92dd8f0  push     {r4, r5, r6, r7, fp, ip, lr, pc}
0x00009070:  e24cb004  sub      fp, ip, #4
0x00009074:  e3a0c000  mov      ip, #0
0x00009078:  e1a07001  mov      r7, r1
0x0000907c:  e0806001  add      r6, r0, r1
0x00009080:  e3a04000  mov      r4, #0
0x00009084:  e3a05000  mov      r5, #0
0x00009088:  ea000003  b        #0x909c

R00=0010258c R01=00000004 R02=00000003 R03=00000003
R04=0000000d R05=0000000d R06=0010258b R07=001015e8
R08=00102568 R09=00000002 R10=0010162c R11=001025d0
R12=00000001 R13=00102524 R14=0000a754 R15=00009068
PSR=800001d3 N--- A svc32
----------------
IN: 
0x0000909c:  e1a01405  lsl      r1, r5, #8
0x000090a0:  e15c0007  cmp      ip, r7
0x000090a4:  e1811c24  orr      r1, r1, r4, lsr #24
0x000090a8:  e28cc001  add      ip, ip, #1
0x000090ac:  e1a00404  lsl      r0, r4, #8
0x000090b0:  bafffff5  blt      #0x908c

R00=0010258c R01=00000004 R02=00000003 R03=00000003
R04=00000000 R05=00000000 R06=00102590 R07=00000004
R08=00102568 R09=00000002 R10=0010162c R11=00102520
R12=00000000 R13=00102504 R14=0000a754 R15=0000909c
PSR=800001d3 N--- A svc32
----------------
IN: 
0x0000908c:  e5762001  ldrb     r2, [r6, #-1]!
0x00009090:  e3a03000  mov      r3, #0
0x00009094:  e1804002  orr      r4, r0, r2
0x00009098:  e1815003  orr      r5, r1, r3
0x0000909c:  e1a01405  lsl      r1, r5, #8
0x000090a0:  e15c0007  cmp      ip, r7
0x000090a4:  e1811c24  orr      r1, r1, r4, lsr #24
0x000090a8:  e28cc001  add      ip, ip, #1
0x000090ac:  e1a00404  lsl      r0, r4, #8
0x000090b0:  bafffff5  blt      #0x908c

R00=00000000 R01=00000000 R02=00000003 R03=00000003
R04=00000000 R05=00000000 R06=00102590 R07=00000004
R08=00102568 R09=00000002 R10=0010162c R11=00102520
R12=00000001 R13=00102504 R14=0000a754 R15=0000908c
PSR=800001d3 N--- A svc32
R00=00000000 R01=00000000 R02=00000000 R03=00000000
R04=00000000 R05=00000000 R06=0010258f R07=00000004
R08=00102568 R09=00000002 R10=0010162c R11=00102520
R12=00000002 R13=00102504 R14=0000a754 R15=0000908c
PSR=800001d3 N--- A svc32
----------------
IN: 
0x000090b4:  e1a01005  mov      r1, r5
0x000090b8:  e1a00004  mov      r0, r4
0x000090bc:  e89da8f0  ldm      sp, {r4, r5, r6, r7, fp, sp, pc}

R00=10000000 R01=00000000 R02=00000000 R03=00000000
R04=00100000 R05=00000000 R06=0010258c R07=00000004
R08=00102568 R09=00000002 R10=0010162c R11=00102520
R12=00000005 R13=00102504 R14=0000a754 R15=000090b4
PSR=600001d3 -ZC- A svc32
----------------
IN: 
0x0000a754:  e3a01008  mov      r1, #8
0x0000a758:  e1a03000  mov      r3, r0
0x0000a75c:  e2860005  add      r0, r6, #5
0x0000a760:  e1a04c23  lsr      r4, r3, #0x18
0x0000a764:  e1a02423  lsr      r2, r3, #8
0x0000a768:  e1a0c823  lsr      ip, r3, #0x10
0x0000a76c:  e54b2043  strb     r2, [fp, #-0x43]
0x0000a770:  e54bc042  strb     ip, [fp, #-0x42]
0x0000a774:  e54b4041  strb     r4, [fp, #-0x41]
0x0000a778:  e54b3044  strb     r3, [fp, #-0x44]
0x0000a77c:  ebfffa39  bl       #0x9068

R00=00100000 R01=00000000 R02=00000000 R03=00000000
R04=0000000d R05=0000000d R06=0010258b R07=001015e8
R08=00102568 R09=00000002 R10=0010162c R11=001025d0
R12=00000005 R13=00102524 R14=0000a754 R15=0000a754
PSR=600001d3 -ZC- A svc32
----------------
IN: 
0x0000a780:  e55b2043  ldrb     r2, [fp, #-0x43]
0x0000a784:  e55b4042  ldrb     r4, [fp, #-0x42]
0x0000a788:  e55b3044  ldrb     r3, [fp, #-0x44]
0x0000a78c:  e55bc041  ldrb     ip, [fp, #-0x41]
0x0000a790:  e1833402  orr      r3, r3, r2, lsl #8
0x0000a794:  e1833804  orr      r3, r3, r4, lsl #16
0x0000a798:  e1933c0c  orrs     r3, r3, ip, lsl #24
0x0000a79c:  e1a0ac20  lsr      sl, r0, #0x18
0x0000a7a0:  e1a0ec21  lsr      lr, r1, #0x18
0x0000a7a4:  e1a05420  lsr      r5, r0, #8
0x0000a7a8:  e1a06820  lsr      r6, r0, #0x10
0x0000a7ac:  e1a07421  lsr      r7, r1, #8
0x0000a7b0:  e1a08821  lsr      r8, r1, #0x10
0x0000a7b4:  e54b503f  strb     r5, [fp, #-0x3f]
0x0000a7b8:  e54b603e  strb     r6, [fp, #-0x3e]
0x0000a7bc:  e54ba03d  strb     sl, [fp, #-0x3d]
0x0000a7c0:  e54b703b  strb     r7, [fp, #-0x3b]
0x0000a7c4:  e54b803a  strb     r8, [fp, #-0x3a]
0x0000a7c8:  e54be039  strb     lr, [fp, #-0x39]
0x0000a7cc:  e54b0040  strb     r0, [fp, #-0x40]
0x0000a7d0:  e54b103c  strb     r1, [fp, #-0x3c]
0x0000a7d4:  1a000004  bne      #0xa7ec

R00=ffffffff R01=ffffffff R02=000000ff R03=00000000
R04=00000000 R05=0000000d R06=0010258b R07=001015e8
R08=00102568 R09=00000002 R10=0010162c R11=001025d0
R12=00000009 R13=00102524 R14=0000a780 R15=0000a780
PSR=600001d3 -ZC- A svc32
----------------
IN: 
0x0000a7ec:  e59b1004  ldr      r1, [fp, #4]
0x0000a7f0:  e3510000  cmp      r1, #0
0x0000a7f4:  0a000001  beq      #0xa800

R00=ffffffff R01=ffffffff R02=00000000 R03=00100000
R04=00000010 R05=00ffffff R06=0000ffff R07=00ffffff
R08=0000ffff R09=00000002 R10=000000ff R11=001025d0
R12=00000000 R13=00102524 R14=000000ff R15=0000a7ec
PSR=000001d3 ---- A svc32
----------------
IN: 
0x0000a7f8:  e50b1088  str      r1, [fp, #-0x88]
0x0000a7fc:  ea000020  b        #0xa884

R00=ffffffff R01=0011263c R02=00000000 R03=00100000
R04=00000010 R05=00ffffff R06=0000ffff R07=00ffffff
R08=0000ffff R09=00000002 R10=000000ff R11=001025d0
R12=00000000 R13=00102524 R14=000000ff R15=0000a7f8
PSR=200001d3 --C- A svc32
----------------
IN: 
0x0000a884:  e51b3098  ldr      r3, [fp, #-0x98]
0x0000a888:  e0892003  add      r2, sb, r3
0x0000a88c:  e3a03c03  mov      r3, #0x300
0x0000a890:  e1a03213  lsl      r3, r3, r2
0x0000a894:  e2834e73  add      r4, r3, #0x730
0x0000a898:  e2844006  add      r4, r4, #6
0x0000a89c:  e1a00084  lsl      r0, r4, #1
0x0000a8a0:  ebffff1b  bl       #0xa514

R00=ffffffff R01=0011263c R02=00000000 R03=00100000
R04=00000010 R05=00ffffff R06=0000ffff R07=00ffffff
R08=0000ffff R09=00000002 R10=000000ff R11=001025d0
R12=00000000 R13=00102524 R14=000000ff R15=0000a884
PSR=200001d3 --C- A svc32
----------------
IN: 
0x0000a514:  e1a0c00d  mov      ip, sp
0x0000a518:  e92dd8f0  push     {r4, r5, r6, r7, fp, ip, lr, pc}
0x0000a51c:  e24cb004  sub      fp, ip, #4
0x0000a520:  e59f4094  ldr      r4, [pc, #0x94]
0x0000a524:  e2506000  subs     r6, r0, #0
0x0000a528:  e08f4004  add      r4, pc, r4
0x0000a52c:  aa000002  bge      #0xa53c

R00=00003e6c R01=0011263c R02=00000003 R03=00001800
R04=00001f36 R05=00ffffff R06=0000ffff R07=00ffffff
R08=0000ffff R09=00000002 R10=000000ff R11=001025d0
R12=00000000 R13=00102524 R14=0000a8a4 R15=0000a514
PSR=200001d3 --C- A svc32
----------------
IN: 
0x0000a53c:  e59fc080  ldr      ip, [pc, #0x80]
0x0000a540:  e794000c  ldr      r0, [r4, ip]
0x0000a544:  e5903000  ldr      r3, [r0]
0x0000a548:  e3530000  cmp      r3, #0
0x0000a54c:  1a000003  bne      #0xa560

R00=00003e6c R01=0011263c R02=00000003 R03=00001800
R04=001015e8 R05=00ffffff R06=00003e6c R07=00ffffff
R08=0000ffff R09=00000002 R10=000000ff R11=00102520
R12=00102524 R13=00102504 R14=0000a8a4 R15=0000a53c
PSR=200001d3 --C- A svc32
----------------
IN: 
0x0000a550:  e59f3070  ldr      r3, [pc, #0x70]
0x0000a554:  e7942003  ldr      r2, [r4, r3]
0x0000a558:  e5921000  ldr      r1, [r2]
0x0000a55c:  e5801000  str      r1, [r0]
0x0000a560:  e59f2064  ldr      r2, [pc, #0x64]
0x0000a564:  e794000c  ldr      r0, [r4, ip]
0x0000a568:  e7941002  ldr      r1, [r4, r2]
0x0000a56c:  e5903000  ldr      r3, [r0]
0x0000a570:  e5911000  ldr      r1, [r1]
0x0000a574:  e2833003  add      r3, r3, #3
0x0000a578:  e3c35003  bic      r5, r3, #3
0x0000a57c:  e0863005  add      r3, r6, r5
0x0000a580:  e5803000  str      r3, [r0]
0x0000a584:  e3510000  cmp      r1, #0
0x0000a588:  0a000004  beq      #0xa5a0

R00=00101634 R01=0011263c R02=00000003 R03=00000000
R04=001015e8 R05=00ffffff R06=00003e6c R07=00ffffff
R08=0000ffff R09=00000002 R10=000000ff R11=00102520
R12=00000004 R13=00102504 R14=0000a8a4 R15=0000a550
PSR=600001d3 -ZC- A svc32
----------------
IN: 
0x0000a58c:  e1530001  cmp      r3, r1
0x0000a590:  3a000002  blo      #0xa5a0

R00=00101634 R01=0011263c R02=00000018 R03=001064a8
R04=001015e8 R05=0010263c R06=00003e6c R07=00ffffff
R08=0000ffff R09=00000002 R10=000000ff R11=00102520
R12=00000004 R13=00102504 R14=0000a8a4 R15=0000a58c
PSR=200001d3 --C- A svc32
----------------
IN: 
0x0000a5a0:  e59f302c  ldr      r3, [pc, #0x2c]
0x0000a5a4:  e1a00005  mov      r0, r5
0x0000a5a8:  e7941003  ldr      r1, [r4, r3]
0x0000a5ac:  e5912000  ldr      r2, [r1]
0x0000a5b0:  e2822001  add      r2, r2, #1
0x0000a5b4:  e5812000  str      r2, [r1]
0x0000a5b8:  e89da8f0  ldm      sp, {r4, r5, r6, r7, fp, sp, pc}

R00=00101634 R01=0011263c R02=00000018 R03=001064a8
R04=001015e8 R05=0010263c R06=00003e6c R07=00ffffff
R08=0000ffff R09=00000002 R10=000000ff R11=00102520
R12=00000004 R13=00102504 R14=0000a8a4 R15=0000a5a0
PSR=800001d3 N--- A svc32
----------------
IN: 
0x0000a8a4:  e2509000  subs     sb, r0, #0
0x0000a8a8:  1a000001  bne      #0xa8b4

R00=0010263c R01=00101638 R02=00000001 R03=00000014
R04=00001f36 R05=00ffffff R06=0000ffff R07=00ffffff
R08=0000ffff R09=00000002 R10=000000ff R11=001025d0
R12=00000004 R13=00102524 R14=0000a8a4 R15=0000a8a4
PSR=800001d3 N--- A svc32
----------------
IN: 
0x0000a8b4:  e3a03000  mov      r3, #0
0x0000a8b8:  ea000001  b        #0xa8c4

R00=0010263c R01=00101638 R02=00000001 R03=00000014
R04=00001f36 R05=00ffffff R06=0000ffff R07=00ffffff
R08=0000ffff R09=0010263c R10=000000ff R11=001025d0
R12=00000004 R13=00102524 R14=0000a8a4 R15=0000a8b4
PSR=200001d3 --C- A svc32
----------------
IN: 
0x0000a8c4:  e1530004  cmp      r3, r4
0x0000a8c8:  e1a02083  lsl      r2, r3, #1
0x0000a8cc:  e2833001  add      r3, r3, #1
0x0000a8d0:  bafffff9  blt      #0xa8bc

R00=0010263c R01=00101638 R02=00000001 R03=00000000
R04=00001f36 R05=00ffffff R06=0000ffff R07=00ffffff
R08=0000ffff R09=0010263c R10=000000ff R11=001025d0
R12=00000004 R13=00102524 R14=0000a8a4 R15=0000a8c4
PSR=200001d3 --C- A svc32
----------------
IN: 
0x0000a8bc:  e3a0cb01  mov      ip, #0x400
0x0000a8c0:  e189c0b2  strh     ip, [sb, r2]
0x0000a8c4:  e1530004  cmp      r3, r4
0x0000a8c8:  e1a02083  lsl      r2, r3, #1
0x0000a8cc:  e2833001  add      r3, r3, #1
0x0000a8d0:  bafffff9  blt      #0xa8bc

R00=0010263c R01=00101638 R02=00000000 R03=00000001
R04=00001f36 R05=00ffffff R06=0000ffff R07=00ffffff
R08=0000ffff R09=0010263c R10=000000ff R11=001025d0
R12=00000004 R13=00102524 R14=0000a8a4 R15=0000a8bc
PSR=800001d3 N--- A svc32
R00=0010263c R01=00101638 R02=00000002 R03=00000002
R04=00001f36 R05=00ffffff R06=0000ffff R07=00ffffff
R08=0000ffff R09=0010263c R10=000000ff R11=001025d0
R12=00000400 R13=00102524 R14=0000a8a4 R15=0000a8bc
PSR=800001d3 N--- A svc32
----------------
IN: 
0x0000a8d4:  e3a04000  mov      r4, #0
0x0000a8d8:  e24b5068  sub      r5, fp, #0x68
0x0000a8dc:  e51b2064  ldr      r2, [fp, #-0x64]
0x0000a8e0:  e2844001  add      r4, r4, #1
0x0000a8e4:  e51b305c  ldr      r3, [fp, #-0x5c]
0x0000a8e8:  e1520003  cmp      r2, r3
0x0000a8ec:  3a000002  blo      #0xa8fc

R00=0010263c R01=00101638 R02=00003e6c R03=00001f37
R04=00001f36 R05=00ffffff R06=0000ffff R07=00ffffff
R08=0000ffff R09=0010263c R10=000000ff R11=001025d0
R12=00000400 R13=00102524 R14=0000a8a4 R15=0000a8d4
PSR=600001d3 -ZC- A svc32
----------------
IN: 
0x0000a8fc:  e51b1054  ldr      r1, [fp, #-0x54]
0x0000a900:  e1a03002  mov      r3, r2
0x0000a904:  e4d32001  ldrb     r2, [r3], #1
0x0000a908:  e3540005  cmp      r4, #5
0x0000a90c:  e1822401  orr      r2, r2, r1, lsl #8
0x0000a910:  e50b3064  str      r3, [fp, #-0x64]
0x0000a914:  e50b2054  str      r2, [fp, #-0x54]
0x0000a918:  1affffef  bne      #0xa8dc

R00=0010263c R01=00101638 R02=0000b9f1 R03=001015e2
R04=00000001 R05=00102568 R06=0000ffff R07=00ffffff
R08=0000ffff R09=0010263c R10=000000ff R11=001025d0
R12=00000400 R13=00102524 R14=0000a8a4 R15=0000a8fc
PSR=800001d3 N--- A svc32
----------------
IN: 
0x0000a8dc:  e51b2064  ldr      r2, [fp, #-0x64]
0x0000a8e0:  e2844001  add      r4, r4, #1
0x0000a8e4:  e51b305c  ldr      r3, [fp, #-0x5c]
0x0000a8e8:  e1520003  cmp      r2, r3
0x0000a8ec:  3a000002  blo      #0xa8fc

R00=0010263c R01=00000000 R02=00000000 R03=0000b9f2
R04=00000001 R05=00102568 R06=0000ffff R07=00ffffff
R08=0000ffff R09=0010263c R10=000000ff R11=001025d0
R12=00000400 R13=00102524 R14=0000a8a4 R15=0000a8dc
PSR=800001d3 N--- A svc32
R00=0010263c R01=00000000 R02=0000b9f2 R03=001015e2
R04=00000002 R05=00102568 R06=0000ffff R07=00ffffff
R08=0000ffff R09=0010263c R10=000000ff R11=001025d0
R12=00000400 R13=00102524 R14=0000a8a4 R15=0000a8fc
PSR=800001d3 N--- A svc32
----------------
IN: 
0x0000a91c:  e3a00001  mov      r0, #1
0x0000a920:  e3a08000  mov      r8, #0
0x0000a924:  e24b1030  sub      r1, fp, #0x30
0x0000a928:  e24b2038  sub      r2, fp, #0x38
0x0000a92c:  e50b0070  str      r0, [fp, #-0x70]
0x0000a930:  e1a06008  mov      r6, r8
0x0000a934:  e50b8084  str      r8, [fp, #-0x84]
0x0000a938:  e50b0080  str      r0, [fp, #-0x80]
0x0000a93c:  e50b007c  str      r0, [fp, #-0x7c]
0x0000a940:  e50b0078  str      r0, [fp, #-0x78]
0x0000a944:  e50b8074  str      r8, [fp, #-0x74]
0x0000a948:  e50b10a4  str      r1, [fp, #-0xa4]
0x0000a94c:  e50b20a8  str      r2, [fp, #-0xa8]
0x0000a950:  ea00029e  b        #0xb3d0

R00=0010263c R01=0069bc00 R02=69bc002e R03=0000b9f6
R04=00000005 R05=00102568 R06=0000ffff R07=00ffffff
R08=0000ffff R09=0010263c R10=000000ff R11=001025d0
R12=00000400 R13=00102524 R14=0000a8a4 R15=0000a91c
PSR=600001d3 -ZC- A svc32
----------------
IN: 
0x0000b3d0:  e51b0084  ldr      r0, [fp, #-0x84]
0x0000b3d4:  e55b103b  ldrb     r1, [fp, #-0x3b]
0x0000b3d8:  e55b403f  ldrb     r4, [fp, #-0x3f]
0x0000b3dc:  e55b303c  ldrb     r3, [fp, #-0x3c]
0x0000b3e0:  e0805008  add      r5, r0, r8
0x0000b3e4:  e55b003a  ldrb     r0, [fp, #-0x3a]
0x0000b3e8:  e55bc039  ldrb     ip, [fp, #-0x39]
0x0000b3ec:  e1833401  orr      r3, r3, r1, lsl #8
0x0000b3f0:  e55be03e  ldrb     lr, [fp, #-0x3e]
0x0000b3f4:  e55b2040  ldrb     r2, [fp, #-0x40]
0x0000b3f8:  e55b103d  ldrb     r1, [fp, #-0x3d]
0x0000b3fc:  e1833800  orr      r3, r3, r0, lsl #16

R00=00000001 R01=001025a0 R02=00102598 R03=0000b9f6
R04=00000005 R05=00102568 R06=00000000 R07=00ffffff
R08=00000000 R09=0010263c R10=000000ff R11=001025d0
R12=00000400 R13=00102524 R14=0000a8a4 R15=0000b3d0
PSR=600001d3 -ZC- A svc32
----------------
IN: 
0x0000b400:  e1833c0c  orr      r3, r3, ip, lsl #24
0x0000b404:  e1822404  orr      r2, r2, r4, lsl #8
0x0000b408:  e182280e  orr      r2, r2, lr, lsl #16
0x0000b40c:  e3530000  cmp      r3, #0
0x0000b410:  e1823c01  orr      r3, r2, r1, lsl #24
0x0000b414:  8afffd4e  bhi      #0xa954

R00=000000ff R01=000000ff R02=000000ff R03=00ffffff
R04=000000ff R05=00000000 R06=00000000 R07=00ffffff
R08=00000000 R09=0010263c R10=000000ff R11=001025d0
R12=000000ff R13=00102524 R14=000000ff R15=0000b400
PSR=600001d3 -ZC- A svc32
----------------
IN: 
0x0000a954:  e51b3094  ldr      r3, [fp, #-0x94]
0x0000a958:  e3e014ff  mvn      r1, #0xff000000
0x0000a95c:  e51b0074  ldr      r0, [fp, #-0x74]
0x0000a960:  e51bc050  ldr      ip, [fp, #-0x50]
0x0000a964:  e005a003  and      sl, r5, r3
0x0000a968:  e08a7200  add      r7, sl, r0, lsl #4
0x0000a96c:  e15c0001  cmp      ip, r1
0x0000a970:  e1a04087  lsl      r4, r7, #1
0x0000a974:  8a000002  bhi      #0xa984

R00=000000ff R01=000000ff R02=00ffffff R03=ffffffff
R04=000000ff R05=00000000 R06=00000000 R07=00ffffff
R08=00000000 R09=0010263c R10=000000ff R11=001025d0
R12=000000ff R13=00102524 R14=000000ff R15=0000a954
PSR=a00001d3 N-C- A svc32
----------------
IN: 
0x0000a984:  e19920b4  ldrh     r2, [sb, r4]
0x0000a988:  e1a035ac  lsr      r3, ip, #0xb
0x0000a98c:  e51b1054  ldr      r1, [fp, #-0x54]
0x0000a990:  e0000392  mul      r0, r2, r3
0x0000a994:  e50b004c  str      r0, [fp, #-0x4c]
0x0000a998:  e1500001  cmp      r0, r1
0x0000a99c:  9a000080  bls      #0xaba4

R00=00000000 R01=00ffffff R02=00ffffff R03=00000003
R04=00000000 R05=00000000 R06=00000000 R07=00000000
R08=00000000 R09=0010263c R10=00000000 R11=001025d0
R12=ffffffff R13=00102524 R14=000000ff R15=0000a984
PSR=a00001d3 N-C- A svc32
----------------
IN: 
0x0000a9a0:  e3a02001  mov      r2, #1
0x0000a9a4:  e51bc098  ldr      ip, [fp, #-0x98]
0x0000a9a8:  e50b2030  str      r2, [fp, #-0x30]
0x0000a9ac:  e51b2090  ldr      r2, [fp, #-0x90]
0x0000a9b0:  e50b0050  str      r0, [fp, #-0x50]
0x0000a9b4:  e51b0074  ldr      r0, [fp, #-0x74]
0x0000a9b8:  e0053002  and      r3, r5, r2
0x0000a9bc:  e19910b4  ldrh     r1, [sb, r4]
0x0000a9c0:  e26c2008  rsb      r2, ip, #8
0x0000a9c4:  e1a03c13  lsl      r3, r3, ip
0x0000a9c8:  e0833256  add      r3, r3, r6, asr r2
0x0000a9cc:  e3500006  cmp      r0, #6
0x0000a9d0:  e0833083  add      r3, r3, r3, lsl #1
0x0000a9d4:  e2612b02  rsb      r2, r1, #0x800
0x0000a9d8:  e08112c2  add      r1, r1, r2, asr #5
0x0000a9dc:  e1a03483  lsl      r3, r3, #9
0x0000a9e0:  e2833ee6  add      r3, r3, #0xe60
0x0000a9e4:  e18910b4  strh     r1, [sb, r4]
0x0000a9e8:  e283300c  add      r3, r3, #0xc
0x0000a9ec:  e0896003  add      r6, sb, r3
0x0000a9f0:  da000035  ble      #0xaacc

R00=7ffffc00 R01=69bc002e R02=00000400 R03=001fffff
R04=00000000 R05=00000000 R06=00000000 R07=00000000
R08=00000000 R09=0010263c R10=00000000 R11=001025d0
R12=ffffffff R13=00102524 R14=000000ff R15=0000a9a0
PSR=200001d3 --C- A svc32
----------------
IN: 
0x0000aacc:  e51b3030  ldr      r3, [fp, #-0x30]
0x0000aad0:  ea000006  b        #0xaaf0

R00=00000000 R01=00000420 R02=00000400 R03=00000e6c
R04=00000000 R05=00000000 R06=001034a8 R07=00000000
R08=00000000 R09=0010263c R10=00000000 R11=001025d0
R12=00000001 R13=00102524 R14=000000ff R15=0000aacc
PSR=800001d3 N--- A svc32
----------------
IN: 
0x0000aaf0:  e24b4068  sub      r4, fp, #0x68
0x0000aaf4:  e35300ff  cmp      r3, #0xff
0x0000aaf8:  e0861083  add      r1, r6, r3, lsl #1
0x0000aafc:  e1a00004  mov      r0, r4
0x0000ab00:  e51b20a4  ldr      r2, [fp, #-0xa4]
0x0000ab04:  dafffff6  ble      #0xaae4

R00=00000000 R01=00000420 R02=00000400 R03=00000001
R04=00000000 R05=00000000 R06=001034a8 R07=00000000
R08=00000000 R09=0010263c R10=00000000 R11=001025d0
R12=00000001 R13=00102524 R14=000000ff R15=0000aaf0
PSR=800001d3 N--- A svc32
----------------
IN: 
0x0000aae4:  ebfffb43  bl       #0x97f8

R00=00102568 R01=001034aa R02=001025a0 R03=00000001
R04=00102568 R05=00000000 R06=001034a8 R07=00000000
R08=00000000 R09=0010263c R10=00000000 R11=001025d0
R12=00000001 R13=00102524 R14=000000ff R15=0000aae4
PSR=800001d3 N--- A svc32
----------------
IN: 
0x000097f8:  e1a0c00d  mov      ip, sp
0x000097fc:  e92dd8f0  push     {r4, r5, r6, r7, fp, ip, lr, pc}

R00=00102568 R01=001034aa R02=001025a0 R03=00000001
R04=00102568 R05=00000000 R06=001034a8 R07=00000000
R08=00000000 R09=0010263c R10=00000000 R11=001025d0
R12=00000001 R13=00102524 R14=0000aae8 R15=000097f8
PSR=800001d3 N--- A svc32
----------------
IN: 
0x00009800:  e24cb004  sub      fp, ip, #4
0x00009804:  e590c018  ldr      ip, [r0, #0x18]
0x00009808:  e1a04000  mov      r4, r0
0x0000980c:  e1a05001  mov      r5, r1
0x00009810:  e1a06002  mov      r6, r2
0x00009814:  e35c0401  cmp      ip, #0x1000000
0x00009818:  2a000001  bhs      #0x9824

R00=00102568 R01=001034aa R02=001025a0 R03=00000001
R04=00102568 R05=00000000 R06=001034a8 R07=00000000
R08=00000000 R09=0010263c R10=00000000 R11=001025d0
R12=00102524 R13=00102504 R14=0000aae8 R15=00009800
PSR=800001d3 N--- A svc32
----------------
IN: 
0x00009824:  e1d520b0  ldrh     r2, [r5]
0x00009828:  e1a035ac  lsr      r3, ip, #0xb
0x0000982c:  e5940014  ldr      r0, [r4, #0x14]
0x00009830:  e0010392  mul      r1, r2, r3
0x00009834:  e584101c  str      r1, [r4, #0x1c]
0x00009838:  e1510000  cmp      r1, r0
0x0000983c:  9a000009  bls      #0x9868

R00=00102568 R01=001034aa R02=001025a0 R03=00000001
R04=00102568 R05=001034aa R06=001025a0 R07=00000000
R08=00000000 R09=0010263c R10=00000000 R11=00102520
R12=7ffffc00 R13=00102504 R14=0000aae8 R15=00009824
PSR=200001d3 --C- A svc32
----------------
IN: 
0x00009868:  e0613000  rsb      r3, r1, r0
0x0000986c:  e061200c  rsb      r2, r1, ip
0x00009870:  e5843014  str      r3, [r4, #0x14]
0x00009874:  e3a00001  mov      r0, #1
0x00009878:  e5842018  str      r2, [r4, #0x18]
0x0000987c:  e1d530b0  ldrh     r3, [r5]
0x00009880:  e04332a3  sub      r3, r3, r3, lsr #5
0x00009884:  e1c530b0  strh     r3, [r5]
0x00009888:  e5962000  ldr      r2, [r6]
0x0000988c:  e1a02012  lsl      r2, r2, r0
0x00009890:  e0822000  add      r2, r2, r0
0x00009894:  e5862000  str      r2, [r6]
0x00009898:  e89da8f0  ldm      sp, {r4, r5, r6, r7, fp, sp, pc}

R00=69bc002e R01=3ffffc00 R02=00000400 R03=000fffff
R04=00102568 R05=001034aa R06=001025a0 R07=00000000
R08=00000000 R09=0010263c R10=00000000 R11=00102520
R12=7ffffc00 R13=00102504 R14=0000aae8 R15=00009868
PSR=800001d3 N--- A svc32
----------------
IN: 
0x0000aae8:  e51b3030  ldr      r3, [fp, #-0x30]
0x0000aaec:  ea000000  b        #0xaaf4

R00=00000001 R01=3ffffc00 R02=00000003 R03=000003e0
R04=00102568 R05=00000000 R06=001034a8 R07=00000000
R08=00000000 R09=0010263c R10=00000000 R11=001025d0
R12=7ffffc00 R13=00102524 R14=0000aae8 R15=0000aae8
PSR=800001d3 N--- A svc32
----------------
IN: 
0x0000aaf4:  e35300ff  cmp      r3, #0xff
0x0000aaf8:  e0861083  add      r1, r6, r3, lsl #1
0x0000aafc:  e1a00004  mov      r0, r4
0x0000ab00:  e51b20a4  ldr      r2, [fp, #-0xa4]
0x0000ab04:  dafffff6  ble      #0xaae4

R00=00000001 R01=3ffffc00 R02=00000003 R03=00000003
R04=00102568 R05=00000000 R06=001034a8 R07=00000000
R08=00000000 R09=0010263c R10=00000000 R11=001025d0
R12=7ffffc00 R13=00102524 R14=0000aae8 R15=0000aaf4
PSR=800001d3 N--- A svc32
R00=00102568 R01=001034ae R02=001025a0 R03=00000003
R04=00102568 R05=00000000 R06=001034a8 R07=00000000
R08=00000000 R09=0010263c R10=00000000 R11=001025d0
R12=7ffffc00 R13=00102524 R14=0000aae8 R15=0000aae4
PSR=800001d3 N--- A svc32
----------------
IN: 
0x00009840:  e5841018  str      r1, [r4, #0x18]
0x00009844:  e3a00000  mov      r0, #0
0x00009848:  e1d530b0  ldrh     r3, [r5]
0x0000984c:  e2632b02  rsb      r2, r3, #0x800
0x00009850:  e08332c2  add      r3, r3, r2, asr #5
0x00009854:  e1c530b0  strh     r3, [r5]
0x00009858:  e5962000  ldr      r2, [r6]
0x0000985c:  e1a02082  lsl      r2, r2, #1
0x00009860:  e5862000  str      r2, [r6]
0x00009864:  e89da8f0  ldm      sp, {r4, r5, r6, r7, fp, sp, pc}

R00=09bc042e R01=10000000 R02=00000400 R03=00040000
R04=00102568 R05=001034b6 R06=001025a0 R07=00000000
R08=00000000 R09=0010263c R10=00000000 R11=00102520
R12=20000000 R13=00102504 R14=0000aae8 R15=00009840
PSR=200001d3 --C- A svc32
----------------
IN: 
0x0000ab08:  e51bc0a0  ldr      ip, [fp, #-0xa0]
0x0000ab0c:  e20360ff  and      r6, r3, #0xff
0x0000ab10:  e51b0088  ldr      r0, [fp, #-0x88]
0x0000ab14:  e35c0000  cmp      ip, #0
0x0000ab18:  e7c06008  strb     r6, [r0, r8]
0x0000ab1c:  e2888001  add      r8, r8, #1
0x0000ab20:  0a00000f  beq      #0xab64

R00=00102568 R01=0010384e R02=001025a0 R03=000001d3
R04=00102568 R05=00000000 R06=001034a8 R07=00000000
R08=00000000 R09=0010263c R10=00000000 R11=001025d0
R12=01000000 R13=00102524 R14=0000aae8 R15=0000ab08
PSR=200001d3 --C- A svc32
----------------
IN: 
0x0000ab64:  e51b2074  ldr      r2, [fp, #-0x74]
0x0000ab68:  e3520003  cmp      r2, #3
0x0000ab6c:  ca000002  bgt      #0xab7c

R00=0011263c R01=0010384e R02=001025a0 R03=000001d3
R04=00102568 R05=00000000 R06=000000d3 R07=00000000
R08=00000001 R09=0010263c R10=00000000 R11=001025d0
R12=00000000 R13=00102524 R14=0000aae8 R15=0000ab64
PSR=600001d3 -ZC- A svc32
----------------
IN: 
0x0000ab70:  e3a03000  mov      r3, #0
0x0000ab74:  e50b3074  str      r3, [fp, #-0x74]
0x0000ab78:  ea000214  b        #0xb3d0

R00=0011263c R01=0010384e R02=00000000 R03=000001d3
R04=00102568 R05=00000000 R06=000000d3 R07=00000000
R08=00000001 R09=0010263c R10=00000000 R11=001025d0
R12=00000000 R13=00102524 R14=0000aae8 R15=0000ab70
PSR=800001d3 N--- A svc32
----------------
IN: 
0x0000a978:  e24b0068  sub      r0, fp, #0x68
0x0000a97c:  ebfffb4a  bl       #0x96ac

R00=00000000 R01=00ffffff R02=00ffffff R03=00000003
R04=00000002 R05=00000001 R06=000000d3 R07=00000001
R08=00000001 R09=0010263c R10=00000001 R11=001025d0
R12=00800000 R13=00102524 R14=000000ff R15=0000a978
PSR=800001d3 N--- A svc32
----------------
IN: 
0x000096ac:  e1a0c00d  mov      ip, sp
0x000096b0:  e92dd830  push     {r4, r5, fp, ip, lr, pc}
0x000096b4:  e24cb004  sub      fp, ip, #4
0x000096b8:  e5901004  ldr      r1, [r0, #4]
0x000096bc:  e590300c  ldr      r3, [r0, #0xc]
0x000096c0:  e1a04000  mov      r4, r0
0x000096c4:  e1510003  cmp      r1, r3
0x000096c8:  3a000001  blo      #0x96d4

R00=00102568 R01=00ffffff R02=00ffffff R03=00000003
R04=00000002 R05=00000001 R06=000000d3 R07=00000001
R08=00000001 R09=0010263c R10=00000001 R11=001025d0
R12=00800000 R13=00102524 R14=0000a980 R15=000096ac
PSR=800001d3 N--- A svc32
----------------
IN: 
0x000096d4:  e5942018  ldr      r2, [r4, #0x18]
0x000096d8:  e5940014  ldr      r0, [r4, #0x14]
0x000096dc:  e1a02402  lsl      r2, r2, #8
0x000096e0:  e5842018  str      r2, [r4, #0x18]
0x000096e4:  e4d13001  ldrb     r3, [r1], #1
0x000096e8:  e1833400  orr      r3, r3, r0, lsl #8
0x000096ec:  e5841004  str      r1, [r4, #4]
0x000096f0:  e5843014  str      r3, [r4, #0x14]
0x000096f4:  e89da830  ldm      sp, {r4, r5, fp, sp, pc}

R00=00102568 R01=0000b9f6 R02=00ffffff R03=001015e2
R04=00102568 R05=00000001 R06=000000d3 R07=00000001
R08=00000001 R09=0010263c R10=00000001 R11=00102520
R12=00102524 R13=0010250c R14=0000a980 R15=000096d4
PSR=800001d3 N--- A svc32
----------------
IN: 
0x0000a980:  e51bc050  ldr      ip, [fp, #-0x50]
0x0000a984:  e19920b4  ldrh     r2, [sb, r4]
0x0000a988:  e1a035ac  lsr      r3, ip, #0xb
0x0000a98c:  e51b1054  ldr      r1, [fp, #-0x54]
0x0000a990:  e0000392  mul      r0, r2, r3
0x0000a994:  e50b004c  str      r0, [fp, #-0x4c]
0x0000a998:  e1500001  cmp      r0, r1
0x0000a99c:  9a000080  bls      #0xaba4

R00=003c042e R01=0000b9f7 R02=80000000 R03=3c042e30
R04=00000002 R05=00000001 R06=000000d3 R07=00000001
R08=00000001 R09=0010263c R10=00000001 R11=001025d0
R12=00102524 R13=00102524 R14=0000a980 R15=0000a980
PSR=800001d3 N--- A svc32
R00=40000000 R01=3c042e30 R02=00000400 R03=00100000
R04=00000002 R05=00000001 R06=000000d3 R07=00000001
R08=00000001 R09=0010263c R10=00000001 R11=001025d0
R12=80000000 R13=00102524 R14=0000a980 R15=0000a9a0
PSR=200001d3 --C- A svc32
----------------
IN: 
0x0000981c:  ebffffa2  bl       #0x96ac

R00=00102568 R01=00104898 R02=001025a0 R03=000000f8
R04=00102568 R05=00104898 R06=001025a0 R07=00000001
R08=00000001 R09=0010263c R10=00000001 R11=00102520
R12=00800000 R13=00102504 R14=0000aae8 R15=0000981c
PSR=800001d3 N--- A svc32
----------------
IN: 
0x00009820:  e594c018  ldr      ip, [r4, #0x18]
0x00009824:  e1d520b0  ldrh     r2, [r5]
0x00009828:  e1a035ac  lsr      r3, ip, #0xb
0x0000982c:  e5940014  ldr      r0, [r4, #0x14]
0x00009830:  e0010392  mul      r1, r2, r3
0x00009834:  e584101c  str      r1, [r4, #0x1c]
0x00009838:  e1510000  cmp      r1, r0
0x0000983c:  9a000009  bls      #0x9868

R00=00042e30 R01=0000b9f8 R02=80000000 R03=042e3086
R04=00102568 R05=00104898 R06=001025a0 R07=00000001
R08=00000001 R09=0010263c R10=00000001 R11=00102520
R12=00102504 R13=00102504 R14=00009820 R15=00009820
PSR=800001d3 N--- A svc32
R00=042e3086 R01=40000000 R02=00000400 R03=00100000
R04=00102568 R05=00104898 R06=001025a0 R07=00000001
R08=00000001 R09=0010263c R10=00000001 R11=00102520
R12=80000000 R13=00102504 R14=00009820 R15=00009840
PSR=200001d3 --C- A svc32
R00=84043b12 R01=44100000 R02=00000400 R03=00110400
R04=00102568 R05=001040c0 R06=001025a0 R07=00000001
R08=00000005 R09=0010263c R10=00000001 R11=00102520
R12=88200000 R13=00102504 R14=00009820 R15=00009868
PSR=900001d3 N--V A svc32
----------------
IN: 
0x0000aba4:  e060300c  rsb      r3, r0, ip
0x0000aba8:  e0601001  rsb      r1, r0, r1
0x0000abac:  e50b3050  str      r3, [fp, #-0x50]
0x0000abb0:  e3e004ff  mvn      r0, #0xff000000
0x0000abb4:  e51b3074  ldr      r3, [fp, #-0x74]
0x0000abb8:  e50b1054  str      r1, [fp, #-0x54]
0x0000abbc:  e28320c0  add      r2, r3, #0xc0
0x0000abc0:  e19930b4  ldrh     r3, [sb, r4]
0x0000abc4:  e1a05082  lsl      r5, r2, #1
0x0000abc8:  e04332a3  sub      r3, r3, r3, lsr #5
0x0000abcc:  e18930b4  strh     r3, [sb, r4]
0x0000abd0:  e51bc050  ldr      ip, [fp, #-0x50]
0x0000abd4:  e15c0000  cmp      ip, r0
0x0000abd8:  8a000002  bhi      #0xabe8

R00=2f499d00 R01=46919352 R02=0000043f R03=000b2300
R04=00000004 R05=0000000a R06=00000000 R07=00000002
R08=0000000a R09=0010263c R10=00000002 R11=001025d0
R12=59180000 R13=00102524 R14=000000ff R15=0000aba4
PSR=800001d3 N--- A svc32
----------------
IN: 
0x0000abe8:  e19920b5  ldrh     r2, [sb, r5]
0x0000abec:  e1a035ac  lsr      r3, ip, #0xb
0x0000abf0:  e51b1054  ldr      r1, [fp, #-0x54]
0x0000abf4:  e0000392  mul      r0, r2, r3
0x0000abf8:  e50b004c  str      r0, [fp, #-0x4c]
0x0000abfc:  e1500001  cmp      r0, r1

R00=00ffffff R01=1747f652 R02=000000c0 R03=0000041e
R04=00000004 R05=00000180 R06=00000000 R07=00000002
R08=0000000a R09=0010263c R10=00000002 R11=001025d0
R12=29ce6300 R13=00102524 R14=000000ff R15=0000abe8
PSR=200001d3 --C- A svc32
----------------
IN: 
0x0000ac00:  9a000015  bls      #0xac5c

R00=14e73000 R01=1747f652 R02=00000400 R03=000539cc
R04=00000004 R05=00000180 R06=00000000 R07=00000002
R08=0000000a R09=0010263c R10=00000002 R11=001025d0
R12=29ce6300 R13=00102524 R14=000000ff R15=0000ac00
PSR=800001d3 N--- A svc32
----------------
IN: 
0x0000ac5c:  e060300c  rsb      r3, r0, ip
0x0000ac60:  e0601001  rsb      r1, r0, r1
0x0000ac64:  e50b3050  str      r3, [fp, #-0x50]
0x0000ac68:  e3e004ff  mvn      r0, #0xff000000
0x0000ac6c:  e51b3074  ldr      r3, [fp, #-0x74]
0x0000ac70:  e50b1054  str      r1, [fp, #-0x54]
0x0000ac74:  e28320cc  add      r2, r3, #0xcc
0x0000ac78:  e19930b5  ldrh     r3, [sb, r5]
0x0000ac7c:  e1a04082  lsl      r4, r2, #1
0x0000ac80:  e04332a3  sub      r3, r3, r3, lsr #5
0x0000ac84:  e18930b5  strh     r3, [sb, r5]
0x0000ac88:  e51bc050  ldr      ip, [fp, #-0x50]
0x0000ac8c:  e15c0000  cmp      ip, r0
0x0000ac90:  8a000002  bhi      #0xaca0

R00=14e73000 R01=1747f652 R02=00000400 R03=000539cc
R04=00000004 R05=00000180 R06=00000000 R07=00000002
R08=0000000a R09=0010263c R10=00000002 R11=001025d0
R12=29ce6300 R13=00102524 R14=000000ff R15=0000ac5c
PSR=800001d3 N--- A svc32
----------------
IN: 
0x0000aca0:  e19920b4  ldrh     r2, [sb, r4]
0x0000aca4:  e1a035ac  lsr      r3, ip, #0xb
0x0000aca8:  e51b1054  ldr      r1, [fp, #-0x54]
0x0000acac:  e0000392  mul      r0, r2, r3
0x0000acb0:  e50b004c  str      r0, [fp, #-0x4c]
0x0000acb4:  e1500001  cmp      r0, r1
0x0000acb8:  9a000063  bls      #0xae4c

R00=00ffffff R01=0260c652 R02=000000cc R03=000003e0
R04=00000198 R05=00000180 R06=00000000 R07=00000002
R08=0000000a R09=0010263c R10=00000002 R11=001025d0
R12=14e73300 R13=00102524 R14=000000ff R15=0000aca0
PSR=200001d3 --C- A svc32
----------------
IN: 
0x0000acbc:  e50b0050  str      r0, [fp, #-0x50]
0x0000acc0:  e28730f0  add      r3, r7, #0xf0
0x0000acc4:  e1a05083  lsl      r5, r3, #1
0x0000acc8:  e3e014ff  mvn      r1, #0xff000000
0x0000accc:  e19920b4  ldrh     r2, [sb, r4]
0x0000acd0:  e2623b02  rsb      r3, r2, #0x800
0x0000acd4:  e08222c3  add      r2, r2, r3, asr #5
0x0000acd8:  e18920b4  strh     r2, [sb, r4]
0x0000acdc:  e51bc050  ldr      ip, [fp, #-0x50]
0x0000ace0:  e15c0001  cmp      ip, r1
0x0000ace4:  8a000002  bhi      #0xacf4

R00=0a739800 R01=0260c652 R02=00000400 R03=00029ce6
R04=00000198 R05=00000180 R06=00000000 R07=00000002
R08=0000000a R09=0010263c R10=00000002 R11=001025d0
R12=14e73300 R13=00102524 R14=000000ff R15=0000acbc
PSR=200001d3 --C- A svc32
----------------
IN: 
0x0000acf4:  e19920b5  ldrh     r2, [sb, r5]
0x0000acf8:  e1a035ac  lsr      r3, ip, #0xb
0x0000acfc:  e51b0054  ldr      r0, [fp, #-0x54]
0x0000ad00:  e0010392  mul      r1, r2, r3
0x0000ad04:  e50b104c  str      r1, [fp, #-0x4c]
0x0000ad08:  e1510000  cmp      r1, r0
0x0000ad0c:  9a000046  bls      #0xae2c

R00=0a739800 R01=00ffffff R02=00000420 R03=00000400
R04=00000198 R05=000001e4 R06=00000000 R07=00000002
R08=0000000a R09=0010263c R10=00000002 R11=001025d0
R12=0a739800 R13=00102524 R14=000000ff R15=0000acf4
PSR=200001d3 --C- A svc32
----------------
IN: 
0x0000ad10:  e50b1050  str      r1, [fp, #-0x50]
0x0000ad14:  e51b2074  ldr      r2, [fp, #-0x74]
0x0000ad18:  e19930b5  ldrh     r3, [sb, r5]
0x0000ad1c:  e3520006  cmp      r2, #6
0x0000ad20:  e2632b02  rsb      r2, r3, #0x800
0x0000ad24:  e08332c2  add      r3, r3, r2, asr #5
0x0000ad28:  e18930b5  strh     r3, [sb, r5]
0x0000ad2c:  da000002  ble      #0xad3c

R00=0260c652 R01=0539cc00 R02=00000400 R03=00014e73
R04=00000198 R05=000001e4 R06=00000000 R07=00000002
R08=0000000a R09=0010263c R10=00000002 R11=001025d0
R12=0a739800 R13=00102524 R14=000000ff R15=0000ad10
PSR=200001d3 --C- A svc32
----------------
IN: 
0x0000ad3c:  e3a0c009  mov      ip, #9
0x0000ad40:  e50bc074  str      ip, [fp, #-0x74]
0x0000ad44:  e51b00a0  ldr      r0, [fp, #-0xa0]
0x0000ad48:  e3500000  cmp      r0, #0
0x0000ad4c:  1a000013  bne      #0xada0

R00=0260c652 R01=0539cc00 R02=00000400 R03=00000420
R04=00000198 R05=000001e4 R06=00000000 R07=00000002
R08=0000000a R09=0010263c R10=00000002 R11=001025d0
R12=0a739800 R13=00102524 R14=000000ff R15=0000ad3c
PSR=800001d3 N--- A svc32
----------------
IN: 
0x0000ad50:  e55b1043  ldrb     r1, [fp, #-0x43]
0x0000ad54:  e55b0042  ldrb     r0, [fp, #-0x42]
0x0000ad58:  e55b3044  ldrb     r3, [fp, #-0x44]
0x0000ad5c:  e55b2041  ldrb     r2, [fp, #-0x41]
0x0000ad60:  e1833401  orr      r3, r3, r1, lsl #8
0x0000ad64:  e51bc070  ldr      ip, [fp, #-0x70]
0x0000ad68:  e1833800  orr      r3, r3, r0, lsl #16
0x0000ad6c:  e1832c02  orr      r2, r3, r2, lsl #24
0x0000ad70:  e2620000  rsb      r0, r2, #0
0x0000ad74:  e1a0100c  mov      r1, ip
0x0000ad78:  e08cc000  add      ip, ip, r0
0x0000ad7c:  e08c3002  add      r3, ip, r2
0x0000ad80:  e1520003  cmp      r2, r3
0x0000ad84:  3afffffa  blo      #0xad74

R00=00000000 R01=0539cc00 R02=00000400 R03=00000420
R04=00000198 R05=000001e4 R06=00000000 R07=00000002
R08=0000000a R09=0010263c R10=00000002 R11=001025d0
R12=00000009 R13=00102524 R14=000000ff R15=0000ad50
PSR=600001d3 -ZC- A svc32
----------------
IN: 
0x0000ad88:  e0613008  rsb      r3, r1, r8
0x0000ad8c:  e51b1088  ldr      r1, [fp, #-0x88]
0x0000ad90:  e7d16003  ldrb     r6, [r1, r3]
0x0000ad94:  e7c16008  strb     r6, [r1, r8]
0x0000ad98:  e2888001  add      r8, r8, #1
0x0000ad9c:  ea000188  b        #0xb3c4

R00=fff00000 R01=00000001 R02=00100000 R03=00000001
R04=00000198 R05=000001e4 R06=00000000 R07=00000002
R08=0000000a R09=0010263c R10=00000002 R11=001025d0
R12=fff00001 R13=00102524 R14=000000ff R15=0000ad88
PSR=200001d3 --C- A svc32
----------------
IN: 
0x0000b3c4:  e51bc070  ldr      ip, [fp, #-0x70]
0x0000b3c8:  e35c0000  cmp      ip, #0
0x0000b3cc:  0a000014  beq      #0xb424

R00=fff00000 R01=0011263c R02=00100000 R03=00000009
R04=00000198 R05=000001e4 R06=00000000 R07=00000002
R08=0000000b R09=0010263c R10=00000002 R11=001025d0
R12=fff00001 R13=00102524 R14=000000ff R15=0000b3c4
PSR=200001d3 --C- A svc32
R00=fff00000 R01=0011263c R02=00100000 R03=00000009
R04=00000198 R05=000001e4 R06=00000000 R07=00000002
R08=0000000b R09=0010263c R10=00000002 R11=001025d0
R12=00000001 R13=00102524 R14=000000ff R15=0000b3d0
PSR=200001d3 --C- A svc32
----------------
IN: 
0x0000a9f4:  e51b10a0  ldr      r1, [fp, #-0xa0]
0x0000a9f8:  e3510000  cmp      r1, #0
0x0000a9fc:  1a000011  bne      #0xaa48

R00=00000009 R01=00000420 R02=00000400 R03=0000326c
R04=00000126 R05=0000000b R06=001058a8 R07=00000093
R08=0000000b R09=0010263c R10=00000003 R11=001025d0
R12=00000001 R13=00102524 R14=000000ff R15=0000a9f4
PSR=200001d3 --C- A svc32
----------------
IN: 
0x0000aa00:  e55b0043  ldrb     r0, [fp, #-0x43]
0x0000aa04:  e55b1042  ldrb     r1, [fp, #-0x42]
0x0000aa08:  e55b3044  ldrb     r3, [fp, #-0x44]
0x0000aa0c:  e55b2041  ldrb     r2, [fp, #-0x41]
0x0000aa10:  e1833400  orr      r3, r3, r0, lsl #8
0x0000aa14:  e51bc070  ldr      ip, [fp, #-0x70]
0x0000aa18:  e1833801  orr      r3, r3, r1, lsl #16
0x0000aa1c:  e1832c02  orr      r2, r3, r2, lsl #24
0x0000aa20:  e2620000  rsb      r0, r2, #0
0x0000aa24:  e1a0100c  mov      r1, ip
0x0000aa28:  e08cc000  add      ip, ip, r0
0x0000aa2c:  e08c3002  add      r3, ip, r2
0x0000aa30:  e1520003  cmp      r2, r3
0x0000aa34:  3afffffa  blo      #0xaa24

R00=00000009 R01=00000000 R02=00000400 R03=0000326c
R04=00000126 R05=0000000b R06=001058a8 R07=00000093
R08=0000000b R09=0010263c R10=00000003 R11=001025d0
R12=00000001 R13=00102524 R14=000000ff R15=0000aa00
PSR=600001d3 -ZC- A svc32
----------------
IN: 
0x0000aa38:  e51bc088  ldr      ip, [fp, #-0x88]
0x0000aa3c:  e0613008  rsb      r3, r1, r8
0x0000aa40:  e7dc2003  ldrb     r2, [ip, r3]
0x0000aa44:  ea00000e  b        #0xaa84

R00=fff00000 R01=00000001 R02=00100000 R03=00000001
R04=00000126 R05=0000000b R06=001058a8 R07=00000093
R08=0000000b R09=0010263c R10=00000003 R11=001025d0
R12=fff00001 R13=00102524 R14=000000ff R15=0000aa38
PSR=200001d3 --C- A svc32
----------------
IN: 
0x0000aa84:  e51b3030  ldr      r3, [fp, #-0x30]
0x0000aa88:  e1a05002  mov      r5, r2
0x0000aa8c:  e24ba068  sub      sl, fp, #0x68
0x0000aa90:  e1a05085  lsl      r5, r5, #1
0x0000aa94:  e2831c01  add      r1, r3, #0x100
0x0000aa98:  e2054c01  and      r4, r5, #0x100
0x0000aa9c:  e0811004  add      r1, r1, r4
0x0000aaa0:  e1a0000a  mov      r0, sl
0x0000aaa4:  e0861081  add      r1, r6, r1, lsl #1
0x0000aaa8:  e51b20a4  ldr      r2, [fp, #-0xa4]
0x0000aaac:  ebfffb51  bl       #0x97f8

R00=fff00000 R01=00000001 R02=00000000 R03=0000000a
R04=00000126 R05=0000000b R06=001058a8 R07=00000093
R08=0000000b R09=0010263c R10=00000003 R11=001025d0
R12=0011263c R13=00102524 R14=000000ff R15=0000aa84
PSR=200001d3 --C- A svc32
----------------
IN: 
0x0000aab0:  e3500000  cmp      r0, #0
0x0000aab4:  0a000002  beq      #0xaac4

R00=00000001 R01=014e7000 R02=00000003 R03=000003e0
R04=00000000 R05=00000000 R06=001058a8 R07=00000093
R08=0000000b R09=0010263c R10=00102568 R11=001025d0
R12=029ce400 R13=00102524 R14=0000aab0 R15=0000aab0
PSR=800001d3 N--- A svc32
----------------
IN: 
0x0000aab8:  e3540000  cmp      r4, #0
0x0000aabc:  1a000004  bne      #0xaad4

R00=00000001 R01=014e7000 R02=00000003 R03=000003e0
R04=00000000 R05=00000000 R06=001058a8 R07=00000093
R08=0000000b R09=0010263c R10=00102568 R11=001025d0
R12=029ce400 R13=00102524 R14=0000aab0 R15=0000aab8
PSR=200001d3 --C- A svc32
----------------
IN: 
0x0000aac0:  ea000001  b        #0xaacc

R00=00000001 R01=014e7000 R02=00000003 R03=000003e0
R04=00000000 R05=00000000 R06=001058a8 R07=00000093
R08=0000000b R09=0010263c R10=00102568 R11=001025d0
R12=029ce400 R13=00102524 R14=0000aab0 R15=0000aac0
PSR=600001d3 -ZC- A svc32
R00=00000001 R01=014e7000 R02=00000003 R03=000003e0
R04=00000000 R05=00000000 R06=001058a8 R07=00000093
R08=0000000b R09=0010263c R10=00102568 R11=001025d0
R12=029ce400 R13=00102524 R14=0000aab0 R15=0000aacc
PSR=600001d3 -ZC- A svc32
----------------
IN: 
0x0000ab7c:  e51bc074  ldr      ip, [fp, #-0x74]
0x0000ab80:  e35c0009  cmp      ip, #9
0x0000ab84:  ca000002  bgt      #0xab94

R00=0011263c R01=00105c7e R02=00000009 R03=000001eb
R04=00102568 R05=00000000 R06=000000eb R07=00000093
R08=0000000c R09=0010263c R10=00102568 R11=001025d0
R12=00000000 R13=00102524 R14=0000aae8 R15=0000ab7c
PSR=200001d3 --C- A svc32
----------------
IN: 
0x0000ab88:  e24cc003  sub      ip, ip, #3
0x0000ab8c:  e50bc074  str      ip, [fp, #-0x74]
0x0000ab90:  ea00020e  b        #0xb3d0

R00=0011263c R01=00105c7e R02=00000009 R03=000001eb
R04=00102568 R05=00000000 R06=000000eb R07=00000093
R08=0000000c R09=0010263c R10=00102568 R11=001025d0
R12=00000009 R13=00102524 R14=0000aae8 R15=0000ab88
PSR=600001d3 -ZC- A svc32
----------------
IN: 
0x0000aac4:  e3540000  cmp      r4, #0
0x0000aac8:  0a000001  beq      #0xaad4

R00=00000000 R01=571a3400 R02=00000002 R03=00000401
R04=00000000 R05=00000000 R06=001058a8 R07=00000093
R08=00000013 R09=0010263c R10=00102568 R11=001025d0
R12=b3d30000 R13=00102524 R14=00009820 R15=0000aac4
PSR=600001d3 -ZC- A svc32
----------------
IN: 
0x0000aad4:  e51b3030  ldr      r3, [fp, #-0x30]
0x0000aad8:  e35300ff  cmp      r3, #0xff
0x0000aadc:  daffffeb  ble      #0xaa90

R00=00000000 R01=571a3400 R02=00000002 R03=00000401
R04=00000000 R05=00000000 R06=001058a8 R07=00000093
R08=00000013 R09=0010263c R10=00102568 R11=001025d0
R12=b3d30000 R13=00102524 R14=00009820 R15=0000aad4
PSR=600001d3 -ZC- A svc32
----------------
IN: 
0x0000aa90:  e1a05085  lsl      r5, r5, #1
0x0000aa94:  e2831c01  add      r1, r3, #0x100
0x0000aa98:  e2054c01  and      r4, r5, #0x100
0x0000aa9c:  e0811004  add      r1, r1, r4
0x0000aaa0:  e1a0000a  mov      r0, sl
0x0000aaa4:  e0861081  add      r1, r6, r1, lsl #1
0x0000aaa8:  e51b20a4  ldr      r2, [fp, #-0xa4]
0x0000aaac:  ebfffb51  bl       #0x97f8

R00=00000000 R01=571a3400 R02=00000002 R03=00000002
R04=00000000 R05=00000000 R06=001058a8 R07=00000093
R08=00000013 R09=0010263c R10=00102568 R11=001025d0
R12=b3d30000 R13=00102524 R14=00009820 R15=0000aa90
PSR=800001d3 N--- A svc32
----------------
IN: 
0x0000ac04:  e50b0050  str      r0, [fp, #-0x50]
0x0000ac08:  e51b1074  ldr      r1, [fp, #-0x74]
0x0000ac0c:  e19930b5  ldrh     r3, [sb, r5]
0x0000ac10:  e3510006  cmp      r1, #6
0x0000ac14:  e2632b02  rsb      r2, r3, #0x800
0x0000ac18:  e08332c2  add      r3, r3, r2, asr #5
0x0000ac1c:  e18930b5  strh     r3, [sb, r5]
0x0000ac20:  da000002  ble      #0xac30

R00=1512f800 R01=02c640e0 R02=00000400 R03=000544be
R04=00000062 R05=00000186 R06=0000006b R07=00000031
R08=00000015 R09=0010263c R10=00000001 R11=001025d0
R12=2a25f000 R13=00102524 R14=000000ff R15=0000ac04
PSR=200001d3 --C- A svc32
----------------
IN: 
0x0000ac30:  e3a03000  mov      r3, #0
0x0000ac34:  e50b3074  str      r3, [fp, #-0x74]
0x0000ac38:  e51bc07c  ldr      ip, [fp, #-0x7c]
0x0000ac3c:  e2894e66  add      r4, sb, #0x660
0x0000ac40:  e51b0080  ldr      r0, [fp, #-0x80]
0x0000ac44:  e2844004  add      r4, r4, #4
0x0000ac48:  e51b1070  ldr      r1, [fp, #-0x70]
0x0000ac4c:  e50bc078  str      ip, [fp, #-0x78]
0x0000ac50:  e50b007c  str      r0, [fp, #-0x7c]
0x0000ac54:  e50b1080  str      r1, [fp, #-0x80]
0x0000ac58:  ea0000da  b        #0xafc8

R00=1512f800 R01=00000003 R02=00000400 R03=00000420
R04=00000062 R05=00000186 R06=0000006b R07=00000031
R08=00000015 R09=0010263c R10=00000001 R11=001025d0
R12=2a25f000 R13=00102524 R14=000000ff R15=0000ac30
PSR=800001d3 N--- A svc32
----------------
IN: 
0x0000afc8:  e51bc050  ldr      ip, [fp, #-0x50]
0x0000afcc:  e3e004ff  mvn      r0, #0xff000000
0x0000afd0:  e15c0000  cmp      ip, r0
0x0000afd4:  8a000002  bhi      #0xafe4

R00=00000001 R01=00000001 R02=00000400 R03=00000000
R04=00102ca0 R05=00000186 R06=0000006b R07=00000031
R08=00000015 R09=0010263c R10=00000001 R11=001025d0
R12=00000001 R13=00102524 R14=000000ff R15=0000afc8
PSR=800001d3 N--- A svc32
----------------
IN: 
0x0000afe4:  e1d420b0  ldrh     r2, [r4]
0x0000afe8:  e1a035ac  lsr      r3, ip, #0xb
0x0000afec:  e51b0054  ldr      r0, [fp, #-0x54]
0x0000aff0:  e0010392  mul      r1, r2, r3
0x0000aff4:  e50b104c  str      r1, [fp, #-0x4c]
0x0000aff8:  e1510000  cmp      r1, r0
0x0000affc:  9a000009  bls      #0xb028

R00=00ffffff R01=00000001 R02=00000400 R03=00000000
R04=00102ca0 R05=00000186 R06=0000006b R07=00000031
R08=00000015 R09=0010263c R10=00000001 R11=001025d0
R12=1512f800 R13=00102524 R14=000000ff R15=0000afe4
PSR=200001d3 --C- A svc32
----------------
IN: 
0x0000b000:  e50b1050  str      r1, [fp, #-0x50]
0x0000b004:  e084320a  add      r3, r4, sl, lsl #4
0x0000b008:  e2835004  add      r5, r3, #4
0x0000b00c:  e3a07003  mov      r7, #3
0x0000b010:  e1d430b0  ldrh     r3, [r4]
0x0000b014:  e3a0a000  mov      sl, #0
0x0000b018:  e2632b02  rsb      r2, r3, #0x800
0x0000b01c:  e08332c2  add      r3, r3, r2, asr #5
0x0000b020:  e1c430b0  strh     r3, [r4]
0x0000b024:  ea000029  b        #0xb0d0

R00=02c640e0 R01=0a897c00 R02=00000400 R03=0002a25f
R04=00102ca0 R05=00000186 R06=0000006b R07=00000031
R08=00000015 R09=0010263c R10=00000001 R11=001025d0
R12=1512f800 R13=00102524 R14=000000ff R15=0000b000
PSR=200001d3 --C- A svc32
----------------
IN: 
0x0000b0d0:  e3a03001  mov      r3, #1
0x0000b0d4:  e1a04007  mov      r4, r7
0x0000b0d8:  e50b3030  str      r3, [fp, #-0x30]
0x0000b0dc:  e24b6068  sub      r6, fp, #0x68
0x0000b0e0:  ea000002  b        #0xb0f0

R00=02c640e0 R01=0a897c00 R02=00000400 R03=00000420
R04=00102ca0 R05=00102cb4 R06=0000006b R07=00000003
R08=00000015 R09=0010263c R10=00000000 R11=001025d0
R12=1512f800 R13=00102524 R14=000000ff R15=0000b0d0
PSR=200001d3 --C- A svc32
----------------
IN: 
0x0000b0f0:  e3540000  cmp      r4, #0
0x0000b0f4:  e1a00006  mov      r0, r6
0x0000b0f8:  e51b20a4  ldr      r2, [fp, #-0xa4]
0x0000b0fc:  e2444001  sub      r4, r4, #1
0x0000b100:  1afffff7  bne      #0xb0e4

R00=02c640e0 R01=0a897c00 R02=00000400 R03=00000001
R04=00000003 R05=00102cb4 R06=00102568 R07=00000003
R08=00000015 R09=0010263c R10=00000000 R11=001025d0
R12=1512f800 R13=00102524 R14=000000ff R15=0000b0f0
PSR=200001d3 --C- A svc32
----------------
IN: 
0x0000b0e4:  e51b1030  ldr      r1, [fp, #-0x30]
0x0000b0e8:  e0851081  add      r1, r5, r1, lsl #1
0x0000b0ec:  ebfff9c1  bl       #0x97f8

R00=00102568 R01=0a897c00 R02=001025a0 R03=00000001
R04=00000002 R05=00102cb4 R06=00102568 R07=00000003
R08=00000015 R09=0010263c R10=00000000 R11=001025d0
R12=1512f800 R13=00102524 R14=000000ff R15=0000b0e4
PSR=200001d3 --C- A svc32
----------------
IN: 
0x0000b104:  e51b3030  ldr      r3, [fp, #-0x30]
0x0000b108:  e51b2074  ldr      r2, [fp, #-0x74]
0x0000b10c:  e3520003  cmp      r2, #3
0x0000b110:  e08a2003  add      r2, sl, r3
0x0000b114:  e3a03001  mov      r3, #1
0x0000b118:  e0422713  sub      r2, r2, r3, lsl r7
0x0000b11c:  e1a03002  mov      r3, r2
0x0000b120:  e50b2030  str      r2, [fp, #-0x30]
0x0000b124:  ca000056  bgt      #0xb284

R00=00102568 R01=01513000 R02=001025a0 R03=00000420
R04=ffffffff R05=00102cb4 R06=00102568 R07=00000003
R08=00000015 R09=0010263c R10=00000000 R11=001025d0
R12=02a26000 R13=00102524 R14=0000b0f0 R15=0000b104
PSR=600001d3 -ZC- A svc32
----------------
IN: 
0x0000b128:  e3520003  cmp      r2, #3
0x0000b12c:  da000000  ble      #0xb134

R00=00102568 R01=01513000 R02=00000002 R03=00000002
R04=ffffffff R05=00102cb4 R06=00102568 R07=00000003
R08=00000015 R09=0010263c R10=00000000 R11=001025d0
R12=02a26000 R13=00102524 R14=0000b0f0 R15=0000b128
PSR=800001d3 N--- A svc32
----------------
IN: 
0x0000b134:  e3a03001  mov      r3, #1
0x0000b138:  e0892382  add      r2, sb, r2, lsl #7
0x0000b13c:  e50b3034  str      r3, [fp, #-0x34]
0x0000b140:  e3a04005  mov      r4, #5
0x0000b144:  e2825e36  add      r5, r2, #0x360
0x0000b148:  e24ba068  sub      sl, fp, #0x68
0x0000b14c:  e24b6034  sub      r6, fp, #0x34
0x0000b150:  e51b1034  ldr      r1, [fp, #-0x34]
0x0000b154:  e2444001  sub      r4, r4, #1
0x0000b158:  e1a0000a  mov      r0, sl
0x0000b15c:  e1a02006  mov      r2, r6
0x0000b160:  e0851081  add      r1, r5, r1, lsl #1
0x0000b164:  ebfff9a3  bl       #0x97f8

R00=00102568 R01=01513000 R02=00000002 R03=00000002
R04=ffffffff R05=00102cb4 R06=00102568 R07=00000003
R08=00000015 R09=0010263c R10=00000000 R11=001025d0
R12=02a26000 R13=00102524 R14=0000b0f0 R15=0000b134
PSR=800001d3 N--- A svc32
----------------
IN: 
0x0000b168:  e3740001  cmn      r4, #1
0x0000b16c:  1afffff7  bne      #0xb150

R00=00000000 R01=00a89800 R02=00000002 R03=00000420
R04=00000004 R05=00102a9c R06=0010259c R07=00000003
R08=00000015 R09=0010263c R10=00102568 R11=001025d0
R12=01513000 R13=00102524 R14=0000b168 R15=0000b168
PSR=200001d3 --C- A svc32
----------------
IN: 
0x0000b150:  e51b1034  ldr      r1, [fp, #-0x34]
0x0000b154:  e2444001  sub      r4, r4, #1
0x0000b158:  e1a0000a  mov      r0, sl
0x0000b15c:  e1a02006  mov      r2, r6
0x0000b160:  e0851081  add      r1, r5, r1, lsl #1
0x0000b164:  ebfff9a3  bl       #0x97f8

R00=00000000 R01=00a89800 R02=00000002 R03=00000420
R04=00000004 R05=00102a9c R06=0010259c R07=00000003
R08=00000015 R09=0010263c R10=00102568 R11=001025d0
R12=01513000 R13=00102524 R14=0000b168 R15=0000b150
PSR=000001d3 ---- A svc32
----------------
IN: 
0x0000b170:  e51b0034  ldr      r0, [fp, #-0x34]
0x0000b174:  e2403040  sub      r3, r0, #0x40
0x0000b178:  e50b3034  str      r3, [fp, #-0x34]
0x0000b17c:  e3530003  cmp      r3, #3
0x0000b180:  da000037  ble      #0xb264

R00=00000000 R01=0544c000 R02=00000046 R03=00000420
R04=ffffffff R05=00102a9c R06=0010259c R07=00000003
R08=00000015 R09=0010263c R10=00102568 R11=001025d0
R12=0a898000 R13=00102524 R14=0000b168 R15=0000b170
PSR=600001d3 -ZC- A svc32
----------------
IN: 
0x0000b184:  e1a010c3  asr      r1, r3, #1
0x0000b188:  e353000d  cmp      r3, #0xd
0x0000b18c:  e2033001  and      r3, r3, #1
0x0000b190:  e3835002  orr      r5, r3, #2
0x0000b194:  e2412001  sub      r2, r1, #1
0x0000b198:  ca000005  bgt      #0xb1b4

R00=00000046 R01=0544c000 R02=00000046 R03=00000006
R04=ffffffff R05=00102a9c R06=0010259c R07=00000003
R08=00000015 R09=0010263c R10=00102568 R11=001025d0
R12=0a898000 R13=00102524 R14=0000b168 R15=0000b184
PSR=200001d3 --C- A svc32
----------------
IN: 
0x0000b19c:  e2403fbb  sub      r3, r0, #0x2ec
0x0000b1a0:  e1a06215  lsl      r6, r5, r2
0x0000b1a4:  e2433003  sub      r3, r3, #3
0x0000b1a8:  e0633006  rsb      r3, r3, r6
0x0000b1ac:  e0897083  add      r7, sb, r3, lsl #1
0x0000b1b0:  ea000019  b        #0xb21c

R00=00000046 R01=00000003 R02=00000002 R03=00000000
R04=ffffffff R05=00000002 R06=0010259c R07=00000003
R08=00000015 R09=0010263c R10=00102568 R11=001025d0
R12=0a898000 R13=00102524 R14=0000b168 R15=0000b19c
PSR=800001d3 N--- A svc32
----------------
IN: 
0x0000b21c:  e3a03001  mov      r3, #1
0x0000b220:  e1a04002  mov      r4, r2
0x0000b224:  e50b3038  str      r3, [fp, #-0x38]
0x0000b228:  e1a05003  mov      r5, r3
0x0000b22c:  ea000006  b        #0xb24c

R00=00000046 R01=00000003 R02=00000002 R03=000002b1
R04=ffffffff R05=00000002 R06=00000008 R07=00102b9e
R08=00000015 R09=0010263c R10=00102568 R11=001025d0
R12=0a898000 R13=00102524 R14=0000b168 R15=0000b21c
PSR=800001d3 N--- A svc32
----------------
IN: 
0x0000b24c:  e3540000  cmp      r4, #0
0x0000b250:  e1a0000a  mov      r0, sl
0x0000b254:  e51b20a8  ldr      r2, [fp, #-0xa8]
0x0000b258:  e2444001  sub      r4, r4, #1
0x0000b25c:  1afffff3  bne      #0xb230

R00=00000046 R01=00000003 R02=00000002 R03=00000001
R04=00000002 R05=00000001 R06=00000008 R07=00102b9e
R08=00000015 R09=0010263c R10=00102568 R11=001025d0
R12=0a898000 R13=00102524 R14=0000b168 R15=0000b24c
PSR=800001d3 N--- A svc32
----------------
IN: 
0x0000b230:  e51b1038  ldr      r1, [fp, #-0x38]
0x0000b234:  e0871081  add      r1, r7, r1, lsl #1
0x0000b238:  ebfff96e  bl       #0x97f8

R00=00102568 R01=00000003 R02=00102598 R03=00000001
R04=00000001 R05=00000001 R06=00000008 R07=00102b9e
R08=00000015 R09=0010263c R10=00102568 R11=001025d0
R12=0a898000 R13=00102524 R14=0000b168 R15=0000b230
PSR=200001d3 --C- A svc32
----------------
IN: 
0x0000b23c:  e3500000  cmp      r0, #0
0x0000b240:  0a000000  beq      #0xb248

R00=00000001 R01=02a26000 R02=00000003 R03=000003e0
R04=00000001 R05=00000001 R06=00000008 R07=00102b9e
R08=00000015 R09=0010263c R10=00102568 R11=001025d0
R12=0544c000 R13=00102524 R14=0000b23c R15=0000b23c
PSR=800001d3 N--- A svc32
----------------
IN: 
0x0000b244:  e1866005  orr      r6, r6, r5
0x0000b248:  e1a05085  lsl      r5, r5, #1
0x0000b24c:  e3540000  cmp      r4, #0
0x0000b250:  e1a0000a  mov      r0, sl
0x0000b254:  e51b20a8  ldr      r2, [fp, #-0xa8]
0x0000b258:  e2444001  sub      r4, r4, #1
0x0000b25c:  1afffff3  bne      #0xb230

R00=00000001 R01=02a26000 R02=00000003 R03=000003e0
R04=00000001 R05=00000001 R06=00000008 R07=00102b9e
R08=00000015 R09=0010263c R10=00102568 R11=001025d0
R12=0544c000 R13=00102524 R14=0000b23c R15=0000b244
PSR=200001d3 --C- A svc32
R00=00102568 R01=02a26000 R02=00102598 R03=000003e0
R04=00000000 R05=00000002 R06=00000009 R07=00102b9e
R08=00000015 R09=0010263c R10=00102568 R11=001025d0
R12=0544c000 R13=00102524 R14=0000b23c R15=0000b230
PSR=200001d3 --C- A svc32
----------------
IN: 
0x0000b260:  ea000000  b        #0xb268

R00=00102568 R01=01513000 R02=00102598 R03=000003e0
R04=ffffffff R05=00000004 R06=0000000b R07=00102b9e
R08=00000015 R09=0010263c R10=00102568 R11=001025d0
R12=02a26000 R13=00102524 R14=0000b23c R15=0000b260
PSR=600001d3 -ZC- A svc32
----------------
IN: 
0x0000b268:  e2966001  adds     r6, r6, #1
0x0000b26c:  e50b6070  str      r6, [fp, #-0x70]
0x0000b270:  0a00006b  beq      #0xb424

R00=00102568 R01=01513000 R02=00102598 R03=000003e0
R04=ffffffff R05=00000004 R06=0000000b R07=00102b9e
R08=00000015 R09=0010263c R10=00102568 R11=001025d0
R12=02a26000 R13=00102524 R14=0000b23c R15=0000b268
PSR=600001d3 -ZC- A svc32
----------------
IN: 
0x0000b274:  e51b0074  ldr      r0, [fp, #-0x74]
0x0000b278:  e51b3030  ldr      r3, [fp, #-0x30]
0x0000b27c:  e2800007  add      r0, r0, #7
0x0000b280:  e50b0074  str      r0, [fp, #-0x74]
0x0000b284:  e2835002  add      r5, r3, #2
0x0000b288:  e50b5030  str      r5, [fp, #-0x30]
0x0000b28c:  e51b10a0  ldr      r1, [fp, #-0xa0]
0x0000b290:  e3510000  cmp      r1, #0
0x0000b294:  1a000013  bne      #0xb2e8

R00=00102568 R01=01513000 R02=00102598 R03=000003e0
R04=ffffffff R05=00000004 R06=0000000c R07=00102b9e
R08=00000015 R09=0010263c R10=00102568 R11=001025d0
R12=02a26000 R13=00102524 R14=0000b23c R15=0000b274
PSR=000001d3 ---- A svc32
----------------
IN: 
0x0000b298:  e55b0043  ldrb     r0, [fp, #-0x43]
0x0000b29c:  e55b1042  ldrb     r1, [fp, #-0x42]
0x0000b2a0:  e55b3044  ldrb     r3, [fp, #-0x44]
0x0000b2a4:  e55b2041  ldrb     r2, [fp, #-0x41]
0x0000b2a8:  e1833400  orr      r3, r3, r0, lsl #8
0x0000b2ac:  e51bc070  ldr      ip, [fp, #-0x70]
0x0000b2b0:  e1833801  orr      r3, r3, r1, lsl #16
0x0000b2b4:  e1832c02  orr      r2, r3, r2, lsl #24
0x0000b2b8:  e2620000  rsb      r0, r2, #0
0x0000b2bc:  e1a0100c  mov      r1, ip
0x0000b2c0:  e08cc000  add      ip, ip, r0
0x0000b2c4:  e08c3002  add      r3, ip, r2
0x0000b2c8:  e1530002  cmp      r3, r2
0x0000b2cc:  8afffffa  bhi      #0xb2bc

R00=00000007 R01=00000000 R02=00102598 R03=00000002
R04=ffffffff R05=00000004 R06=0000000c R07=00102b9e
R08=00000015 R09=0010263c R10=00102568 R11=001025d0
R12=02a26000 R13=00102524 R14=0000b23c R15=0000b298
PSR=600001d3 -ZC- A svc32
----------------
IN: 
0x0000b2d0:  e51b2088  ldr      r2, [fp, #-0x88]
0x0000b2d4:  e0613008  rsb      r3, r1, r8
0x0000b2d8:  e7d26003  ldrb     r6, [r2, r3]
0x0000b2dc:  e7c26008  strb     r6, [r2, r8]
0x0000b2e0:  e2888001  add      r8, r8, #1
0x0000b2e4:  ea000021  b        #0xb370

R00=fff00000 R01=0000000c R02=00100000 R03=0000000c
R04=ffffffff R05=00000004 R06=0000000c R07=00102b9e
R08=00000015 R09=0010263c R10=00102568 R11=001025d0
R12=fff0000c R13=00102524 R14=0000b23c R15=0000b2d0
PSR=800001d3 N--- A svc32
----------------
IN: 
0x0000b370:  e2555001  subs     r5, r5, #1
0x0000b374:  0a000012  beq      #0xb3c4

R00=fff00000 R01=0000000c R02=0011263c R03=00000009
R04=ffffffff R05=00000004 R06=00000000 R07=00102b9e
R08=00000016 R09=0010263c R10=00102568 R11=001025d0
R12=fff0000c R13=00102524 R14=0000b23c R15=0000b370
PSR=800001d3 N--- A svc32
----------------
IN: 
0x0000b378:  e55b103b  ldrb     r1, [fp, #-0x3b]
0x0000b37c:  e55b003a  ldrb     r0, [fp, #-0x3a]
0x0000b380:  e55b403f  ldrb     r4, [fp, #-0x3f]
0x0000b384:  e55b303c  ldrb     r3, [fp, #-0x3c]
0x0000b388:  e55bc039  ldrb     ip, [fp, #-0x39]
0x0000b38c:  e55be03e  ldrb     lr, [fp, #-0x3e]
0x0000b390:  e1833401  orr      r3, r3, r1, lsl #8
0x0000b394:  e55b2040  ldrb     r2, [fp, #-0x40]
0x0000b398:  e1833800  orr      r3, r3, r0, lsl #16
0x0000b39c:  e55b103d  ldrb     r1, [fp, #-0x3d]
0x0000b3a0:  e1833c0c  orr      r3, r3, ip, lsl #24
0x0000b3a4:  e1822404  orr      r2, r2, r4, lsl #8
0x0000b3a8:  e182280e  orr      r2, r2, lr, lsl #16
0x0000b3ac:  e3530000  cmp      r3, #0
0x0000b3b0:  e1823c01  orr      r3, r2, r1, lsl #24
0x0000b3b4:  8affffb4  bhi      #0xb28c

R00=fff00000 R01=0000000c R02=0011263c R03=00000009
R04=ffffffff R05=00000003 R06=00000000 R07=00102b9e
R08=00000016 R09=0010263c R10=00102568 R11=001025d0
R12=fff0000c R13=00102524 R14=0000b23c R15=0000b378
PSR=200001d3 --C- A svc32
----------------
IN: 
0x0000b28c:  e51b10a0  ldr      r1, [fp, #-0xa0]
0x0000b290:  e3510000  cmp      r1, #0
0x0000b294:  1a000013  bne      #0xb2e8

R00=000000ff R01=000000ff R02=00ffffff R03=ffffffff
R04=000000ff R05=00000003 R06=00000000 R07=00102b9e
R08=00000016 R09=0010263c R10=00102568 R11=001025d0
R12=000000ff R13=00102524 R14=000000ff R15=0000b28c
PSR=a00001d3 N-C- A svc32
R00=000000ff R01=00000000 R02=00ffffff R03=ffffffff
R04=000000ff R05=00000003 R06=00000000 R07=00102b9e
R08=00000016 R09=0010263c R10=00102568 R11=001025d0
R12=000000ff R13=00102524 R14=000000ff R15=0000b298
PSR=600001d3 -ZC- A svc32
R00=fff00000 R01=0000000c R02=0011263c R03=0000000c
R04=000000ff R05=00000000 R06=00000005 R07=00102b9e
R08=00000019 R09=0010263c R10=00102568 R11=001025d0
R12=fff0000c R13=00102524 R14=000000ff R15=0000b3c4
PSR=600001d3 -ZC- A svc32
R00=00000001 R01=544c0000 R02=00000003 R03=000003e0
R04=00000100 R05=00000140 R06=001040a8 R07=00000071
R08=00000019 R09=0010263c R10=00102568 R11=001025d0
R12=a8980000 R13=00102524 R14=00009820 R15=0000aad4
PSR=200001d3 --C- A svc32
R00=00000000 R01=15130000 R02=0000000c R03=00000420
R04=00000100 R05=00000500 R06=001040a8 R07=00000071
R08=00000019 R09=0010263c R10=00102568 R11=001025d0
R12=2a260000 R13=00102524 R14=0000aab0 R15=0000aacc
PSR=200001d3 --C- A svc32
R00=51a80000 R01=84ca23f1 R02=00000400 R03=00146a00
R04=00000084 R05=0000001a R06=00000080 R07=00000042
R08=0000001a R09=0010263c R10=00000002 R11=001025d0
R12=a3500000 R13=00102524 R14=0000a980 R15=0000aba4
PSR=900001d3 N--V A svc32
----------------
IN: 
0x0000ae2c:  e061300c  rsb      r3, r1, ip
0x0000ae30:  e0612000  rsb      r2, r1, r0
0x0000ae34:  e50b3050  str      r3, [fp, #-0x50]
0x0000ae38:  e50b2054  str      r2, [fp, #-0x54]
0x0000ae3c:  e19930b5  ldrh     r3, [sb, r5]
0x0000ae40:  e04332a3  sub      r3, r3, r3, lsr #5
0x0000ae44:  e18930b5  strh     r3, [sb, r5]
0x0000ae48:  ea000054  b        #0xafa0

R00=0a4e23f1 R01=0a350000 R02=00000400 R03=00028d40
R04=000001a0 R05=00000264 R06=00000080 R07=00000042
R08=0000001a R09=0010263c R10=00000002 R11=001025d0
R12=146a0000 R13=00102524 R14=0000a980 R15=0000ae2c
PSR=800001d3 N--- A svc32
----------------
IN: 
0x0000afa0:  e51b1074  ldr      r1, [fp, #-0x74]
0x0000afa4:  e3510006  cmp      r1, #6
0x0000afa8:  da000002  ble      #0xafb8

R00=0a4e23f1 R01=0a350000 R02=001923f1 R03=000003e0
R04=000001a0 R05=00000264 R06=00000080 R07=00000042
R08=0000001a R09=0010263c R10=00000002 R11=001025d0
R12=146a0000 R13=00102524 R14=0000a980 R15=0000afa0
PSR=800001d3 N--- A svc32
----------------
IN: 
0x0000afb8:  e3a03008  mov      r3, #8
0x0000afbc:  e50b3074  str      r3, [fp, #-0x74]
0x0000afc0:  e2894ea6  add      r4, sb, #0xa60
0x0000afc4:  e2844008  add      r4, r4, #8
0x0000afc8:  e51bc050  ldr      ip, [fp, #-0x50]
0x0000afcc:  e3e004ff  mvn      r0, #0xff000000
0x0000afd0:  e15c0000  cmp      ip, r0
0x0000afd4:  8a000002  bhi      #0xafe4

R00=0a4e23f1 R01=00000004 R02=001923f1 R03=000003e0
R04=000001a0 R05=00000264 R06=00000080 R07=00000042
R08=0000001a R09=0010263c R10=00000002 R11=001025d0
R12=146a0000 R13=00102524 R14=0000a980 R15=0000afb8
PSR=800001d3 N--- A svc32
R00=00ffffff R01=00000004 R02=001923f1 R03=00000008
R04=001030a4 R05=00000264 R06=00000080 R07=00000042
R08=0000001a R09=0010263c R10=00000002 R11=001025d0
R12=0a350000 R13=00102524 R14=0000a980 R15=0000afe4
PSR=200001d3 --C- A svc32
----------------
IN: 
0x0000b284:  e2835002  add      r5, r3, #2
0x0000b288:  e50b5030  str      r5, [fp, #-0x30]
0x0000b28c:  e51b10a0  ldr      r1, [fp, #-0xa0]
0x0000b290:  e3510000  cmp      r1, #0
0x0000b294:  1a000013  bne      #0xb2e8

R00=00102568 R01=00a35000 R02=00000000 R03=00000000
R04=ffffffff R05=001030c8 R06=00102568 R07=00000003
R08=0000001a R09=0010263c R10=00000000 R11=001025d0
R12=0146a000 R13=00102524 R14=0000b0f0 R15=0000b284
PSR=200001d3 --C- A svc32
R00=00102568 R01=00000000 R02=00000000 R03=00000000
R04=ffffffff R05=00000002 R06=00102568 R07=00000003
R08=0000001a R09=0010263c R10=00000000 R11=001025d0
R12=0146a000 R13=00102524 R14=0000b0f0 R15=0000b298
PSR=600001d3 -ZC- A svc32
----------------
IN: 
0x0000b264:  e1a06003  mov      r6, r3
0x0000b268:  e2966001  adds     r6, r6, #1
0x0000b26c:  e50b6070  str      r6, [fp, #-0x70]
0x0000b270:  0a00006b  beq      #0xb424

R00=00000043 R01=02114c00 R02=00000043 R03=00000003
R04=ffffffff R05=00102a1c R06=0010259c R07=00000003
R08=00000025 R09=0010263c R10=00102568 R11=001025d0
R12=04229800 R13=00102524 R14=0000b168 R15=0000b264
PSR=600001d3 -ZC- A svc32
R00=00000043 R01=02114c00 R02=00000043 R03=00000003
R04=ffffffff R05=00102a1c R06=00000004 R07=00000003
R08=00000025 R09=0010263c R10=00102568 R11=001025d0
R12=04229800 R13=00102524 R14=0000b168 R15=0000b274
PSR=000001d3 ---- A svc32
----------------
IN: 
0x0000abdc:  e24b0068  sub      r0, fp, #0x68
0x0000abe0:  ebfffab1  bl       #0x96ac

R00=00ffffff R01=004d433a R02=000000c0 R03=00000472
R04=00000006 R05=00000180 R06=0000008a R07=00000003
R08=00000033 R09=0010263c R10=00000003 R11=001025d0
R12=00a46c90 R13=00102524 R14=000000ff R15=0000abdc
PSR=800001d3 N--- A svc32
----------------
IN: 
0x0000abe4:  e51bc050  ldr      ip, [fp, #-0x50]
0x0000abe8:  e19920b5  ldrh     r2, [sb, r5]
0x0000abec:  e1a035ac  lsr      r3, ip, #0xb
0x0000abf0:  e51b1054  ldr      r1, [fp, #-0x54]
0x0000abf4:  e0000392  mul      r0, r2, r3
0x0000abf8:  e50b004c  str      r0, [fp, #-0x4c]
0x0000abfc:  e1500001  cmp      r0, r1

R00=004d433a R01=0000ba23 R02=a46c9000 R03=4d433a5b
R04=00000006 R05=00000180 R06=0000008a R07=00000003
R08=00000033 R09=0010263c R10=00000003 R11=001025d0
R12=00102524 R13=00102524 R14=0000abe4 R15=0000abe4
PSR=800001d3 N--- A svc32
R00=00102568 R01=00105c7c R02=001025a0 R03=000001ea
R04=00102568 R05=0000eb00 R06=001058a8 R07=00000073
R08=00000047 R09=0010263c R10=00102568 R11=001025d0
R12=e9500000 R13=00102524 R14=00009820 R15=0000ab08
PSR=200001d3 --C- A svc32
----------------
IN: 
0x0000ae4c:  e060300c  rsb      r3, r0, ip
0x0000ae50:  e0601001  rsb      r1, r0, r1
0x0000ae54:  e50b3050  str      r3, [fp, #-0x50]
0x0000ae58:  e3e004ff  mvn      r0, #0xff000000
0x0000ae5c:  e51b3074  ldr      r3, [fp, #-0x74]
0x0000ae60:  e50b1054  str      r1, [fp, #-0x54]
0x0000ae64:  e28320d8  add      r2, r3, #0xd8
0x0000ae68:  e19930b4  ldrh     r3, [sb, r4]
0x0000ae6c:  e1a05082  lsl      r5, r2, #1
0x0000ae70:  e04332a3  sub      r3, r3, r3, lsr #5
0x0000ae74:  e18930b4  strh     r3, [sb, r4]
0x0000ae78:  e51bc050  ldr      ip, [fp, #-0x50]
0x0000ae7c:  e15c0000  cmp      ip, r0
0x0000ae80:  8a000002  bhi      #0xae90

R00=0089e400 R01=00e9ac91 R02=00000400 R03=00002279
R04=0000019a R05=00000182 R06=000000e1 R07=00000010
R08=0000004c R09=0010263c R10=00000000 R11=001025d0
R12=0113cde0 R13=00102524 R14=000000ff R15=0000ae4c
PSR=800001d3 N--- A svc32
----------------
IN: 
0x0000ae84:  e24b0068  sub      r0, fp, #0x68
0x0000ae88:  ebfffa07  bl       #0x96ac

R00=00ffffff R01=005fc891 R02=000000d9 R03=000003e0
R04=0000019a R05=000001b2 R06=000000e1 R07=00000010
R08=0000004c R09=0010263c R10=00000000 R11=001025d0
R12=0089e9e0 R13=00102524 R14=000000ff R15=0000ae84
PSR=800001d3 N--- A svc32
----------------
IN: 
0x0000ae8c:  e51bc050  ldr      ip, [fp, #-0x50]
0x0000ae90:  e19920b5  ldrh     r2, [sb, r5]
0x0000ae94:  e1a035ac  lsr      r3, ip, #0xb
0x0000ae98:  e51b1054  ldr      r1, [fp, #-0x54]
0x0000ae9c:  e0000392  mul      r0, r2, r3
0x0000aea0:  e50b004c  str      r0, [fp, #-0x4c]
0x0000aea4:  e1500001  cmp      r0, r1
0x0000aea8:  9a000009  bls      #0xaed4

R00=005fc891 R01=0000ba3b R02=89e9e000 R03=5fc8916e
R04=0000019a R05=000001b2 R06=000000e1 R07=00000010
R08=0000004c R09=0010263c R10=00000000 R11=001025d0
R12=00102524 R13=00102524 R14=0000ae8c R15=0000ae8c
PSR=800001d3 N--- A svc32
----------------
IN: 
0x0000aed4:  e060300c  rsb      r3, r0, ip
0x0000aed8:  e0601001  rsb      r1, r0, r1
0x0000aedc:  e50b3050  str      r3, [fp, #-0x50]
0x0000aee0:  e3e004ff  mvn      r0, #0xff000000
0x0000aee4:  e51b3074  ldr      r3, [fp, #-0x74]
0x0000aee8:  e50b1054  str      r1, [fp, #-0x54]
0x0000aeec:  e28320e4  add      r2, r3, #0xe4
0x0000aef0:  e19930b5  ldrh     r3, [sb, r5]
0x0000aef4:  e1a04082  lsl      r4, r2, #1
0x0000aef8:  e04332a3  sub      r3, r3, r3, lsr #5
0x0000aefc:  e18930b5  strh     r3, [sb, r5]
0x0000af00:  e51bc050  ldr      ip, [fp, #-0x50]
0x0000af04:  e15c0000  cmp      ip, r0
0x0000af08:  8a000002  bhi      #0xaf18

R00=44f4f000 R01=5fc8916e R02=00000400 R03=00113d3c
R04=0000019a R05=000001b2 R06=000000e1 R07=00000010
R08=0000004c R09=0010263c R10=00000000 R11=001025d0
R12=89e9e000 R13=00102524 R14=0000ae8c R15=0000aed4
PSR=800001d3 N--- A svc32
----------------
IN: 
0x0000af18:  e19920b4  ldrh     r2, [sb, r4]
0x0000af1c:  e1a035ac  lsr      r3, ip, #0xb
0x0000af20:  e51b0054  ldr      r0, [fp, #-0x54]
0x0000af24:  e0010392  mul      r1, r2, r3
0x0000af28:  e50b104c  str      r1, [fp, #-0x4c]
0x0000af2c:  e1510000  cmp      r1, r0
0x0000af30:  9a00000b  bls      #0xaf64

R00=00ffffff R01=1ad3a16e R02=000000e5 R03=000003e0
R04=000001ca R05=000001b2 R06=000000e1 R07=00000010
R08=0000004c R09=0010263c R10=00000000 R11=001025d0
R12=44f4f000 R13=00102524 R14=0000ae8c R15=0000af18
PSR=200001d3 --C- A svc32
----------------
IN: 
0x0000af34:  e51b307c  ldr      r3, [fp, #-0x7c]
0x0000af38:  e51b2070  ldr      r2, [fp, #-0x70]
0x0000af3c:  e50b1050  str      r1, [fp, #-0x50]
0x0000af40:  e51b1080  ldr      r1, [fp, #-0x80]
0x0000af44:  e50b3070  str      r3, [fp, #-0x70]
0x0000af48:  e50b2080  str      r2, [fp, #-0x80]
0x0000af4c:  e50b107c  str      r1, [fp, #-0x7c]
0x0000af50:  e19920b4  ldrh     r2, [sb, r4]
0x0000af54:  e2623b02  rsb      r3, r2, #0x800
0x0000af58:  e08222c3  add      r2, r2, r3, asr #5
0x0000af5c:  e18920b4  strh     r2, [sb, r4]
0x0000af60:  ea00000e  b        #0xafa0

R00=1ad3a16e R01=227a7800 R02=00000400 R03=00089e9e
R04=000001ca R05=000001b2 R06=000000e1 R07=00000010
R08=0000004c R09=0010263c R10=00000000 R11=001025d0
R12=44f4f000 R13=00102524 R14=0000ae8c R15=0000af34
PSR=200001d3 --C- A svc32
R00=1ad3a16e R01=00000020 R02=00000420 R03=00000400
R04=000001ca R05=000001b2 R06=000000e1 R07=00000010
R08=0000004c R09=0010263c R10=00000000 R11=001025d0
R12=44f4f000 R13=00102524 R14=0000ae8c R15=0000afa0
PSR=200001d3 --C- A svc32
----------------
IN: 
0x0000b028:  e061300c  rsb      r3, r1, ip
0x0000b02c:  e0612000  rsb      r2, r1, r0
0x0000b030:  e50b3050  str      r3, [fp, #-0x50]
0x0000b034:  e1a06004  mov      r6, r4
0x0000b038:  e50b2054  str      r2, [fp, #-0x54]
0x0000b03c:  e3e014ff  mvn      r1, #0xff000000
0x0000b040:  e1d430b0  ldrh     r3, [r4]
0x0000b044:  e04332a3  sub      r3, r3, r3, lsr #5
0x0000b048:  e0c630b2  strh     r3, [r6], #2
0x0000b04c:  e51bc050  ldr      ip, [fp, #-0x50]
0x0000b050:  e15c0001  cmp      ip, r1
0x0000b054:  8a000002  bhi      #0xb064

R00=1ad3a16e R01=12ce0bb3 R02=0000045d R03=00044f4f
R04=001030a4 R05=000001b2 R06=000000e1 R07=00000010
R08=0000004c R09=0010263c R10=00000000 R11=001025d0
R12=227a7800 R13=00102524 R14=0000ae8c R15=0000b028
PSR=800001d3 N--- A svc32
----------------
IN: 
0x0000b064:  e1d620b0  ldrh     r2, [r6]
0x0000b068:  e1a035ac  lsr      r3, ip, #0xb
0x0000b06c:  e51b0054  ldr      r0, [fp, #-0x54]
0x0000b070:  e0010392  mul      r1, r2, r3
0x0000b074:  e50b104c  str      r1, [fp, #-0x4c]
0x0000b078:  e1510000  cmp      r1, r0
0x0000b07c:  9a000009  bls      #0xb0a8

R00=1ad3a16e R01=00ffffff R02=080595bb R03=0000043b
R04=001030a4 R05=000001b2 R06=001030a6 R07=00000010
R08=0000004c R09=0010263c R10=00000000 R11=001025d0
R12=0fac6c4d R13=00102524 R14=0000ae8c R15=0000b064
PSR=200001d3 --C- A svc32
----------------
IN: 
0x0000b0a8:  e061300c  rsb      r3, r1, ip
0x0000b0ac:  e0612000  rsb      r2, r1, r0
0x0000b0b0:  e50b3050  str      r3, [fp, #-0x50]
0x0000b0b4:  e2845f81  add      r5, r4, #0x204
0x0000b0b8:  e50b2054  str      r2, [fp, #-0x54]
0x0000b0bc:  e3a07008  mov      r7, #8
0x0000b0c0:  e3a0a010  mov      sl, #0x10
0x0000b0c4:  e1d630b0  ldrh     r3, [r6]
0x0000b0c8:  e04332a3  sub      r3, r3, r3, lsr #5
0x0000b0cc:  e1c630b0  strh     r3, [r6]
0x0000b0d0:  e3a03001  mov      r3, #1
0x0000b0d4:  e1a04007  mov      r4, r7
0x0000b0d8:  e50b3030  str      r3, [fp, #-0x30]
0x0000b0dc:  e24b6068  sub      r6, fp, #0x68
0x0000b0e0:  ea000002  b        #0xb0f0

R00=080595bb R01=07d63400 R02=00000400 R03=0001f58d
R04=001030a4 R05=000001b2 R06=001030a6 R07=00000010
R08=0000004c R09=0010263c R10=00000000 R11=001025d0
R12=0fac6c4d R13=00102524 R14=0000ae8c R15=0000b0a8
PSR=800001d3 N--- A svc32
R00=080595bb R01=07d63400 R02=002f61bb R03=00000001
R04=00000008 R05=001032a8 R06=00102568 R07=00000008
R08=0000004c R09=0010263c R10=00000010 R11=001025d0
R12=0fac6c4d R13=00102524 R14=0000ae8c R15=0000b0f0
PSR=800001d3 N--- A svc32
----------------
IN: 
0x0000ac94:  e24b0068  sub      r0, fp, #0x68
0x0000ac98:  ebfffa83  bl       #0x96ac

R00=00ffffff R01=000713e4 R02=000000cc R03=0000034f
R04=00000198 R05=00000180 R06=000000ee R07=00000000
R08=00000068 R09=0010263c R10=00000000 R11=001025d0
R12=00b6dbcb R13=00102524 R14=000000ff R15=0000ac94
PSR=800001d3 N--- A svc32
----------------
IN: 
0x0000ac9c:  e51bc050  ldr      ip, [fp, #-0x50]
0x0000aca0:  e19920b4  ldrh     r2, [sb, r4]
0x0000aca4:  e1a035ac  lsr      r3, ip, #0xb
0x0000aca8:  e51b1054  ldr      r1, [fp, #-0x54]
0x0000acac:  e0000392  mul      r0, r2, r3
0x0000acb0:  e50b004c  str      r0, [fp, #-0x4c]
0x0000acb4:  e1500001  cmp      r0, r1
0x0000acb8:  9a000063  bls      #0xae4c

R00=000713e4 R01=0000ba41 R02=b6dbcb00 R03=0713e470
R04=00000198 R05=00000180 R06=000000ee R07=00000000
R08=00000068 R09=0010263c R10=00000000 R11=001025d0
R12=00102524 R13=00102524 R14=0000ac9c R15=0000ac9c
PSR=800001d3 N--- A svc32
R00=68d27ce6 R01=0713e470 R02=00000496 R03=0016db79
R04=00000198 R05=00000180 R06=000000ee R07=00000000
R08=00000068 R09=0010263c R10=00000000 R11=001025d0
R12=b6dbcb00 R13=00102524 R14=0000ac9c R15=0000acbc
PSR=200001d3 --C- A svc32
----------------
IN: 
0x0000ae90:  e19920b5  ldrh     r2, [sb, r5]
0x0000ae94:  e1a035ac  lsr      r3, ip, #0xb
0x0000ae98:  e51b1054  ldr      r1, [fp, #-0x54]
0x0000ae9c:  e0000392  mul      r0, r2, r3
0x0000aea0:  e50b004c  str      r0, [fp, #-0x4c]
0x0000aea4:  e1500001  cmp      r0, r1
0x0000aea8:  9a000009  bls      #0xaed4

R00=00ffffff R01=07b16c6a R02=000000db R03=0000041e
R04=0000019e R05=000001b6 R06=00000030 R07=00000032
R08=0000006e R09=0010263c R10=00000002 R11=001025d0
R12=0f5c55a6 R13=00102524 R14=0000a980 R15=0000ae90
PSR=200001d3 --C- A svc32
R00=07ae2800 R01=07b16c6a R02=00000400 R03=0001eb8a
R04=0000019e R05=000001b6 R06=00000030 R07=00000032
R08=0000006e R09=0010263c R10=00000002 R11=001025d0
R12=0f5c55a6 R13=00102524 R14=0000a980 R15=0000aed4
PSR=800001d3 N--- A svc32
----------------
IN: 
0x0000aeac:  e51b3080  ldr      r3, [fp, #-0x80]
0x0000aeb0:  e51b1070  ldr      r1, [fp, #-0x70]
0x0000aeb4:  e50b0050  str      r0, [fp, #-0x50]
0x0000aeb8:  e50b3070  str      r3, [fp, #-0x70]
0x0000aebc:  e50b1080  str      r1, [fp, #-0x80]
0x0000aec0:  e19920b5  ldrh     r2, [sb, r5]
0x0000aec4:  e2623b02  rsb      r3, r2, #0x800
0x0000aec8:  e08222c3  add      r2, r2, r3, asr #5
0x0000aecc:  e18920b5  strh     r2, [sb, r5]
0x0000aed0:  ea000032  b        #0xafa0

R00=03d94800 R01=0047d423 R02=00000400 R03=0000f652
R04=000001a2 R05=000001ba R06=0000000d R07=00000051
R08=00000071 R09=0010263c R10=00000001 R11=001025d0
R12=07b29299 R13=00102524 R14=000000ff R15=0000aeac
PSR=200001d3 --C- A svc32
R00=03d94800 R01=00000020 R02=00000420 R03=00000400
R04=000001a2 R05=000001ba R06=0000000d R07=00000051
R08=00000071 R09=0010263c R10=00000001 R11=001025d0
R12=07b29299 R13=00102524 R14=000000ff R15=0000afa0
PSR=200001d3 --C- A svc32
----------------
IN: 
0x0000b080:  e50b1050  str      r1, [fp, #-0x50]
0x0000b084:  e084320a  add      r3, r4, sl, lsl #4
0x0000b088:  e2835f41  add      r5, r3, #0x104
0x0000b08c:  e3a07003  mov      r7, #3
0x0000b090:  e1d630b0  ldrh     r3, [r6]
0x0000b094:  e3a0a008  mov      sl, #8
0x0000b098:  e2632b02  rsb      r2, r3, #0x800
0x0000b09c:  e08332c2  add      r3, r3, r2, asr #5
0x0000b0a0:  e1c630b0  strh     r3, [r6]
0x0000b0a4:  ea000009  b        #0xb0d0

R00=014a5b2f R01=0515b280 R02=000003e0 R03=00014fec
R04=001030a4 R05=000001b0 R06=001030a6 R07=00000000
R08=0000008c R09=0010263c R10=00000000 R11=001025d0
R12=0a7f6257 R13=00102524 R14=0000abe4 R15=0000b080
PSR=200001d3 --C- A svc32
R00=014a5b2f R01=0515b280 R02=00000420 R03=00000401
R04=001030a4 R05=001031a8 R06=001030a6 R07=00000003
R08=0000008c R09=0010263c R10=00000008 R11=001025d0
R12=0a7f6257 R13=00102524 R14=0000abe4 R15=0000b0d0
PSR=200001d3 --C- A svc32
----------------
IN: 
0x0000b248:  e1a05085  lsl      r5, r5, #1
0x0000b24c:  e3540000  cmp      r4, #0
0x0000b250:  e1a0000a  mov      r0, sl
0x0000b254:  e51b20a8  ldr      r2, [fp, #-0xa8]
0x0000b258:  e2444001  sub      r4, r4, #1
0x0000b25c:  1afffff3  bne      #0xb230

R00=00000000 R01=088736e0 R02=00000002 R03=00000401
R04=00000002 R05=00000001 R06=00000018 R07=00102bb8
R08=00000099 R09=0010263c R10=00102568 R11=001025d0
R12=119b4980 R13=00102524 R14=0000b23c R15=0000b248
PSR=600001d3 -ZC- A svc32
R00=00102568 R01=088736e0 R02=00102598 R03=00000401
R04=00000001 R05=00000002 R06=00000018 R07=00102bb8
R08=00000099 R09=0010263c R10=00102568 R11=001025d0
R12=119b4980 R13=00102524 R14=0000b23c R15=0000b230
PSR=200001d3 --C- A svc32
R00=00102568 R01=0221cc00 R02=00102598 R03=00000420
R04=ffffffff R05=00000008 R06=00000018 R07=00102bb8
R08=00000099 R09=0010263c R10=00102568 R11=001025d0
R12=04439800 R13=00102524 R14=0000b23c R15=0000b260
PSR=600001d3 -ZC- A svc32
R00=49e3f2e0 R01=4ac2c24c R02=000003e0 R03=00131189
R04=0000019a R05=00000182 R06=000000fb R07=00000011
R08=000000d5 R09=0010263c R10=00000001 R11=001025d0
R12=988c4f00 R13=00102524 R14=0000ac9c R15=0000ae4c
PSR=800001d3 N--- A svc32
----------------
IN: 
0x0000af64:  e061300c  rsb      r3, r1, ip
0x0000af68:  e0612000  rsb      r2, r1, r0
0x0000af6c:  e50b3050  str      r3, [fp, #-0x50]
0x0000af70:  e51bc080  ldr      ip, [fp, #-0x80]
0x0000af74:  e50b2054  str      r2, [fp, #-0x54]
0x0000af78:  e51b307c  ldr      r3, [fp, #-0x7c]
0x0000af7c:  e51b0070  ldr      r0, [fp, #-0x70]
0x0000af80:  e51b1078  ldr      r1, [fp, #-0x78]
0x0000af84:  e50bc07c  str      ip, [fp, #-0x7c]
0x0000af88:  e50b3078  str      r3, [fp, #-0x78]
0x0000af8c:  e50b0080  str      r0, [fp, #-0x80]
0x0000af90:  e19930b4  ldrh     r3, [sb, r4]
0x0000af94:  e50b1070  str      r1, [fp, #-0x70]
0x0000af98:  e04332a3  sub      r3, r3, r3, lsr #5
0x0000af9c:  e18930b4  strh     r3, [sb, r4]
0x0000afa0:  e51b1074  ldr      r1, [fp, #-0x74]
0x0000afa4:  e3510006  cmp      r1, #6
0x0000afa8:  da000002  ble      #0xafb8

R00=0bad6ff7 R01=0b777800 R02=00000400 R03=0002ddde
R04=000001c8 R05=000001b0 R06=000000e3 R07=00000000
R08=000000e0 R09=0010263c R10=00000000 R11=001025d0
R12=16eef39d R13=00102524 R14=0000abe4 R15=0000af64
PSR=800001d3 N--- A svc32
R00=00000024 R01=00000000 R02=0035f7f7 R03=000003e0
R04=000001c8 R05=000001b0 R06=000000e3 R07=00000000
R08=000000e0 R09=0010263c R10=00000000 R11=001025d0
R12=00000038 R13=00102524 R14=0000abe4 R15=0000afb8
PSR=800001d3 N--- A svc32
----------------
IN: 
0x0000afd8:  e24b0068  sub      r0, fp, #0x68
0x0000afdc:  ebfff9b2  bl       #0x96ac

R00=00ffffff R01=00000003 R02=00000420 R03=00000008
R04=001030a4 R05=000001b6 R06=0000002a R07=00000033
R08=000000f3 R09=0010263c R10=00000003 R11=001025d0
R12=0089965d R13=00102524 R14=000000ff R15=0000afd8
PSR=800001d3 N--- A svc32
----------------
IN: 
0x0000afe0:  e51bc050  ldr      ip, [fp, #-0x50]
0x0000afe4:  e1d420b0  ldrh     r2, [r4]
0x0000afe8:  e1a035ac  lsr      r3, ip, #0xb
0x0000afec:  e51b0054  ldr      r0, [fp, #-0x54]
0x0000aff0:  e0010392  mul      r1, r2, r3
0x0000aff4:  e50b104c  str      r1, [fp, #-0x4c]
0x0000aff8:  e1510000  cmp      r1, r0
0x0000affc:  9a000009  bls      #0xb028

R00=00272b58 R01=0000baaf R02=89965d00 R03=272b58bb
R04=001030a4 R05=000001b6 R06=0000002a R07=00000033
R08=000000f3 R09=0010263c R10=00000003 R11=001025d0
R12=00102524 R13=00102524 R14=0000afe0 R15=0000afe0
PSR=800001d3 N--- A svc32
----------------
IN: 
0x0000ac24:  e3a02003  mov      r2, #3
0x0000ac28:  e50b2074  str      r2, [fp, #-0x74]
0x0000ac2c:  ea000001  b        #0xac38

R00=01809c00 R01=00000009 R02=00000400 R03=00000420
R04=00000120 R05=00000192 R06=00000014 R07=00000090
R08=0000012c R09=0010263c R10=00000000 R11=001025d0
R12=03013e0c R13=00102524 R14=000000ff R15=0000ac24
PSR=200001d3 --C- A svc32
----------------
IN: 
0x0000ac38:  e51bc07c  ldr      ip, [fp, #-0x7c]
0x0000ac3c:  e2894e66  add      r4, sb, #0x660
0x0000ac40:  e51b0080  ldr      r0, [fp, #-0x80]
0x0000ac44:  e2844004  add      r4, r4, #4
0x0000ac48:  e51b1070  ldr      r1, [fp, #-0x70]
0x0000ac4c:  e50bc078  str      ip, [fp, #-0x78]
0x0000ac50:  e50b007c  str      r0, [fp, #-0x7c]
0x0000ac54:  e50b1080  str      r1, [fp, #-0x80]
0x0000ac58:  ea0000da  b        #0xafc8

R00=01809c00 R01=00000009 R02=00000003 R03=00000420
R04=00000120 R05=00000192 R06=00000014 R07=00000090
R08=0000012c R09=0010263c R10=00000000 R11=001025d0
R12=03013e0c R13=00102524 R14=000000ff R15=0000ac38
PSR=200001d3 --C- A svc32
R00=00000070 R01=00000004 R02=00000003 R03=00000420
R04=00102ca0 R05=00000192 R06=00000014 R07=00000090
R08=0000012c R09=0010263c R10=00000000 R11=001025d0
R12=00000014 R13=00102524 R14=000000ff R15=0000afc8
PSR=200001d3 --C- A svc32
----------------
IN: 
0x0000ab94:  e51b0074  ldr      r0, [fp, #-0x74]
0x0000ab98:  e2400006  sub      r0, r0, #6
0x0000ab9c:  e50b0074  str      r0, [fp, #-0x74]
0x0000aba0:  ea00020a  b        #0xb3d0

R00=0011263c R01=001060dc R02=0000000a R03=0000011a
R04=00102568 R05=00000134 R06=0000001a R07=000000a3
R08=00000130 R09=0010263c R10=00102568 R11=001025d0
R12=0000000a R13=00102524 R14=0000aae8 R15=0000ab94
PSR=200001d3 --C- A svc32
----------------
IN: 
0x0000b130:  e3a02003  mov      r2, #3
0x0000b134:  e3a03001  mov      r3, #1
0x0000b138:  e0892382  add      r2, sb, r2, lsl #7
0x0000b13c:  e50b3034  str      r3, [fp, #-0x34]
0x0000b140:  e3a04005  mov      r4, #5
0x0000b144:  e2825e36  add      r5, r2, #0x360
0x0000b148:  e24ba068  sub      sl, fp, #0x68
0x0000b14c:  e24b6034  sub      r6, fp, #0x34
0x0000b150:  e51b1034  ldr      r1, [fp, #-0x34]
0x0000b154:  e2444001  sub      r4, r4, #1
0x0000b158:  e1a0000a  mov      r0, sl
0x0000b15c:  e1a02006  mov      r2, r6
0x0000b160:  e0851081  add      r1, r5, r1, lsl #1
0x0000b164:  ebfff9a3  bl       #0x97f8

R00=00102568 R01=47340000 R02=00000004 R03=00000004
R04=ffffffff R05=00102cc4 R06=00102568 R07=00000003
R08=0000015a R09=0010263c R10=00000000 R11=001025d0
R12=8e680000 R13=00102524 R14=00009820 R15=0000b130
PSR=200001d3 --C- A svc32
----------------
IN: 
0x0000b1b4:  e2414005  sub      r4, r1, #5
0x0000b1b8:  ea000011  b        #0xb204

R00=00000050 R01=00000008 R02=00000007 R03=00000000
R04=ffffffff R05=00000002 R06=0010259c R07=00000003
R08=0000015a R09=0010263c R10=00102568 R11=001025d0
R12=02391000 R13=00102524 R14=0000b168 R15=0000b1b4
PSR=200001d3 --C- A svc32
----------------
IN: 
0x0000b204:  e3540000  cmp      r4, #0
0x0000b208:  1affffeb  bne      #0xb1bc

R00=00000050 R01=00000008 R02=00000007 R03=00000000
R04=00000003 R05=00000002 R06=0010259c R07=00000003
R08=0000015a R09=0010263c R10=00102568 R11=001025d0
R12=02391000 R13=00102524 R14=0000b168 R15=0000b204
PSR=200001d3 --C- A svc32
----------------
IN: 
0x0000b1bc:  e51b3050  ldr      r3, [fp, #-0x50]
0x0000b1c0:  e3e0c4ff  mvn      ip, #0xff000000
0x0000b1c4:  e153000c  cmp      r3, ip
0x0000b1c8:  8a000002  bhi      #0xb1d8

R00=00000050 R01=00000008 R02=00000007 R03=00000000
R04=00000003 R05=00000002 R06=0010259c R07=00000003
R08=0000015a R09=0010263c R10=00102568 R11=001025d0
R12=02391000 R13=00102524 R14=0000b168 R15=0000b1bc
PSR=200001d3 --C- A svc32
----------------
IN: 
0x0000b1d8:  e51b2054  ldr      r2, [fp, #-0x54]
0x0000b1dc:  e1a030a3  lsr      r3, r3, #1
0x0000b1e0:  e3a00000  mov      r0, #0
0x0000b1e4:  e50b3050  str      r3, [fp, #-0x50]
0x0000b1e8:  e1530002  cmp      r3, r2
0x0000b1ec:  e0631002  rsb      r1, r3, r2
0x0000b1f0:  8a000001  bhi      #0xb1fc

R00=00000050 R01=00000008 R02=00000007 R03=011c8800
R04=00000003 R05=00000002 R06=0010259c R07=00000003
R08=0000015a R09=0010263c R10=00102568 R11=001025d0
R12=00ffffff R13=00102524 R14=0000b168 R15=0000b1d8
PSR=200001d3 --C- A svc32
----------------
IN: 
0x0000b1fc:  e1805085  orr      r5, r0, r5, lsl #1
0x0000b200:  e2444001  sub      r4, r4, #1
0x0000b204:  e3540000  cmp      r4, #0
0x0000b208:  1affffeb  bne      #0xb1bc

R00=00000000 R01=ffb12d8c R02=003f718c R03=008e4400
R04=00000003 R05=00000002 R06=0010259c R07=00000003
R08=0000015a R09=0010263c R10=00102568 R11=001025d0
R12=00ffffff R13=00102524 R14=0000b168 R15=0000b1fc
PSR=200001d3 --C- A svc32
R00=00000000 R01=ffb12d8c R02=003f718c R03=008e4400
R04=00000002 R05=00000004 R06=0010259c R07=00000003
R08=0000015a R09=0010263c R10=00102568 R11=001025d0
R12=00ffffff R13=00102524 R14=0000b168 R15=0000b1bc
PSR=200001d3 --C- A svc32
----------------
IN: 
0x0000b1cc:  e1a0000a  mov      r0, sl
0x0000b1d0:  ebfff935  bl       #0x96ac

R00=00000000 R01=ffb12d8c R02=003f718c R03=008e4400
R04=00000002 R05=00000004 R06=0010259c R07=00000003
R08=0000015a R09=0010263c R10=00102568 R11=001025d0
R12=00ffffff R13=00102524 R14=0000b168 R15=0000b1cc
PSR=800001d3 N--- A svc32
----------------
IN: 
0x0000b1d4:  e51b3050  ldr      r3, [fp, #-0x50]
0x0000b1d8:  e51b2054  ldr      r2, [fp, #-0x54]
0x0000b1dc:  e1a030a3  lsr      r3, r3, #1
0x0000b1e0:  e3a00000  mov      r0, #0
0x0000b1e4:  e50b3050  str      r3, [fp, #-0x50]
0x0000b1e8:  e1530002  cmp      r3, r2
0x0000b1ec:  e0631002  rsb      r1, r3, r2
0x0000b1f0:  8a000001  bhi      #0xb1fc

R00=003f718c R01=0000bb09 R02=8e440000 R03=3f718ce1
R04=00000002 R05=00000004 R06=0010259c R07=00000003
R08=0000015a R09=0010263c R10=00102568 R11=001025d0
R12=00102524 R13=00102524 R14=0000b1d4 R15=0000b1d4
PSR=800001d3 N--- A svc32
R00=00000000 R01=f84f8ce1 R02=3f718ce1 R03=47220000
R04=00000002 R05=00000004 R06=0010259c R07=00000003
R08=0000015a R09=0010263c R10=00102568 R11=001025d0
R12=00102524 R13=00102524 R14=0000b1d4 R15=0000b1fc
PSR=200001d3 --C- A svc32
----------------
IN: 
0x0000b1f4:  e50b1054  str      r1, [fp, #-0x54]
0x0000b1f8:  e3a00001  mov      r0, #1
0x0000b1fc:  e1805085  orr      r5, r0, r5, lsl #1
0x0000b200:  e2444001  sub      r4, r4, #1
0x0000b204:  e3540000  cmp      r4, #0
0x0000b208:  1affffeb  bne      #0xb1bc

R00=00000000 R01=1be08ce1 R02=3f718ce1 R03=23910000
R04=00000001 R05=00000008 R06=0010259c R07=00000003
R08=0000015a R09=0010263c R10=00102568 R11=001025d0
R12=00ffffff R13=00102524 R14=0000b1d4 R15=0000b1f4
PSR=800001d3 N--- A svc32
----------------
IN: 
0x0000b20c:  e2897d19  add      r7, sb, #0x640
0x0000b210:  e1a06205  lsl      r6, r5, #4
0x0000b214:  e2877004  add      r7, r7, #4
0x0000b218:  e3a02004  mov      r2, #4
0x0000b21c:  e3a03001  mov      r3, #1
0x0000b220:  e1a04002  mov      r4, r2
0x0000b224:  e50b3038  str      r3, [fp, #-0x38]
0x0000b228:  e1a05003  mov      r5, r3
0x0000b22c:  ea000006  b        #0xb24c

R00=00000001 R01=1be08ce1 R02=3f718ce1 R03=23910000
R04=00000000 R05=00000011 R06=0010259c R07=00000003
R08=0000015a R09=0010263c R10=00102568 R11=001025d0
R12=00ffffff R13=00102524 R14=0000b1d4 R15=0000b20c
PSR=600001d3 -ZC- A svc32
R00=00000001 R01=1be08ce1 R02=00000004 R03=00000001
R04=00000004 R05=00000001 R06=00000110 R07=00102c80
R08=0000015a R09=0010263c R10=00102568 R11=001025d0
R12=00ffffff R13=00102524 R14=0000b1d4 R15=0000b24c
PSR=600001d3 -ZC- A svc32
R00=00000001 R01=06f1080e R02=10d1080e R03=09e00000
R04=00000002 R05=00000005 R06=0010259c R07=00000003
R08=00000189 R09=0010263c R10=00102568 R11=001025d0
R12=00ffffff R13=00102524 R14=0000b168 R15=0000b1bc
PSR=200001d3 --C- A svc32
R00=00000000 R01=ff89080e R02=0201080e R03=02780000
R04=00000000 R05=00000016 R06=0010259c R07=00000003
R08=00000189 R09=0010263c R10=00102568 R11=001025d0
R12=00ffffff R13=00102524 R14=0000b168 R15=0000b20c
PSR=600001d3 -ZC- A svc32
----------------
IN: 
0x0000af0c:  e24b0068  sub      r0, fp, #0x68
0x0000af10:  ebfff9e5  bl       #0x96ac

R00=00ffffff R01=0012601c R02=000000e5 R03=000003e1
R04=000001ca R05=000001b2 R06=00000005 R07=00000011
R08=000001ad R09=0010263c R10=00000001 R11=001025d0
R12=00c30e82 R13=00102524 R14=000000ff R15=0000af0c
PSR=800001d3 N--- A svc32
----------------
IN: 
0x0000af14:  e51bc050  ldr      ip, [fp, #-0x50]
0x0000af18:  e19920b4  ldrh     r2, [sb, r4]
0x0000af1c:  e1a035ac  lsr      r3, ip, #0xb
0x0000af20:  e51b0054  ldr      r0, [fp, #-0x54]
0x0000af24:  e0010392  mul      r1, r2, r3
0x0000af28:  e50b104c  str      r1, [fp, #-0x4c]
0x0000af2c:  e1510000  cmp      r1, r0
0x0000af30:  9a00000b  bls      #0xaf64

R00=0012601c R01=0000bb4c R02=c30e8200 R03=12601c46
R04=000001ca R05=000001b2 R06=00000005 R07=00000011
R08=000001ad R09=0010263c R10=00000001 R11=001025d0
R12=00102524 R13=00102524 R14=0000af14 R15=0000af14
PSR=800001d3 N--- A svc32
R00=12601c46 R01=64937a00 R02=00000420 R03=001861d0
R04=000001ca R05=000001b2 R06=00000005 R07=00000011
R08=000001ad R09=0010263c R10=00000001 R11=001025d0
R12=c30e8200 R13=00102524 R14=0000af14 R15=0000af34
PSR=200001d3 --C- A svc32
R00=00ffffff R01=00000160 R02=00000556 R03=00000000
R04=00102ca0 R05=00000180 R06=000000e8 R07=00000001
R08=000001b9 R09=0010263c R10=00000001 R11=001025d0
R12=0066c648 R13=00102524 R14=000000ff R15=0000afd8
PSR=800001d3 N--- A svc32
----------------
IN: 
0x0000ace8:  e24b0068  sub      r0, fp, #0x68
0x0000acec:  ebfffa6e  bl       #0x96ac

R00=00b66f40 R01=00ffffff R02=0000043f R03=000003e0
R04=000001a0 R05=00000262 R06=000000f9 R07=00000041
R08=000001f1 R09=0010263c R10=00000001 R11=001025d0
R12=00b66f40 R13=00102524 R14=000000ff R15=0000ace8
PSR=800001d3 N--- A svc32
----------------
IN: 
0x0000acf0:  e51bc050  ldr      ip, [fp, #-0x50]
0x0000acf4:  e19920b5  ldrh     r2, [sb, r5]
0x0000acf8:  e1a035ac  lsr      r3, ip, #0xb
0x0000acfc:  e51b0054  ldr      r0, [fp, #-0x54]
0x0000ad00:  e0010392  mul      r1, r2, r3
0x0000ad04:  e50b104c  str      r1, [fp, #-0x4c]
0x0000ad08:  e1510000  cmp      r1, r0
0x0000ad0c:  9a000046  bls      #0xae2c

R00=009fa5dd R01=0000bb70 R02=b66f4000 R03=9fa5dd94
R04=000001a0 R05=00000262 R06=000000f9 R07=00000041
R08=000001f1 R09=0010263c R10=00000001 R11=001025d0
R12=00102524 R13=00102524 R14=0000acf0 R15=0000acf0
PSR=800001d3 N--- A svc32
R00=9fa5dd94 R01=5b37a000 R02=00000400 R03=0016cde8
R04=000001a0 R05=00000262 R06=000000f9 R07=00000041
R08=000001f1 R09=0010263c R10=00000001 R11=001025d0
R12=b66f4000 R13=00102524 R14=0000acf0 R15=0000ae2c
PSR=900001d3 N--V A svc32
----------------
IN: 
0x0000b058:  e24b0068  sub      r0, fp, #0x68
0x0000b05c:  ebfff992  bl       #0x96ac

R00=018ccf33 R01=00ffffff R02=0035e493 R03=00000603
R04=00102ca0 R05=00000180 R06=00102ca2 R07=00000000
R08=00000248 R09=0010263c R10=00000000 R11=001025d0
R12=00635c5d R13=00102524 R14=000000ff R15=0000b058
PSR=800001d3 N--- A svc32
----------------
IN: 
0x0000b060:  e51bc050  ldr      ip, [fp, #-0x50]
0x0000b064:  e1d620b0  ldrh     r2, [r6]
0x0000b068:  e1a035ac  lsr      r3, ip, #0xb
0x0000b06c:  e51b0054  ldr      r0, [fp, #-0x54]
0x0000b070:  e0010392  mul      r1, r2, r3
0x0000b074:  e50b104c  str      r1, [fp, #-0x4c]
0x0000b078:  e1510000  cmp      r1, r0
0x0000b07c:  9a000009  bls      #0xb0a8

R00=0035e493 R01=0000bba2 R02=635c5d00 R03=35e493d0
R04=00102ca0 R05=00000180 R06=00102ca2 R07=00000000
R08=00000248 R09=0010263c R10=00000000 R11=001025d0
R12=00102524 R13=00102524 R14=0000b060 R15=0000b060
PSR=800001d3 N--- A svc32
R00=35e493d0 R01=34bca335 R02=0000043f R03=000c6b8b
R04=00102ca0 R05=00000180 R06=00102ca2 R07=00000000
R08=00000248 R09=0010263c R10=00000000 R11=001025d0
R12=635c5d00 R13=00102524 R14=0000b060 R15=0000b0a8
PSR=800001d3 N--- A svc32
R00=00000000 R01=60acc05b R02=c80ec05b R03=67620000
R04=00000003 R05=00000003 R06=0010259c R07=00000008
R08=00000248 R09=0010263c R10=00102568 R11=001025d0
R12=00102524 R13=00102524 R14=0000b1d4 R15=0000b1f4
PSR=900001d3 N--V A svc32
R00=496c2e58 R01=5ede469e R02=0000041e R03=00170ac1
R04=00102ca0 R05=0000018e R06=00102ca2 R07=00000070
R08=00000284 R09=0010263c R10=00000000 R11=001025d0
R12=b8560d00 R13=00102524 R14=0000b060 R15=0000b080
PSR=200001d3 --C- A svc32
----------------
IN: 
0x0000afac:  e3a0200b  mov      r2, #0xb
0x0000afb0:  e50b2074  str      r2, [fp, #-0x74]
0x0000afb4:  ea000001  b        #0xafc0

R00=1054c408 R01=00000008 R02=00000420 R03=00000400
R04=000001d8 R05=000001c0 R06=000000e3 R07=00000080
R08=00000298 R09=0010263c R10=00000000 R11=001025d0
R12=c0a33900 R13=00102524 R14=0000af14 R15=0000afac
PSR=200001d3 --C- A svc32
----------------
IN: 
0x0000afc0:  e2894ea6  add      r4, sb, #0xa60
0x0000afc4:  e2844008  add      r4, r4, #8
0x0000afc8:  e51bc050  ldr      ip, [fp, #-0x50]
0x0000afcc:  e3e004ff  mvn      r0, #0xff000000
0x0000afd0:  e15c0000  cmp      ip, r0
0x0000afd4:  8a000002  bhi      #0xafe4

R00=1054c408 R01=00000008 R02=0000000b R03=00000400
R04=000001d8 R05=000001c0 R06=000000e3 R07=00000080
R08=00000298 R09=0010263c R10=00000000 R11=001025d0
R12=c0a33900 R13=00102524 R14=0000af14 R15=0000afc0
PSR=200001d3 --C- A svc32
R00=00ffffff R01=00000008 R02=0000000b R03=00000400
R04=001030a4 R05=000001c0 R06=000000e3 R07=00000080
R08=00000298 R09=0010263c R10=00000000 R11=001025d0
R12=60519c00 R13=00102524 R14=0000af14 R15=0000afe4
PSR=200001d3 --C- A svc32
R00=731ae778 R01=66e0b2f7 R02=000003a8 R03=001f7b53
R04=0000019a R05=000001b2 R06=00000077 R07=00000012
R08=00000306 R09=0010263c R10=00000002 R11=001025d0
R12=fbda9c00 R13=00102524 R14=0000ae8c R15=0000aeac
PSR=200001d3 --C- A svc32
R00=00000054 R01=00000007 R02=000d7745 R03=000003e0
R04=000001d6 R05=000001be R06=00000000 R07=00000072
R08=00000382 R09=0010263c R10=00000002 R11=001025d0
R12=00000010 R13=00102524 R14=000000ff R15=0000afac
PSR=200001d3 --C- A svc32
R00=00ffffff R01=00000007 R02=0000000b R03=000003e0
R04=001030a4 R05=000001be R06=00000000 R07=00000072
R08=00000382 R09=0010263c R10=00000002 R11=001025d0
R12=00a78d8e R13=00102524 R14=000000ff R15=0000afd8
PSR=800001d3 N--- A svc32
R00=490f207d R01=684c835f R02=000004f3 R03=001512e5
R04=00000198 R05=000001e6 R06=00000091 R07=00000003
R08=0000040f R09=0010263c R10=00000003 R11=001025d0
R12=a8972e00 R13=00102524 R14=0000acf0 R15=0000ad10
PSR=200001d3 --C- A svc32
R00=ac2b40bc R01=81409a7a R02=00000466 R03=001d62cf
R04=000001c8 R05=000001b0 R06=000000e4 R07=00000000
R08=00000cb8 R09=0010263c R10=00000000 R11=001025d0
R12=eb167e00 R13=00102524 R14=0000af14 R15=0000af64
PSR=800001d3 N--- A svc32
----------------
IN: 
0x0000aae0:  ea000002  b        #0xaaf0

R00=00000000 R01=0728c204 R02=00000100 R03=00000100
R04=00000000 R05=00000000 R06=00103aa8 R07=00000070
R08=00003528 R09=0010263c R10=00102568 R11=001025d0
R12=12fe0f40 R13=00102524 R14=0000aab0 R15=0000aae0
PSR=200001d3 --C- A svc32
R00=00000000 R01=0728c204 R02=00000100 R03=00000100
R04=00000000 R05=00000000 R06=00103aa8 R07=00000070
R08=00003528 R09=0010263c R10=00102568 R11=001025d0
R12=12fe0f40 R13=00102524 R14=0000aab0 R15=0000aaf0
PSR=200001d3 --C- A svc32
----------------
IN: 
0x0000ad30:  e3a0300b  mov      r3, #0xb
0x0000ad34:  e50b3074  str      r3, [fp, #-0x74]
0x0000ad38:  ea000001  b        #0xad44

R00=00a96060 R01=00d83b78 R02=0000060c R03=00000224
R04=000001ae R05=00000344 R06=00000000 R07=000000b2
R08=0029f71e R09=0010263c R10=00000002 R11=001025d0
R12=0375b1a1 R13=00102524 R14=000000ff R15=0000ad30
PSR=200001d3 --C- A svc32
----------------
IN: 
0x0000ad44:  e51b00a0  ldr      r0, [fp, #-0xa0]
0x0000ad48:  e3500000  cmp      r0, #0
0x0000ad4c:  1a000013  bne      #0xada0

R00=00a96060 R01=00d83b78 R02=0000060c R03=0000000b
R04=000001ae R05=00000344 R06=00000000 R07=000000b2
R08=0029f71e R09=0010263c R10=00000002 R11=001025d0
R12=0375b1a1 R13=00102524 R14=000000ff R15=0000ad44
PSR=200001d3 --C- A svc32
R00=00000000 R01=00d83b78 R02=0000060c R03=0000000b
R04=000001ae R05=00000344 R06=00000000 R07=000000b2
R08=0029f71e R09=0010263c R10=00000002 R11=001025d0
R12=0375b1a1 R13=00102524 R14=000000ff R15=0000ad50
PSR=600001d3 -ZC- A svc32
----------------
IN: 
0x0000b424:  e59b1008  ldr      r1, [fp, #8]
0x0000b428:  e3510000  cmp      r1, #0
0x0000b42c:  0a000003  beq      #0xb440

R00=00102568 R01=405d4e68 R02=00102598 R03=000003b4
R04=ffffffff R05=00000010 R06=00000000 R07=00102c80
R08=002af8e0 R09=0010263c R10=00102568 R11=001025d0
R12=86c8a000 R13=00102524 R14=00009820 R15=0000b424
PSR=600001d3 -ZC- A svc32
----------------
IN: 
0x0000b440:  e51b20a0  ldr      r2, [fp, #-0xa0]
0x0000b444:  e3520000  cmp      r2, #0
0x0000b448:  0a000002  beq      #0xb458

R00=00102568 R01=00000000 R02=00102598 R03=000003b4
R04=ffffffff R05=00000010 R06=00000000 R07=00102c80
R08=002af8e0 R09=0010263c R10=00102568 R11=001025d0
R12=86c8a000 R13=00102524 R14=00009820 R15=0000b440
PSR=600001d3 -ZC- A svc32
----------------
IN: 
0x0000b458:  e1a00009  mov      r0, sb
0x0000b45c:  e3a04000  mov      r4, #0
0x0000b460:  ebfff6e9  bl       #0x900c

R00=00102568 R01=00000000 R02=00000000 R03=000003b4
R04=ffffffff R05=00000010 R06=00000000 R07=00102c80
R08=002af8e0 R09=0010263c R10=00102568 R11=001025d0
R12=86c8a000 R13=00102524 R14=00009820 R15=0000b458
PSR=600001d3 -ZC- A svc32
----------------
IN: 
0x0000900c:  e1a0c00d  mov      ip, sp
0x00009010:  e92dd800  push     {fp, ip, lr, pc}
0x00009014:  e24cb004  sub      fp, ip, #4
0x00009018:  e59fc038  ldr      ip, [pc, #0x38]
0x0000901c:  e59f3038  ldr      r3, [pc, #0x38]
0x00009020:  e08fc00c  add      ip, pc, ip
0x00009024:  e79c1003  ldr      r1, [ip, r3]
0x00009028:  e5912000  ldr      r2, [r1]
0x0000902c:  e2422001  sub      r2, r2, #1
0x00009030:  e5812000  str      r2, [r1]
0x00009034:  e3520000  cmp      r2, #0
0x00009038:  1a000005  bne      #0x9054

R00=0010263c R01=00000000 R02=00000000 R03=000003b4
R04=00000000 R05=00000010 R06=00000000 R07=00102c80
R08=002af8e0 R09=0010263c R10=00102568 R11=001025d0
R12=86c8a000 R13=00102524 R14=0000b464 R15=0000900c
PSR=600001d3 -ZC- A svc32
----------------
IN: 
0x0000903c:  e59f301c  ldr      r3, [pc, #0x1c]
0x00009040:  e59f201c  ldr      r2, [pc, #0x1c]
0x00009044:  e79c0003  ldr      r0, [ip, r3]
0x00009048:  e79c1002  ldr      r1, [ip, r2]
0x0000904c:  e5903000  ldr      r3, [r0]
0x00009050:  e5813000  str      r3, [r1]
0x00009054:  e89da800  ldm      sp, {fp, sp, pc}

R00=0010263c R01=00101638 R02=00000000 R03=00000014
R04=00000000 R05=00000010 R06=00000000 R07=00102c80
R08=002af8e0 R09=0010263c R10=00102568 R11=00102520
R12=001015e8 R13=00102514 R14=0000b464 R15=0000903c
PSR=600001d3 -ZC- A svc32
----------------
IN: 
0x0000b464:  e59b3004  ldr      r3, [fp, #4]
0x0000b468:  e3530000  cmp      r3, #0
0x0000b46c:  1a000001  bne      #0xb478

R00=0010162c R01=00101634 R02=00000004 R03=0010263c
R04=00000000 R05=00000010 R06=00000000 R07=00102c80
R08=002af8e0 R09=0010263c R10=00102568 R11=001025d0
R12=001015e8 R13=00102524 R14=0000b464 R15=0000b464
PSR=600001d3 -ZC- A svc32
----------------
IN: 
0x0000b478:  e51bc09c  ldr      ip, [fp, #-0x9c]
0x0000b47c:  e35c0000  cmp      ip, #0
0x0000b480:  1a000001  bne      #0xb48c

R00=0010162c R01=00101634 R02=00000004 R03=0011263c
R04=00000000 R05=00000010 R06=00000000 R07=00102c80
R08=002af8e0 R09=0010263c R10=00102568 R11=001025d0
R12=001015e8 R13=00102524 R14=0000b464 R15=0000b478
PSR=200001d3 --C- A svc32
----------------
IN: 
0x0000b48c:  e1a00004  mov      r0, r4
0x0000b490:  e24bd028  sub      sp, fp, #0x28
0x0000b494:  e89daff0  ldm      sp, {r4, r5, r6, r7, r8, sb, sl, fp, sp, pc}

R00=0010162c R01=00101634 R02=00000004 R03=0011263c
R04=00000000 R05=00000010 R06=00000000 R07=00102c80
R08=002af8e0 R09=0010263c R10=00102568 R11=001025d0
R12=0000b9e4 R13=00102524 R14=0000b464 R15=0000b48c
PSR=200001d3 --C- A svc32
----------------
IN: 
0x0000b4d8:  e24bd00c  sub      sp, fp, #0xc
0x0000b4dc:  e89da800  ldm      sp, {fp, sp, pc}

R00=00000000 R01=00101634 R02=00000004 R03=0011263c
R04=00009604 R05=001015e8 R06=0011263c R07=001015e6
R08=000000e0 R09=00000000 R10=0010162c R11=001025f0
R12=0000b9e4 R13=001025d4 R14=0000b464 R15=0000b4d8
PSR=200001d3 --C- A svc32
----------------
IN: 
0x0000b5d8:  e59f003c  ldr      r0, [pc, #0x3c]
0x0000b5dc:  e0850000  add      r0, r5, r0
0x0000b5e0:  ebfff603  bl       #0x8df4

R00=00000000 R01=00101634 R02=00000004 R03=0011263c
R04=00009604 R05=001015e8 R06=0011263c R07=001015e6
R08=000000e0 R09=00000000 R10=0010162c R11=00102638
R12=0000b9e4 R13=001025f4 R14=0000b464 R15=0000b5d8
PSR=200001d3 --C- A svc32
----------------
IN: 
0x00008e14:  e3a0000d  mov      r0, #0xd
0x00008e18:  ebffffd8  bl       #0x8d80

R00=0000002e R01=f1012000 R02=00000000 R03=f1012000
R04=0000000a R05=0000001b R06=0000b9c8 R07=001015e6
R08=000000e0 R09=00000000 R10=0010162c R11=001025f0
R12=001025d4 R13=001025d4 R14=00008e24 R15=00008e14
PSR=600001d3 -ZC- A svc32
R00=0000000d R01=f1012000 R02=00000000 R03=f1012000
R04=0000000a R05=0000001b R06=0000b9c8 R07=001015e6
R08=000000e0 R09=00000000 R10=0010162c R11=001025f0
R12=001025d4 R13=001025d4 R14=00008e1c R15=00008d80
PSR=600001d3 -ZC- A svc32
----------------
IN: 
0x0000b5e4:  e51b1034  ldr      r1, [fp, #-0x34]
0x0000b5e8:  e5910000  ldr      r0, [r1]
0x0000b5ec:  e24bd028  sub      sp, fp, #0x28
0x0000b5f0:  e89daff0  ldm      sp, {r4, r5, r6, r7, r8, sb, sl, fp, sp, pc}

R00=0000000a R01=f1012000 R02=00000000 R03=00000060
R04=00009604 R05=001015e8 R06=0011263c R07=001015e6
R08=000000e0 R09=00000000 R10=0010162c R11=00102638
R12=001025d4 R13=001025f4 R14=00008e38 R15=0000b5e4
PSR=600001d3 -ZC- A svc32
----------------
IN: 
0x000080f4:  e28000ff  add      r0, r0, #0xff
0x000080f8:  e3c0007f  bic      r0, r0, #0x7f
0x000080fc:  e0851000  add      r1, r5, r0
0x00008100:  e28f2d0a  add      r2, pc, #0x280
0x00008104:  e59f3058  ldr      r3, [pc, #0x58]
0x00008108:  e0823003  add      r3, r2, r3
0x0000810c:  e8b25e00  ldm      r2!, {sb, sl, fp, ip, lr}
0x00008110:  e8a15e00  stm      r1!, {sb, sl, fp, ip, lr}
0x00008114:  e8b25e00  ldm      r2!, {sb, sl, fp, ip, lr}
0x00008118:  e8a15e00  stm      r1!, {sb, sl, fp, ip, lr}
0x0000811c:  e1520003  cmp      r2, r3
0x00008120:  3afffff9  blo      #0x810c

R00=002af8e0 R01=00101628 R02=00000000 R03=00000060
R04=00008000 R05=0011263c R06=41069265 R07=00000661
R08=00000100 R09=00000000 R10=10000000 R11=00000000
R12=001025d4 R13=0010263c R14=00008e38 R15=000080f4
PSR=600001d3 -ZC- A svc32
----------------
IN: 
0x0000810c:  e8b25e00  ldm      r2!, {sb, sl, fp, ip, lr}
0x00008110:  e8a15e00  stm      r1!, {sb, sl, fp, ip, lr}
0x00008114:  e8b25e00  ldm      r2!, {sb, sl, fp, ip, lr}
0x00008118:  e8a15e00  stm      r1!, {sb, sl, fp, ip, lr}
0x0000811c:  e1520003  cmp      r2, r3
0x00008120:  3afffff9  blo      #0x810c

R00=002af980 R01=003c1fe4 R02=000083b0 R03=0000881c
R04=00008000 R05=0011263c R06=41069265 R07=00000661
R08=00000100 R09=e8b55c0d R10=e8a15c0d R11=e8b55c0d
R12=e8a15c0d R13=0010263c R14=e8b55c0d R15=0000810c
PSR=800001d3 N--- A svc32
R00=002af980 R01=003c200c R02=000083d8 R03=0000881c
R04=00008000 R05=0011263c R06=41069265 R07=00000661
R08=00000100 R09=eb0000a7 R10=eb000076 R11=e3a00000
R12=e1a01007 R13=0010263c R14=e1a02008 R15=0000810c
PSR=800001d3 N--- A svc32
----------------
IN: 
0x00008124:  e1a0d001  mov      sp, r1
0x00008128:  e28dd080  add      sp, sp, #0x80
0x0000812c:  eb00014d  bl       #0x8668

R00=002af980 R01=003c246c R02=00008838 R03=0000881c
R04=00008000 R05=0011263c R06=41069265 R07=00000661
R08=00000100 R09=e1a00000 R10=e1a0c00d R11=e92dd800
R12=e24cb004 R13=0010263c R14=e5d03001 R15=00008124
PSR=200001d3 --C- A svc32
----------------
IN: 
0x00008668:  e3a03010  mov      r3, #0x10
0x0000866c:  eaffff5a  b        #0x83dc

R00=002af980 R01=003c246c R02=00008838 R03=0000881c
R04=00008000 R05=0011263c R06=41069265 R07=00000661
R08=00000100 R09=e1a00000 R10=e1a0c00d R11=e92dd800
R12=e24cb004 R13=003c24ec R14=00008130 R15=00008668
PSR=200001d3 --C- A svc32
----------------
IN: 
0x00008514:  ea00009d  b        #0x8790

R00=002af980 R01=00060005 R02=ff00fff0 R03=00000010
R04=00008000 R05=0011263c R06=41069265 R07=00000661
R08=00000100 R09=e1a00000 R10=e1a0c00d R11=e92dd800
R12=00008504 R13=003c24ec R14=00008130 R15=00008514
PSR=600001d3 -ZC- A svc32
----------------
IN: 
0x00008790:  ee17ff7e  mrc      p15, #0, apsr_nzcv, c7, c14, #3
0x00008794:  1afffffd  bne      #0x8790

R00=002af980 R01=00060005 R02=ff00fff0 R03=00000010
R04=00008000 R05=0011263c R06=41069265 R07=00000661
R08=00000100 R09=e1a00000 R10=e1a0c00d R11=e92dd800
R12=00008504 R13=003c24ec R14=00008130 R15=00008790
PSR=600001d3 -ZC- A svc32
----------------
IN: 
0x00008798:  ee070f15  mcr      p15, #0, r0, c7, c5, #0
0x0000879c:  ee070f9a  mcr      p15, #0, r0, c7, c10, #4
0x000087a0:  e1a0f00e  mov      pc, lr

R00=002af980 R01=00060005 R02=ff00fff0 R03=00000010
R04=00008000 R05=0011263c R06=41069265 R07=00000661
R08=00000100 R09=e1a00000 R10=e1a0c00d R11=e92dd800
R12=00008504 R13=003c24ec R14=00008130 R15=00008798
PSR=400001d3 -Z-- A svc32
----------------
IN: 
0x00008130:  e085f000  add      pc, r5, r0

R00=002af980 R01=00060005 R02=ff00fff0 R03=00000010
R04=00008000 R05=0011263c R06=41069265 R07=00000661
R08=00000100 R09=e1a00000 R10=e1a0c00d R11=e92dd800
R12=00008504 R13=003c24ec R14=00008130 R15=00008130
PSR=400001d3 -Z-- A svc32
----------------
IN: 
0x003c1fbc:  e0859000  add      sb, r5, r0
0x003c1fc0:  e2499080  sub      sb, sb, #0x80
0x003c1fc4:  e1a01004  mov      r1, r4
0x003c1fc8:  e8b55c0d  ldm      r5!, {r0, r2, r3, sl, fp, ip, lr}
0x003c1fcc:  e8a15c0d  stm      r1!, {r0, r2, r3, sl, fp, ip, lr}
0x003c1fd0:  e8b55c0d  ldm      r5!, {r0, r2, r3, sl, fp, ip, lr}
0x003c1fd4:  e8a15c0d  stm      r1!, {r0, r2, r3, sl, fp, ip, lr}
0x003c1fd8:  e8b55c0d  ldm      r5!, {r0, r2, r3, sl, fp, ip, lr}
0x003c1fdc:  e8a15c0d  stm      r1!, {r0, r2, r3, sl, fp, ip, lr}
0x003c1fe0:  e8b55c0d  ldm      r5!, {r0, r2, r3, sl, fp, ip, lr}
0x003c1fe4:  e8a15c0d  stm      r1!, {r0, r2, r3, sl, fp, ip, lr}
0x003c1fe8:  e1550009  cmp      r5, sb
0x003c1fec:  3afffff5  blo      #0x3c1fc8

R00=002af980 R01=00060005 R02=ff00fff0 R03=00000010
R04=00008000 R05=0011263c R06=41069265 R07=00000661
R08=00000100 R09=e1a00000 R10=e1a0c00d R11=e92dd800
R12=00008504 R13=003c24ec R14=00008130 R15=003c1fbc
PSR=400001d3 -Z-- A svc32
----------------
IN: 
0x003c1fc8:  e8b55c0d  ldm      r5!, {r0, r2, r3, sl, fp, ip, lr}
0x003c1fcc:  e8a15c0d  stm      r1!, {r0, r2, r3, sl, fp, ip, lr}
0x003c1fd0:  e8b55c0d  ldm      r5!, {r0, r2, r3, sl, fp, ip, lr}
0x003c1fd4:  e8a15c0d  stm      r1!, {r0, r2, r3, sl, fp, ip, lr}
0x003c1fd8:  e8b55c0d  ldm      r5!, {r0, r2, r3, sl, fp, ip, lr}
0x003c1fdc:  e8a15c0d  stm      r1!, {r0, r2, r3, sl, fp, ip, lr}
0x003c1fe0:  e8b55c0d  ldm      r5!, {r0, r2, r3, sl, fp, ip, lr}
0x003c1fe4:  e8a15c0d  stm      r1!, {r0, r2, r3, sl, fp, ip, lr}
0x003c1fe8:  e1550009  cmp      r5, sb
0x003c1fec:  3afffff5  blo      #0x3c1fc8

R00=e1a00000 R01=00008070 R02=e1a00000 R03=e1a00000
R04=00008000 R05=001126ac R06=41069265 R07=00000661
R08=00000100 R09=003c1f3c R10=e1a00000 R11=ee010f10
R12=ee103f10 R13=003c24ec R14=e1a03003 R15=003c1fc8
PSR=800001d3 N--- A svc32
R00=e0846926 R01=000080e0 R02=e1500006 R03=e2833601
R04=00008000 R05=0011271c R06=41069265 R07=00000661
R08=00000100 R09=003c1f3c R10=94803004 R11=9afffffb
R12=e2840a03 R13=003c24ec R14=e3876000 R15=003c1fc8
PSR=800001d3 N--- A svc32
----------------
IN: 
0x003c1ff0:  e1a0d001  mov      sp, r1
0x003c1ff4:  e28dd080  add      sp, sp, #0x80
0x003c1ff8:  eb0000a7  bl       #0x3c229c

R00=00000000 R01=002b7960 R02=00000000 R03=00000000
R04=00008000 R05=003c1f9c R06=41069265 R07=00000661
R08=00000100 R09=003c1f3c R10=00000000 R11=00000000
R12=00000000 R13=003c24ec R14=00000000 R15=003c1ff0
PSR=200001d3 --C- A svc32
----------------
IN: 
0x003c229c:  e3a03010  mov      r3, #0x10
0x003c22a0:  eaffff5a  b        #0x3c2010

R00=00000000 R01=002b7960 R02=00000000 R03=00000000
R04=00008000 R05=003c1f9c R06=41069265 R07=00000661
R08=00000100 R09=003c1f3c R10=00000000 R11=00000000
R12=00000000 R13=002b79e0 R14=003c1ffc R15=003c229c
PSR=200001d3 --C- A svc32
----------------
IN: 
0x003c2010:  e28fc01c  add      ip, pc, #0x1c
0x003c2014:  ee106f10  mrc      p15, #0, r6, c0, c0, #0
0x003c2018:  e59c1000  ldr      r1, [ip]
0x003c201c:  e59c2004  ldr      r2, [ip, #4]
0x003c2020:  e0211006  eor      r1, r1, r6
0x003c2024:  e1110002  tst      r1, r2
0x003c2028:  008cf003  addeq    pc, ip, r3

R00=00000000 R01=002b7960 R02=00000000 R03=00000010
R04=00008000 R05=003c1f9c R06=41069265 R07=00000661
R08=00000100 R09=003c1f3c R10=00000000 R11=00000000
R12=00000000 R13=002b79e0 R14=003c1ffc R15=003c2010
PSR=200001d3 --C- A svc32
----------------
IN: 
0x003c202c:  e28cc014  add      ip, ip, #0x14
0x003c2030:  eafffff8  b        #0x3c2018

R00=00000000 R01=00509465 R02=ffffffe0 R03=00000010
R04=00008000 R05=003c1f9c R06=41069265 R07=00000661
R08=00000100 R09=003c1f3c R10=00000000 R11=00000000
R12=003c2034 R13=002b79e0 R14=003c1ffc R15=003c202c
PSR=200001d3 --C- A svc32
----------------
IN: 
0x003c2018:  e59c1000  ldr      r1, [ip]
0x003c201c:  e59c2004  ldr      r2, [ip, #4]
0x003c2020:  e0211006  eor      r1, r1, r6
0x003c2024:  e1110002  tst      r1, r2
0x003c2028:  008cf003  addeq    pc, ip, r3

R00=00000000 R01=00509465 R02=ffffffe0 R03=00000010
R04=00008000 R05=003c1f9c R06=41069265 R07=00000661
R08=00000100 R09=003c1f3c R10=00000000 R11=00000000
R12=003c2048 R13=002b79e0 R14=003c1ffc R15=003c2018
PSR=200001d3 --C- A svc32
R00=00000000 R01=41069265 R02=0000f000 R03=00000010
R04=00008000 R05=003c1f9c R06=41069265 R07=00000661
R08=00000100 R09=003c1f3c R10=00000000 R11=00000000
R12=003c2048 R13=002b79e0 R14=003c1ffc R15=003c202c
PSR=200001d3 --C- A svc32
----------------
IN: 
0x003c2148:  ea00009d  b        #0x3c23c4

R00=00000000 R01=00060005 R02=ff00fff0 R03=00000010
R04=00008000 R05=003c1f9c R06=41069265 R07=00000661
R08=00000100 R09=003c1f3c R10=00000000 R11=00000000
R12=003c2138 R13=002b79e0 R14=003c1ffc R15=003c2148
PSR=600001d3 -ZC- A svc32
----------------
IN: 
0x003c23c4:  ee17ff7e  mrc      p15, #0, apsr_nzcv, c7, c14, #3
0x003c23c8:  1afffffd  bne      #0x3c23c4

R00=00000000 R01=00060005 R02=ff00fff0 R03=00000010
R04=00008000 R05=003c1f9c R06=41069265 R07=00000661
R08=00000100 R09=003c1f3c R10=00000000 R11=00000000
R12=003c2138 R13=002b79e0 R14=003c1ffc R15=003c23c4
PSR=600001d3 -ZC- A svc32
----------------
IN: 
0x003c23cc:  ee070f15  mcr      p15, #0, r0, c7, c5, #0
0x003c23d0:  ee070f9a  mcr      p15, #0, r0, c7, c10, #4
0x003c23d4:  e1a0f00e  mov      pc, lr

R00=00000000 R01=00060005 R02=ff00fff0 R03=00000010
R04=00008000 R05=003c1f9c R06=41069265 R07=00000661
R08=00000100 R09=003c1f3c R10=00000000 R11=00000000
R12=003c2138 R13=002b79e0 R14=003c1ffc R15=003c23cc
PSR=400001d3 -Z-- A svc32
----------------
IN: 
0x003c1ffc:  eb000076  bl       #0x3c21dc

R00=00000000 R01=00060005 R02=ff00fff0 R03=00000010
R04=00008000 R05=003c1f9c R06=41069265 R07=00000661
R08=00000100 R09=003c1f3c R10=00000000 R11=00000000
R12=003c2138 R13=002b79e0 R14=003c1ffc R15=003c1ffc
PSR=400001d3 -Z-- A svc32
----------------
IN: 
0x003c21dc:  e3a0300c  mov      r3, #0xc
0x003c21e0:  eaffff8a  b        #0x3c2010

R00=00000000 R01=00060005 R02=ff00fff0 R03=00000010
R04=00008000 R05=003c1f9c R06=41069265 R07=00000661
R08=00000100 R09=003c1f3c R10=00000000 R11=00000000
R12=003c2138 R13=002b79e0 R14=003c2000 R15=003c21dc
PSR=400001d3 -Z-- A svc32
R00=00000000 R01=00060005 R02=ff00fff0 R03=0000000c
R04=00008000 R05=003c1f9c R06=41069265 R07=00000661
R08=00000100 R09=003c1f3c R10=00000000 R11=00000000
R12=003c2138 R13=002b79e0 R14=003c2000 R15=003c2010
PSR=400001d3 -Z-- A svc32
----------------
IN: 
0x003c2144:  ea000034  b        #0x3c221c

R00=00000000 R01=00060005 R02=ff00fff0 R03=0000000c
R04=00008000 R05=003c1f9c R06=41069265 R07=00000661
R08=00000100 R09=003c1f3c R10=00000000 R11=00000000
R12=003c2138 R13=002b79e0 R14=003c2000 R15=003c2144
PSR=400001d3 -Z-- A svc32
----------------
IN: 
0x003c221c:  ee110f10  mrc      p15, #0, r0, c1, c0, #0
0x003c2220:  e3c0000d  bic      r0, r0, #0xd
0x003c2224:  ee010f10  mcr      p15, #0, r0, c1, c0, #0

R00=00000000 R01=00060005 R02=ff00fff0 R03=0000000c
R04=00008000 R05=003c1f9c R06=41069265 R07=00000661
R08=00000100 R09=003c1f3c R10=00000000 R11=00000000
R12=003c2138 R13=002b79e0 R14=003c2000 R15=003c221c
PSR=400001d3 -Z-- A svc32
----------------
IN: 
0x003c2228:  e3a00000  mov      r0, #0
0x003c222c:  ee070f17  mcr      p15, #0, r0, c7, c7, #0
0x003c2230:  ee080f17  mcr      p15, #0, r0, c8, c7, #0

R00=00095070 R01=00060005 R02=ff00fff0 R03=0000000c
R04=00008000 R05=003c1f9c R06=41069265 R07=00000661
R08=00000100 R09=003c1f3c R10=00000000 R11=00000000
R12=003c2138 R13=002b79e0 R14=003c2000 R15=003c2228
PSR=400001d3 -Z-- A svc32
----------------
IN: 
0x003c2234:  e1a0f00e  mov      pc, lr

R00=00000000 R01=00060005 R02=ff00fff0 R03=0000000c
R04=00008000 R05=003c1f9c R06=41069265 R07=00000661
R08=00000100 R09=003c1f3c R10=00000000 R11=00000000
R12=003c2138 R13=002b79e0 R14=003c2000 R15=003c2234
PSR=400001d3 -Z-- A svc32
----------------
IN: 
0x003c2000:  e3a00000  mov      r0, #0
0x003c2004:  e1a01007  mov      r1, r7
0x003c2008:  e1a02008  mov      r2, r8
0x003c200c:  e1a0f004  mov      pc, r4

R00=00000000 R01=00060005 R02=ff00fff0 R03=0000000c
R04=00008000 R05=003c1f9c R06=41069265 R07=00000661
R08=00000100 R09=003c1f3c R10=00000000 R11=00000000
R12=003c2138 R13=002b79e0 R14=003c2000 R15=003c2000
PSR=400001d3 -Z-- A svc32
----------------
IN: 
0x00008000:  e321f0d3  msr      cpsr_c, #0xd3

R00=00000000 R01=00000661 R02=00000100 R03=0000000c
R04=00008000 R05=003c1f9c R06=41069265 R07=00000661
R08=00000100 R09=003c1f3c R10=00000000 R11=00000000
R12=003c2138 R13=002b79e0 R14=003c2000 R15=00008000
PSR=400001d3 -Z-- A svc32
----------------
IN: 
0x00008004:  ee109f10  mrc      p15, #0, sb, c0, c0, #0
0x00008008:  eb000055  bl       #0x8164

R00=00000000 R01=00000661 R02=00000100 R03=0000000c
R04=00008000 R05=003c1f9c R06=41069265 R07=00000661
R08=00000100 R09=003c1f3c R10=00000000 R11=00000000
R12=003c2138 R13=002b79e0 R14=003c2000 R15=00008004
PSR=400001d3 -Z-- A svc32
----------------
IN: 
0x00008164:  e28f3048  add      r3, pc, #0x48
0x00008168:  e89300e0  ldm      r3, {r5, r6, r7}
0x0000816c:  e2833008  add      r3, r3, #8
0x00008170:  e0433007  sub      r3, r3, r7
0x00008174:  e0855003  add      r5, r5, r3
0x00008178:  e0866003  add      r6, r6, r3
0x0000817c:  e8950018  ldm      r5, {r3, r4}
0x00008180:  e0044009  and      r4, r4, sb
0x00008184:  e1330004  teq      r3, r4
0x00008188:  0a000003  beq      #0x819c

R00=00000000 R01=00000661 R02=00000100 R03=0000000c
R04=00008000 R05=003c1f9c R06=41069265 R07=00000661
R08=00000100 R09=41069265 R10=00000000 R11=00000000
R12=003c2138 R13=002b79e0 R14=0000800c R15=00008164
PSR=400001d3 -Z-- A svc32
----------------
IN: 
0x0000819c:  e1a0f00e  mov      pc, lr

R00=00000000 R01=00000661 R02=00000100 R03=41009260
R04=41009260 R05=0001d018 R06=0001d0e8 R07=c00081bc
R08=00000100 R09=41069265 R10=00000000 R11=00000000
R12=003c2138 R13=002b79e0 R14=0000800c R15=0000819c
PSR=400001d3 -Z-- A svc32
----------------
IN: 
0x0000800c:  e1b0a005  movs     sl, r5
0x00008010:  0a000051  beq      #0x815c

R00=00000000 R01=00000661 R02=00000100 R03=41009260
R04=41009260 R05=0001d018 R06=0001d0e8 R07=c00081bc
R08=00000100 R09=41069265 R10=00000000 R11=00000000
R12=003c2138 R13=002b79e0 R14=0000800c R15=0000800c
PSR=400001d3 -Z-- A svc32
----------------
IN: 
0x00008014:  eb00006b  bl       #0x81c8

R00=00000000 R01=00000661 R02=00000100 R03=41009260
R04=41009260 R05=0001d018 R06=0001d0e8 R07=c00081bc
R08=00000100 R09=41069265 R10=0001d018 R11=00000000
R12=003c2138 R13=002b79e0 R14=0000800c R15=00008014
PSR=000001d3 ---- A svc32
----------------
IN: 
0x000081c8:  e24f3014  sub      r3, pc, #0x14
0x000081cc:  e8930070  ldm      r3, {r4, r5, r6}
0x000081d0:  e0433004  sub      r3, r3, r4
0x000081d4:  e0855003  add      r5, r5, r3
0x000081d8:  e0866003  add      r6, r6, r3
0x000081dc:  e5953000  ldr      r3, [r5]
0x000081e0:  e1330001  teq      r3, r1
0x000081e4:  0a000003  beq      #0x81f8

R00=00000000 R01=00000661 R02=00000100 R03=41009260
R04=41009260 R05=0001d018 R06=0001d0e8 R07=c00081bc
R08=00000100 R09=41069265 R10=0001d018 R11=00000000
R12=003c2138 R13=002b79e0 R14=00008018 R15=000081c8
PSR=000001d3 ---- A svc32
----------------
IN: 
0x000081f8:  e1a0f00e  mov      pc, lr

R00=00000000 R01=00000661 R02=00000100 R03=00000661
R04=c00081bc R05=0001d0e8 R06=0001d184 R07=c00081bc
R08=00000100 R09=41069265 R10=0001d018 R11=00000000
R12=003c2138 R13=002b79e0 R14=00008018 R15=000081f8
PSR=400001d3 -Z-- A svc32
----------------
IN: 
0x00008018:  e1b08005  movs     r8, r5
0x0000801c:  0a00004e  beq      #0x815c

R00=00000000 R01=00000661 R02=00000100 R03=00000661
R04=c00081bc R05=0001d0e8 R06=0001d184 R07=c00081bc
R08=00000100 R09=41069265 R10=0001d018 R11=00000000
R12=003c2138 R13=002b79e0 R14=00008018 R15=00008018
PSR=400001d3 -Z-- A svc32
----------------
IN: 
0x00008020:  eb00007a  bl       #0x8210

R00=00000000 R01=00000661 R02=00000100 R03=00000661
R04=c00081bc R05=0001d0e8 R06=0001d184 R07=c00081bc
R08=0001d0e8 R09=41069265 R10=0001d018 R11=00000000
R12=003c2138 R13=002b79e0 R14=00008018 R15=00008020
PSR=000001d3 ---- A svc32
----------------
IN: 
0x00008210:  e3120003  tst      r2, #3
0x00008214:  1a000008  bne      #0x823c

R00=00000000 R01=00000661 R02=00000100 R03=00000661
R04=c00081bc R05=0001d0e8 R06=0001d184 R07=c00081bc
R08=0001d0e8 R09=41069265 R10=0001d018 R11=00000000
R12=003c2138 R13=002b79e0 R14=00008024 R15=00008210
PSR=000001d3 ---- A svc32
----------------
IN: 
0x00008218:  e5925000  ldr      r5, [r2]
0x0000821c:  e3550005  cmp      r5, #5
0x00008220:  13550002  cmpne    r5, #2
0x00008224:  1a000004  bne      #0x823c

R00=00000000 R01=00000661 R02=00000100 R03=00000661
R04=c00081bc R05=0001d0e8 R06=0001d184 R07=c00081bc
R08=0001d0e8 R09=41069265 R10=0001d018 R11=00000000
R12=003c2138 R13=002b79e0 R14=00008024 R15=00008218
PSR=400001d3 -Z-- A svc32
----------------
IN: 
0x00008228:  e5925004  ldr      r5, [r2, #4]
0x0000822c:  e59f6010  ldr      r6, [pc, #0x10]
0x00008230:  e1550006  cmp      r5, r6
0x00008234:  1a000000  bne      #0x823c

R00=00000000 R01=00000661 R02=00000100 R03=00000661
R04=c00081bc R05=00000005 R06=0001d184 R07=c00081bc
R08=0001d0e8 R09=41069265 R10=0001d018 R11=00000000
R12=003c2138 R13=002b79e0 R14=00008024 R15=00008228
PSR=600001d3 -ZC- A svc32
----------------
IN: 
0x00008238:  e1a0f00e  mov      pc, lr

R00=00000000 R01=00000661 R02=00000100 R03=00000661
R04=c00081bc R05=54410001 R06=54410001 R07=c00081bc
R08=0001d0e8 R09=41069265 R10=0001d018 R11=00000000
R12=003c2138 R13=002b79e0 R14=00008024 R15=00008238
PSR=600001d3 -ZC- A svc32
----------------
IN: 
0x00008024:  eb000013  bl       #0x8078

R00=00000000 R01=00000661 R02=00000100 R03=00000661
R04=c00081bc R05=54410001 R06=54410001 R07=c00081bc
R08=0001d0e8 R09=41069265 R10=0001d018 R11=00000000
R12=003c2138 R13=002b79e0 R14=00008024 R15=00008024
PSR=600001d3 -ZC- A svc32
----------------
IN: 
0x00008078:  e3a04901  mov      r4, #0x4000
0x0000807c:  e1a00004  mov      r0, r4
0x00008080:  e3a03000  mov      r3, #0
0x00008084:  e2806901  add      r6, r0, #0x4000
0x00008088:  e4803004  str      r3, [r0], #4
0x0000808c:  e4803004  str      r3, [r0], #4
0x00008090:  e4803004  str      r3, [r0], #4
0x00008094:  e4803004  str      r3, [r0], #4
0x00008098:  e1300006  teq      r0, r6
0x0000809c:  1afffff9  bne      #0x8088

R00=00000000 R01=00000661 R02=00000100 R03=00000661
R04=c00081bc R05=54410001 R06=54410001 R07=c00081bc
R08=0001d0e8 R09=41069265 R10=0001d018 R11=00000000
R12=003c2138 R13=002b79e0 R14=00008028 R15=00008078
PSR=600001d3 -ZC- A svc32
----------------
IN: 
0x00008088:  e4803004  str      r3, [r0], #4
0x0000808c:  e4803004  str      r3, [r0], #4
0x00008090:  e4803004  str      r3, [r0], #4
0x00008094:  e4803004  str      r3, [r0], #4
0x00008098:  e1300006  teq      r0, r6
0x0000809c:  1afffff9  bne      #0x8088

R00=00004010 R01=00000661 R02=00000100 R03=00000000
R04=00004000 R05=54410001 R06=00008000 R07=c00081bc
R08=0001d0e8 R09=41069265 R10=0001d018 R11=00000000
R12=003c2138 R13=002b79e0 R14=00008028 R15=00008088
PSR=200001d3 --C- A svc32
R00=00004020 R01=00000661 R02=00000100 R03=00000000
R04=00004000 R05=54410001 R06=00008000 R07=c00081bc
R08=0001d0e8 R09=41069265 R10=0001d018 R11=00000000
R12=003c2138 R13=002b79e0 R14=00008028 R15=00008088
PSR=200001d3 --C- A svc32
----------------
IN: 
0x000080a0:  e59a7008  ldr      r7, [sl, #8]
0x000080a4:  e1a0600f  mov      r6, pc
0x000080a8:  e1a06a26  lsr      r6, r6, #0x14
0x000080ac:  e1873a06  orr      r3, r7, r6, lsl #20
0x000080b0:  e7843106  str      r3, [r4, r6, lsl #2]
0x000080b4:  e2840a03  add      r0, r4, #0x3000
0x000080b8:  e5a03000  str      r3, [r0, #0]!
0x000080bc:  e59f6024  ldr      r6, [pc, #0x24]
0x000080c0:  e2800004  add      r0, r0, #4
0x000080c4:  e0846926  add      r6, r4, r6, lsr #18
0x000080c8:  e1500006  cmp      r0, r6
0x000080cc:  e2833601  add      r3, r3, #0x100000
0x000080d0:  94803004  strls    r3, [r0], #4
0x000080d4:  9afffffb  bls      #0x80c8

R00=00008000 R01=00000661 R02=00000100 R03=00000000
R04=00004000 R05=54410001 R06=00008000 R07=c00081bc
R08=0001d0e8 R09=41069265 R10=0001d018 R11=00000000
R12=003c2138 R13=002b79e0 R14=00008028 R15=000080a0
PSR=600001d3 -ZC- A svc32
----------------
IN: 
0x000080c8:  e1500006  cmp      r0, r6
0x000080cc:  e2833601  add      r3, r3, #0x100000
0x000080d0:  94803004  strls    r3, [r0], #4
0x000080d4:  9afffffb  bls      #0x80c8

R00=00007008 R01=00000661 R02=00000100 R03=00100c1e
R04=00004000 R05=54410001 R06=0000700b R07=00000c1e
R08=0001d0e8 R09=41069265 R10=0001d018 R11=00000000
R12=003c2138 R13=002b79e0 R14=00008028 R15=000080c8
PSR=800001d3 N--- A svc32
R00=0000700c R01=00000661 R02=00000100 R03=00200c1e
R04=00004000 R05=54410001 R06=0000700b R07=00000c1e
R08=0001d0e8 R09=41069265 R10=0001d018 R11=00000000
R12=003c2138 R13=002b79e0 R14=00008028 R15=000080c8
PSR=800001d3 N--- A svc32
----------------
IN: 
0x000080d8:  e2840a03  add      r0, r4, #0x3000
0x000080dc:  e3876000  orr      r6, r7, #0
0x000080e0:  e5806000  str      r6, [r0]
0x000080e4:  e1a0f00e  mov      pc, lr

R00=0000700c R01=00000661 R02=00000100 R03=00300c1e
R04=00004000 R05=54410001 R06=0000700b R07=00000c1e
R08=0001d0e8 R09=41069265 R10=0001d018 R11=00000000
R12=003c2138 R13=002b79e0 R14=00008028 R15=000080d8
PSR=200001d3 --C- A svc32
----------------
IN: 
0x00008028:  e59fd0bc  ldr      sp, [pc, #0xbc]
0x0000802c:  e28fe000  add      lr, pc, #0
0x00008030:  e28af010  add      pc, sl, #0x10

R00=00007000 R01=00000661 R02=00000100 R03=00300c1e
R04=00004000 R05=54410001 R06=00000c1e R07=00000c1e
R08=0001d0e8 R09=41069265 R10=0001d018 R11=00000000
R12=003c2138 R13=002b79e0 R14=00008028 R15=00008028
PSR=200001d3 --C- A svc32
----------------
IN: 
0x0001d028:  eaffbf3a  b        #0xcd18

R00=00007000 R01=00000661 R02=00000100 R03=00300c1e
R04=00004000 R05=54410001 R06=00000c1e R07=00000c1e
R08=0001d0e8 R09=41069265 R10=0001d018 R11=00000000
R12=003c2138 R13=c0008114 R14=00008034 R15=0001d028
PSR=200001d3 --C- A svc32
----------------
IN: 
0x0000cd18:  e3a00000  mov      r0, #0
0x0000cd1c:  ee070f17  mcr      p15, #0, r0, c7, c7, #0
0x0000cd20:  ee070f9a  mcr      p15, #0, r0, c7, c10, #4
0x0000cd24:  ee080f17  mcr      p15, #0, r0, c8, c7, #0

R00=00007000 R01=00000661 R02=00000100 R03=00300c1e
R04=00004000 R05=54410001 R06=00000c1e R07=00000c1e
R08=0001d0e8 R09=41069265 R10=0001d018 R11=00000000
R12=003c2138 R13=c0008114 R14=00008034 R15=0000cd18
PSR=200001d3 --C- A svc32
----------------
IN: 
0x0000cd28:  e28f5010  add      r5, pc, #0x10
0x0000cd2c:  e8950060  ldm      r5, {r5, r6}
0x0000cd30:  ee110f10  mrc      p15, #0, r0, c1, c0, #0
0x0000cd34:  e1c00005  bic      r0, r0, r5
0x0000cd38:  e1800006  orr      r0, r0, r6
0x0000cd3c:  e1a0f00e  mov      pc, lr

R00=00000000 R01=00000661 R02=00000100 R03=00300c1e
R04=00004000 R05=54410001 R06=00000c1e R07=00000c1e
R08=0001d0e8 R09=41069265 R10=0001d018 R11=00000000
R12=003c2138 R13=c0008114 R14=00008034 R15=0000cd28
PSR=200001d3 --C- A svc32
----------------
IN: 
0x00008034:  e3800002  orr      r0, r0, #2
0x00008038:  e3a0501f  mov      r5, #0x1f
0x0000803c:  ee035f10  mcr      p15, #0, r5, c3, c0, #0

R00=00093175 R01=00000661 R02=00000100 R03=00300c1e
R04=00004000 R05=0000773f R06=00003135 R07=00000c1e
R08=0001d0e8 R09=41069265 R10=0001d018 R11=00000000
R12=003c2138 R13=c0008114 R14=00008034 R15=00008034
PSR=200001d3 --C- A svc32
----------------
IN: 
0x00008040:  ee024f10  mcr      p15, #0, r4, c2, c0, #0

R00=00093177 R01=00000661 R02=00000100 R03=00300c1e
R04=00004000 R05=0000001f R06=00003135 R07=00000c1e
R08=0001d0e8 R09=41069265 R10=0001d018 R11=00000000
R12=003c2138 R13=c0008114 R14=00008034 R15=00008040
PSR=200001d3 --C- A svc32
----------------
IN: 
0x00008044:  ea000005  b        #0x8060

R00=00093177 R01=00000661 R02=00000100 R03=00300c1e
R04=00004000 R05=0000001f R06=00003135 R07=00000c1e
R08=0001d0e8 R09=41069265 R10=0001d018 R11=00000000
R12=003c2138 R13=c0008114 R14=00008034 R15=00008044
PSR=200001d3 --C- A svc32
----------------
IN: 
0x00008060:  e1a00000  mov      r0, r0
0x00008064:  ee010f10  mcr      p15, #0, r0, c1, c0, #0

R00=00093177 R01=00000661 R02=00000100 R03=00300c1e
R04=00004000 R05=0000001f R06=00003135 R07=00000c1e
R08=0001d0e8 R09=41069265 R10=0001d018 R11=00000000
R12=003c2138 R13=c0008114 R14=00008034 R15=00008060
PSR=200001d3 --C- A svc32
----------------
IN: 
0x00008068:  ee103f10  mrc      p15, #0, r3, c0, c0, #0
0x0000806c:  e1a03003  mov      r3, r3
0x00008070:  e1a0300d  mov      r3, sp
0x00008074:  e1a0f003  mov      pc, r3

R00=00093177 R01=00000661 R02=00000100 R03=00300c1e
R04=00004000 R05=0000001f R06=00003135 R07=00000c1e
R08=0001d0e8 R09=41069265 R10=0001d018 R11=00000000
R12=003c2138 R13=c0008114 R14=00008034 R15=00008068
PSR=200001d3 --C- A svc32
----------------
IN: 
0xc0008114:  e24f302c  sub      r3, pc, #0x2c
0xc0008118:  e8b300f0  ldm      r3!, {r4, r5, r6, r7}
0xc000811c:  e1540005  cmp      r4, r5
0xc0008120:  11550006  cmpne    r5, r6
0xc0008124:  1494b004  ldrne    fp, [r4], #4
0xc0008128:  1485b004  strne    fp, [r5], #4
0xc000812c:  1afffffb  bne      #0xc0008120

R00=00093177 R01=00000661 R02=00000100 R03=c0008114
R04=00004000 R05=0000001f R06=00003135 R07=00000c1e
R08=0001d0e8 R09=41069265 R10=0001d018 R11=00000000
R12=003c2138 R13=c0008114 R14=00008034 R15=c0008114
PSR=200001d3 --C- A svc32
----------------
IN: 
0xc0008130:  e3a0b000  mov      fp, #0
0xc0008134:  e1560007  cmp      r6, r7
0xc0008138:  3486b004  strlo    fp, [r6], #4
0xc000813c:  3afffffc  blo      #0xc0008134

R00=00093177 R01=00000661 R02=00000100 R03=c0008100
R04=c02a4000 R05=c02a4000 R06=c02b78e0 R07=c02d8624
R08=0001d0e8 R09=41069265 R10=0001d018 R11=00000000
R12=003c2138 R13=c0008114 R14=00008034 R15=c0008130
PSR=600001d3 -ZC- A svc32
----------------
IN: 
0xc0008134:  e1560007  cmp      r6, r7
0xc0008138:  3486b004  strlo    fp, [r6], #4
0xc000813c:  3afffffc  blo      #0xc0008134

R00=00093177 R01=00000661 R02=00000100 R03=c0008100
R04=c02a4000 R05=c02a4000 R06=c02b78e4 R07=c02d8624
R08=0001d0e8 R09=41069265 R10=0001d018 R11=00000000
R12=003c2138 R13=c0008114 R14=00008034 R15=c0008134
PSR=800001d3 N--- A svc32
R00=00093177 R01=00000661 R02=00000100 R03=c0008100
R04=c02a4000 R05=c02a4000 R06=c02b78e8 R07=c02d8624
R08=0001d0e8 R09=41069265 R10=0001d018 R11=00000000
R12=003c2138 R13=c0008114 R14=00008034 R15=c0008134
PSR=800001d3 N--- A svc32
----------------
IN: 
0xc0008140:  e89320f0  ldm      r3, {r4, r5, r6, r7, sp}
0xc0008144:  e5849000  str      sb, [r4]
0xc0008148:  e5851000  str      r1, [r5]
0xc000814c:  e5862000  str      r2, [r6]
0xc0008150:  e3c04002  bic      r4, r0, #2
0xc0008154:  e8870011  stm      r7, {r0, r4}
0xc0008158:  ea000187  b        #0xc000877c

R00=00093177 R01=00000661 R02=00000100 R03=c0008100
R04=c02a4000 R05=c02a4000 R06=c02d8624 R07=c02d8624
R08=0001d0e8 R09=41069265 R10=0001d018 R11=00000000
R12=003c2138 R13=c0008114 R14=00008034 R15=c0008140
PSR=600001d3 -ZC- A svc32
----------------
IN: 
0xc000877c:  e1a0c00d  mov      ip, sp
0xc0008780:  e92dd830  push     {r4, r5, fp, ip, lr, pc}
0xc0008784:  e24cb004  sub      fp, ip, #4
0xc0008788:  e24dd010  sub      sp, sp, #0x10
0xc000878c:  ebfffeec  bl       #0xc0008344

R00=00093177 R01=00000661 R02=00000100 R03=c0008100
R04=00093175 R05=c02b7c08 R06=c001ee0c R07=c02a7a18
R08=0001d0e8 R09=41069265 R10=0001d018 R11=00000000
R12=003c2138 R13=c02a5ff8 R14=00008034 R15=c000877c
PSR=600001d3 -ZC- A svc32
----------------
IN: 
0xc0008344:  e1a0c00d  mov      ip, sp
0xc0008348:  e92dd800  push     {fp, ip, lr, pc}
0xc000834c:  e24cb004  sub      fp, ip, #4
0xc0008350:  e89da800  ldm      sp, {fp, sp, pc}

R00=00093177 R01=00000661 R02=00000100 R03=c0008100
R04=00093175 R05=c02b7c08 R06=c001ee0c R07=c02a7a18
R08=0001d0e8 R09=41069265 R10=0001d018 R11=c02a5ff4
R12=c02a5ff8 R13=c02a5fd0 R14=c0008790 R15=c0008344
PSR=600001d3 -ZC- A svc32
----------------
IN: 
0xc0008790:  e10f3000  mrs      r3, apsr
0xc0008794:  e3833080  orr      r3, r3, #0x80
0xc0008798:  e121f003  msr      cpsr_c, r3

R00=00093177 R01=00000661 R02=00000100 R03=c0008100
R04=00093175 R05=c02b7c08 R06=c001ee0c R07=c02a7a18
R08=0001d0e8 R09=41069265 R10=0001d018 R11=c02a5ff4
R12=c02a5fd0 R13=c02a5fd0 R14=c0008790 R15=c0008790
PSR=600001d3 -ZC- A svc32
----------------
IN: 
0xc000879c:  eb0153da  bl       #0xc005d70c

R00=00093177 R01=00000661 R02=00000100 R03=600001d3
R04=00093175 R05=c02b7c08 R06=c001ee0c R07=c02a7a18
R08=0001d0e8 R09=41069265 R10=0001d018 R11=c02a5ff4
R12=c02a5fd0 R13=c02a5fd0 R14=c0008790 R15=c000879c
PSR=600001d3 -ZC- A svc32
----------------
IN: 
0xc005d70c:  e1a0c00d  mov      ip, sp
0xc005d710:  e92dd800  push     {fp, ip, lr, pc}
0xc005d714:  e24cb004  sub      fp, ip, #4
0xc005d718:  e89da800  ldm      sp, {fp, sp, pc}

R00=00093177 R01=00000661 R02=00000100 R03=600001d3
R04=00093175 R05=c02b7c08 R06=c001ee0c R07=c02a7a18
R08=0001d0e8 R09=41069265 R10=0001d018 R11=c02a5ff4
R12=c02a5fd0 R13=c02a5fd0 R14=c00087a0 R15=c005d70c
PSR=600001d3 -ZC- A svc32
----------------
IN: 
0xc00087a0:  eb0020ef  bl       #0xc0010b64

R00=00093177 R01=00000661 R02=00000100 R03=600001d3
R04=00093175 R05=c02b7c08 R06=c001ee0c R07=c02a7a18
R08=0001d0e8 R09=41069265 R10=0001d018 R11=c02a5ff4
R12=c02a5fd0 R13=c02a5fd0 R14=c00087a0 R15=c00087a0
PSR=600001d3 -ZC- A svc32
----------------
IN: 
0xc0010b64:  e1a0c00d  mov      ip, sp
0xc0010b68:  e92dd800  push     {fp, ip, lr, pc}
0xc0010b6c:  e24cb004  sub      fp, ip, #4
0xc0010b70:  e59f0004  ldr      r0, [pc, #4]
0xc0010b74:  eb01012e  bl       #0xc0051034

R00=00093177 R01=00000661 R02=00000100 R03=600001d3
R04=00093175 R05=c02b7c08 R06=c001ee0c R07=c02a7a18
R08=0001d0e8 R09=41069265 R10=0001d018 R11=c02a5ff4
R12=c02a5fd0 R13=c02a5fd0 R14=c00087a4 R15=c0010b64
PSR=600001d3 -ZC- A svc32
----------------
IN: 
0xc0051034:  e1a0c00d  mov      ip, sp
0xc0051038:  e92dd830  push     {r4, r5, fp, ip, lr, pc}
0xc005103c:  e24cb004  sub      fp, ip, #4
0xc0051040:  e1a01000  mov      r1, r0
0xc0051044:  e10f4000  mrs      r4, apsr
0xc0051048:  e3843080  orr      r3, r4, #0x80
0xc005104c:  e121f003  msr      cpsr_c, r3

R00=c02abcb0 R01=00000661 R02=00000100 R03=600001d3
R04=00093175 R05=c02b7c08 R06=c001ee0c R07=c02a7a18
R08=0001d0e8 R09=41069265 R10=0001d018 R11=c02a5fcc
R12=c02a5fd0 R13=c02a5fc0 R14=c0010b78 R15=c0051034
PSR=600001d3 -ZC- A svc32
----------------
IN: 
0xc0051050:  e59f0018  ldr      r0, [pc, #0x18]
0xc0051054:  ebffe346  bl       #0xc0049d74

R00=c02abcb0 R01=c02abcb0 R02=00000100 R03=600001d3
R04=600001d3 R05=c02b7c08 R06=c001ee0c R07=c02a7a18
R08=0001d0e8 R09=41069265 R10=0001d018 R11=c02a5fbc
R12=c02a5fc0 R13=c02a5fa8 R14=c0010b78 R15=c0051050
PSR=600001d3 -ZC- A svc32
----------------
IN: 
0xc0049d74:  e1a0c00d  mov      ip, sp
0xc0049d78:  e92dd800  push     {fp, ip, lr, pc}
0xc0049d7c:  e24cb004  sub      fp, ip, #4
0xc0049d80:  e590c000  ldr      ip, [r0]
0xc0049d84:  ea000005  b        #0xc0049da0

R00=c02bdeb8 R01=c02abcb0 R02=00000100 R03=600001d3
R04=600001d3 R05=c02b7c08 R06=c001ee0c R07=c02a7a18
R08=0001d0e8 R09=41069265 R10=0001d018 R11=c02a5fbc
R12=c02a5fc0 R13=c02a5fa8 R14=c0051058 R15=c0049d74
PSR=600001d3 -ZC- A svc32
----------------
IN: 
0xc0049da0:  e35c0000  cmp      ip, #0
0xc0049da4:  1afffff7  bne      #0xc0049d88

R00=c02bdeb8 R01=c02abcb0 R02=00000100 R03=600001d3
R04=600001d3 R05=c02b7c08 R06=c001ee0c R07=c02a7a18
R08=0001d0e8 R09=41069265 R10=0001d018 R11=c02a5fa4
R12=00000000 R13=c02a5f98 R14=c0051058 R15=c0049da0
PSR=600001d3 -ZC- A svc32
----------------
IN: 
0xc0049da8:  e581c004  str      ip, [r1, #4]
0xc0049dac:  e5801000  str      r1, [r0]
0xc0049db0:  e3a00000  mov      r0, #0
0xc0049db4:  e89da800  ldm      sp, {fp, sp, pc}

R00=c02bdeb8 R01=c02abcb0 R02=00000100 R03=600001d3
R04=600001d3 R05=c02b7c08 R06=c001ee0c R07=c02a7a18
R08=0001d0e8 R09=41069265 R10=0001d018 R11=c02a5fa4
R12=00000000 R13=c02a5f98 R14=c0051058 R15=c0049da8
PSR=600001d3 -ZC- A svc32
----------------
IN: 
0xc0051058:  e3140080  tst      r4, #0x80
0xc005105c:  0a000001  beq      #0xc0051068

R00=00000000 R01=c02abcb0 R02=00000100 R03=600001d3
R04=600001d3 R05=c02b7c08 R06=c001ee0c R07=c02a7a18
R08=0001d0e8 R09=41069265 R10=0001d018 R11=c02a5fbc
R12=00000000 R13=c02a5fa8 R14=c0051058 R15=c0051058
PSR=600001d3 -ZC- A svc32
----------------
IN: 
0xc0051060:  e121f004  msr      cpsr_c, r4

R00=00000000 R01=c02abcb0 R02=00000100 R03=600001d3
R04=600001d3 R05=c02b7c08 R06=c001ee0c R07=c02a7a18
R08=0001d0e8 R09=41069265 R10=0001d018 R11=c02a5fbc
R12=00000000 R13=c02a5fa8 R14=c0051058 R15=c0051060
PSR=200001d3 --C- A svc32
----------------
IN: 
0xc0051064:  e89da830  ldm      sp, {r4, r5, fp, sp, pc}

R00=00000000 R01=c02abcb0 R02=00000100 R03=600001d3
R04=600001d3 R05=c02b7c08 R06=c001ee0c R07=c02a7a18
R08=0001d0e8 R09=41069265 R10=0001d018 R11=c02a5fbc
R12=00000000 R13=c02a5fa8 R14=c0051058 R15=c0051064
PSR=200001d3 --C- A svc32
----------------
IN: 
0xc0010b78:  e89da800  ldm      sp, {fp, sp, pc}

R00=00000000 R01=c02abcb0 R02=00000100 R03=600001d3
R04=00093175 R05=c02b7c08 R06=c001ee0c R07=c02a7a18
R08=0001d0e8 R09=41069265 R10=0001d018 R11=c02a5fcc
R12=00000000 R13=c02a5fc0 R14=c0051058 R15=c0010b78
PSR=200001d3 --C- A svc32
----------------
IN: 
0xc00087a4:  e3a00000  mov      r0, #0
0xc00087a8:  e3a01001  mov      r1, #1
0xc00087ac:  eb00a605  bl       #0xc0031fc8

R00=00000000 R01=c02abcb0 R02=00000100 R03=600001d3
R04=00093175 R05=c02b7c08 R06=c001ee0c R07=c02a7a18
R08=0001d0e8 R09=41069265 R10=0001d018 R11=c02a5ff4
R12=00000000 R13=c02a5fd0 R14=c0051058 R15=c00087a4
PSR=200001d3 --C- A svc32
----------------
IN: 
0xc0031fc8:  e1a0c00d  mov      ip, sp
0xc0031fcc:  e92dd800  push     {fp, ip, lr, pc}
0xc0031fd0:  e24cb004  sub      fp, ip, #4
0xc0031fd4:  e3510000  cmp      r1, #0
0xc0031fd8:  0a000002  beq      #0xc0031fe8

R00=00000000 R01=00000001 R02=00000100 R03=600001d3
R04=00093175 R05=c02b7c08 R06=c001ee0c R07=c02a7a18
R08=0001d0e8 R09=41069265 R10=0001d018 R11=c02a5ff4
R12=00000000 R13=c02a5fd0 R14=c00087b0 R15=c0031fc8
PSR=200001d3 --C- A svc32
----------------
IN: 
0xc0031fdc:  e59f1010  ldr      r1, [pc, #0x10]
0xc0031fe0:  eb03927f  bl       #0xc01169e4

R00=00000000 R01=00000001 R02=00000100 R03=600001d3
R04=00093175 R05=c02b7c08 R06=c001ee0c R07=c02a7a18
R08=0001d0e8 R09=41069265 R10=0001d018 R11=c02a5fcc
R12=c02a5fd0 R13=c02a5fc0 R14=c00087b0 R15=c0031fdc
PSR=200001d3 --C- A svc32
----------------
IN: 
0xc01169e4:  e2002007  and      r2, r0, #7
0xc01169e8:  e3a03001  mov      r3, #1
0xc01169ec:  e1a03213  lsl      r3, r3, r2
0xc01169f0:  e10fc000  mrs      ip, apsr
0xc01169f4:  e321f093  msr      cpsr_c, #0x93

R00=00000000 R01=c02bc82c R02=00000100 R03=600001d3
R04=00093175 R05=c02b7c08 R06=c001ee0c R07=c02a7a18
R08=0001d0e8 R09=41069265 R10=0001d018 R11=c02a5fcc
R12=c02a5fd0 R13=c02a5fc0 R14=c0031fe4 R15=c01169e4
PSR=200001d3 --C- A svc32
----------------
IN: 
0xc01169f8:  e7d121a0  ldrb     r2, [r1, r0, lsr #3]
0xc01169fc:  e1822003  orr      r2, r2, r3
0xc0116a00:  e7c121a0  strb     r2, [r1, r0, lsr #3]
0xc0116a04:  e31c0080  tst      ip, #0x80
0xc0116a08:  e121f00c  msr      cpsr_c, ip

R00=00000000 R01=c02bc82c R02=00000000 R03=00000001
R04=00093175 R05=c02b7c08 R06=c001ee0c R07=c02a7a18
R08=0001d0e8 R09=41069265 R10=0001d018 R11=c02a5fcc
R12=200001d3 R13=c02a5fc0 R14=c0031fe4 R15=c01169f8
PSR=20000193 --C- A svc32
----------------
IN: 
0xc0116a0c:  e1a0f00e  mov      pc, lr

R00=00000000 R01=c02bc82c R02=00000001 R03=00000001
R04=00093175 R05=c02b7c08 R06=c001ee0c R07=c02a7a18
R08=0001d0e8 R09=41069265 R10=0001d018 R11=c02a5fcc
R12=200001d3 R13=c02a5fc0 R14=c0031fe4 R15=c0116a0c
PSR=200001d3 --C- A svc32
----------------
IN: 
0xc0031fe4:  e89da800  ldm      sp, {fp, sp, pc}

R00=00000000 R01=c02bc82c R02=00000001 R03=00000001
R04=00093175 R05=c02b7c08 R06=c001ee0c R07=c02a7a18
R08=0001d0e8 R09=41069265 R10=0001d018 R11=c02a5fcc
R12=200001d3 R13=c02a5fc0 R14=c0031fe4 R15=c0031fe4
PSR=200001d3 --C- A svc32
----------------
IN: 
0xc00087b0:  e3a00000  mov      r0, #0
0xc00087b4:  e3a01001  mov      r1, #1
0xc00087b8:  e59f5228  ldr      r5, [pc, #0x228]
0xc00087bc:  eb00a60d  bl       #0xc0031ff8

R00=00000000 R01=c02bc82c R02=00000001 R03=00000001
R04=00093175 R05=c02b7c08 R06=c001ee0c R07=c02a7a18
R08=0001d0e8 R09=41069265 R10=0001d018 R11=c02a5ff4
R12=200001d3 R13=c02a5fd0 R14=c0031fe4 R15=c00087b0
PSR=200001d3 --C- A svc32
----------------
IN: 
0xc0031ff8:  e1a0c00d  mov      ip, sp
0xc0031ffc:  e92dd800  push     {fp, ip, lr, pc}

R00=00000000 R01=00000001 R02=00000001 R03=00000001
R04=00093175 R05=c02b78e0 R06=c001ee0c R07=c02a7a18
R08=0001d0e8 R09=41069265 R10=0001d018 R11=c02a5ff4
R12=200001d3 R13=c02a5fd0 R14=c00087c0 R15=c0031ff8
PSR=200001d3 --C- A svc32
----------------
IN: 
0xc0032000:  e24cb004  sub      fp, ip, #4
0xc0032004:  e3510000  cmp      r1, #0
0xc0032008:  0a000002  beq      #0xc0032018

R00=00000000 R01=00000001 R02=00000001 R03=00000001
R04=00093175 R05=c02b78e0 R06=c001ee0c R07=c02a7a18
R08=0001d0e8 R09=41069265 R10=0001d018 R11=c02a5ff4
R12=c02a5fd0 R13=c02a5fc0 R14=c00087c0 R15=c0032000
PSR=200001d3 --C- A svc32
----------------
IN: 
0xc003200c:  e59f1010  ldr      r1, [pc, #0x10]
0xc0032010:  eb039273  bl       #0xc01169e4

R00=00000000 R01=00000001 R02=00000001 R03=00000001
R04=00093175 R05=c02b78e0 R06=c001ee0c R07=c02a7a18
R08=0001d0e8 R09=41069265 R10=0001d018 R11=c02a5fcc
R12=c02a5fd0 R13=c02a5fc0 R14=c00087c0 R15=c003200c
PSR=200001d3 --C- A svc32
R00=00000000 R01=c02bc824 R02=00000000 R03=00000001
R04=00093175 R05=c02b78e0 R06=c001ee0c R07=c02a7a18
R08=0001d0e8 R09=41069265 R10=0001d018 R11=c02a5fcc
R12=200001d3 R13=c02a5fc0 R14=c0032014 R15=c01169f8
PSR=20000193 --C- A svc32
R00=00000000 R01=c02bc824 R02=00000001 R03=00000001
R04=00093175 R05=c02b78e0 R06=c001ee0c R07=c02a7a18
R08=0001d0e8 R09=41069265 R10=0001d018 R11=c02a5fcc
R12=200001d3 R13=c02a5fc0 R14=c0032014 R15=c0116a0c
PSR=200001d3 --C- A svc32
----------------
IN: 
0xc0032014:  e89da800  ldm      sp, {fp, sp, pc}

R00=00000000 R01=c02bc824 R02=00000001 R03=00000001
R04=00093175 R05=c02b78e0 R06=c001ee0c R07=c02a7a18
R08=0001d0e8 R09=41069265 R10=0001d018 R11=c02a5fcc
R12=200001d3 R13=c02a5fc0 R14=c0032014 R15=c0032014
PSR=200001d3 --C- A svc32
----------------
IN: 
0xc00087c0:  e3a00000  mov      r0, #0
0xc00087c4:  e3a01001  mov      r1, #1
0xc00087c8:  eb00a616  bl       #0xc0032028

R00=00000000 R01=c02bc824 R02=00000001 R03=00000001
R04=00093175 R05=c02b78e0 R06=c001ee0c R07=c02a7a18
R08=0001d0e8 R09=41069265 R10=0001d018 R11=c02a5ff4
R12=200001d3 R13=c02a5fd0 R14=c0032014 R15=c00087c0
PSR=200001d3 --C- A svc32
----------------
IN: 
0xc0032028:  e1a0c00d  mov      ip, sp
0xc003202c:  e92dd800  push     {fp, ip, lr, pc}
0xc0032030:  e24cb004  sub      fp, ip, #4
0xc0032034:  e3510000  cmp      r1, #0
0xc0032038:  0a000002  beq      #0xc0032048

R00=00000000 R01=00000001 R02=00000001 R03=00000001
R04=00093175 R05=c02b78e0 R06=c001ee0c R07=c02a7a18
R08=0001d0e8 R09=41069265 R10=0001d018 R11=c02a5ff4
R12=200001d3 R13=c02a5fd0 R14=c00087cc R15=c0032028
PSR=200001d3 --C- A svc32
----------------
IN: 
0xc003203c:  e59f1010  ldr      r1, [pc, #0x10]
0xc0032040:  eb039267  bl       #0xc01169e4

R00=00000000 R01=00000001 R02=00000001 R03=00000001
R04=00093175 R05=c02b78e0 R06=c001ee0c R07=c02a7a18
R08=0001d0e8 R09=41069265 R10=0001d018 R11=c02a5fcc
R12=c02a5fd0 R13=c02a5fc0 R14=c00087cc R15=c003203c
PSR=200001d3 --C- A svc32
R00=00000000 R01=c02bc828 R02=00000000 R03=00000001
R04=00093175 R05=c02b78e0 R06=c001ee0c R07=c02a7a18
R08=0001d0e8 R09=41069265 R10=0001d018 R11=c02a5fcc
R12=200001d3 R13=c02a5fc0 R14=c0032044 R15=c01169f8
PSR=20000193 --C- A svc32
R00=00000000 R01=c02bc828 R02=00000001 R03=00000001
R04=00093175 R05=c02b78e0 R06=c001ee0c R07=c02a7a18
R08=0001d0e8 R09=41069265 R10=0001d018 R11=c02a5fcc
R12=200001d3 R13=c02a5fc0 R14=c0032044 R15=c0116a0c
PSR=200001d3 --C- A svc32
----------------
IN: 
0xc0032044:  e89da800  ldm      sp, {fp, sp, pc}

R00=00000000 R01=c02bc828 R02=00000001 R03=00000001
R04=00093175 R05=c02b78e0 R06=c001ee0c R07=c02a7a18
R08=0001d0e8 R09=41069265 R10=0001d018 R11=c02a5fcc
R12=200001d3 R13=c02a5fc0 R14=c0032044 R15=c0032044
PSR=200001d3 --C- A svc32
----------------
IN: 
0xc00087cc:  e59f1218  ldr      r1, [pc, #0x218]
0xc00087d0:  e59f0218  ldr      r0, [pc, #0x218]
0xc00087d4:  eb081511  bl       #0xc020dc20

R00=00000000 R01=c02bc828 R02=00000001 R03=00000001
R04=00093175 R05=c02b78e0 R06=c001ee0c R07=c02a7a18
R08=0001d0e8 R09=41069265 R10=0001d018 R11=c02a5ff4
R12=200001d3 R13=c02a5fd0 R14=c0032044 R15=c00087cc
PSR=200001d3 --C- A svc32
----------------
IN: 
0xc020dc20:  e1a0c00d  mov      ip, sp
0xc020dc24:  e92d000f  push     {r0, r1, r2, r3}
0xc020dc28:  e92dd800  push     {fp, ip, lr, pc}
0xc020dc2c:  e24cb014  sub      fp, ip, #0x14
0xc020dc30:  e24dd008  sub      sp, sp, #8
0xc020dc34:  e59b0004  ldr      r0, [fp, #4]
0xc020dc38:  e28b3008  add      r3, fp, #8
0xc020dc3c:  e1a01003  mov      r1, r3
0xc020dc40:  e50b3010  str      r3, [fp, #-0x10]
0xc020dc44:  ebf88dbe  bl       #0xc0031344

R00=c026d4f4 R01=c02102f0 R02=00000001 R03=00000001
R04=00093175 R05=c02b78e0 R06=c001ee0c R07=c02a7a18
R08=0001d0e8 R09=41069265 R10=0001d018 R11=c02a5ff4
R12=200001d3 R13=c02a5fd0 R14=c00087d8 R15=c020dc20
PSR=200001d3 --C- A svc32
----------------
IN: 
0xc0031344:  e1a0c00d  mov      ip, sp
0xc0031348:  e92ddff0  push     {r4, r5, r6, r7, r8, sb, sl, fp, ip, lr, pc}
0xc003134c:  e24cb004  sub      fp, ip, #4
0xc0031350:  e24dd04c  sub      sp, sp, #0x4c
0xc0031354:  e1a0a000  mov      sl, r0
0xc0031358:  e59f0344  ldr      r0, [pc, #0x344]
0xc003135c:  e1a08001  mov      r8, r1
0xc0031360:  e59f1340  ldr      r1, [pc, #0x340]
0xc0031364:  e59030ac  ldr      r3, [r0, #0xac]
0xc0031368:  e591500c  ldr      r5, [r1, #0xc]
0xc003136c:  e3530000  cmp      r3, #0
0xc0031370:  1a0000c9  bne      #0xc003169c

R00=c026d4f4 R01=c02a5fc4 R02=00000001 R03=c02a5fc4
R04=00093175 R05=c02b78e0 R06=c001ee0c R07=c02a7a18
R08=0001d0e8 R09=41069265 R10=0001d018 R11=c02a5fbc
R12=c02a5fd0 R13=c02a5fa8 R14=c020dc48 R15=c0031344
PSR=200001d3 --C- A svc32
----------------
IN: 
0xc0031374:  ea000003  b        #0xc0031388

R00=c02b8368 R01=c02aa110 R02=00000001 R03=00000000
R04=00093175 R05=00000004 R06=c001ee0c R07=c02a7a18
R08=c02a5fc4 R09=41069265 R10=c026d4f4 R11=c02a5fa4
R12=c02a5fa8 R13=c02a5f30 R14=c020dc48 R15=c0031374
PSR=600001d3 -ZC- A svc32
----------------
IN: 
0xc0031388:  e10f2000  mrs      r2, apsr
0xc003138c:  e3823080  orr      r3, r2, #0x80
0xc0031390:  e121f003  msr      cpsr_c, r3

R00=c02b8368 R01=c02aa110 R02=00000001 R03=00000000
R04=00093175 R05=00000004 R06=c001ee0c R07=c02a7a18
R08=c02a5fc4 R09=41069265 R10=c026d4f4 R11=c02a5fa4
R12=c02a5fa8 R13=c02a5f30 R14=c020dc48 R15=c0031388
PSR=600001d3 -ZC- A svc32
----------------
IN: 
0xc0031394:  e59fc30c  ldr      ip, [pc, #0x30c]
0xc0031398:  e50b206c  str      r2, [fp, #-0x6c]
0xc003139c:  e59c304c  ldr      r3, [ip, #0x4c]
0xc00313a0:  e3530000  cmp      r3, #0
0xc00313a4:  1a00001d  bne      #0xc0031420

R00=c02b8368 R01=c02aa110 R02=600001d3 R03=600001d3
R04=00093175 R05=00000004 R06=c001ee0c R07=c02a7a18
R08=c02a5fc4 R09=41069265 R10=c026d4f4 R11=c02a5fa4
R12=c02a5fa8 R13=c02a5f30 R14=c020dc48 R15=c0031394
PSR=600001d3 -ZC- A svc32
----------------
IN: 
0xc0031420:  e59f027c  ldr      r0, [pc, #0x27c]
0xc0031424:  e3a0c000  mov      ip, #0
0xc0031428:  e59f1278  ldr      r1, [pc, #0x278]
0xc003142c:  e59030b0  ldr      r3, [r0, #0xb0]
0xc0031430:  e1a04000  mov      r4, r0
0xc0031434:  e581c04c  str      ip, [r1, #0x4c]
0xc0031438:  e153000c  cmp      r3, ip
0xc003143c:  1a000003  bne      #0xc0031450

R00=c02b8368 R01=c02aa110 R02=600001d3 R03=ffffffff
R04=00093175 R05=00000004 R06=c001ee0c R07=c02a7a18
R08=c02a5fc4 R09=41069265 R10=c026d4f4 R11=c02a5fa4
R12=c02aa110 R13=c02a5f30 R14=c020dc48 R15=c0031420
PSR=a00001d3 N-C- A svc32
----------------
IN: 
0xc0031440:  e1a06003  mov      r6, r3
0xc0031444:  e28000b8  add      r0, r0, #0xb8
0xc0031448:  e3a01b01  mov      r1, #0x400
0xc003144c:  ea000007  b        #0xc0031470

R00=c02b8368 R01=c02aa110 R02=600001d3 R03=00000000
R04=c02b8368 R05=00000004 R06=c001ee0c R07=c02a7a18
R08=c02a5fc4 R09=41069265 R10=c026d4f4 R11=c02a5fa4
R12=00000000 R13=c02a5f30 R14=c020dc48 R15=c0031440
PSR=600001d3 -ZC- A svc32
----------------
IN: 
0xc0031470:  e1a0200a  mov      r2, sl
0xc0031474:  e1a03008  mov      r3, r8
0xc0031478:  eb03bc08  bl       #0xc01204a0

R00=c02b8420 R01=00000400 R02=600001d3 R03=00000000
R04=c02b8368 R05=00000004 R06=00000000 R07=c02a7a18
R08=c02a5fc4 R09=41069265 R10=c026d4f4 R11=c02a5fa4
R12=00000000 R13=c02a5f30 R14=c020dc48 R15=c0031470
PSR=600001d3 -ZC- A svc32
----------------
IN: 
0xc01204a0:  e1a0c00d  mov      ip, sp
0xc01204a4:  e92dd830  push     {r4, r5, fp, ip, lr, pc}
0xc01204a8:  e24cb004  sub      fp, ip, #4
0xc01204ac:  e1a04001  mov      r4, r1
0xc01204b0:  ebfffd13  bl       #0xc011f904

R00=c02b8420 R01=00000400 R02=c026d4f4 R03=c02a5fc4
R04=c02b8368 R05=00000004 R06=00000000 R07=c02a7a18
R08=c02a5fc4 R09=41069265 R10=c026d4f4 R11=c02a5fa4
R12=00000000 R13=c02a5f30 R14=c003147c R15=c01204a0
PSR=600001d3 -ZC- A svc32
----------------
IN: 
0xc011f904:  e1a0c00d  mov      ip, sp
0xc011f908:  e92ddff0  push     {r4, r5, r6, r7, r8, sb, sl, fp, ip, lr, pc}
0xc011f90c:  e24cb004  sub      fp, ip, #4
0xc011f910:  e24dd05c  sub      sp, sp, #0x5c
0xc011f914:  e3510000  cmp      r1, #0
0xc011f918:  e1a0a002  mov      sl, r2
0xc011f91c:  e50b1064  str      r1, [fp, #-0x64]
0xc011f920:  e50b0060  str      r0, [fp, #-0x60]
0xc011f924:  e50b3048  str      r3, [fp, #-0x48]
0xc011f928:  aa00000c  bge      #0xc011f960

R00=c02b8420 R01=00000400 R02=c026d4f4 R03=c02a5fc4
R04=00000400 R05=00000004 R06=00000000 R07=c02a7a18
R08=c02a5fc4 R09=41069265 R10=c026d4f4 R11=c02a5f2c
R12=c02a5f30 R13=c02a5f18 R14=c01204b4 R15=c011f904
PSR=600001d3 -ZC- A svc32
----------------
IN: 
0xc011f960:  e51b1060  ldr      r1, [fp, #-0x60]
0xc011f964:  e51b2064  ldr      r2, [fp, #-0x64]
0xc011f968:  e0911002  adds     r1, r1, r2
0xc011f96c:  e50b105c  str      r1, [fp, #-0x5c]
0xc011f970:  3a000004  blo      #0xc011f988

R00=c02b8420 R01=00000400 R02=c026d4f4 R03=c02a5fc4
R04=00000400 R05=00000004 R06=00000000 R07=c02a7a18
R08=c02a5fc4 R09=41069265 R10=c026d4f4 R11=c02a5f14
R12=c02a5f18 R13=c02a5e90 R14=c01204b4 R15=c011f960
PSR=200001d3 --C- A svc32
----------------
IN: 
0xc011f988:  e3a01000  mov      r1, #0
0xc011f98c:  e24b2044  sub      r2, fp, #0x44
0xc011f990:  e50b1050  str      r1, [fp, #-0x50]
0xc011f994:  e24b3040  sub      r3, fp, #0x40
0xc011f998:  e51b8060  ldr      r8, [fp, #-0x60]
0xc011f99c:  e1a09001  mov      sb, r1
0xc011f9a0:  e1a07001  mov      r7, r1
0xc011f9a4:  e5da0000  ldrb     r0, [sl]
0xc011f9a8:  e50b104c  str      r1, [fp, #-0x4c]
0xc011f9ac:  e50b206c  str      r2, [fp, #-0x6c]
0xc011f9b0:  e50b3068  str      r3, [fp, #-0x68]
0xc011f9b4:  ea00021a  b        #0xc0120224

R00=c02b8420 R01=c02b8820 R02=00000400 R03=c02a5fc4
R04=00000400 R05=00000004 R06=00000000 R07=c02a7a18
R08=c02a5fc4 R09=41069265 R10=c026d4f4 R11=c02a5f14
R12=c02a5f18 R13=c02a5e90 R14=c01204b4 R15=c011f988
PSR=800001d3 N--- A svc32
----------------
IN: 
0xc0120224:  e3500000  cmp      r0, #0
0xc0120228:  1afffde2  bne      #0xc011f9b8

R00=0000003c R01=00000000 R02=c02a5ed0 R03=c02a5ed4
R04=00000400 R05=00000004 R06=00000000 R07=00000000
R08=c02b8420 R09=00000000 R10=c026d4f4 R11=c02a5f14
R12=c02a5f18 R13=c02a5e90 R14=c01204b4 R15=c0120224
PSR=800001d3 N--- A svc32
----------------
IN: 
0xc011f9b8:  e3570001  cmp      r7, #1
0xc011f9bc:  1a000007  bne      #0xc011f9e0

R00=0000003c R01=00000000 R02=c02a5ed0 R03=c02a5ed4
R04=00000400 R05=00000004 R06=00000000 R07=00000000
R08=c02b8420 R09=00000000 R10=c026d4f4 R11=c02a5f14
R12=c02a5f18 R13=c02a5e90 R14=c01204b4 R15=c011f9b8
PSR=200001d3 --C- A svc32
----------------
IN: 
0xc011f9e0:  e3570002  cmp      r7, #2
0xc011f9e4:  1a000006  bne      #0xc011fa04

R00=0000003c R01=00000000 R02=c02a5ed0 R03=c02a5ed4
R04=00000400 R05=00000004 R06=00000000 R07=00000000
R08=c02b8420 R09=00000000 R10=c026d4f4 R11=c02a5f14
R12=c02a5f18 R13=c02a5e90 R14=c01204b4 R15=c011f9e0
PSR=800001d3 N--- A svc32
----------------
IN: 
0xc011fa04:  e1a0300a  mov      r3, sl
0xc011fa08:  e3500025  cmp      r0, #0x25
0xc011fa0c:  0a000002  beq      #0xc011fa1c

R00=0000003c R01=00000000 R02=c02a5ed0 R03=c02a5ed4
R04=00000400 R05=00000004 R06=00000000 R07=00000000
R08=c02b8420 R09=00000000 R10=c026d4f4 R11=c02a5f14
R12=c02a5f18 R13=c02a5e90 R14=c01204b4 R15=c011fa04
PSR=800001d3 N--- A svc32
----------------
IN: 
0xc011fa10:  e5f30001  ldrb     r0, [r3, #1]!
0xc011fa14:  e3500000  cmp      r0, #0
0xc011fa18:  1afffffa  bne      #0xc011fa08

R00=0000003c R01=00000000 R02=c02a5ed0 R03=c026d4f4
R04=00000400 R05=00000004 R06=00000000 R07=00000000
R08=c02b8420 R09=00000000 R10=c026d4f4 R11=c02a5f14
R12=c02a5f18 R13=c02a5e90 R14=c01204b4 R15=c011fa10
PSR=200001d3 --C- A svc32
----------------
IN: 
0xc011fa08:  e3500025  cmp      r0, #0x25
0xc011fa0c:  0a000002  beq      #0xc011fa1c

R00=00000035 R01=00000000 R02=c02a5ed0 R03=c026d4f5
R04=00000400 R05=00000004 R06=00000000 R07=00000000
R08=c02b8420 R09=00000000 R10=c026d4f4 R11=c02a5f14
R12=c02a5f18 R13=c02a5e90 R14=c01204b4 R15=c011fa08
PSR=200001d3 --C- A svc32
R00=00000035 R01=00000000 R02=c02a5ed0 R03=c026d4f5
R04=00000400 R05=00000004 R06=00000000 R07=00000000
R08=c02b8420 R09=00000000 R10=c026d4f4 R11=c02a5f14
R12=c02a5f18 R13=c02a5e90 R14=c01204b4 R15=c011fa10
PSR=200001d3 --C- A svc32
----------------
IN: 
0xc011fa1c:  e15a0003  cmp      sl, r3
0xc011fa20:  1a000001  bne      #0xc011fa2c

R00=00000025 R01=00000000 R02=c02a5ed0 R03=c026d4f7
R04=00000400 R05=00000004 R06=00000000 R07=00000000
R08=c02b8420 R09=00000000 R10=c026d4f4 R11=c02a5f14
R12=c02a5f18 R13=c02a5e90 R14=c01204b4 R15=c011fa1c
PSR=600001d3 -ZC- A svc32
----------------
IN: 
0xc011fa2c:  e06a4003  rsb      r4, sl, r3
0xc011fa30:  e51b305c  ldr      r3, [fp, #-0x5c]
0xc011fa34:  e08a6004  add      r6, sl, r4
0xc011fa38:  e1580003  cmp      r8, r3
0xc011fa3c:  3a000182  blo      #0xc012004c

R00=00000025 R01=00000000 R02=c02a5ed0 R03=c026d4f7
R04=00000400 R05=00000004 R06=00000000 R07=00000000
R08=c02b8420 R09=00000000 R10=c026d4f4 R11=c02a5f14
R12=c02a5f18 R13=c02a5e90 R14=c01204b4 R15=c011fa2c
PSR=800001d3 N--- A svc32
----------------
IN: 
0xc012004c:  e51bc05c  ldr      ip, [fp, #-0x5c]
0xc0120050:  e1a02004  mov      r2, r4
0xc0120054:  e068300c  rsb      r3, r8, ip
0xc0120058:  e1540003  cmp      r4, r3
0xc012005c:  da000000  ble      #0xc0120064

R00=00000025 R01=00000000 R02=c02a5ed0 R03=c02b8820
R04=00000003 R05=00000004 R06=c026d4f7 R07=00000000
R08=c02b8420 R09=00000000 R10=c026d4f4 R11=c02a5f14
R12=c02a5f18 R13=c02a5e90 R14=c01204b4 R15=c012004c
PSR=800001d3 N--- A svc32
----------------
IN: 
0xc0120064:  e1a0100a  mov      r1, sl
0xc0120068:  e1a00008  mov      r0, r8
0xc012006c:  ebffd7f3  bl       #0xc0116040

R00=00000025 R01=00000000 R02=00000003 R03=00000400
R04=00000003 R05=00000004 R06=c026d4f7 R07=00000000
R08=c02b8420 R09=00000000 R10=c026d4f4 R11=c02a5f14
R12=c02b8820 R13=c02a5e90 R14=c01204b4 R15=c0120064
PSR=800001d3 N--- A svc32
----------------
IN: 
0xc0116040:  e92d4011  push     {r0, r4, lr}
0xc0116044:  e2522004  subs     r2, r2, #4
0xc0116048:  ba000033  blt      #0xc011611c

R00=c02b8420 R01=c026d4f4 R02=00000003 R03=00000400
R04=00000003 R05=00000004 R06=c026d4f7 R07=00000000
R08=c02b8420 R09=00000000 R10=c026d4f4 R11=c02a5f14
R12=c02b8820 R13=c02a5e90 R14=c0120070 R15=c0116040
PSR=800001d3 N--- A svc32
----------------
IN: 
0xc011611c:  e1b02f82  lsls     r2, r2, #0x1f
0xc0116120:  14d13001  ldrbne   r3, [r1], #1
0xc0116124:  24d14001  ldrbhs   r4, [r1], #1
0xc0116128:  24d1c001  ldrbhs   ip, [r1], #1
0xc011612c:  14c03001  strbne   r3, [r0], #1
0xc0116130:  24c04001  strbhs   r4, [r0], #1
0xc0116134:  24c0c001  strbhs   ip, [r0], #1
0xc0116138:  e8bd8011  pop      {r0, r4, pc}

R00=c02b8420 R01=c026d4f4 R02=ffffffff R03=00000400
R04=00000003 R05=00000004 R06=c026d4f7 R07=00000000
R08=c02b8420 R09=00000000 R10=c026d4f4 R11=c02a5f14
R12=c02b8820 R13=c02a5e84 R14=c0120070 R15=c011611c
PSR=800001d3 N--- A svc32
----------------
IN: 
0xc0120070:  e51b1048  ldr      r1, [fp, #-0x48]
0xc0120074:  e0888004  add      r8, r8, r4
0xc0120078:  e3a07000  mov      r7, #0
0xc012007c:  e50b1058  str      r1, [fp, #-0x58]
0xc0120080:  e5d60000  ldrb     r0, [r6]
0xc0120084:  ea000063  b        #0xc0120218

R00=c02b8420 R01=c026d4f7 R02=80000000 R03=0000003c
R04=00000003 R05=00000004 R06=c026d4f7 R07=00000000
R08=c02b8420 R09=00000000 R10=c026d4f4 R11=c02a5f14
R12=0000003e R13=c02a5e90 R14=c0120070 R15=c0120070
PSR=a00001d3 N-C- A svc32
----------------
IN: 
0xc0120218:  e51b1058  ldr      r1, [fp, #-0x58]
0xc012021c:  e1a0a006  mov      sl, r6
0xc0120220:  e50b1048  str      r1, [fp, #-0x48]
0xc0120224:  e3500000  cmp      r0, #0
0xc0120228:  1afffde2  bne      #0xc011f9b8

R00=00000025 R01=c02a5fc4 R02=80000000 R03=0000003c
R04=00000003 R05=00000004 R06=c026d4f7 R07=00000000
R08=c02b8423 R09=00000000 R10=c026d4f4 R11=c02a5f14
R12=0000003e R13=c02a5e90 R14=c0120070 R15=c0120218
PSR=a00001d3 N-C- A svc32
R00=00000025 R01=c02a5fc4 R02=80000000 R03=c026d4f7
R04=00000003 R05=00000004 R06=c026d4f7 R07=00000000
R08=c02b8423 R09=00000000 R10=c026d4f7 R11=c02a5f14
R12=0000003e R13=c02a5e90 R14=c0120070 R15=c011fa1c
PSR=600001d3 -ZC- A svc32
----------------
IN: 
0xc011fa24:  e3500000  cmp      r0, #0
0xc011fa28:  1a000005  bne      #0xc011fa44

R00=00000025 R01=c02a5fc4 R02=80000000 R03=c026d4f7
R04=00000003 R05=00000004 R06=c026d4f7 R07=00000000
R08=c02b8423 R09=00000000 R10=c026d4f7 R11=c02a5f14
R12=0000003e R13=c02a5e90 R14=c0120070 R15=c011fa24
PSR=600001d3 -ZC- A svc32
----------------
IN: 
0xc011fa44:  e3a0c000  mov      ip, #0
0xc011fa48:  e1a0500a  mov      r5, sl
0xc011fa4c:  e50bc04c  str      ip, [fp, #-0x4c]
0xc011fa50:  e5f52001  ldrb     r2, [r5, #1]!
0xc011fa54:  e2423020  sub      r3, r2, #0x20
0xc011fa58:  e3530010  cmp      r3, #0x10
0xc011fa5c:  979ff103  ldrls    pc, [pc, r3, lsl #2]

R00=00000025 R01=c02a5fc4 R02=80000000 R03=c026d4f7
R04=00000003 R05=00000004 R06=c026d4f7 R07=00000000
R08=c02b8423 R09=00000000 R10=c026d4f7 R11=c02a5f14
R12=0000003e R13=c02a5e90 R14=c0120070 R15=c011fa44
PSR=200001d3 --C- A svc32
----------------
IN: 
0xc011fa60:  ea000024  b        #0xc011faf8

R00=00000025 R01=c02a5fc4 R02=00000073 R03=00000053
R04=00000003 R05=c026d4f8 R06=c026d4f7 R07=00000000
R08=c02b8423 R09=00000000 R10=c026d4f7 R11=c02a5f14
R12=00000000 R13=c02a5e90 R14=c0120070 R15=c011fa60
PSR=200001d3 --C- A svc32
----------------
IN: 
0xc011faf8:  e59fc8d8  ldr      ip, [pc, #0x8d8]
0xc011fafc:  e7dc3002  ldrb     r3, [ip, r2]
0xc011fb00:  e1a0c002  mov      ip, r2
0xc011fb04:  e3130004  tst      r3, #4
0xc011fb08:  0a00000a  beq      #0xc011fb38

R00=00000025 R01=c02a5fc4 R02=00000073 R03=00000053
R04=00000003 R05=c026d4f8 R06=c026d4f7 R07=00000000
R08=c02b8423 R09=00000000 R10=c026d4f7 R11=c02a5f14
R12=00000000 R13=c02a5e90 R14=c0120070 R15=c011faf8
PSR=200001d3 --C- A svc32
----------------
IN: 
0xc011fb38:  e352002a  cmp      r2, #0x2a
0xc011fb3c:  1a00000a  bne      #0xc011fb6c

R00=00000025 R01=c02a5fc4 R02=00000073 R03=00000002
R04=00000003 R05=c026d4f8 R06=c026d4f7 R07=00000000
R08=c02b8423 R09=00000000 R10=c026d4f7 R11=c02a5f14
R12=00000073 R13=c02a5e90 R14=c0120070 R15=c011fb38
PSR=600001d3 -ZC- A svc32
----------------
IN: 
0xc011fb6c:  e1a00002  mov      r0, r2
0xc011fb70:  e3e09000  mvn      sb, #0
0xc011fb74:  e350002e  cmp      r0, #0x2e
0xc011fb78:  1a000025  bne      #0xc011fc14

R00=00000025 R01=c02a5fc4 R02=00000073 R03=00000002
R04=00000003 R05=c026d4f8 R06=c026d4f7 R07=00000000
R08=c02b8423 R09=00000000 R10=c026d4f7 R11=c02a5f14
R12=00000073 R13=c02a5e90 R14=c0120070 R15=c011fb6c
PSR=200001d3 --C- A svc32
----------------
IN: 
0xc011fc14:  e3e02000  mvn      r2, #0
0xc011fc18:  e50b2050  str      r2, [fp, #-0x50]
0xc011fc1c:  e2202068  eor      r2, r0, #0x68
0xc011fc20:  e220306c  eor      r3, r0, #0x6c
0xc011fc24:  e2422001  sub      r2, r2, #1
0xc011fc28:  e2433001  sub      r3, r3, #1
0xc011fc2c:  e1933002  orrs     r3, r3, r2
0xc011fc30:  4a00000a  bmi      #0xc011fc60

R00=00000073 R01=c02a5fc4 R02=00000073 R03=00000002
R04=00000003 R05=c026d4f8 R06=c026d4f7 R07=00000000
R08=c02b8423 R09=ffffffff R10=c026d4f7 R11=c02a5f14
R12=00000073 R13=c02a5e90 R14=c0120070 R15=c011fc14
PSR=200001d3 --C- A svc32
----------------
IN: 
0xc011fc34:  e350004c  cmp      r0, #0x4c
0xc011fc38:  0a000008  beq      #0xc011fc60

R00=00000073 R01=c02a5fc4 R02=0000001a R03=0000001e
R04=00000003 R05=c026d4f8 R06=c026d4f7 R07=00000000
R08=c02b8423 R09=ffffffff R10=c026d4f7 R11=c02a5f14
R12=00000073 R13=c02a5e90 R14=c0120070 R15=c011fc34
PSR=200001d3 --C- A svc32
----------------
IN: 
0xc011fc3c:  e350005a  cmp      r0, #0x5a
0xc011fc40:  0a000006  beq      #0xc011fc60

R00=00000073 R01=c02a5fc4 R02=0000001a R03=0000001e
R04=00000003 R05=c026d4f8 R06=c026d4f7 R07=00000000
R08=c02b8423 R09=ffffffff R10=c026d4f7 R11=c02a5f14
R12=00000073 R13=c02a5e90 R14=c0120070 R15=c011fc3c
PSR=200001d3 --C- A svc32
----------------
IN: 
0xc011fc44:  e350007a  cmp      r0, #0x7a
0xc011fc48:  0a000004  beq      #0xc011fc60

R00=00000073 R01=c02a5fc4 R02=0000001a R03=0000001e
R04=00000003 R05=c026d4f8 R06=c026d4f7 R07=00000000
R08=c02b8423 R09=ffffffff R10=c026d4f7 R11=c02a5f14
R12=00000073 R13=c02a5e90 R14=c0120070 R15=c011fc44
PSR=200001d3 --C- A svc32
----------------
IN: 
0xc011fc4c:  e3500074  cmp      r0, #0x74
0xc011fc50:  0a000002  beq      #0xc011fc60

R00=00000073 R01=c02a5fc4 R02=0000001a R03=0000001e
R04=00000003 R05=c026d4f8 R06=c026d4f7 R07=00000000
R08=c02b8423 R09=ffffffff R10=c026d4f7 R11=c02a5f14
R12=00000073 R13=c02a5e90 R14=c0120070 R15=c011fc4c
PSR=800001d3 N--- A svc32
----------------
IN: 
0xc011fc54:  e3e03000  mvn      r3, #0
0xc011fc58:  e50b3054  str      r3, [fp, #-0x54]
0xc011fc5c:  ea00000f  b        #0xc011fca0

R00=00000073 R01=c02a5fc4 R02=0000001a R03=0000001e
R04=00000003 R05=c026d4f8 R06=c026d4f7 R07=00000000
R08=c02b8423 R09=ffffffff R10=c026d4f7 R11=c02a5f14
R12=00000073 R13=c02a5e90 R14=c0120070 R15=c011fc54
PSR=800001d3 N--- A svc32
----------------
IN: 
0xc011fca0:  e2403025  sub      r3, r0, #0x25
0xc011fca4:  e3530053  cmp      r3, #0x53
0xc011fca8:  979ff103  ldrls    pc, [pc, r3, lsl #2]

R00=00000073 R01=c02a5fc4 R02=0000001a R03=ffffffff
R04=00000003 R05=c026d4f8 R06=c026d4f7 R07=00000000
R08=c02b8423 R09=ffffffff R10=c026d4f7 R11=c02a5f14
R12=00000073 R13=c02a5e90 R14=c0120070 R15=c011fca0
PSR=800001d3 N--- A svc32
----------------
IN: 
0xc011fe1c:  e51bc048  ldr      ip, [fp, #-0x48]
0xc011fe20:  e3a0300a  mov      r3, #0xa
0xc011fe24:  e51b1050  ldr      r1, [fp, #-0x50]
0xc011fe28:  e2854001  add      r4, r5, #1
0xc011fe2c:  e51b2054  ldr      r2, [fp, #-0x54]
0xc011fe30:  e06a4004  rsb      r4, sl, r4
0xc011fe34:  e51b5068  ldr      r5, [fp, #-0x68]
0xc011fe38:  e08a6004  add      r6, sl, r4
0xc011fe3c:  e59ce000  ldr      lr, [ip]
0xc011fe40:  e3a0c004  mov      ip, #4
0xc011fe44:  e50b1034  str      r1, [fp, #-0x34]
0xc011fe48:  e1a0700c  mov      r7, ip
0xc011fe4c:  e51b1048  ldr      r1, [fp, #-0x48]
0xc011fe50:  e50b3038  str      r3, [fp, #-0x38]
0xc011fe54:  e51b304c  ldr      r3, [fp, #-0x4c]
0xc011fe58:  e50b903c  str      sb, [fp, #-0x3c]
0xc011fe5c:  e081100c  add      r1, r1, ip
0xc011fe60:  e50b1058  str      r1, [fp, #-0x58]
0xc011fe64:  e50b3040  str      r3, [fp, #-0x40]
0xc011fe68:  e50b2030  str      r2, [fp, #-0x30]
0xc011fe6c:  e50bc044  str      ip, [fp, #-0x44]
0xc011fe70:  e8b5000f  ldm      r5!, {r0, r1, r2, r3}
0xc011fe74:  e1a0500d  mov      r5, sp
0xc011fe78:  e8a5000f  stm      r5!, {r0, r1, r2, r3}
0xc011fe7c:  e1a0300c  mov      r3, ip
0xc011fe80:  e1a00008  mov      r0, r8
0xc011fe84:  e1a0200e  mov      r2, lr
0xc011fe88:  e51bc054  ldr      ip, [fp, #-0x54]
0xc011fe8c:  e51b105c  ldr      r1, [fp, #-0x5c]
0xc011fe90:  e585c000  str      ip, [r5]
0xc011fe94:  ebfffc5f  bl       #0xc011f018

R00=00000073 R01=c02a5fc4 R02=0000001a R03=0000004e
R04=00000003 R05=c026d4f8 R06=c026d4f7 R07=00000000
R08=c02b8423 R09=ffffffff R10=c026d4f7 R11=c02a5f14
R12=00000073 R13=c02a5e90 R14=c0120070 R15=c011fe1c
PSR=800001d3 N--- A svc32
----------------
IN: 
0xc011f018:  e1a0c00d  mov      ip, sp
0xc011f01c:  e24dd008  sub      sp, sp, #8
0xc011f020:  e92ddbf0  push     {r4, r5, r6, r7, r8, sb, fp, ip, lr, pc}
0xc011f024:  e24cb00c  sub      fp, ip, #0xc
0xc011f028:  e3520a01  cmp      r2, #0x1000
0xc011f02c:  e1a05001  mov      r5, r1
0xc011f030:  e1a06002  mov      r6, r2
0xc011f034:  e58b3008  str      r3, [fp, #8]
0xc011f038:  e1a04000  mov      r4, r0
0xc011f03c:  e59b1018  ldr      r1, [fp, #0x18]
0xc011f040:  e59b700c  ldr      r7, [fp, #0xc]
0xc011f044:  e59b8010  ldr      r8, [fp, #0x10]
0xc011f048:  2a000000  bhs      #0xc011f050

R00=c02b8423 R01=c02b8820 R02=c02102f0 R03=00000004
R04=00000002 R05=c02a5ea0 R06=c026d4f9 R07=00000004
R08=c02b8423 R09=ffffffff R10=c026d4f7 R11=c02a5f14
R12=ffffffff R13=c02a5e90 R14=c011fe98 R15=c011f018
PSR=800001d3 N--- A svc32
----------------
IN: 
0xc011f050:  e1a00006  mov      r0, r6
0xc011f054:  ebfffac9  bl       #0xc011db80

R00=c02b8423 R01=ffffffff R02=c02102f0 R03=00000004
R04=c02b8423 R05=c02b8820 R06=c02102f0 R07=00000000
R08=ffffffff R09=ffffffff R10=c026d4f7 R11=c02a5e84
R12=c02a5e90 R13=c02a5e60 R14=c011fe98 R15=c011f050
PSR=a00001d3 N-C- A svc32
----------------
IN: 
0xc011db80:  e1a0c00d  mov      ip, sp
0xc011db84:  e92dd800  push     {fp, ip, lr, pc}
0xc011db88:  e24cb004  sub      fp, ip, #4
0xc011db8c:  e3a02000  mov      r2, #0
0xc011db90:  e1510002  cmp      r1, r2
0xc011db94:  e080c002  add      ip, r0, r2
0xc011db98:  0a000003  beq      #0xc011dbac

R00=c02102f0 R01=ffffffff R02=c02102f0 R03=00000004
R04=c02b8423 R05=c02b8820 R06=c02102f0 R07=00000000
R08=ffffffff R09=ffffffff R10=c026d4f7 R11=c02a5e84
R12=c02a5e90 R13=c02a5e60 R14=c011f058 R15=c011db80
PSR=a00001d3 N-C- A svc32
----------------
IN: 
0xc011db9c:  e7d03002  ldrb     r3, [r0, r2]
0xc011dba0:  e2822001  add      r2, r2, #1
0xc011dba4:  e3530000  cmp      r3, #0
0xc011dba8:  1afffff8  bne      #0xc011db90

R00=c02102f0 R01=ffffffff R02=00000000 R03=00000004
R04=c02b8423 R05=c02b8820 R06=c02102f0 R07=00000000
R08=ffffffff R09=ffffffff R10=c026d4f7 R11=c02a5e5c
R12=c02102f0 R13=c02a5e50 R14=c011f058 R15=c011db9c
PSR=a00001d3 N-C- A svc32
----------------
IN: 
0xc011db90:  e1510002  cmp      r1, r2
0xc011db94:  e080c002  add      ip, r0, r2
0xc011db98:  0a000003  beq      #0xc011dbac

R00=c02102f0 R01=ffffffff R02=00000001 R03=0000004c
R04=c02b8423 R05=c02b8820 R06=c02102f0 R07=00000000
R08=ffffffff R09=ffffffff R10=c026d4f7 R11=c02a5e5c
R12=c02102f0 R13=c02a5e50 R14=c011f058 R15=c011db90
PSR=200001d3 --C- A svc32
R00=c02102f0 R01=ffffffff R02=00000001 R03=0000004c
R04=c02b8423 R05=c02b8820 R06=c02102f0 R07=00000000
R08=ffffffff R09=ffffffff R10=c026d4f7 R11=c02a5e5c
R12=c02102f1 R13=c02a5e50 R14=c011f058 R15=c011db9c
PSR=a00001d3 N-C- A svc32
----------------
IN: 
0xc011dbac:  e060000c  rsb      r0, r0, ip
0xc011dbb0:  e89da800  ldm      sp, {fp, sp, pc}

R00=c02102f0 R01=ffffffff R02=0000006b R03=00000000
R04=c02b8423 R05=c02b8820 R06=c02102f0 R07=00000000
R08=ffffffff R09=ffffffff R10=c026d4f7 R11=c02a5e5c
R12=c021035a R13=c02a5e50 R14=c011f058 R15=c011dbac
PSR=600001d3 -ZC- A svc32
----------------
IN: 
0xc011f058:  e3170010  tst      r7, #0x10
0xc011f05c:  e1a01000  mov      r1, r0
0xc011f060:  0a000001  beq      #0xc011f06c

R00=0000006a R01=ffffffff R02=0000006b R03=00000000
R04=c02b8423 R05=c02b8820 R06=c02102f0 R07=00000000
R08=ffffffff R09=ffffffff R10=c026d4f7 R11=c02a5e84
R12=c021035a R13=c02a5e60 R14=c011f058 R15=c011f058
PSR=600001d3 -ZC- A svc32
----------------
IN: 
0xc011f06c:  e1a0c008  mov      ip, r8
0xc011f070:  e3a02020  mov      r2, #0x20
0xc011f074:  ea000003  b        #0xc011f088

R00=0000006a R01=0000006a R02=0000006b R03=00000000
R04=c02b8423 R05=c02b8820 R06=c02102f0 R07=00000000
R08=ffffffff R09=ffffffff R10=c026d4f7 R11=c02a5e84
R12=c021035a R13=c02a5e60 R14=c011f058 R15=c011f06c
PSR=600001d3 -ZC- A svc32
----------------
IN: 
0xc011f088:  e24cc001  sub      ip, ip, #1
0xc011f08c:  e28c3001  add      r3, ip, #1
0xc011f090:  e1510003  cmp      r1, r3
0xc011f094:  bafffff7  blt      #0xc011f078

R00=0000006a R01=0000006a R02=00000020 R03=00000000
R04=c02b8423 R05=c02b8820 R06=c02102f0 R07=00000000
R08=ffffffff R09=ffffffff R10=c026d4f7 R11=c02a5e84
R12=ffffffff R13=c02a5e60 R14=c011f058 R15=c011f088
PSR=600001d3 -ZC- A svc32
----------------
IN: 
0xc011f098:  e1a00004  mov      r0, r4
0xc011f09c:  e3a02000  mov      r2, #0
0xc011f0a0:  ea000005  b        #0xc011f0bc

R00=0000006a R01=0000006a R02=00000020 R03=ffffffff
R04=c02b8423 R05=c02b8820 R06=c02102f0 R07=00000000
R08=ffffffff R09=ffffffff R10=c026d4f7 R11=c02a5e84
R12=fffffffe R13=c02a5e60 R14=c011f058 R15=c011f098
PSR=000001d3 ---- A svc32
----------------
IN: 
0xc011f0bc:  e1520001  cmp      r2, r1
0xc011f0c0:  bafffff7  blt      #0xc011f0a4

R00=c02b8423 R01=0000006a R02=00000000 R03=ffffffff
R04=c02b8423 R05=c02b8820 R06=c02102f0 R07=00000000
R08=ffffffff R09=ffffffff R10=c026d4f7 R11=c02a5e84
R12=fffffffe R13=c02a5e60 R14=c011f058 R15=c011f0bc
PSR=000001d3 ---- A svc32
----------------
IN: 
0xc011f0a4:  e1500005  cmp      r0, r5
0xc011f0a8:  e2800001  add      r0, r0, #1
0xc011f0ac:  2a000001  bhs      #0xc011f0b8

R00=c02b8423 R01=0000006a R02=00000000 R03=ffffffff
R04=c02b8423 R05=c02b8820 R06=c02102f0 R07=00000000
R08=ffffffff R09=ffffffff R10=c026d4f7 R11=c02a5e84
R12=fffffffe R13=c02a5e60 R14=c011f058 R15=c011f0a4
PSR=800001d3 N--- A svc32
----------------
IN: 
0xc011f0b0:  e7d63002  ldrb     r3, [r6, r2]
0xc011f0b4:  e7c43002  strb     r3, [r4, r2]
0xc011f0b8:  e2822001  add      r2, r2, #1
0xc011f0bc:  e1520001  cmp      r2, r1
0xc011f0c0:  bafffff7  blt      #0xc011f0a4

R00=c02b8424 R01=0000006a R02=00000000 R03=ffffffff
R04=c02b8423 R05=c02b8820 R06=c02102f0 R07=00000000
R08=ffffffff R09=ffffffff R10=c026d4f7 R11=c02a5e84
R12=fffffffe R13=c02a5e60 R14=c011f058 R15=c011f0b0
PSR=800001d3 N--- A svc32
R00=c02b8424 R01=0000006a R02=00000001 R03=0000004c
R04=c02b8423 R05=c02b8820 R06=c02102f0 R07=00000000
R08=ffffffff R09=ffffffff R10=c026d4f7 R11=c02a5e84
R12=fffffffe R13=c02a5e60 R14=c011f058 R15=c011f0a4
PSR=800001d3 N--- A svc32
----------------
IN: 
0xc011f0c4:  e1a0300c  mov      r3, ip
0xc011f0c8:  e3a02020  mov      r2, #0x20
0xc011f0cc:  ea000003  b        #0xc011f0e0

R00=c02b848d R01=0000006a R02=0000006a R03=0000000a
R04=c02b8423 R05=c02b8820 R06=c02102f0 R07=00000000
R08=ffffffff R09=ffffffff R10=c026d4f7 R11=c02a5e84
R12=fffffffe R13=c02a5e60 R14=c011f058 R15=c011f0c4
PSR=600001d3 -ZC- A svc32
----------------
IN: 
0xc011f0e0:  e1510003  cmp      r1, r3
0xc011f0e4:  e2433001  sub      r3, r3, #1
0xc011f0e8:  bafffff8  blt      #0xc011f0d0

R00=c02b848d R01=0000006a R02=00000020 R03=fffffffe
R04=c02b8423 R05=c02b8820 R06=c02102f0 R07=00000000
R08=ffffffff R09=ffffffff R10=c026d4f7 R11=c02a5e84
R12=fffffffe R13=c02a5e60 R14=c011f058 R15=c011f0e0
PSR=600001d3 -ZC- A svc32
----------------
IN: 
0xc011f0ec:  e24bd024  sub      sp, fp, #0x24
0xc011f0f0:  e89dabf0  ldm      sp, {r4, r5, r6, r7, r8, sb, fp, sp, pc}

R00=c02b848d R01=0000006a R02=00000020 R03=fffffffd
R04=c02b8423 R05=c02b8820 R06=c02102f0 R07=00000000
R08=ffffffff R09=ffffffff R10=c026d4f7 R11=c02a5e84
R12=fffffffe R13=c02a5e60 R14=c011f058 R15=c011f0ec
PSR=000001d3 ---- A svc32
----------------
IN: 
0xc011fe98:  e1a08000  mov      r8, r0
0xc011fe9c:  e7da0004  ldrb     r0, [sl, r4]
0xc011fea0:  ea0000dc  b        #0xc0120218

R00=c02b848d R01=0000006a R02=00000020 R03=fffffffd
R04=00000002 R05=c02a5ea0 R06=c026d4f9 R07=00000004
R08=c02b8423 R09=ffffffff R10=c026d4f7 R11=c02a5f14
R12=fffffffe R13=c02a5e90 R14=c011f058 R15=c011fe98
PSR=000001d3 ---- A svc32
----------------
IN: 
0xc012022c:  e51b2064  ldr      r2, [fp, #-0x64]
0xc0120230:  e3520000  cmp      r2, #0
0xc0120234:  0a000006  beq      #0xc0120254

R00=00000000 R01=c02a5fc8 R02=00000020 R03=fffffffd
R04=00000002 R05=c02a5ea0 R06=c026d4f9 R07=00000004
R08=c02b848d R09=ffffffff R10=c026d4f9 R11=c02a5f14
R12=fffffffe R13=c02a5e90 R14=c011f058 R15=c012022c
PSR=600001d3 -ZC- A svc32
----------------
IN: 
0xc0120238:  e51b305c  ldr      r3, [fp, #-0x5c]
0xc012023c:  e1580003  cmp      r8, r3
0xc0120240:  2a000001  bhs      #0xc012024c

R00=00000000 R01=c02a5fc8 R02=00000400 R03=fffffffd
R04=00000002 R05=c02a5ea0 R06=c026d4f9 R07=00000004
R08=c02b848d R09=ffffffff R10=c026d4f9 R11=c02a5f14
R12=fffffffe R13=c02a5e90 R14=c011f058 R15=c0120238
PSR=200001d3 --C- A svc32
----------------
IN: 
0xc0120244:  e5c80000  strb     r0, [r8]
0xc0120248:  ea000001  b        #0xc0120254

R00=00000000 R01=c02a5fc8 R02=00000400 R03=c02b8820
R04=00000002 R05=c02a5ea0 R06=c026d4f9 R07=00000004
R08=c02b848d R09=ffffffff R10=c026d4f9 R11=c02a5f14
R12=fffffffe R13=c02a5e90 R14=c011f058 R15=c0120244
PSR=800001d3 N--- A svc32
----------------
IN: 
0xc0120254:  e51b1060  ldr      r1, [fp, #-0x60]
0xc0120258:  e0610008  rsb      r0, r1, r8
0xc012025c:  e24bd028  sub      sp, fp, #0x28
0xc0120260:  e89daff0  ldm      sp, {r4, r5, r6, r7, r8, sb, sl, fp, sp, pc}

R00=00000000 R01=c02a5fc8 R02=00000400 R03=c02b8820
R04=00000002 R05=c02a5ea0 R06=c026d4f9 R07=00000004
R08=c02b848d R09=ffffffff R10=c026d4f9 R11=c02a5f14
R12=fffffffe R13=c02a5e90 R14=c011f058 R15=c0120254
PSR=800001d3 N--- A svc32
----------------
IN: 
0xc01204b4:  e1540000  cmp      r4, r0
0xc01204b8:  8a000000  bhi      #0xc01204c0

R00=0000006d R01=c02b8420 R02=00000400 R03=c02b8820
R04=00000400 R05=00000004 R06=00000000 R07=c02a7a18
R08=c02a5fc4 R09=41069265 R10=c026d4f4 R11=c02a5f2c
R12=fffffffe R13=c02a5f18 R14=c011f058 R15=c01204b4
PSR=800001d3 N--- A svc32
----------------
IN: 
0xc01204c0:  e89da830  ldm      sp, {r4, r5, fp, sp, pc}

R00=0000006d R01=c02b8420 R02=00000400 R03=c02b8820
R04=00000400 R05=00000004 R06=00000000 R07=c02a7a18
R08=c02a5fc4 R09=41069265 R10=c026d4f4 R11=c02a5f2c
R12=fffffffe R13=c02a5f18 R14=c011f058 R15=c01204c0
PSR=200001d3 --C- A svc32
----------------
IN: 
0xc003147c:  e59f2220  ldr      r2, [pc, #0x220]
0xc0031480:  e5d230b8  ldrb     r3, [r2, #0xb8]
0xc0031484:  e353003c  cmp      r3, #0x3c
0xc0031488:  e1a04000  mov      r4, r0
0xc003148c:  1a000005  bne      #0xc00314a8

R00=0000006d R01=c02b8420 R02=00000400 R03=c02b8820
R04=c02b8368 R05=00000004 R06=00000000 R07=c02a7a18
R08=c02a5fc4 R09=41069265 R10=c026d4f4 R11=c02a5fa4
R12=fffffffe R13=c02a5f30 R14=c011f058 R15=c003147c
PSR=200001d3 --C- A svc32
----------------
IN: 
0xc0031490:  e5d210b9  ldrb     r1, [r2, #0xb9]
0xc0031494:  e3510000  cmp      r1, #0
0xc0031498:  0a000002  beq      #0xc00314a8

R00=0000006d R01=c02b8420 R02=c02b8368 R03=0000003c
R04=0000006d R05=00000004 R06=00000000 R07=c02a7a18
R08=c02a5fc4 R09=41069265 R10=c026d4f4 R11=c02a5fa4
R12=fffffffe R13=c02a5f30 R14=c011f058 R15=c0031490
PSR=600001d3 -ZC- A svc32
----------------
IN: 
0xc003149c:  e5d230ba  ldrb     r3, [r2, #0xba]
0xc00314a0:  e353003e  cmp      r3, #0x3e
0xc00314a4:  0a000001  beq      #0xc00314b0

R00=0000006d R01=00000035 R02=c02b8368 R03=0000003c
R04=0000006d R05=00000004 R06=00000000 R07=c02a7a18
R08=c02a5fc4 R09=41069265 R10=c026d4f4 R11=c02a5fa4
R12=fffffffe R13=c02a5f30 R14=c011f058 R15=c003149c
PSR=200001d3 --C- A svc32
----------------
IN: 
0xc00314b0:  e3510030  cmp      r1, #0x30
0xc00314b4:  3a000005  blo      #0xc00314d0

R00=0000006d R01=00000035 R02=c02b8368 R03=0000003e
R04=0000006d R05=00000004 R06=00000000 R07=c02a7a18
R08=c02a5fc4 R09=41069265 R10=c026d4f4 R11=c02a5fa4
R12=fffffffe R13=c02a5f30 R14=c011f058 R15=c00314b0
PSR=600001d3 -ZC- A svc32
----------------
IN: 
0xc00314b8:  e3510037  cmp      r1, #0x37
0xc00314bc:  9a000005  bls      #0xc00314d8

R00=0000006d R01=00000035 R02=c02b8368 R03=0000003e
R04=0000006d R05=00000004 R06=00000000 R07=c02a7a18
R08=c02a5fc4 R09=41069265 R10=c026d4f4 R11=c02a5fa4
R12=fffffffe R13=c02a5f30 R14=c011f058 R15=c00314b8
PSR=200001d3 --C- A svc32
----------------
IN: 
0xc00314d8:  e2415030  sub      r5, r1, #0x30
0xc00314dc:  e59fc1c4  ldr      ip, [pc, #0x1c4]
0xc00314e0:  e59c3050  ldr      r3, [ip, #0x50]
0xc00314e4:  e3530000  cmp      r3, #0
0xc00314e8:  1a000006  bne      #0xc0031508

R00=0000006d R01=00000035 R02=c02b8368 R03=0000003e
R04=0000006d R05=00000004 R06=00000000 R07=c02a7a18
R08=c02a5fc4 R09=41069265 R10=c026d4f4 R11=c02a5fa4
R12=fffffffe R13=c02a5f30 R14=c011f058 R15=c00314d8
PSR=800001d3 N--- A svc32
----------------
IN: 
0xc0031508:  e59f91b4  ldr      sb, [pc, #0x1b4]
0xc003150c:  e2853030  add      r3, r5, #0x30
0xc0031510:  e0844006  add      r4, r4, r6
0xc0031514:  e20330ff  and      r3, r3, #0xff
0xc0031518:  e3a0a000  mov      sl, #0
0xc003151c:  e50b4068  str      r4, [fp, #-0x68]
0xc0031520:  e50b3070  str      r3, [fp, #-0x70]
0xc0031524:  ea000049  b        #0xc0031650

R00=0000006d R01=00000035 R02=c02b8368 R03=00000001
R04=0000006d R05=00000005 R06=00000000 R07=c02a7a18
R08=c02a5fc4 R09=41069265 R10=c026d4f4 R11=c02a5fa4
R12=c02aa110 R13=c02a5f30 R14=c011f058 R15=c0031508
PSR=200001d3 --C- A svc32
----------------
IN: 
0xc0031650:  e7d9000a  ldrb     r0, [sb, sl]
0xc0031654:  e3500000  cmp      r0, #0
0xc0031658:  1affffb2  bne      #0xc0031528

R00=0000006d R01=00000035 R02=c02b8368 R03=00000035
R04=0000006d R05=00000005 R06=00000000 R07=c02a7a18
R08=c02a5fc4 R09=c02b8423 R10=00000000 R11=c02a5fa4
R12=c02aa110 R13=c02a5f30 R14=c011f058 R15=c0031650
PSR=200001d3 --C- A svc32
----------------
IN: 
0xc0031528:  e59fe178  ldr      lr, [pc, #0x178]
0xc003152c:  e59e3050  ldr      r3, [lr, #0x50]
0xc0031530:  e3530000  cmp      r3, #0
0xc0031534:  0a00003d  beq      #0xc0031630

R00=0000004c R01=00000035 R02=c02b8368 R03=00000035
R04=0000006d R05=00000005 R06=00000000 R07=c02a7a18
R08=c02a5fc4 R09=c02b8423 R10=00000000 R11=c02a5fa4
R12=c02aa110 R13=c02a5f30 R14=c011f058 R15=c0031528
PSR=200001d3 --C- A svc32
----------------
IN: 
0xc0031538:  e51b1068  ldr      r1, [fp, #-0x68]
0xc003153c:  e3a0003c  mov      r0, #0x3c
0xc0031540:  e2811003  add      r1, r1, #3
0xc0031544:  e50b1068  str      r1, [fp, #-0x68]
0xc0031548:  ebfffd7e  bl       #0xc0030b48

R00=0000004c R01=00000035 R02=c02b8368 R03=00000001
R04=0000006d R05=00000005 R06=00000000 R07=c02a7a18
R08=c02a5fc4 R09=c02b8423 R10=00000000 R11=c02a5fa4
R12=c02aa110 R13=c02a5f30 R14=c02aa110 R15=c0031538
PSR=200001d3 --C- A svc32
----------------
IN: 
0xc0030b48:  e1a0c00d  mov      ip, sp
0xc0030b4c:  e92dd830  push     {r4, r5, fp, ip, lr, pc}
0xc0030b50:  e24cb004  sub      fp, ip, #4
0xc0030b54:  e59f2070  ldr      r2, [pc, #0x70]
0xc0030b58:  e59f5070  ldr      r5, [pc, #0x70]
0xc0030b5c:  e5924004  ldr      r4, [r2, #4]
0xc0030b60:  e5951008  ldr      r1, [r5, #8]
0xc0030b64:  e592c000  ldr      ip, [r2]
0xc0030b68:  e2443001  sub      r3, r4, #1
0xc0030b6c:  e0033001  and      r3, r3, r1
0xc0030b70:  e2811001  add      r1, r1, #1
0xc0030b74:  e7cc0003  strb     r0, [ip, r3]
0xc0030b78:  e5851008  str      r1, [r5, #8]
0xc0030b7c:  e595300c  ldr      r3, [r5, #0xc]
0xc0030b80:  e0633001  rsb      r3, r3, r1
0xc0030b84:  e1530004  cmp      r3, r4
0xc0030b88:  9a000001  bls      #0xc0030b94

R00=0000003c R01=00000070 R02=c02b8368 R03=00000001
R04=0000006d R05=00000005 R06=00000000 R07=c02a7a18
R08=c02a5fc4 R09=c02b8423 R10=00000000 R11=c02a5fa4
R12=c02aa110 R13=c02a5f30 R14=c003154c R15=c0030b48
PSR=200001d3 --C- A svc32
----------------
IN: 
0xc0030b94:  e5953010  ldr      r3, [r5, #0x10]
0xc0030b98:  e0633001  rsb      r3, r3, r1
0xc0030b9c:  e1540003  cmp      r4, r3
0xc0030ba0:  2a000002  bhs      #0xc0030bb0

R00=0000003c R01=00000001 R02=c02aa110 R03=00000001
R04=00004000 R05=c02b8368 R06=00000000 R07=c02a7a18
R08=c02a5fc4 R09=c02b8423 R10=00000000 R11=c02a5f2c
R12=c02b8824 R13=c02a5f18 R14=c003154c R15=c0030b94
PSR=800001d3 N--- A svc32
----------------
IN: 
0xc0030bb0:  e5952014  ldr      r2, [r5, #0x14]
0xc0030bb4:  e1540002  cmp      r4, r2
0xc0030bb8:  9a000002  bls      #0xc0030bc8

R00=0000003c R01=00000001 R02=c02aa110 R03=00000001
R04=00004000 R05=c02b8368 R06=00000000 R07=c02a7a18
R08=c02a5fc4 R09=c02b8423 R10=00000000 R11=c02a5f2c
R12=c02b8824 R13=c02a5f18 R14=c003154c R15=c0030bb0
PSR=200001d3 --C- A svc32
----------------
IN: 
0xc0030bbc:  e59f300c  ldr      r3, [pc, #0xc]
0xc0030bc0:  e2822001  add      r2, r2, #1
0xc0030bc4:  e5832014  str      r2, [r3, #0x14]
0xc0030bc8:  e89da830  ldm      sp, {r4, r5, fp, sp, pc}

R00=0000003c R01=00000001 R02=00000000 R03=00000001
R04=00004000 R05=c02b8368 R06=00000000 R07=c02a7a18
R08=c02a5fc4 R09=c02b8423 R10=00000000 R11=c02a5f2c
R12=c02b8824 R13=c02a5f18 R14=c003154c R15=c0030bbc
PSR=200001d3 --C- A svc32
----------------
IN: 
0xc003154c:  e51b0070  ldr      r0, [fp, #-0x70]
0xc0031550:  ebfffd7c  bl       #0xc0030b48

R00=0000003c R01=00000001 R02=00000001 R03=c02b8368
R04=0000006d R05=00000005 R06=00000000 R07=c02a7a18
R08=c02a5fc4 R09=c02b8423 R10=00000000 R11=c02a5fa4
R12=c02b8824 R13=c02a5f30 R14=c003154c R15=c003154c
PSR=200001d3 --C- A svc32
----------------
IN: 
0xc0031554:  e3a0003e  mov      r0, #0x3e
0xc0031558:  ebfffd7a  bl       #0xc0030b48

R00=00000035 R01=00000002 R02=00000002 R03=c02b8368
R04=0000006d R05=00000005 R06=00000000 R07=c02a7a18
R08=c02a5fc4 R09=c02b8423 R10=00000000 R11=c02a5fa4
R12=c02b8824 R13=c02a5f30 R14=c0031554 R15=c0031554
PSR=200001d3 --C- A svc32
----------------
IN: 
0xc003155c:  e59f2140  ldr      r2, [pc, #0x140]
0xc0031560:  e59fc140  ldr      ip, [pc, #0x140]
0xc0031564:  e3a0e000  mov      lr, #0
0xc0031568:  e59234b8  ldr      r3, [r2, #0x4b8]
0xc003156c:  e58ce050  str      lr, [ip, #0x50]
0xc0031570:  e153000e  cmp      r3, lr
0xc0031574:  0a00002a  beq      #0xc0031624

R00=0000003e R01=00000003 R02=00000003 R03=c02b8368
R04=0000006d R05=00000005 R06=00000000 R07=c02a7a18
R08=c02a5fc4 R09=c02b8423 R10=00000000 R11=c02a5fa4
R12=c02b8824 R13=c02a5f30 R14=c003155c R15=c003155c
PSR=200001d3 --C- A svc32
----------------
IN: 
0xc0031624:  e7d9000a  ldrb     r0, [sb, sl]
0xc0031628:  e3500000  cmp      r0, #0
0xc003162c:  0a00000a  beq      #0xc003165c

R00=0000003e R01=00000003 R02=c02b8368 R03=00000000
R04=0000006d R05=00000005 R06=00000000 R07=c02a7a18
R08=c02a5fc4 R09=c02b8423 R10=00000000 R11=c02a5fa4
R12=c02aa110 R13=c02a5f30 R14=00000000 R15=c0031624
PSR=600001d3 -ZC- A svc32
----------------
IN: 
0xc0031630:  ebfffd44  bl       #0xc0030b48

R00=0000004c R01=00000003 R02=c02b8368 R03=00000000
R04=0000006d R05=00000005 R06=00000000 R07=c02a7a18
R08=c02a5fc4 R09=c02b8423 R10=00000000 R11=c02a5fa4
R12=c02aa110 R13=c02a5f30 R14=00000000 R15=c0031630
PSR=200001d3 --C- A svc32
----------------
IN: 
0xc0031634:  e7d9300a  ldrb     r3, [sb, sl]
0xc0031638:  e353000a  cmp      r3, #0xa
0xc003163c:  1a000002  bne      #0xc003164c

R00=0000004c R01=00000004 R02=00000004 R03=c02b8368
R04=0000006d R05=00000005 R06=00000000 R07=c02a7a18
R08=c02a5fc4 R09=c02b8423 R10=00000000 R11=c02a5fa4
R12=c02b8824 R13=c02a5f30 R14=c0031634 R15=c0031634
PSR=200001d3 --C- A svc32
----------------
IN: 
0xc003164c:  e28aa001  add      sl, sl, #1
0xc0031650:  e7d9000a  ldrb     r0, [sb, sl]
0xc0031654:  e3500000  cmp      r0, #0
0xc0031658:  1affffb2  bne      #0xc0031528

R00=0000004c R01=00000004 R02=00000004 R03=0000004c
R04=0000006d R05=00000005 R06=00000000 R07=c02a7a18
R08=c02a5fc4 R09=c02b8423 R10=00000000 R11=c02a5fa4
R12=c02b8824 R13=c02a5f30 R14=c0031634 R15=c003164c
PSR=200001d3 --C- A svc32
R00=00000069 R01=00000004 R02=00000004 R03=0000004c
R04=0000006d R05=00000005 R06=00000000 R07=c02a7a18
R08=c02a5fc4 R09=c02b8423 R10=00000001 R11=c02a5fa4
R12=c02b8824 R13=c02a5f30 R14=c0031634 R15=c0031528
PSR=200001d3 --C- A svc32
R00=00000069 R01=00000004 R02=00000004 R03=00000000
R04=0000006d R05=00000005 R06=00000000 R07=c02a7a18
R08=c02a5fc4 R09=c02b8423 R10=00000001 R11=c02a5fa4
R12=c02b8824 R13=c02a5f30 R14=c02aa110 R15=c0031630
PSR=600001d3 -ZC- A svc32
----------------
IN: 
0xc0031640:  e59f2060  ldr      r2, [pc, #0x60]
0xc0031644:  e3a03001  mov      r3, #1
0xc0031648:  e5823050  str      r3, [r2, #0x50]
0xc003164c:  e28aa001  add      sl, sl, #1
0xc0031650:  e7d9000a  ldrb     r0, [sb, sl]
0xc0031654:  e3500000  cmp      r0, #0
0xc0031658:  1affffb2  bne      #0xc0031528

R00=0000000a R01=0000006d R02=0000006d R03=0000000a
R04=0000006d R05=00000005 R06=00000000 R07=c02a7a18
R08=c02a5fc4 R09=c02b8423 R10=00000069 R11=c02a5fa4
R12=c02b8824 R13=c02a5f30 R14=c0031634 R15=c0031640
PSR=600001d3 -ZC- A svc32
----------------
IN: 
0xc003165c:  ebfffdfd  bl       #0xc0030e58

R00=00000000 R01=0000006d R02=c02aa110 R03=00000001
R04=0000006d R05=00000005 R06=00000000 R07=c02a7a18
R08=c02a5fc4 R09=c02b8423 R10=0000006a R11=c02a5fa4
R12=c02b8824 R13=c02a5f30 R14=c0031634 R15=c003165c
PSR=600001d3 -ZC- A svc32
----------------
IN: 
0xc0030e58:  e1a0c00d  mov      ip, sp
0xc0030e5c:  e92dd800  push     {fp, ip, lr, pc}
0xc0030e60:  e24cb004  sub      fp, ip, #4
0xc0030e64:  e59f0038  ldr      r0, [pc, #0x38]
0xc0030e68:  eb00630b  bl       #0xc0049a9c

R00=00000000 R01=0000006d R02=c02aa110 R03=00000001
R04=0000006d R05=00000005 R06=00000000 R07=c02a7a18
R08=c02a5fc4 R09=c02b8423 R10=0000006a R11=c02a5fa4
R12=c02b8824 R13=c02a5f30 R14=c0031660 R15=c0030e58
PSR=600001d3 -ZC- A svc32
----------------
IN: 
0xc0049a9c:  e1a0c00d  mov      ip, sp
0xc0049aa0:  e92dd800  push     {fp, ip, lr, pc}
0xc0049aa4:  e24cb004  sub      fp, ip, #4
0xc0049aa8:  e10f2000  mrs      r2, apsr
0xc0049aac:  e3823080  orr      r3, r2, #0x80
0xc0049ab0:  e121f003  msr      cpsr_c, r3

R00=c02aa14c R01=0000006d R02=c02aa110 R03=00000001
R04=0000006d R05=00000005 R06=00000000 R07=c02a7a18
R08=c02a5fc4 R09=c02b8423 R10=0000006a R11=c02a5f2c
R12=c02a5f30 R13=c02a5f20 R14=c0030e6c R15=c0049a9c
PSR=600001d3 -ZC- A svc32
----------------
IN: 
0xc0049ab4:  e5903000  ldr      r3, [r0]
0xc0049ab8:  e2533001  subs     r3, r3, #1
0xc0049abc:  4a000000  bmi      #0xc0049ac4

R00=c02aa14c R01=0000006d R02=600001d3 R03=600001d3
R04=0000006d R05=00000005 R06=00000000 R07=c02a7a18
R08=c02a5fc4 R09=c02b8423 R10=0000006a R11=c02a5f1c
R12=c02a5f20 R13=c02a5f10 R14=c0030e6c R15=c0049ab4
PSR=600001d3 -ZC- A svc32
----------------
IN: 
0xc0049ac0:  e5803000  str      r3, [r0]
0xc0049ac4:  e121f002  msr      cpsr_c, r2

R00=c02aa14c R01=0000006d R02=600001d3 R03=00000000
R04=0000006d R05=00000005 R06=00000000 R07=c02a7a18
R08=c02a5fc4 R09=c02b8423 R10=0000006a R11=c02a5f1c
R12=c02a5f20 R13=c02a5f10 R14=c0030e6c R15=c0049ac0
PSR=600001d3 -ZC- A svc32
----------------
IN: 
0xc0049ac8:  e1a00fa3  lsr      r0, r3, #0x1f
0xc0049acc:  e89da800  ldm      sp, {fp, sp, pc}

R00=c02aa14c R01=0000006d R02=600001d3 R03=00000000
R04=0000006d R05=00000005 R06=00000000 R07=c02a7a18
R08=c02a5fc4 R09=c02b8423 R10=0000006a R11=c02a5f1c
R12=c02a5f20 R13=c02a5f10 R14=c0030e6c R15=c0049ac8
PSR=600001d3 -ZC- A svc32
----------------
IN: 
0xc0030e6c:  e3500000  cmp      r0, #0
0xc0030e70:  1a000005  bne      #0xc0030e8c

R00=00000000 R01=0000006d R02=600001d3 R03=00000000
R04=0000006d R05=00000005 R06=00000000 R07=c02a7a18
R08=c02a5fc4 R09=c02b8423 R10=0000006a R11=c02a5f2c
R12=c02a5f20 R13=c02a5f20 R14=c0030e6c R15=c0030e6c
PSR=600001d3 -ZC- A svc32
----------------
IN: 
0xc0030e74:  e59f202c  ldr      r2, [pc, #0x2c]
0xc0030e78:  e59200a4  ldr      r0, [r2, #0xa4]
0xc0030e7c:  e3500000  cmp      r0, #0
0xc0030e80:  0a000003  beq      #0xc0030e94

R00=00000000 R01=0000006d R02=600001d3 R03=00000000
R04=0000006d R05=00000005 R06=00000000 R07=c02a7a18
R08=c02a5fc4 R09=c02b8423 R10=0000006a R11=c02a5f2c
R12=c02a5f20 R13=c02a5f20 R14=c0030e6c R15=c0030e74
PSR=600001d3 -ZC- A svc32
----------------
IN: 
0xc0030e94:  e3a03001  mov      r3, #1
0xc0030e98:  e58200a0  str      r0, [r2, #0xa0]
0xc0030e9c:  e5823018  str      r3, [r2, #0x18]
0xc0030ea0:  e89da800  ldm      sp, {fp, sp, pc}

R00=00000000 R01=0000006d R02=c02b8368 R03=00000000
R04=0000006d R05=00000005 R06=00000000 R07=c02a7a18
R08=c02a5fc4 R09=c02b8423 R10=0000006a R11=c02a5f2c
R12=c02a5f20 R13=c02a5f20 R14=c0030e6c R15=c0030e94
PSR=600001d3 -ZC- A svc32
----------------
IN: 
0xc0031660:  e3500000  cmp      r0, #0
0xc0031664:  0a000007  beq      #0xc0031688

R00=00000000 R01=0000006d R02=c02b8368 R03=00000001
R04=0000006d R05=00000005 R06=00000000 R07=c02a7a18
R08=c02a5fc4 R09=c02b8423 R10=0000006a R11=c02a5fa4
R12=c02a5f20 R13=c02a5f30 R14=c0030e6c R15=c0031660
PSR=600001d3 -ZC- A svc32
----------------
IN: 
0xc0031688:  e59f1018  ldr      r1, [pc, #0x18]
0xc003168c:  e3e03000  mvn      r3, #0
0xc0031690:  e581304c  str      r3, [r1, #0x4c]
0xc0031694:  ebfffe04  bl       #0xc0030eac

R00=00000000 R01=0000006d R02=c02b8368 R03=00000001
R04=0000006d R05=00000005 R06=00000000 R07=c02a7a18
R08=c02a5fc4 R09=c02b8423 R10=0000006a R11=c02a5fa4
R12=c02a5f20 R13=c02a5f30 R14=c0030e6c R15=c0031688
PSR=600001d3 -ZC- A svc32
----------------
IN: 
0xc0030eac:  e1a0c00d  mov      ip, sp
0xc0030eb0:  e92ddff8  push     {r3, r4, r5, r6, r7, r8, sb, sl, fp, ip, lr, pc}
0xc0030eb4:  e24cb004  sub      fp, ip, #4
0xc0030eb8:  e59f9198  ldr      sb, [pc, #0x198]
0xc0030ebc:  e59930a4  ldr      r3, [sb, #0xa4]
0xc0030ec0:  e3530000  cmp      r3, #0
0xc0030ec4:  0a000002  beq      #0xc0030ed4

R00=00000000 R01=c02aa110 R02=c02b8368 R03=ffffffff
R04=0000006d R05=00000005 R06=00000000 R07=c02a7a18
R08=c02a5fc4 R09=c02b8423 R10=0000006a R11=c02a5fa4
R12=c02a5f20 R13=c02a5f30 R14=c0031698 R15=c0030eac
PSR=600001d3 -ZC- A svc32
----------------
IN: 
0xc0030ed4:  e59f6184  ldr      r6, [pc, #0x184]
0xc0030ed8:  e1a0a003  mov      sl, r3
0xc0030edc:  e58930a0  str      r3, [sb, #0xa0]
0xc0030ee0:  e1a08006  mov      r8, r6
0xc0030ee4:  e10f7000  mrs      r7, apsr
0xc0030ee8:  e3873080  orr      r3, r7, #0x80
0xc0030eec:  e121f003  msr      cpsr_c, r3

R00=00000000 R01=c02aa110 R02=c02b8368 R03=00000000
R04=0000006d R05=00000005 R06=00000000 R07=c02a7a18
R08=c02a5fc4 R09=c02b8368 R10=0000006a R11=c02a5f2c
R12=c02a5f30 R13=c02a5f00 R14=c0031698 R15=c0030ed4
PSR=600001d3 -ZC- A svc32
----------------
IN: 
0xc0030ef0:  e5995008  ldr      r5, [sb, #8]
0xc0030ef4:  e599300c  ldr      r3, [sb, #0xc]
0xc0030ef8:  e5994010  ldr      r4, [sb, #0x10]
0xc0030efc:  e0653003  rsb      r3, r5, r3
0xc0030f00:  e1550004  cmp      r5, r4
0xc0030f04:  e18aa003  orr      sl, sl, r3
0xc0030f08:  0a000042  beq      #0xc0031018

R00=00000000 R01=c02aa110 R02=c02b8368 R03=600001d3
R04=0000006d R05=00000005 R06=c02aa110 R07=600001d3
R08=c02aa110 R09=c02b8368 R10=00000000 R11=c02a5f2c
R12=c02a5f30 R13=c02a5f00 R14=c0031698 R15=c0030ef0
PSR=600001d3 -ZC- A svc32
----------------
IN: 
0xc0030f0c:  e59f3144  ldr      r3, [pc, #0x144]
0xc0030f10:  e5835010  str      r5, [r3, #0x10]
0xc0030f14:  e0653004  rsb      r3, r5, r4
0xc0030f18:  e3530000  cmp      r3, #0
0xc0030f1c:  da000002  ble      #0xc0030f2c

R00=00000000 R01=c02aa110 R02=c02b8368 R03=ffffff93
R04=00000000 R05=0000006d R06=c02aa110 R07=600001d3
R08=c02aa110 R09=c02b8368 R10=ffffff93 R11=c02a5f2c
R12=c02a5f30 R13=c02a5f00 R14=c0031698 R15=c0030f0c
PSR=200001d3 --C- A svc32
----------------
IN: 
0xc0030f2c:  e5963048  ldr      r3, [r6, #0x48]
0xc0030f30:  e3530000  cmp      r3, #0
0xc0030f34:  aa00002c  bge      #0xc0030fec

R00=00000000 R01=c02aa110 R02=c02b8368 R03=ffffff93
R04=00000000 R05=0000006d R06=c02aa110 R07=600001d3
R08=c02aa110 R09=c02b8368 R10=ffffff93 R11=c02a5f2c
R12=c02a5f30 R13=c02a5f00 R14=c0031698 R15=c0030f2c
PSR=a00001d3 N-C- A svc32
----------------
IN: 
0xc0030f38:  e0643005  rsb      r3, r4, r5
0xc0030f3c:  e3530002  cmp      r3, #2
0xc0030f40:  9a000029  bls      #0xc0030fec

R00=00000000 R01=c02aa110 R02=c02b8368 R03=ffffffff
R04=00000000 R05=0000006d R06=c02aa110 R07=600001d3
R08=c02aa110 R09=c02b8368 R10=ffffff93 R11=c02a5f2c
R12=c02a5f30 R13=c02a5f00 R14=c0031698 R15=c0030f38
PSR=a00001d3 N-C- A svc32
----------------
IN: 
0xc0030f44:  e8980009  ldm      r8, {r0, r3}
0xc0030f48:  e2431001  sub      r1, r3, #1
0xc0030f4c:  e0042001  and      r2, r4, r1
0xc0030f50:  e7d03002  ldrb     r3, [r0, r2]
0xc0030f54:  e353003c  cmp      r3, #0x3c
0xc0030f58:  1a000023  bne      #0xc0030fec

R00=00000000 R01=c02aa110 R02=c02b8368 R03=0000006d
R04=00000000 R05=0000006d R06=c02aa110 R07=600001d3
R08=c02aa110 R09=c02b8368 R10=ffffff93 R11=c02a5f2c
R12=c02a5f30 R13=c02a5f00 R14=c0031698 R15=c0030f44
PSR=200001d3 --C- A svc32
----------------
IN: 
0xc0030f5c:  e2843001  add      r3, r4, #1
0xc0030f60:  e0033001  and      r3, r3, r1
0xc0030f64:  e7d0c003  ldrb     ip, [r0, r3]
0xc0030f68:  e35c002f  cmp      ip, #0x2f
0xc0030f6c:  9a00001e  bls      #0xc0030fec

R00=c02b8824 R01=00003fff R02=00000000 R03=0000003c
R04=00000000 R05=0000006d R06=c02aa110 R07=600001d3
R08=c02aa110 R09=c02b8368 R10=ffffff93 R11=c02a5f2c
R12=c02a5f30 R13=c02a5f00 R14=c0031698 R15=c0030f5c
PSR=600001d3 -ZC- A svc32
----------------
IN: 
0xc0030f70:  e35c0037  cmp      ip, #0x37
0xc0030f74:  8a00001c  bhi      #0xc0030fec

R00=c02b8824 R01=00003fff R02=00000000 R03=00000001
R04=00000000 R05=0000006d R06=c02aa110 R07=600001d3
R08=c02aa110 R09=c02b8368 R10=ffffff93 R11=c02a5f2c
R12=00000035 R13=c02a5f00 R14=c0031698 R15=c0030f70
PSR=200001d3 --C- A svc32
----------------
IN: 
0xc0030f78:  e2843002  add      r3, r4, #2
0xc0030f7c:  e0033001  and      r3, r3, r1
0xc0030f80:  e7d02003  ldrb     r2, [r0, r3]
0xc0030f84:  e352003e  cmp      r2, #0x3e
0xc0030f88:  1a000017  bne      #0xc0030fec

R00=c02b8824 R01=00003fff R02=00000000 R03=00000001
R04=00000000 R05=0000006d R06=c02aa110 R07=600001d3
R08=c02aa110 R09=c02b8368 R10=ffffff93 R11=c02a5f2c
R12=00000035 R13=c02a5f00 R14=c0031698 R15=c0030f78
PSR=800001d3 N--- A svc32
----------------
IN: 
0xc0030f8c:  e24c3030  sub      r3, ip, #0x30
0xc0030f90:  e2844003  add      r4, r4, #3
0xc0030f94:  e5883048  str      r3, [r8, #0x48]
0xc0030f98:  e1a00004  mov      r0, r4
0xc0030f9c:  ea000013  b        #0xc0030ff0

R00=c02b8824 R01=00003fff R02=0000003e R03=00000002
R04=00000000 R05=0000006d R06=c02aa110 R07=600001d3
R08=c02aa110 R09=c02b8368 R10=ffffff93 R11=c02a5f2c
R12=00000035 R13=c02a5f00 R14=c0031698 R15=c0030f8c
PSR=600001d3 -ZC- A svc32
----------------
IN: 
0xc0030ff0:  e5963004  ldr      r3, [r6, #4]
0xc0030ff4:  e596c000  ldr      ip, [r6]
0xc0030ff8:  e2431001  sub      r1, r3, #1
0xc0030ffc:  e1550004  cmp      r5, r4

R00=00000003 R01=00003fff R02=0000003e R03=00000005
R04=00000003 R05=0000006d R06=c02aa110 R07=600001d3
R08=c02aa110 R09=c02b8368 R10=ffffff93 R11=c02a5f2c
R12=00000035 R13=c02a5f00 R14=c0031698 R15=c0030ff0
PSR=600001d3 -ZC- A svc32
----------------
IN: 
0xc0031000:  1affffe6  bne      #0xc0030fa0

R00=00000003 R01=00003fff R02=0000003e R03=00004000
R04=00000003 R05=0000006d R06=c02aa110 R07=600001d3
R08=c02aa110 R09=c02b8368 R10=ffffff93 R11=c02a5f2c
R12=c02b8824 R13=c02a5f00 R14=c0031698 R15=c0031000
PSR=200001d3 --C- A svc32
----------------
IN: 
0xc0030fa0:  e0042001  and      r2, r4, r1
0xc0030fa4:  e2844001  add      r4, r4, #1
0xc0030fa8:  e7dc3002  ldrb     r3, [ip, r2]
0xc0030fac:  e353000a  cmp      r3, #0xa
0xc0030fb0:  1a000011  bne      #0xc0030ffc

R00=00000003 R01=00003fff R02=0000003e R03=00004000
R04=00000003 R05=0000006d R06=c02aa110 R07=600001d3
R08=c02aa110 R09=c02b8368 R10=ffffff93 R11=c02a5f2c
R12=c02b8824 R13=c02a5f00 R14=c0031698 R15=c0030fa0
PSR=200001d3 --C- A svc32
----------------
IN: 
0xc0030ffc:  e1550004  cmp      r5, r4

R00=00000003 R01=00003fff R02=00000003 R03=0000004c
R04=00000004 R05=0000006d R06=c02aa110 R07=600001d3
R08=c02aa110 R09=c02b8368 R10=ffffff93 R11=c02a5f2c
R12=c02b8824 R13=c02a5f00 R14=c0031698 R15=c0030ffc
PSR=200001d3 --C- A svc32
----------------
IN: 
0xc0030fb4:  e5963048  ldr      r3, [r6, #0x48]
0xc0030fb8:  e3530000  cmp      r3, #0
0xc0030fbc:  aa000001  bge      #0xc0030fc8

R00=00000003 R01=00003fff R02=0000006c R03=0000000a
R04=0000006d R05=0000006d R06=c02aa110 R07=600001d3
R08=c02aa110 R09=c02b8368 R10=ffffff93 R11=c02a5f2c
R12=c02b8824 R13=c02a5f00 R14=c0031698 R15=c0030fb4
PSR=600001d3 -ZC- A svc32
----------------
IN: 
0xc0030fc8:  e1a01004  mov      r1, r4
0xc0030fcc:  e5962048  ldr      r2, [r6, #0x48]
0xc0030fd0:  ebfffeaf  bl       #0xc0030a94

R00=00000003 R01=00003fff R02=0000006c R03=00000005
R04=0000006d R05=0000006d R06=c02aa110 R07=600001d3
R08=c02aa110 R09=c02b8368 R10=ffffff93 R11=c02a5f2c
R12=c02b8824 R13=c02a5f00 R14=c0031698 R15=c0030fc8
PSR=200001d3 --C- A svc32
----------------
IN: 
0xc0030a94:  e1a0c00d  mov      ip, sp
0xc0030a98:  e92dd830  push     {r4, r5, fp, ip, lr, pc}
0xc0030a9c:  e24cb004  sub      fp, ip, #4
0xc0030aa0:  e59f5098  ldr      r5, [pc, #0x98]
0xc0030aa4:  e1a0c000  mov      ip, r0
0xc0030aa8:  e1a04001  mov      r4, r1
0xc0030aac:  e5953008  ldr      r3, [r5, #8]
0xc0030ab0:  e1530002  cmp      r3, r2
0xc0030ab4:  da000001  ble      #0xc0030ac0

R00=00000003 R01=0000006d R02=00000005 R03=00000005
R04=0000006d R05=0000006d R06=c02aa110 R07=600001d3
R08=c02aa110 R09=c02b8368 R10=ffffff93 R11=c02a5f2c
R12=c02b8824 R13=c02a5f00 R14=c0030fd4 R15=c0030a94
PSR=200001d3 --C- A svc32
----------------
IN: 
0xc0030ab8:  e59f2084  ldr      r2, [pc, #0x84]
0xc0030abc:  ea000003  b        #0xc0030ad0

R00=00000003 R01=0000006d R02=00000005 R03=00000007
R04=0000006d R05=c02aa110 R06=c02aa110 R07=600001d3
R08=c02aa110 R09=c02b8368 R10=ffffff93 R11=c02a5efc
R12=00000003 R13=c02a5ee8 R14=c0030fd4 R15=c0030ab8
PSR=200001d3 --C- A svc32
----------------
IN: 
0xc0030ad0:  e5923000  ldr      r3, [r2]
0xc0030ad4:  e3a01000  mov      r1, #0
0xc0030ad8:  e3530000  cmp      r3, #0
0xc0030adc:  0a000000  beq      #0xc0030ae4

R00=00000003 R01=0000006d R02=c02b8368 R03=00000007
R04=0000006d R05=c02aa110 R06=c02aa110 R07=600001d3
R08=c02aa110 R09=c02b8368 R10=ffffff93 R11=c02a5efc
R12=00000003 R13=c02a5ee8 R14=c0030fd4 R15=c0030ad0
PSR=200001d3 --C- A svc32
----------------
IN: 
0xc0030ae4:  e02c3004  eor      r3, ip, r4
0xc0030ae8:  e0232fc3  eor      r2, r3, r3, asr #31
0xc0030aec:  e0622fc3  rsb      r2, r2, r3, asr #31
0xc0030af0:  e0112fa2  ands     r2, r1, r2, lsr #31
0xc0030af4:  0a000010  beq      #0xc0030b3c

R00=00000003 R01=00000000 R02=c02b8368 R03=00000000
R04=0000006d R05=c02aa110 R06=c02aa110 R07=600001d3
R08=c02aa110 R09=c02b8368 R10=ffffff93 R11=c02a5efc
R12=00000003 R13=c02a5ee8 R14=c0030fd4 R15=c0030ae4
PSR=600001d3 -ZC- A svc32
----------------
IN: 
0xc0030b3c:  e89da830  ldm      sp, {r4, r5, fp, sp, pc}

R00=00000003 R01=00000000 R02=00000000 R03=0000006e
R04=0000006d R05=c02aa110 R06=c02aa110 R07=600001d3
R08=c02aa110 R09=c02b8368 R10=ffffff93 R11=c02a5efc
R12=00000003 R13=c02a5ee8 R14=c0030fd4 R15=c0030b3c
PSR=600001d3 -ZC- A svc32
----------------
IN: 
0xc0030fd4:  e3e03000  mvn      r3, #0
0xc0030fd8:  e1550004  cmp      r5, r4
0xc0030fdc:  e5863048  str      r3, [r6, #0x48]
0xc0030fe0:  1affffd1  bne      #0xc0030f2c

R00=00000003 R01=00000000 R02=00000000 R03=0000006e
R04=0000006d R05=0000006d R06=c02aa110 R07=600001d3
R08=c02aa110 R09=c02b8368 R10=ffffff93 R11=c02a5f2c
R12=00000003 R13=c02a5f00 R14=c0030fd4 R15=c0030fd4
PSR=600001d3 -ZC- A svc32
----------------
IN: 
0xc0030fe4:  e1a00005  mov      r0, r5
0xc0030fe8:  ea000005  b        #0xc0031004

R00=00000003 R01=00000000 R02=00000000 R03=ffffffff
R04=0000006d R05=0000006d R06=c02aa110 R07=600001d3
R08=c02aa110 R09=c02b8368 R10=ffffff93 R11=c02a5f2c
R12=00000003 R13=c02a5f00 R14=c0030fd4 R15=c0030fe4
PSR=600001d3 -ZC- A svc32
----------------
IN: 
0xc0031004:  e1a01005  mov      r1, r5
0xc0031008:  e5962048  ldr      r2, [r6, #0x48]
0xc003100c:  ebfffea0  bl       #0xc0030a94

R00=0000006d R01=00000000 R02=00000000 R03=ffffffff
R04=0000006d R05=0000006d R06=c02aa110 R07=600001d3
R08=c02aa110 R09=c02b8368 R10=ffffff93 R11=c02a5f2c
R12=00000003 R13=c02a5f00 R14=c0030fd4 R15=c0031004
PSR=600001d3 -ZC- A svc32
----------------
IN: 
0xc0031010:  e121f007  msr      cpsr_c, r7

R00=0000006d R01=00000000 R02=00000000 R03=00000000
R04=0000006d R05=0000006d R06=c02aa110 R07=600001d3
R08=c02aa110 R09=c02b8368 R10=ffffff93 R11=c02a5f2c
R12=0000006d R13=c02a5f00 R14=c0031010 R15=c0031010
PSR=400001d3 -Z-- A svc32
----------------
IN: 
0xc0031014:  eaffffb2  b        #0xc0030ee4

R00=0000006d R01=00000000 R02=00000000 R03=00000000
R04=0000006d R05=0000006d R06=c02aa110 R07=600001d3
R08=c02aa110 R09=c02b8368 R10=ffffff93 R11=c02a5f2c
R12=0000006d R13=c02a5f00 R14=c0031010 R15=c0031014
PSR=400001d3 -Z-- A svc32
----------------
IN: 
0xc0030ee4:  e10f7000  mrs      r7, apsr
0xc0030ee8:  e3873080  orr      r3, r7, #0x80
0xc0030eec:  e121f003  msr      cpsr_c, r3

R00=0000006d R01=00000000 R02=00000000 R03=00000000
R04=0000006d R05=0000006d R06=c02aa110 R07=600001d3
R08=c02aa110 R09=c02b8368 R10=ffffff93 R11=c02a5f2c
R12=0000006d R13=c02a5f00 R14=c0031010 R15=c0030ee4
PSR=400001d3 -Z-- A svc32
R00=0000006d R01=00000000 R02=00000000 R03=400001d3
R04=0000006d R05=0000006d R06=c02aa110 R07=400001d3
R08=c02aa110 R09=c02b8368 R10=ffffff93 R11=c02a5f2c
R12=0000006d R13=c02a5f00 R14=c0031010 R15=c0030ef0
PSR=400001d3 -Z-- A svc32
----------------
IN: 
0xc0031018:  e59f3038  ldr      r3, [pc, #0x38]
0xc003101c:  e3a02000  mov      r2, #0
0xc0031020:  e59f0034  ldr      r0, [pc, #0x34]
0xc0031024:  e5832018  str      r2, [r3, #0x18]
0xc0031028:  eb0062a8  bl       #0xc0049ad0

R00=0000006d R01=00000000 R02=00000000 R03=ffffff93
R04=0000006d R05=0000006d R06=c02aa110 R07=400001d3
R08=c02aa110 R09=c02b8368 R10=ffffff93 R11=c02a5f2c
R12=0000006d R13=c02a5f00 R14=c0031010 R15=c0031018
PSR=600001d3 -ZC- A svc32
----------------
IN: 
0xc0049ad0:  e1a0c00d  mov      ip, sp
0xc0049ad4:  e92dd830  push     {r4, r5, fp, ip, lr, pc}
0xc0049ad8:  e24cb004  sub      fp, ip, #4
0xc0049adc:  e10f4000  mrs      r4, apsr
0xc0049ae0:  e3843080  orr      r3, r4, #0x80
0xc0049ae4:  e121f003  msr      cpsr_c, r3

R00=c02aa14c R01=00000000 R02=00000000 R03=c02b8368
R04=0000006d R05=0000006d R06=c02aa110 R07=400001d3
R08=c02aa110 R09=c02b8368 R10=ffffff93 R11=c02a5f2c
R12=0000006d R13=c02a5f00 R14=c003102c R15=c0049ad0
PSR=600001d3 -ZC- A svc32
----------------
IN: 
0xc0049ae8:  e5902004  ldr      r2, [r0, #4]
0xc0049aec:  e2803004  add      r3, r0, #4
0xc0049af0:  e1520003  cmp      r2, r3
0xc0049af4:  1a000003  bne      #0xc0049b08

R00=c02aa14c R01=00000000 R02=00000000 R03=600001d3
R04=600001d3 R05=0000006d R06=c02aa110 R07=400001d3
R08=c02aa110 R09=c02b8368 R10=ffffff93 R11=c02a5efc
R12=c02a5f00 R13=c02a5ee8 R14=c003102c R15=c0049ae8
PSR=600001d3 -ZC- A svc32
----------------
IN: 
0xc0049af8:  e5903000  ldr      r3, [r0]
0xc0049afc:  e2833001  add      r3, r3, #1
0xc0049b00:  e5803000  str      r3, [r0]
0xc0049b04:  ea000000  b        #0xc0049b0c

R00=c02aa14c R01=00000000 R02=c02aa150 R03=c02aa150
R04=600001d3 R05=0000006d R06=c02aa110 R07=400001d3
R08=c02aa110 R09=c02b8368 R10=ffffff93 R11=c02a5efc
R12=c02a5f00 R13=c02a5ee8 R14=c003102c R15=c0049af8
PSR=600001d3 -ZC- A svc32
----------------
IN: 
0xc0049b0c:  e121f004  msr      cpsr_c, r4

R00=c02aa14c R01=00000000 R02=c02aa150 R03=00000001
R04=600001d3 R05=0000006d R06=c02aa110 R07=400001d3
R08=c02aa110 R09=c02b8368 R10=ffffff93 R11=c02a5efc
R12=c02a5f00 R13=c02a5ee8 R14=c003102c R15=c0049b0c
PSR=600001d3 -ZC- A svc32
----------------
IN: 
0xc0049b10:  e89da830  ldm      sp, {r4, r5, fp, sp, pc}

R00=c02aa14c R01=00000000 R02=c02aa150 R03=00000001
R04=600001d3 R05=0000006d R06=c02aa110 R07=400001d3
R08=c02aa110 R09=c02b8368 R10=ffffff93 R11=c02a5efc
R12=c02a5f00 R13=c02a5ee8 R14=c003102c R15=c0049b10
PSR=600001d3 -ZC- A svc32
----------------
IN: 
0xc003102c:  e121f007  msr      cpsr_c, r7

R00=c02aa14c R01=00000000 R02=c02aa150 R03=00000001
R04=0000006d R05=0000006d R06=c02aa110 R07=400001d3
R08=c02aa110 R09=c02b8368 R10=ffffff93 R11=c02a5f2c
R12=c02a5f00 R13=c02a5f00 R14=c003102c R15=c003102c
PSR=600001d3 -ZC- A svc32
----------------
IN: 
0xc0031030:  e35a0000  cmp      sl, #0
0xc0031034:  0a000006  beq      #0xc0031054

R00=c02aa14c R01=00000000 R02=c02aa150 R03=00000001
R04=0000006d R05=0000006d R06=c02aa110 R07=400001d3
R08=c02aa110 R09=c02b8368 R10=ffffff93 R11=c02a5f2c
R12=c02a5f00 R13=c02a5f00 R14=c003102c R15=c0031030
PSR=600001d3 -ZC- A svc32
----------------
IN: 
0xc0031038:  e596201c  ldr      r2, [r6, #0x1c]
0xc003103c:  e59f3020  ldr      r3, [pc, #0x20]
0xc0031040:  e1520003  cmp      r2, r3
0xc0031044:  0a000002  beq      #0xc0031054

R00=c02aa14c R01=00000000 R02=c02aa150 R03=00000001
R04=0000006d R05=0000006d R06=c02aa110 R07=400001d3
R08=c02aa110 R09=c02b8368 R10=ffffff93 R11=c02a5f2c
R12=c02a5f00 R13=c02a5f00 R14=c003102c R15=c0031038
PSR=a00001d3 N-C- A svc32
----------------
IN: 
0xc0031054:  e89daff8  ldm      sp, {r3, r4, r5, r6, r7, r8, sb, sl, fp, sp, pc}

R00=c02aa14c R01=00000000 R02=c02aa12c R03=c02aa12c
R04=0000006d R05=0000006d R06=c02aa110 R07=400001d3
R08=c02aa110 R09=c02b8368 R10=ffffff93 R11=c02a5f2c
R12=c02a5f00 R13=c02a5f00 R14=c003102c R15=c0031054
PSR=600001d3 -ZC- A svc32
----------------
IN: 
0xc0031698:  eafffff5  b        #0xc0031674

R00=c02aa14c R01=00000000 R02=c02aa12c R03=ffffffff
R04=0000006d R05=00000005 R06=00000000 R07=c02a7a18
R08=c02a5fc4 R09=c02b8423 R10=0000006a R11=c02a5fa4
R12=c02a5f00 R13=c02a5f30 R14=c003102c R15=c0031698
PSR=600001d3 -ZC- A svc32
----------------
IN: 
0xc0031674:  e51b006c  ldr      r0, [fp, #-0x6c]
0xc0031678:  e121f000  msr      cpsr_c, r0

R00=c02aa14c R01=00000000 R02=c02aa12c R03=ffffffff
R04=0000006d R05=00000005 R06=00000000 R07=c02a7a18
R08=c02a5fc4 R09=c02b8423 R10=0000006a R11=c02a5fa4
R12=c02a5f00 R13=c02a5f30 R14=c003102c R15=c0031674
PSR=600001d3 -ZC- A svc32
----------------
IN: 
0xc003167c:  e51b0068  ldr      r0, [fp, #-0x68]
0xc0031680:  e24bd028  sub      sp, fp, #0x28
0xc0031684:  e89daff0  ldm      sp, {r4, r5, r6, r7, r8, sb, sl, fp, sp, pc}

R00=600001d3 R01=00000000 R02=c02aa12c R03=ffffffff
R04=0000006d R05=00000005 R06=00000000 R07=c02a7a18
R08=c02a5fc4 R09=c02b8423 R10=0000006a R11=c02a5fa4
R12=c02a5f00 R13=c02a5f30 R14=c003102c R15=c003167c
PSR=600001d3 -ZC- A svc32
----------------
IN: 
0xc020dc48:  e24bd00c  sub      sp, fp, #0xc
0xc020dc4c:  e89da800  ldm      sp, {fp, sp, pc}

R00=00000070 R01=00000000 R02=c02aa12c R03=ffffffff
R04=00093175 R05=c02b78e0 R06=c001ee0c R07=c02a7a18
R08=0001d0e8 R09=41069265 R10=0001d018 R11=c02a5fbc
R12=c02a5f00 R13=c02a5fa8 R14=c003102c R15=c020dc48
PSR=600001d3 -ZC- A svc32
----------------
IN: 
0xc00087d8:  e24b0018  sub      r0, fp, #0x18
0xc00087dc:  eb000871  bl       #0xc000a9a8

R00=00000070 R01=00000000 R02=c02aa12c R03=ffffffff
R04=00093175 R05=c02b78e0 R06=c001ee0c R07=c02a7a18
R08=0001d0e8 R09=41069265 R10=0001d018 R11=c02a5ff4
R12=c02a5f00 R13=c02a5fd0 R14=c003102c R15=c00087d8
PSR=600001d3 -ZC- A svc32
----------------
IN: 
0xc000a9a8:  e1a0c00d  mov      ip, sp
0xc000a9ac:  e92ddff0  push     {r4, r5, r6, r7, r8, sb, sl, fp, ip, lr, pc}
0xc000a9b0:  e24cb004  sub      fp, ip, #4
0xc000a9b4:  e24dd024  sub      sp, sp, #0x24
0xc000a9b8:  e59f15ec  ldr      r1, [pc, #0x5ec]
0xc000a9bc:  e50b0038  str      r0, [fp, #-0x38]
0xc000a9c0:  ee105f10  mrc      p15, #0, r5, c0, c0, #0
0xc000a9c4:  e1a00005  mov      r0, r5
0xc000a9c8:  e2813008  add      r3, r1, #8
0xc000a9cc:  e50b3030  str      r3, [fp, #-0x30]
0xc000a9d0:  ebfff5f2  bl       #0xc00081a0

R00=c02a5fdc R01=00000000 R02=c02aa12c R03=ffffffff
R04=00093175 R05=c02b78e0 R06=c001ee0c R07=c02a7a18
R08=0001d0e8 R09=41069265 R10=0001d018 R11=c02a5ff4
R12=c02a5f00 R13=c02a5fd0 R14=c00087e0 R15=c000a9a8
PSR=600001d3 -ZC- A svc32
----------------
IN: 
0xc00081a0:  e92d42f0  push     {r4, r5, r6, r7, sb, lr}
0xc00081a4:  e1a09000  mov      sb, r0
0xc00081a8:  ebffffed  bl       #0xc0008164

R00=41069265 R01=c001e9d4 R02=c02aa12c R03=c001e9dc
R04=00093175 R05=41069265 R06=c001ee0c R07=c02a7a18
R08=0001d0e8 R09=41069265 R10=0001d018 R11=c02a5fcc
R12=c02a5fd0 R13=c02a5f80 R14=c000a9d4 R15=c00081a0
PSR=600001d3 -ZC- A svc32
----------------
IN: 
0xc0008164:  e28f3048  add      r3, pc, #0x48
0xc0008168:  e89300e0  ldm      r3, {r5, r6, r7}
0xc000816c:  e2833008  add      r3, r3, #8
0xc0008170:  e0433007  sub      r3, r3, r7
0xc0008174:  e0855003  add      r5, r5, r3
0xc0008178:  e0866003  add      r6, r6, r3
0xc000817c:  e8950018  ldm      r5, {r3, r4}
0xc0008180:  e0044009  and      r4, r4, sb
0xc0008184:  e1330004  teq      r3, r4
0xc0008188:  0a000003  beq      #0xc000819c

R00=41069265 R01=c001e9d4 R02=c02aa12c R03=c001e9dc
R04=00093175 R05=41069265 R06=c001ee0c R07=c02a7a18
R08=0001d0e8 R09=41069265 R10=0001d018 R11=c02a5fcc
R12=c02a5fd0 R13=c02a5f68 R14=c00081ac R15=c0008164
PSR=600001d3 -ZC- A svc32
----------------
IN: 
0xc000819c:  e1a0f00e  mov      pc, lr

R00=41069265 R01=c001e9d4 R02=c02aa12c R03=41009260
R04=41009260 R05=c001d018 R06=c001d0e8 R07=c00081bc
R08=0001d0e8 R09=41069265 R10=0001d018 R11=c02a5fcc
R12=c02a5fd0 R13=c02a5f68 R14=c00081ac R15=c000819c
PSR=600001d3 -ZC- A svc32
----------------
IN: 
0xc00081ac:  e1a00005  mov      r0, r5
0xc00081b0:  e8bd82f0  pop      {r4, r5, r6, r7, sb, pc}

R00=41069265 R01=c001e9d4 R02=c02aa12c R03=41009260
R04=41009260 R05=c001d018 R06=c001d0e8 R07=c00081bc
R08=0001d0e8 R09=41069265 R10=0001d018 R11=c02a5fcc
R12=c02a5fd0 R13=c02a5f68 R14=c00081ac R15=c00081ac
PSR=600001d3 -ZC- A svc32
----------------
IN: 
0xc000a9d4:  e2508000  subs     r8, r0, #0
0xc000a9d8:  1a000003  bne      #0xc000a9ec

R00=c001d018 R01=c001e9d4 R02=c02aa12c R03=41009260
R04=00093175 R05=41069265 R06=c001ee0c R07=c02a7a18
R08=0001d0e8 R09=41069265 R10=0001d018 R11=c02a5fcc
R12=c02a5fd0 R13=c02a5f80 R14=c00081ac R15=c000a9d4
PSR=600001d3 -ZC- A svc32
----------------
IN: 
0xc000a9ec:  e5986020  ldr      r6, [r8, #0x20]
0xc000a9f0:  e59f25bc  ldr      r2, [pc, #0x5bc]
0xc000a9f4:  e582604c  str      r6, [r2, #0x4c]
0xc000a9f8:  e2824060  add      r4, r2, #0x60
0xc000a9fc:  e598c030  ldr      ip, [r8, #0x30]
0xc000aa00:  e1a0e00c  mov      lr, ip
0xc000aa04:  e8be000f  ldm      lr!, {r0, r1, r2, r3}
0xc000aa08:  e8a4000f  stm      r4!, {r0, r1, r2, r3}
0xc000aa0c:  e8be000f  ldm      lr!, {r0, r1, r2, r3}
0xc000aa10:  e8a4000f  stm      r4!, {r0, r1, r2, r3}
0xc000aa14:  e59e3000  ldr      r3, [lr]
0xc000aa18:  e5843000  str      r3, [r4]
0xc000aa1c:  eb00608d  bl       #0xc0022c58

R00=c001d018 R01=c001e9d4 R02=c02aa12c R03=41009260
R04=00093175 R05=41069265 R06=c001ee0c R07=c02a7a18
R08=c001d018 R09=41069265 R10=0001d018 R11=c02a5fcc
R12=c02a5fd0 R13=c02a5f80 R14=c00081ac R15=c000a9ec
PSR=a00001d3 N-C- A svc32
----------------
IN: 
0xc0022c58:  e1a0c00d  mov      ip, sp
0xc0022c5c:  e92dd800  push     {fp, ip, lr, pc}
0xc0022c60:  e24cb004  sub      fp, ip, #4
0xc0022c64:  ee103f10  mrc      p15, #0, r3, c0, c0, #0
0xc0022c68:  e2132a8f  ands     r2, r3, #0x8f000
0xc0022c6c:  0a00001c  beq      #0xc0022ce4

R00=c0029040 R01=c0029060 R02=c00290e0 R03=c00291c0
R04=c02b7c00 R05=41069265 R06=c021054b R07=c02a7a18
R08=c001d018 R09=41069265 R10=0001d018 R11=c02a5fcc
R12=c0029208 R13=c02a5f80 R14=c000aa20 R15=c0022c58
PSR=a00001d3 N-C- A svc32
----------------
IN: 
0xc0022c70:  e3520a07  cmp      r2, #0x7000
0xc0022c74:  1a000005  bne      #0xc0022c90

R00=c0029040 R01=c0029060 R02=00009000 R03=41069265
R04=c02b7c00 R05=41069265 R06=c021054b R07=c02a7a18
R08=c001d018 R09=41069265 R10=0001d018 R11=c02a5f7c
R12=c02a5f80 R13=c02a5f70 R14=c000aa20 R15=c0022c70
PSR=000001d3 ---- A svc32
----------------
IN: 
0xc0022c90:  e3130702  tst      r3, #0x80000
0xc0022c94:  1a000004  bne      #0xc0022cac

R00=c0029040 R01=c0029060 R02=00009000 R03=41069265
R04=c02b7c00 R05=41069265 R06=c021054b R07=c02a7a18
R08=c001d018 R09=41069265 R10=0001d018 R11=c02a5f7c
R12=c02a5f80 R13=c02a5f70 R14=c000aa20 R15=c0022c90
PSR=200001d3 --C- A svc32
----------------
IN: 
0xc0022c98:  e1a03823  lsr      r3, r3, #0x10
0xc0022c9c:  e2130007  ands     r0, r3, #7
0xc0022ca0:  0a000014  beq      #0xc0022cf8

R00=c0029040 R01=c0029060 R02=00009000 R03=41069265
R04=c02b7c00 R05=41069265 R06=c021054b R07=c02a7a18
R08=c001d018 R09=41069265 R10=0001d018 R11=c02a5f7c
R12=c02a5f80 R13=c02a5f70 R14=c000aa20 R15=c0022c98
PSR=400001d3 -Z-- A svc32
----------------
IN: 
0xc0022ca4:  e2800001  add      r0, r0, #1
0xc0022ca8:  e89da800  ldm      sp, {fp, sp, pc}

R00=00000006 R01=c0029060 R02=00009000 R03=00004106
R04=c02b7c00 R05=41069265 R06=c021054b R07=c02a7a18
R08=c001d018 R09=41069265 R10=0001d018 R11=c02a5f7c
R12=c02a5f80 R13=c02a5f70 R14=c000aa20 R15=c0022ca4
PSR=000001d3 ---- A svc32
----------------
IN: 
0xc000aa20:  e59fc590  ldr      ip, [pc, #0x590]
0xc000aa24:  e1a02005  mov      r2, r5
0xc000aa28:  e59f358c  ldr      r3, [pc, #0x58c]
0xc000aa2c:  e1a01006  mov      r1, r6
0xc000aa30:  e59c4000  ldr      r4, [ip]
0xc000aa34:  e58d4004  str      r4, [sp, #4]
0xc000aa38:  e0833100  add      r3, r3, r0, lsl #2
0xc000aa3c:  e1a07000  mov      r7, r0
0xc000aa40:  e5935040  ldr      r5, [r3, #0x40]
0xc000aa44:  e202300f  and      r3, r2, #0xf
0xc000aa48:  e59f0570  ldr      r0, [pc, #0x570]
0xc000aa4c:  e58d5000  str      r5, [sp]
0xc000aa50:  eb080c72  bl       #0xc020dc20

R00=00000007 R01=c0029060 R02=00009000 R03=00004106
R04=c02b7c00 R05=41069265 R06=c021054b R07=c02a7a18
R08=c001d018 R09=41069265 R10=0001d018 R11=c02a5fcc
R12=c02a5f80 R13=c02a5f80 R14=c000aa20 R15=c000aa20
PSR=000001d3 ---- A svc32
R00=c02b8368 R01=c02aa110 R02=600001d3 R03=600001d3
R04=00093177 R05=00000004 R06=c021054b R07=00000007
R08=c02a5f74 R09=41069265 R10=c026e028 R11=c02a5f54
R12=c02a5f58 R13=c02a5ee0 R14=c020dc48 R15=c0031394
PSR=600001d3 -ZC- A svc32
----------------
IN: 
0xc011604c:  e210c003  ands     ip, r0, #3
0xc0116050:  f5d1f000  pld      [r1]
0xc0116054:  1a000038  bne      #0xc011613c

R00=c02b8420 R01=c026e028 R02=00000001 R03=00000400
R04=00000005 R05=00000004 R06=c026e02d R07=00000000
R08=c02b8420 R09=00000000 R10=c026e028 R11=c02a5ec4
R12=c02b8820 R13=c02a5e34 R14=c0120070 R15=c011604c
PSR=200001d3 --C- A svc32
----------------
IN: 
0xc0116058:  e211c003  ands     ip, r1, #3
0xc011605c:  1a000042  bne      #0xc011616c

R00=c02b8420 R01=c026e028 R02=00000001 R03=00000400
R04=00000005 R05=00000004 R06=c026e02d R07=00000000
R08=c02b8420 R09=00000000 R10=c026e028 R11=c02a5ec4
R12=00000000 R13=c02a5e34 R14=c0120070 R15=c0116058
PSR=600001d3 -ZC- A svc32
----------------
IN: 
0xc0116060:  e252201c  subs     r2, r2, #0x1c
0xc0116064:  e92d01e0  push     {r5, r6, r7, r8}
0xc0116068:  ba000013  blt      #0xc01160bc

R00=c02b8420 R01=c026e028 R02=00000001 R03=00000400
R04=00000005 R05=00000004 R06=c026e02d R07=00000000
R08=c02b8420 R09=00000000 R10=c026e028 R11=c02a5ec4
R12=00000000 R13=c02a5e34 R14=c0120070 R15=c0116060
PSR=600001d3 -ZC- A svc32
----------------
IN: 
0xc01160bc:  e212c01c  ands     ip, r2, #0x1c
0xc01160c0:  e26cc020  rsb      ip, ip, #0x20
0xc01160c4:  108ff00c  addne    pc, pc, ip

R00=c02b8420 R01=c026e028 R02=ffffffe5 R03=00000400
R04=00000005 R05=00000004 R06=c026e02d R07=00000000
R08=c02b8420 R09=00000000 R10=c026e028 R11=c02a5ec4
R12=00000000 R13=c02a5e24 R14=c0120070 R15=c01160bc
PSR=800001d3 N--- A svc32
----------------
IN: 
0xc01160e8:  e491e004  ldr      lr, [r1], #4
0xc01160ec:  e08ff00c  add      pc, pc, ip

R00=c02b8420 R01=c026e028 R02=ffffffe5 R03=00000400
R04=00000005 R05=00000004 R06=c026e02d R07=00000000
R08=c02b8420 R09=00000000 R10=c026e028 R11=c02a5ec4
R12=0000001c R13=c02a5e24 R14=c0120070 R15=c01160e8
PSR=000001d3 ---- A svc32
----------------
IN: 
0xc0116110:  e480e004  str      lr, [r0], #4
0xc0116114:  2affffdc  bhs      #0xc011608c

R00=c02b8420 R01=c026e02c R02=ffffffe5 R03=00000400
R04=00000005 R05=00000004 R06=c026e02d R07=00000000
R08=c02b8420 R09=00000000 R10=c026e028 R11=c02a5ec4
R12=0000001c R13=c02a5e24 R14=3a555043 R15=c0116110
PSR=000001d3 ---- A svc32
----------------
IN: 
0xc0116118:  e8bd01e0  pop      {r5, r6, r7, r8}
0xc011611c:  e1b02f82  lsls     r2, r2, #0x1f
0xc0116120:  14d13001  ldrbne   r3, [r1], #1
0xc0116124:  24d14001  ldrbhs   r4, [r1], #1
0xc0116128:  24d1c001  ldrbhs   ip, [r1], #1
0xc011612c:  14c03001  strbne   r3, [r0], #1
0xc0116130:  24c04001  strbhs   r4, [r0], #1
0xc0116134:  24c0c001  strbhs   ip, [r0], #1
0xc0116138:  e8bd8011  pop      {r0, r4, pc}

R00=c02b8424 R01=c026e02c R02=ffffffe5 R03=00000400
R04=00000005 R05=00000004 R06=c026e02d R07=00000000
R08=c02b8420 R09=00000000 R10=c026e028 R11=c02a5ec4
R12=0000001c R13=c02a5e24 R14=3a555043 R15=c0116118
PSR=000001d3 ---- A svc32
----------------
IN: 
0xc011fae8:  e51b104c  ldr      r1, [fp, #-0x4c]
0xc011faec:  e3811001  orr      r1, r1, #1
0xc011faf0:  e50b104c  str      r1, [fp, #-0x4c]
0xc011faf4:  eaffffd5  b        #0xc011fa50

R00=00000025 R01=c02a5f78 R02=00000030 R03=00000010
R04=00000002 R05=c026e032 R06=c026e031 R07=00000000
R08=c02b842f R09=ffffffff R10=c026e031 R11=c02a5ec4
R12=00000000 R13=c02a5e40 R14=c0120070 R15=c011fae8
PSR=600001d3 -ZC- A svc32
----------------
IN: 
0xc011fa50:  e5f52001  ldrb     r2, [r5, #1]!
0xc011fa54:  e2423020  sub      r3, r2, #0x20
0xc011fa58:  e3530010  cmp      r3, #0x10
0xc011fa5c:  979ff103  ldrls    pc, [pc, r3, lsl #2]

R00=00000025 R01=00000001 R02=00000030 R03=00000010
R04=00000002 R05=c026e032 R06=c026e031 R07=00000000
R08=c02b842f R09=ffffffff R10=c026e031 R11=c02a5ec4
R12=00000000 R13=c02a5e40 R14=c0120070 R15=c011fa50
PSR=600001d3 -ZC- A svc32
R00=00000025 R01=00000001 R02=00000038 R03=00000018
R04=00000002 R05=c026e033 R06=c026e031 R07=00000000
R08=c02b842f R09=ffffffff R10=c026e031 R11=c02a5ec4
R12=00000000 R13=c02a5e40 R14=c0120070 R15=c011fa60
PSR=200001d3 --C- A svc32
----------------
IN: 
0xc011fb0c:  e3a09000  mov      sb, #0
0xc011fb10:  e0892109  add      r2, sb, sb, lsl #2
0xc011fb14:  e24c3030  sub      r3, ip, #0x30
0xc011fb18:  e0839082  add      sb, r3, r2, lsl #1
0xc011fb1c:  e5f5c001  ldrb     ip, [r5, #1]!
0xc011fb20:  e59f28b0  ldr      r2, [pc, #0x8b0]
0xc011fb24:  e1a0000c  mov      r0, ip
0xc011fb28:  e7d2100c  ldrb     r1, [r2, ip]
0xc011fb2c:  e3110004  tst      r1, #4
0xc011fb30:  1afffff6  bne      #0xc011fb10

R00=00000025 R01=00000001 R02=00000038 R03=00000004
R04=00000002 R05=c026e033 R06=c026e031 R07=00000000
R08=c02b842f R09=ffffffff R10=c026e031 R11=c02a5ec4
R12=00000038 R13=c02a5e40 R14=c0120070 R15=c011fb0c
PSR=200001d3 --C- A svc32
----------------
IN: 
0xc011fb34:  ea00000e  b        #0xc011fb74

R00=00000078 R01=00000002 R02=c02af9ec R03=00000008
R04=00000002 R05=c026e034 R06=c026e031 R07=00000000
R08=c02b842f R09=00000008 R10=c026e031 R11=c02a5ec4
R12=00000078 R13=c02a5e40 R14=c0120070 R15=c011fb34
PSR=600001d3 -ZC- A svc32
----------------
IN: 
0xc011fb74:  e350002e  cmp      r0, #0x2e
0xc011fb78:  1a000025  bne      #0xc011fc14

R00=00000078 R01=00000002 R02=c02af9ec R03=00000008
R04=00000002 R05=c026e034 R06=c026e031 R07=00000000
R08=c02b842f R09=00000008 R10=c026e031 R11=c02a5ec4
R12=00000078 R13=c02a5e40 R14=c0120070 R15=c011fb74
PSR=600001d3 -ZC- A svc32
----------------
IN: 
0xc011ff44:  e51b304c  ldr      r3, [fp, #-0x4c]
0xc011ff48:  e3833020  orr      r3, r3, #0x20
0xc011ff4c:  e50b304c  str      r3, [fp, #-0x4c]
0xc011ff50:  e3a0c010  mov      ip, #0x10
0xc011ff54:  ea00000b  b        #0xc011ff88

R00=00000078 R01=00000002 R02=0000000f R03=00000053
R04=00000002 R05=c026e034 R06=c026e031 R07=00000000
R08=c02b842f R09=00000008 R10=c026e031 R11=c02a5ec4
R12=00000078 R13=c02a5e40 R14=c0120070 R15=c011ff44
PSR=600001d3 -ZC- A svc32
----------------
IN: 
0xc011ff88:  e51b2054  ldr      r2, [fp, #-0x54]
0xc011ff8c:  e352004c  cmp      r2, #0x4c
0xc011ff90:  0a000024  beq      #0xc0120028

R00=00000078 R01=00000002 R02=0000000f R03=00000021
R04=00000002 R05=c026e034 R06=c026e031 R07=00000000
R08=c02b842f R09=00000008 R10=c026e031 R11=c02a5ec4
R12=00000010 R13=c02a5e40 R14=c0120070 R15=c011ff88
PSR=600001d3 -ZC- A svc32
----------------
IN: 
0xc011ff94:  e352006c  cmp      r2, #0x6c
0xc011ff98:  1a000003  bne      #0xc011ffac

R00=00000078 R01=00000002 R02=ffffffff R03=00000021
R04=00000002 R05=c026e034 R06=c026e031 R07=00000000
R08=c02b842f R09=00000008 R10=c026e031 R11=c02a5ec4
R12=00000010 R13=c02a5e40 R14=c0120070 R15=c011ff94
PSR=a00001d3 N-C- A svc32
----------------
IN: 
0xc011ffac:  e51b2054  ldr      r2, [fp, #-0x54]
0xc011ffb0:  e222007a  eor      r0, r2, #0x7a
0xc011ffb4:  e222105a  eor      r1, r2, #0x5a
0xc011ffb8:  e0212fc1  eor      r2, r1, r1, asr #31
0xc011ffbc:  e0203fc0  eor      r3, r0, r0, asr #31
0xc011ffc0:  e0422fc1  sub      r2, r2, r1, asr #31
0xc011ffc4:  e0433fc0  sub      r3, r3, r0, asr #31
0xc011ffc8:  e2422001  sub      r2, r2, #1
0xc011ffcc:  e2433001  sub      r3, r3, #1
0xc011ffd0:  e1933002  orrs     r3, r3, r2
0xc011ffd4:  4a0000b4  bmi      #0xc01202ac

R00=00000078 R01=00000002 R02=ffffffff R03=00000021
R04=00000002 R05=c026e034 R06=c026e031 R07=00000000
R08=c02b842f R09=00000008 R10=c026e031 R11=c02a5ec4
R12=00000010 R13=c02a5e40 R14=c0120070 R15=c011ffac
PSR=a00001d3 N-C- A svc32
----------------
IN: 
0xc011ffd8:  e51b3054  ldr      r3, [fp, #-0x54]
0xc011ffdc:  e3530074  cmp      r3, #0x74
0xc011ffe0:  0a0000ba  beq      #0xc01202d0

R00=ffffff85 R01=ffffffa5 R02=0000005a R03=0000007a
R04=00000002 R05=c026e034 R06=c026e031 R07=00000000
R08=c02b842f R09=00000008 R10=c026e031 R11=c02a5ec4
R12=00000010 R13=c02a5e40 R14=c0120070 R15=c011ffd8
PSR=200001d3 --C- A svc32
----------------
IN: 
0xc011ffe4:  e3530048  cmp      r3, #0x48
0xc011ffe8:  1a000003  bne      #0xc011fffc

R00=ffffff85 R01=ffffffa5 R02=0000005a R03=ffffffff
R04=00000002 R05=c026e034 R06=c026e031 R07=00000000
R08=c02b842f R09=00000008 R10=c026e031 R11=c02a5ec4
R12=00000010 R13=c02a5e40 R14=c0120070 R15=c011ffe4
PSR=a00001d3 N-C- A svc32
----------------
IN: 
0xc011fffc:  e51b2054  ldr      r2, [fp, #-0x54]

R00=ffffff85 R01=ffffffa5 R02=0000005a R03=ffffffff
R04=00000002 R05=c026e034 R06=c026e031 R07=00000000
R08=c02b842f R09=00000008 R10=c026e031 R11=c02a5ec4
R12=00000010 R13=c02a5e40 R14=c0120070 R15=c011fffc
PSR=a00001d3 N-C- A svc32
----------------
IN: 
0xc0120000:  e3520068  cmp      r2, #0x68
0xc0120004:  1a000003  bne      #0xc0120018

R00=ffffff85 R01=ffffffa5 R02=ffffffff R03=ffffffff
R04=00000002 R05=c026e034 R06=c026e031 R07=00000000
R08=c02b842f R09=00000008 R10=c026e031 R11=c02a5ec4
R12=00000010 R13=c02a5e40 R14=c0120070 R15=c0120000
PSR=a00001d3 N-C- A svc32
----------------
IN: 
0xc0120018:  e51b104c  ldr      r1, [fp, #-0x4c]
0xc012001c:  e3110002  tst      r1, #2
0xc0120020:  1a0000d7  bne      #0xc0120384

R00=ffffff85 R01=ffffffa5 R02=ffffffff R03=ffffffff
R04=00000002 R05=c026e034 R06=c026e031 R07=00000000
R08=c02b842f R09=00000008 R10=c026e031 R11=c02a5ec4
R12=00000010 R13=c02a5e40 R14=c0120070 R15=c0120018
PSR=a00001d3 N-C- A svc32
----------------
IN: 
0xc0120024:  ea0000df  b        #0xc01203a8

R00=ffffff85 R01=00000021 R02=ffffffff R03=ffffffff
R04=00000002 R05=c026e034 R06=c026e031 R07=00000000
R08=c02b842f R09=00000008 R10=c026e031 R11=c02a5ec4
R12=00000010 R13=c02a5e40 R14=c0120070 R15=c0120024
PSR=600001d3 -ZC- A svc32
----------------
IN: 
0xc01203a8:  e51b1048  ldr      r1, [fp, #-0x48]
0xc01203ac:  e2856001  add      r6, r5, #1
0xc01203b0:  e3a0700f  mov      r7, #0xf
0xc01203b4:  e5913000  ldr      r3, [r1]
0xc01203b8:  e2812004  add      r2, r1, #4
0xc01203bc:  e50b2058  str      r2, [fp, #-0x58]
0xc01203c0:  e1a04003  mov      r4, r3
0xc01203c4:  e3a05000  mov      r5, #0
0xc01203c8:  eaffff7c  b        #0xc01201c0

R00=ffffff85 R01=00000021 R02=ffffffff R03=ffffffff
R04=00000002 R05=c026e034 R06=c026e031 R07=00000000
R08=c02b842f R09=00000008 R10=c026e031 R11=c02a5ec4
R12=00000010 R13=c02a5e40 R14=c0120070 R15=c01203a8
PSR=600001d3 -ZC- A svc32
----------------
IN: 
0xc01201c0:  e50bc038  str      ip, [fp, #-0x38]
0xc01201c4:  e1a0e00d  mov      lr, sp
0xc01201c8:  e51bc050  ldr      ip, [fp, #-0x50]
0xc01201cc:  e50b903c  str      sb, [fp, #-0x3c]
0xc01201d0:  e51b204c  ldr      r2, [fp, #-0x4c]
0xc01201d4:  e50b7044  str      r7, [fp, #-0x44]
0xc01201d8:  e51b3054  ldr      r3, [fp, #-0x54]
0xc01201dc:  e50bc034  str      ip, [fp, #-0x34]
0xc01201e0:  e51bc06c  ldr      ip, [fp, #-0x6c]
0xc01201e4:  e50b2040  str      r2, [fp, #-0x40]
0xc01201e8:  e50b3030  str      r3, [fp, #-0x30]
0xc01201ec:  e8bc000f  ldm      ip!, {r0, r1, r2, r3}
0xc01201f0:  e8ae000f  stm      lr!, {r0, r1, r2, r3}
0xc01201f4:  e1a02004  mov      r2, r4
0xc01201f8:  e1a03005  mov      r3, r5
0xc01201fc:  e89c0003  ldm      ip, {r0, r1}
0xc0120200:  e88e0003  stm      lr, {r0, r1}
0xc0120204:  e1a00008  mov      r0, r8
0xc0120208:  e51b105c  ldr      r1, [fp, #-0x5c]
0xc012020c:  ebfff8ab  bl       #0xc011e4c0

R00=ffffff85 R01=c02a5f78 R02=c02a5f7c R03=41069265
R04=41069265 R05=00000000 R06=c026e035 R07=0000000f
R08=c02b842f R09=00000008 R10=c026e031 R11=c02a5ec4
R12=00000010 R13=c02a5e40 R14=c0120070 R15=c01201c0
PSR=600001d3 -ZC- A svc32
----------------
IN: 
0xc011e4c0:  e1a0c00d  mov      ip, sp
0xc011e4c4:  e92ddff0  push     {r4, r5, r6, r7, r8, sb, sl, fp, ip, lr, pc}
0xc011e4c8:  e24cb004  sub      fp, ip, #4
0xc011e4cc:  e24dd074  sub      sp, sp, #0x74
0xc011e4d0:  e59bc008  ldr      ip, [fp, #8]
0xc011e4d4:  e1a04000  mov      r4, r0
0xc011e4d8:  e1a00002  mov      r0, r2
0xc011e4dc:  e59b2010  ldr      r2, [fp, #0x10]
0xc011e4e0:  e1a08001  mov      r8, r1
0xc011e4e4:  e59b500c  ldr      r5, [fp, #0xc]
0xc011e4e8:  e1a01003  mov      r1, r3
0xc011e4ec:  e59b3014  ldr      r3, [fp, #0x14]
0xc011e4f0:  e50b207c  str      r2, [fp, #-0x7c]
0xc011e4f4:  e21c2040  ands     r2, ip, #0x40
0xc011e4f8:  e50b3078  str      r3, [fp, #-0x78]
0xc011e4fc:  0a000004  beq      #0xc011e514

R00=c02b842f R01=c02b8820 R02=41069265 R03=00000000
R04=41069265 R05=00000000 R06=c026e035 R07=0000000f
R08=c02b842f R09=00000008 R10=c026e031 R11=c02a5ec4
R12=c02a5e90 R13=c02a5e40 R14=c0120210 R15=c011e4c0
PSR=600001d3 -ZC- A svc32
----------------
IN: 
0xc011e514:  e50b2088  str      r2, [fp, #-0x88]
0xc011e518:  e31c0010  tst      ip, #0x10
0xc011e51c:  e20c2020  and      r2, ip, #0x20
0xc011e520:  e50b208c  str      r2, [fp, #-0x8c]
0xc011e524:  0a000000  beq      #0xc011e52c

R00=41069265 R01=00000000 R02=00000000 R03=ffffffff
R04=c02b842f R05=00000008 R06=c026e035 R07=0000000f
R08=c02b8820 R09=00000008 R10=c026e031 R11=c02a5e3c
R12=00000021 R13=c02a5da0 R14=c0120210 R15=c011e514
PSR=600001d3 -ZC- A svc32
----------------
IN: 
0xc011e52c:  e50bc080  str      ip, [fp, #-0x80]
0xc011e530:  e51b3080  ldr      r3, [fp, #-0x80]
0xc011e534:  e3130002  tst      r3, #2
0xc011e538:  0a000018  beq      #0xc011e5a0

R00=41069265 R01=00000000 R02=00000020 R03=ffffffff
R04=c02b842f R05=00000008 R06=c026e035 R07=0000000f
R08=c02b8820 R09=00000008 R10=c026e031 R11=c02a5e3c
R12=00000021 R13=c02a5da0 R14=c0120210 R15=c011e52c
PSR=600001d3 -ZC- A svc32
----------------
IN: 
0xc011e5a0:  e3a02000  mov      r2, #0
0xc011e5a4:  e50b5084  str      r5, [fp, #-0x84]
0xc011e5a8:  e50b2090  str      r2, [fp, #-0x90]
0xc011e5ac:  e51b3088  ldr      r3, [fp, #-0x88]
0xc011e5b0:  e3530000  cmp      r3, #0
0xc011e5b4:  0a000007  beq      #0xc011e5d8

R00=41069265 R01=00000000 R02=00000020 R03=00000021
R04=c02b842f R05=00000008 R06=c026e035 R07=0000000f
R08=c02b8820 R09=00000008 R10=c026e031 R11=c02a5e3c
R12=00000021 R13=c02a5da0 R14=c0120210 R15=c011e5a0
PSR=600001d3 -ZC- A svc32
----------------
IN: 
0xc011e5d8:  e1903001  orrs     r3, r0, r1
0xc011e5dc:  1a000004  bne      #0xc011e5f4

R00=41069265 R01=00000000 R02=00000000 R03=00000000
R04=c02b842f R05=00000008 R06=c026e035 R07=0000000f
R08=c02b8820 R09=00000008 R10=c026e031 R11=c02a5e3c
R12=00000021 R13=c02a5da0 R14=c0120210 R15=c011e5d8
PSR=600001d3 -ZC- A svc32
----------------
IN: 
0xc011e5f4:  e51b907c  ldr      sb, [fp, #-0x7c]
0xc011e5f8:  e359000a  cmp      sb, #0xa
0xc011e5fc:  0a000020  beq      #0xc011e684

R00=41069265 R01=00000000 R02=00000000 R03=41069265
R04=c02b842f R05=00000008 R06=c026e035 R07=0000000f
R08=c02b8820 R09=00000008 R10=c026e031 R11=c02a5e3c
R12=00000021 R13=c02a5da0 R14=c0120210 R15=c011e5f4
PSR=200001d3 --C- A svc32
----------------
IN: 
0xc011e600:  e2492001  sub      r2, sb, #1
0xc011e604:  e3590010  cmp      sb, #0x10
0xc011e608:  e50b2098  str      r2, [fp, #-0x98]
0xc011e60c:  0a000001  beq      #0xc011e618

R00=41069265 R01=00000000 R02=00000000 R03=41069265
R04=c02b842f R05=00000008 R06=c026e035 R07=0000000f
R08=c02b8820 R09=00000010 R10=c026e031 R11=c02a5e3c
R12=00000021 R13=c02a5da0 R14=c0120210 R15=c011e600
PSR=200001d3 --C- A svc32
----------------
IN: 
0xc011e618:  e3a07004  mov      r7, #4
0xc011e61c:  e2673020  rsb      r3, r7, #0x20
0xc011e620:  e3a05000  mov      r5, #0
0xc011e624:  e50b3094  str      r3, [fp, #-0x94]
0xc011e628:  e24ba06e  sub      sl, fp, #0x6e
0xc011e62c:  e2476020  sub      r6, r7, #0x20
0xc011e630:  e51b9098  ldr      sb, [fp, #-0x98]
0xc011e634:  e20020ff  and      r2, r0, #0xff
0xc011e638:  e3560000  cmp      r6, #0
0xc011e63c:  e1a0c631  lsr      ip, r1, r6
0xc011e640:  e0022009  and      r2, r2, sb
0xc011e644:  e59f91b8  ldr      sb, [pc, #0x1b8]
0xc011e648:  e7d93002  ldrb     r3, [sb, r2]
0xc011e64c:  e51b208c  ldr      r2, [fp, #-0x8c]
0xc011e650:  e1823003  orr      r3, r2, r3
0xc011e654:  e7ca3005  strb     r3, [sl, r5]
0xc011e658:  e2855001  add      r5, r5, #1
0xc011e65c:  aa000002  bge      #0xc011e66c

R00=41069265 R01=00000000 R02=0000000f R03=41069265
R04=c02b842f R05=00000008 R06=c026e035 R07=0000000f
R08=c02b8820 R09=00000010 R10=c026e031 R11=c02a5e3c
R12=00000021 R13=c02a5da0 R14=c0120210 R15=c011e618
PSR=600001d3 -ZC- A svc32
----------------
IN: 
0xc011e660:  e51b3094  ldr      r3, [fp, #-0x94]
0xc011e664:  e1a0c730  lsr      ip, r0, r7
0xc011e668:  e18cc311  orr      ip, ip, r1, lsl r3
0xc011e66c:  e1a02731  lsr      r2, r1, r7
0xc011e670:  e1a0000c  mov      r0, ip
0xc011e674:  e19c9002  orrs     sb, ip, r2
0xc011e678:  e1a01002  mov      r1, r2
0xc011e67c:  1affffeb  bne      #0xc011e630

R00=41069265 R01=00000000 R02=00000020 R03=00000035
R04=c02b842f R05=00000001 R06=ffffffe4 R07=00000004
R08=c02b8820 R09=c021ca60 R10=c02a5dce R11=c02a5e3c
R12=00000000 R13=c02a5da0 R14=c0120210 R15=c011e660
PSR=a00001d3 N-C- A svc32
----------------
IN: 
0xc011e630:  e51b9098  ldr      sb, [fp, #-0x98]
0xc011e634:  e20020ff  and      r2, r0, #0xff
0xc011e638:  e3560000  cmp      r6, #0
0xc011e63c:  e1a0c631  lsr      ip, r1, r6
0xc011e640:  e0022009  and      r2, r2, sb
0xc011e644:  e59f91b8  ldr      sb, [pc, #0x1b8]
0xc011e648:  e7d93002  ldrb     r3, [sb, r2]
0xc011e64c:  e51b208c  ldr      r2, [fp, #-0x8c]
0xc011e650:  e1823003  orr      r3, r2, r3
0xc011e654:  e7ca3005  strb     r3, [sl, r5]
0xc011e658:  e2855001  add      r5, r5, #1
0xc011e65c:  aa000002  bge      #0xc011e66c

R00=04106926 R01=00000000 R02=00000000 R03=0000001c
R04=c02b842f R05=00000001 R06=ffffffe4 R07=00000004
R08=c02b8820 R09=04106926 R10=c02a5dce R11=c02a5e3c
R12=04106926 R13=c02a5da0 R14=c0120210 R15=c011e630
PSR=200001d3 --C- A svc32
R00=04106926 R01=00000000 R02=00000020 R03=00000036
R04=c02b842f R05=00000002 R06=ffffffe4 R07=00000004
R08=c02b8820 R09=c021ca60 R10=c02a5dce R11=c02a5e3c
R12=00000000 R13=c02a5da0 R14=c0120210 R15=c011e660
PSR=a00001d3 N-C- A svc32
----------------
IN: 
0xc011e680:  ea000005  b        #0xc011e69c

R00=00000000 R01=00000000 R02=00000000 R03=0000001c
R04=c02b842f R05=00000008 R06=ffffffe4 R07=00000004
R08=c02b8820 R09=00000000 R10=c02a5dce R11=c02a5e3c
R12=00000000 R13=c02a5da0 R14=c0120210 R15=c011e680
PSR=600001d3 -ZC- A svc32
----------------
IN: 
0xc011e69c:  e51b0078  ldr      r0, [fp, #-0x78]
0xc011e6a0:  e1a01005  mov      r1, r5
0xc011e6a4:  e1550000  cmp      r5, r0
0xc011e6a8:  aa000000  bge      #0xc011e6b0

R00=00000000 R01=00000000 R02=00000000 R03=0000001c
R04=c02b842f R05=00000008 R06=ffffffe4 R07=00000004
R08=c02b8820 R09=00000000 R10=c02a5dce R11=c02a5e3c
R12=00000000 R13=c02a5da0 R14=c0120210 R15=c011e69c
PSR=600001d3 -ZC- A svc32
----------------
IN: 
0xc011e6b0:  e51b2080  ldr      r2, [fp, #-0x80]
0xc011e6b4:  e51b3084  ldr      r3, [fp, #-0x84]
0xc011e6b8:  e3120011  tst      r2, #0x11
0xc011e6bc:  e0612003  rsb      r2, r1, r3
0xc011e6c0:  0a000005  beq      #0xc011e6dc

R00=ffffffff R01=00000008 R02=00000000 R03=0000001c
R04=c02b842f R05=00000008 R06=ffffffe4 R07=00000004
R08=c02b8820 R09=00000000 R10=c02a5dce R11=c02a5e3c
R12=00000000 R13=c02a5da0 R14=c0120210 R15=c011e6b0
PSR=000001d3 ---- A svc32
----------------
IN: 
0xc011e6c4:  ea000007  b        #0xc011e6e8

R00=ffffffff R01=00000008 R02=00000000 R03=00000008
R04=c02b842f R05=00000008 R06=ffffffe4 R07=00000004
R08=c02b8820 R09=00000000 R10=c02a5dce R11=c02a5e3c
R12=00000000 R13=c02a5da0 R14=c0120210 R15=c011e6c4
PSR=000001d3 ---- A svc32
----------------
IN: 
0xc011e6e8:  e51b9090  ldr      sb, [fp, #-0x90]
0xc011e6ec:  e3590000  cmp      sb, #0
0xc011e6f0:  0a000003  beq      #0xc011e704

R00=ffffffff R01=00000008 R02=00000000 R03=00000008
R04=c02b842f R05=00000008 R06=ffffffe4 R07=00000004
R08=c02b8820 R09=00000000 R10=c02a5dce R11=c02a5e3c
R12=00000000 R13=c02a5da0 R14=c0120210 R15=c011e6e8
PSR=000001d3 ---- A svc32
----------------
IN: 
0xc011e704:  e51b0088  ldr      r0, [fp, #-0x88]
0xc011e708:  e3500000  cmp      r0, #0
0xc011e70c:  0a00000d  beq      #0xc011e748

R00=ffffffff R01=00000008 R02=00000000 R03=00000008
R04=c02b842f R05=00000008 R06=ffffffe4 R07=00000004
R08=c02b8820 R09=00000000 R10=c02a5dce R11=c02a5e3c
R12=00000000 R13=c02a5da0 R14=c0120210 R15=c011e704
PSR=600001d3 -ZC- A svc32
----------------
IN: 
0xc011e748:  e51b0080  ldr      r0, [fp, #-0x80]
0xc011e74c:  e3100010  tst      r0, #0x10
0xc011e750:  1a000011  bne      #0xc011e79c

R00=00000000 R01=00000008 R02=00000000 R03=00000008
R04=c02b842f R05=00000008 R06=ffffffe4 R07=00000004
R08=c02b8820 R09=00000000 R10=c02a5dce R11=c02a5e3c
R12=00000000 R13=c02a5da0 R14=c0120210 R15=c011e748
PSR=600001d3 -ZC- A svc32
----------------
IN: 
0xc011e754:  e3100001  tst      r0, #1
0xc011e758:  1a000001  bne      #0xc011e764

R00=00000021 R01=00000008 R02=00000000 R03=00000008
R04=c02b842f R05=00000008 R06=ffffffe4 R07=00000004
R08=c02b8820 R09=00000000 R10=c02a5dce R11=c02a5e3c
R12=00000000 R13=c02a5da0 R14=c0120210 R15=c011e754
PSR=600001d3 -ZC- A svc32
----------------
IN: 
0xc011e764:  e3a03030  mov      r3, #0x30
0xc011e768:  ea000003  b        #0xc011e77c

R00=00000021 R01=00000008 R02=00000000 R03=00000008
R04=c02b842f R05=00000008 R06=ffffffe4 R07=00000004
R08=c02b8820 R09=00000000 R10=c02a5dce R11=c02a5e3c
R12=00000000 R13=c02a5da0 R14=c0120210 R15=c011e764
PSR=200001d3 --C- A svc32
----------------
IN: 
0xc011e77c:  e2522001  subs     r2, r2, #1
0xc011e780:  5afffff9  bpl      #0xc011e76c

R00=00000021 R01=00000008 R02=00000000 R03=00000030
R04=c02b842f R05=00000008 R06=ffffffe4 R07=00000004
R08=c02b8820 R09=00000000 R10=c02a5dce R11=c02a5e3c
R12=00000000 R13=c02a5da0 R14=c0120210 R15=c011e77c
PSR=200001d3 --C- A svc32
----------------
IN: 
0xc011e784:  ea000004  b        #0xc011e79c

R00=00000021 R01=00000008 R02=ffffffff R03=00000030
R04=c02b842f R05=00000008 R06=ffffffe4 R07=00000004
R08=c02b8820 R09=00000000 R10=c02a5dce R11=c02a5e3c
R12=00000000 R13=c02a5da0 R14=c0120210 R15=c011e784
PSR=800001d3 N--- A svc32
----------------
IN: 
0xc011e79c:  e3a03030  mov      r3, #0x30
0xc011e7a0:  e2411001  sub      r1, r1, #1
0xc011e7a4:  e1550001  cmp      r5, r1
0xc011e7a8:  dafffff6  ble      #0xc011e788

R00=00000021 R01=00000008 R02=ffffffff R03=00000030
R04=c02b842f R05=00000008 R06=ffffffe4 R07=00000004
R08=c02b8820 R09=00000000 R10=c02a5dce R11=c02a5e3c
R12=00000000 R13=c02a5da0 R14=c0120210 R15=c011e79c
PSR=800001d3 N--- A svc32
----------------
IN: 
0xc011e7ac:  e08a0005  add      r0, sl, r5
0xc011e7b0:  ea000005  b        #0xc011e7cc

R00=00000021 R01=00000007 R02=ffffffff R03=00000030
R04=c02b842f R05=00000008 R06=ffffffe4 R07=00000004
R08=c02b8820 R09=00000000 R10=c02a5dce R11=c02a5e3c
R12=00000000 R13=c02a5da0 R14=c0120210 R15=c011e7ac
PSR=200001d3 --C- A svc32
----------------
IN: 
0xc011e7cc:  e2555001  subs     r5, r5, #1
0xc011e7d0:  5afffff7  bpl      #0xc011e7b4

R00=c02a5dd6 R01=00000007 R02=ffffffff R03=00000030
R04=c02b842f R05=00000008 R06=ffffffe4 R07=00000004
R08=c02b8820 R09=00000000 R10=c02a5dce R11=c02a5e3c
R12=00000000 R13=c02a5da0 R14=c0120210 R15=c011e7cc
PSR=200001d3 --C- A svc32
----------------
IN: 
0xc011e7b4:  e1540008  cmp      r4, r8
0xc011e7b8:  2a000001  bhs      #0xc011e7c4

R00=c02a5dd6 R01=00000007 R02=ffffffff R03=00000030
R04=c02b842f R05=00000007 R06=ffffffe4 R07=00000004
R08=c02b8820 R09=00000000 R10=c02a5dce R11=c02a5e3c
R12=00000000 R13=c02a5da0 R14=c0120210 R15=c011e7b4
PSR=200001d3 --C- A svc32
----------------
IN: 
0xc011e7bc:  e5503001  ldrb     r3, [r0, #-1]
0xc011e7c0:  e5c43000  strb     r3, [r4]
0xc011e7c4:  e2844001  add      r4, r4, #1
0xc011e7c8:  e2400001  sub      r0, r0, #1
0xc011e7cc:  e2555001  subs     r5, r5, #1
0xc011e7d0:  5afffff7  bpl      #0xc011e7b4

R00=c02a5dd6 R01=00000007 R02=ffffffff R03=00000030
R04=c02b842f R05=00000007 R06=ffffffe4 R07=00000004
R08=c02b8820 R09=00000000 R10=c02a5dce R11=c02a5e3c
R12=00000000 R13=c02a5da0 R14=c0120210 R15=c011e7bc
PSR=800001d3 N--- A svc32
R00=c02a5dd5 R01=00000007 R02=ffffffff R03=00000034
R04=c02b8430 R05=00000006 R06=ffffffe4 R07=00000004
R08=c02b8820 R09=00000000 R10=c02a5dce R11=c02a5e3c
R12=00000000 R13=c02a5da0 R14=c0120210 R15=c011e7b4
PSR=200001d3 --C- A svc32
----------------
IN: 
0xc011e7d4:  ea000004  b        #0xc011e7ec

R00=c02a5dce R01=00000007 R02=ffffffff R03=00000035
R04=c02b8437 R05=ffffffff R06=ffffffe4 R07=00000004
R08=c02b8820 R09=00000000 R10=c02a5dce R11=c02a5e3c
R12=00000000 R13=c02a5da0 R14=c0120210 R15=c011e7d4
PSR=800001d3 N--- A svc32
----------------
IN: 
0xc011e7ec:  e3a03020  mov      r3, #0x20
0xc011e7f0:  e2522001  subs     r2, r2, #1
0xc011e7f4:  5afffff7  bpl      #0xc011e7d8

R00=c02a5dce R01=00000007 R02=ffffffff R03=00000035
R04=c02b8437 R05=ffffffff R06=ffffffe4 R07=00000004
R08=c02b8820 R09=00000000 R10=c02a5dce R11=c02a5e3c
R12=00000000 R13=c02a5da0 R14=c0120210 R15=c011e7ec
PSR=800001d3 N--- A svc32
----------------
IN: 
0xc011e7f8:  e1a00004  mov      r0, r4
0xc011e7fc:  e24bd028  sub      sp, fp, #0x28

R00=c02a5dce R01=00000007 R02=fffffffe R03=00000020
R04=c02b8437 R05=ffffffff R06=ffffffe4 R07=00000004
R08=c02b8820 R09=00000000 R10=c02a5dce R11=c02a5e3c
R12=00000000 R13=c02a5da0 R14=c0120210 R15=c011e7f8
PSR=a00001d3 N-C- A svc32
----------------
IN: 
0xc011e800:  e89daff0  ldm      sp, {r4, r5, r6, r7, r8, sb, sl, fp, sp, pc}

R00=c02b8437 R01=00000007 R02=fffffffe R03=00000020
R04=c02b8437 R05=ffffffff R06=ffffffe4 R07=00000004
R08=c02b8820 R09=00000000 R10=c02a5dce R11=c02a5e3c
R12=00000000 R13=c02a5e14 R14=c0120210 R15=c011e800
PSR=a00001d3 N-C- A svc32
----------------
IN: 
0xc0120210:  e1a08000  mov      r8, r0
0xc0120214:  e5d60000  ldrb     r0, [r6]
0xc0120218:  e51b1058  ldr      r1, [fp, #-0x58]
0xc012021c:  e1a0a006  mov      sl, r6
0xc0120220:  e50b1048  str      r1, [fp, #-0x48]
0xc0120224:  e3500000  cmp      r0, #0
0xc0120228:  1afffde2  bne      #0xc011f9b8

R00=c02b8437 R01=00000007 R02=fffffffe R03=00000020
R04=41069265 R05=00000000 R06=c026e035 R07=0000000f
R08=c02b842f R09=00000008 R10=c026e031 R11=c02a5ec4
R12=00000000 R13=c02a5e40 R14=c0120210 R15=c0120210
PSR=a00001d3 N-C- A svc32
----------------
IN: 
0xc011613c:  e26cc004  rsb      ip, ip, #4
0xc0116140:  e35c0002  cmp      ip, #2
0xc0116144:  c4d13001  ldrbgt   r3, [r1], #1
0xc0116148:  a4d14001  ldrbge   r4, [r1], #1
0xc011614c:  e4d1e001  ldrb     lr, [r1], #1
0xc0116150:  c4c03001  strbgt   r3, [r0], #1
0xc0116154:  a4c04001  strbge   r4, [r0], #1
0xc0116158:  e052200c  subs     r2, r2, ip
0xc011615c:  e4c0e001  strb     lr, [r0], #1
0xc0116160:  baffffed  blt      #0xc011611c

R00=c02b8437 R01=c026e035 R02=00000007 R03=000003e9
R04=0000000b R05=00000000 R06=c026e040 R07=0000000f
R08=c02b8437 R09=00000008 R10=c026e035 R11=c02a5ec4
R12=00000003 R13=c02a5e34 R14=c0120070 R15=c011613c
PSR=200001d3 --C- A svc32
----------------
IN: 
0xc0116164:  e211c003  ands     ip, r1, #3
0xc0116168:  0affffbc  beq      #0xc0116060

R00=c02b8438 R01=c026e036 R02=00000006 R03=000003e9
R04=0000000b R05=00000000 R06=c026e040 R07=0000000f
R08=c02b8437 R09=00000008 R10=c026e035 R11=c02a5ec4
R12=00000001 R13=c02a5e34 R14=0000005d R15=c0116164
PSR=200001d3 --C- A svc32
----------------
IN: 
0xc011616c:  e3c11003  bic      r1, r1, #3
0xc0116170:  e35c0002  cmp      ip, #2
0xc0116174:  e491e004  ldr      lr, [r1], #4
0xc0116178:  0a000033  beq      #0xc011624c

R00=c02b8438 R01=c026e036 R02=00000006 R03=000003e9
R04=0000000b R05=00000000 R06=c026e040 R07=0000000f
R08=c02b8437 R09=00000008 R10=c026e035 R11=c02a5ec4
R12=00000002 R13=c02a5e34 R14=0000005d R15=c011616c
PSR=200001d3 --C- A svc32
----------------
IN: 
0xc011624c:  e252201c  subs     r2, r2, #0x1c
0xc0116250:  ba000024  blt      #0xc01162e8

R00=c02b8438 R01=c026e038 R02=00000006 R03=000003e9
R04=0000000b R05=00000000 R06=c026e040 R07=0000000f
R08=c02b8437 R09=00000008 R10=c026e035 R11=c02a5ec4
R12=00000002 R13=c02a5e34 R14=72205d78 R15=c011624c
PSR=600001d3 -ZC- A svc32
----------------
IN: 
0xc01162e8:  e212c01c  ands     ip, r2, #0x1c
0xc01162ec:  0a000007  beq      #0xc0116310

R00=c02b8438 R01=c026e038 R02=ffffffea R03=000003e9
R04=0000000b R05=00000000 R06=c026e040 R07=0000000f
R08=c02b8437 R09=00000008 R10=c026e035 R11=c02a5ec4
R12=00000002 R13=c02a5e34 R14=72205d78 R15=c01162e8
PSR=800001d3 N--- A svc32
----------------
IN: 
0xc01162f0:  e1a0382e  lsr      r3, lr, #0x10
0xc01162f4:  e491e004  ldr      lr, [r1], #4
0xc01162f8:  e25cc004  subs     ip, ip, #4
0xc01162fc:  e183380e  orr      r3, r3, lr, lsl #16
0xc0116300:  e4803004  str      r3, [r0], #4
0xc0116304:  cafffff9  bgt      #0xc01162f0

R00=c02b8438 R01=c026e038 R02=ffffffea R03=000003e9
R04=0000000b R05=00000000 R06=c026e040 R07=0000000f
R08=c02b8437 R09=00000008 R10=c026e035 R11=c02a5ec4
R12=00000008 R13=c02a5e34 R14=72205d78 R15=c01162f0
PSR=000001d3 ---- A svc32
R00=c02b843c R01=c026e03c R02=ffffffea R03=76657220
R04=0000000b R05=00000000 R06=c026e040 R07=0000000f
R08=c02b8437 R09=00000008 R10=c026e035 R11=c02a5ec4
R12=00000004 R13=c02a5e34 R14=73697665 R15=c01162f0
PSR=200001d3 --C- A svc32
----------------
IN: 
0xc0116308:  e3520000  cmp      r2, #0
0xc011630c:  aaffffd5  bge      #0xc0116268

R00=c02b8440 R01=c026e040 R02=ffffffea R03=6f697369
R04=0000000b R05=00000000 R06=c026e040 R07=0000000f
R08=c02b8437 R09=00000008 R10=c026e035 R11=c02a5ec4
R12=00000000 R13=c02a5e34 R14=206e6f69 R15=c0116308
PSR=600001d3 -ZC- A svc32
----------------
IN: 
0xc0116310:  e2411002  sub      r1, r1, #2
0xc0116314:  eaffff80  b        #0xc011611c

R00=c02b8440 R01=c026e040 R02=ffffffea R03=6f697369
R04=0000000b R05=00000000 R06=c026e040 R07=0000000f
R08=c02b8437 R09=00000008 R10=c026e035 R11=c02a5ec4
R12=00000000 R13=c02a5e34 R14=206e6f69 R15=c0116310
PSR=a00001d3 N-C- A svc32
R00=c02b8440 R01=c026e03e R02=ffffffea R03=6f697369
R04=0000000b R05=00000000 R06=c026e040 R07=0000000f
R08=c02b8437 R09=00000008 R10=c026e035 R11=c02a5ec4
R12=00000000 R13=c02a5e34 R14=206e6f69 R15=c011611c
PSR=a00001d3 N-C- A svc32
----------------
IN: 
0xc011ff58:  e51bc04c  ldr      ip, [fp, #-0x4c]
0xc011ff5c:  e38cc002  orr      ip, ip, #2
0xc011ff60:  e50bc04c  str      ip, [fp, #-0x4c]
0xc011ff64:  e3a0c00a  mov      ip, #0xa
0xc011ff68:  ea000006  b        #0xc011ff88

R00=00000064 R01=c02a5f7c R02=0000000b R03=0000003f
R04=0000000b R05=c026e041 R06=c026e040 R07=00000000
R08=c02b8442 R09=ffffffff R10=c026e040 R11=c02a5ec4
R12=00000064 R13=c02a5e40 R14=206e6f69 R15=c011ff58
PSR=800001d3 N--- A svc32
R00=00000064 R01=c02a5f7c R02=0000000b R03=0000003f
R04=0000000b R05=c026e041 R06=c026e040 R07=00000000
R08=c02b8442 R09=ffffffff R10=c026e040 R11=c02a5ec4
R12=0000000a R13=c02a5e40 R14=206e6f69 R15=c011ff88
PSR=800001d3 N--- A svc32
----------------
IN: 
0xc0120384:  e51b1048  ldr      r1, [fp, #-0x48]
0xc0120388:  e2856001  add      r6, r5, #1
0xc012038c:  e3a07010  mov      r7, #0x10
0xc0120390:  e5913000  ldr      r3, [r1]
0xc0120394:  e2812004  add      r2, r1, #4
0xc0120398:  e50b2058  str      r2, [fp, #-0x58]
0xc012039c:  e1a04003  mov      r4, r3
0xc01203a0:  e1a05fc4  asr      r5, r4, #0x1f
0xc01203a4:  eaffff85  b        #0xc01201c0

R00=ffffff85 R01=00000002 R02=ffffffff R03=ffffffff
R04=0000000b R05=c026e041 R06=c026e040 R07=00000000
R08=c02b8442 R09=ffffffff R10=c026e040 R11=c02a5ec4
R12=0000000a R13=c02a5e40 R14=206e6f69 R15=c0120384
PSR=200001d3 --C- A svc32
R00=ffffff85 R01=c02a5f7c R02=c02a5f80 R03=00000005
R04=00000005 R05=00000000 R06=c026e042 R07=00000010
R08=c02b8442 R09=ffffffff R10=c026e040 R11=c02a5ec4
R12=0000000a R13=c02a5e40 R14=206e6f69 R15=c01201c0
PSR=200001d3 --C- A svc32
----------------
IN: 
0xc011e53c:  e3510000  cmp      r1, #0
0xc011e540:  ba000002  blt      #0xc011e550

R00=00000005 R01=00000000 R02=00000000 R03=00000002
R04=c02b8442 R05=ffffffff R06=c026e042 R07=00000010
R08=c02b8820 R09=ffffffff R10=c026e040 R11=c02a5e3c
R12=00000002 R13=c02a5da0 R14=c0120210 R15=c011e53c
PSR=200001d3 --C- A svc32
----------------
IN: 
0xc011e544:  e3130004  tst      r3, #4
0xc011e548:  0a00000c  beq      #0xc011e580

R00=00000005 R01=00000000 R02=00000000 R03=00000002
R04=c02b8442 R05=ffffffff R06=c026e042 R07=00000010
R08=c02b8820 R09=ffffffff R10=c026e040 R11=c02a5e3c
R12=00000002 R13=c02a5da0 R14=c0120210 R15=c011e544
PSR=600001d3 -ZC- A svc32
----------------
IN: 
0xc011e580:  e51b3080  ldr      r3, [fp, #-0x80]
0xc011e584:  e3130008  tst      r3, #8
0xc011e588:  0a000004  beq      #0xc011e5a0

R00=00000005 R01=00000000 R02=00000000 R03=00000002
R04=c02b8442 R05=ffffffff R06=c026e042 R07=00000010
R08=c02b8820 R09=ffffffff R10=c026e040 R11=c02a5e3c
R12=00000002 R13=c02a5da0 R14=c0120210 R15=c011e580
PSR=600001d3 -ZC- A svc32
R00=00000005 R01=00000000 R02=00000000 R03=00000002
R04=c02b8442 R05=ffffffff R06=c026e042 R07=00000010
R08=c02b8820 R09=ffffffff R10=c026e040 R11=c02a5e3c
R12=00000002 R13=c02a5da0 R14=c0120210 R15=c011e5a0
PSR=600001d3 -ZC- A svc32
----------------
IN: 
0xc011e684:  e24ba06e  sub      sl, fp, #0x6e
0xc011e688:  e1a02000  mov      r2, r0
0xc011e68c:  e1a03001  mov      r3, r1
0xc011e690:  e1a0000a  mov      r0, sl
0xc011e694:  ebffff31  bl       #0xc011e360

R00=00000005 R01=00000000 R02=00000000 R03=00000005
R04=c02b8442 R05=ffffffff R06=c026e042 R07=00000010
R08=c02b8820 R09=0000000a R10=c026e040 R11=c02a5e3c
R12=00000002 R13=c02a5da0 R14=c0120210 R15=c011e684
PSR=600001d3 -ZC- A svc32
----------------
IN: 
0xc011e360:  e1a0c00d  mov      ip, sp
0xc011e364:  e92ddff8  push     {r3, r4, r5, r6, r7, r8, sb, sl, fp, ip, lr, pc}
0xc011e368:  e24cb004  sub      fp, ip, #4
0xc011e36c:  e59f913c  ldr      sb, [pc, #0x13c]
0xc011e370:  e1a06002  mov      r6, r2
0xc011e374:  e1a07003  mov      r7, r3
0xc011e378:  e1a05000  mov      r5, r0
0xc011e37c:  e3a0a000  mov      sl, #0
0xc011e380:  e3a080cd  mov      r8, #0xcd
0xc011e384:  e3570000  cmp      r7, #0
0xc011e388:  e1a00005  mov      r0, r5
0xc011e38c:  e1a0c00a  mov      ip, sl
0xc011e390:  e2855005  add      r5, r5, #5
0xc011e394:  1a000005  bne      #0xc011e3b0

R00=c02a5dce R01=00000000 R02=00000005 R03=00000000
R04=c02b8442 R05=ffffffff R06=c026e042 R07=00000010
R08=c02b8820 R09=0000000a R10=c02a5dce R11=c02a5e3c
R12=00000002 R13=c02a5da0 R14=c011e698 R15=c011e360
PSR=600001d3 -ZC- A svc32
----------------
IN: 
0xc011e398:  e59f1114  ldr      r1, [pc, #0x114]
0xc011e39c:  e1560001  cmp      r6, r1
0xc011e3a0:  8a000002  bhi      #0xc011e3b0

R00=c02a5dce R01=00000000 R02=00000005 R03=00000000
R04=c02b8442 R05=c02a5dd3 R06=00000005 R07=00000000
R08=000000cd R09=000186a0 R10=00000000 R11=c02a5d9c
R12=00000000 R13=c02a5d70 R14=c011e698 R15=c011e398
PSR=600001d3 -ZC- A svc32
----------------
IN: 
0xc011e3a4:  e1a01006  mov      r1, r6
0xc011e3a8:  ebffffb3  bl       #0xc011e27c

R00=c02a5dce R01=0001869f R02=00000005 R03=00000000
R04=c02b8442 R05=c02a5dd3 R06=00000005 R07=00000000
R08=000000cd R09=000186a0 R10=00000000 R11=c02a5d9c
R12=00000000 R13=c02a5d70 R14=c011e698 R15=c011e3a4
PSR=800001d3 N--- A svc32
----------------
IN: 
0xc011e27c:  e1a0c00d  mov      ip, sp
0xc011e280:  e92dd8f0  push     {r4, r5, r6, r7, fp, ip, lr, pc}
0xc011e284:  e24cb004  sub      fp, ip, #4
0xc011e288:  e1a03421  lsr      r3, r1, #8
0xc011e28c:  e1a0c221  lsr      ip, r1, #4
0xc011e290:  e203500f  and      r5, r3, #0xf
0xc011e294:  e20cc00f  and      ip, ip, #0xf
0xc011e298:  e1a06621  lsr      r6, r1, #0xc
0xc011e29c:  e08c3005  add      r3, ip, r5
0xc011e2a0:  e0854105  add      r4, r5, r5, lsl #2
0xc011e2a4:  e0833006  add      r3, r3, r6
0xc011e2a8:  e0862186  add      r2, r6, r6, lsl #3
0xc011e2ac:  e0833083  add      r3, r3, r3, lsl #1
0xc011e2b0:  e201100f  and      r1, r1, #0xf
0xc011e2b4:  e3a070cd  mov      r7, #0xcd
0xc011e2b8:  e0811083  add      r1, r1, r3, lsl #1
0xc011e2bc:  e082200c  add      r2, r2, ip
0xc011e2c0:  e0822004  add      r2, r2, r4
0xc011e2c4:  e0030197  mul      r3, r7, r1
0xc011e2c8:  e1a0c000  mov      ip, r0
0xc011e2cc:  e1a035a3  lsr      r3, r3, #0xb
0xc011e2d0:  e0922003  adds     r2, r2, r3
0xc011e2d4:  e0833103  add      r3, r3, r3, lsl #2
0xc011e2d8:  e0411083  sub      r1, r1, r3, lsl #1
0xc011e2dc:  e2811030  add      r1, r1, #0x30
0xc011e2e0:  e4c01001  strb     r1, [r0], #1
0xc011e2e4:  0a00001c  beq      #0xc011e35c

R00=c02a5dce R01=00000005 R02=00000005 R03=00000000
R04=c02b8442 R05=c02a5dd3 R06=00000005 R07=00000000
R08=000000cd R09=000186a0 R10=00000000 R11=c02a5d9c
R12=00000000 R13=c02a5d70 R14=c011e3ac R15=c011e27c
PSR=800001d3 N--- A svc32
----------------
IN: 
0xc011e35c:  e89da8f0  ldm      sp, {r4, r5, r6, r7, fp, sp, pc}

R00=c02a5dcf R01=00000035 R02=00000000 R03=00000000
R04=00000000 R05=00000000 R06=00000000 R07=000000cd
R08=000000cd R09=000186a0 R10=00000000 R11=c02a5d6c
R12=c02a5dce R13=c02a5d50 R14=c011e3ac R15=c011e35c
PSR=400001d3 -Z-- A svc32
----------------
IN: 
0xc011e3ac:  e89daff8  ldm      sp, {r3, r4, r5, r6, r7, r8, sb, sl, fp, sp, pc}

R00=c02a5dcf R01=00000035 R02=00000000 R03=00000000
R04=c02b8442 R05=c02a5dd3 R06=00000005 R07=00000000
R08=000000cd R09=000186a0 R10=00000000 R11=c02a5d9c
R12=c02a5dce R13=c02a5d70 R14=c011e3ac R15=c011e3ac
PSR=400001d3 -Z-- A svc32
----------------
IN: 
0xc011e698:  e06a5000  rsb      r5, sl, r0
0xc011e69c:  e51b0078  ldr      r0, [fp, #-0x78]
0xc011e6a0:  e1a01005  mov      r1, r5
0xc011e6a4:  e1550000  cmp      r5, r0
0xc011e6a8:  aa000000  bge      #0xc011e6b0

R00=c02a5dcf R01=00000035 R02=00000000 R03=00000000
R04=c02b8442 R05=ffffffff R06=c026e042 R07=00000010
R08=c02b8820 R09=0000000a R10=c02a5dce R11=c02a5e3c
R12=c02a5dce R13=c02a5da0 R14=c011e3ac R15=c011e698
PSR=400001d3 -Z-- A svc32
R00=ffffffff R01=00000001 R02=00000000 R03=00000000
R04=c02b8442 R05=00000001 R06=c026e042 R07=00000010
R08=c02b8820 R09=0000000a R10=c02a5dce R11=c02a5e3c
R12=c02a5dce R13=c02a5da0 R14=c011e3ac R15=c011e6b0
PSR=000001d3 ---- A svc32
----------------
IN: 
0xc011e6dc:  e3a03020  mov      r3, #0x20
0xc011e6e0:  e2522001  subs     r2, r2, #1
0xc011e6e4:  5afffff7  bpl      #0xc011e6c8

R00=ffffffff R01=00000001 R02=fffffffe R03=ffffffff
R04=c02b8442 R05=00000001 R06=c026e042 R07=00000010
R08=c02b8820 R09=0000000a R10=c02a5dce R11=c02a5e3c
R12=c02a5dce R13=c02a5da0 R14=c011e3ac R15=c011e6dc
PSR=400001d3 -Z-- A svc32
R00=ffffffff R01=00000001 R02=fffffffd R03=00000020
R04=c02b8442 R05=00000001 R06=c026e042 R07=00000010
R08=c02b8820 R09=0000000a R10=c02a5dce R11=c02a5e3c
R12=c02a5dce R13=c02a5da0 R14=c011e3ac R15=c011e6e8
PSR=a00001d3 N-C- A svc32
----------------
IN: 
0xc011e75c:  e3a03020  mov      r3, #0x20
0xc011e760:  ea000005  b        #0xc011e77c

R00=00000002 R01=00000001 R02=fffffffd R03=00000020
R04=c02b8442 R05=00000001 R06=c026e042 R07=00000010
R08=c02b8820 R09=00000000 R10=c02a5dce R11=c02a5e3c
R12=c02a5dce R13=c02a5da0 R14=c011e3ac R15=c011e75c
PSR=600001d3 -ZC- A svc32
R00=00000002 R01=00000001 R02=fffffffd R03=00000020
R04=c02b8442 R05=00000001 R06=c026e042 R07=00000010
R08=c02b8820 R09=00000000 R10=c02a5dce R11=c02a5e3c
R12=c02a5dce R13=c02a5da0 R14=c011e3ac R15=c011e77c
PSR=600001d3 -ZC- A svc32
----------------
IN: 
0xc011617c:  ca000065  bgt      #0xc0116318

R00=c02b8444 R01=c026e044 R02=00000001 R03=000003dd
R04=00000006 R05=00000000 R06=c026e048 R07=00000010
R08=c02b8443 R09=ffffffff R10=c026e042 R11=c02a5ec4
R12=00000003 R13=c02a5e34 R14=28206425 R15=c011617c
PSR=200001d3 --C- A svc32
----------------
IN: 
0xc0116318:  e252201c  subs     r2, r2, #0x1c
0xc011631c:  ba000024  blt      #0xc01163b4

R00=c02b8444 R01=c026e044 R02=00000001 R03=000003dd
R04=00000006 R05=00000000 R06=c026e048 R07=00000010
R08=c02b8443 R09=ffffffff R10=c026e042 R11=c02a5ec4
R12=00000003 R13=c02a5e34 R14=28206425 R15=c0116318
PSR=200001d3 --C- A svc32
----------------
IN: 
0xc01163b4:  e212c01c  ands     ip, r2, #0x1c
0xc01163b8:  0a000007  beq      #0xc01163dc

R00=c02b8444 R01=c026e044 R02=ffffffe5 R03=000003dd
R04=00000006 R05=00000000 R06=c026e048 R07=00000010
R08=c02b8443 R09=ffffffff R10=c026e042 R11=c02a5ec4
R12=00000003 R13=c02a5e34 R14=28206425 R15=c01163b4
PSR=800001d3 N--- A svc32
----------------
IN: 
0xc01163bc:  e1a03c2e  lsr      r3, lr, #0x18
0xc01163c0:  e491e004  ldr      lr, [r1], #4
0xc01163c4:  e25cc004  subs     ip, ip, #4
0xc01163c8:  e183340e  orr      r3, r3, lr, lsl #8
0xc01163cc:  e4803004  str      r3, [r0], #4
0xc01163d0:  cafffff9  bgt      #0xc01163bc

R00=c02b8444 R01=c026e044 R02=ffffffe5 R03=000003dd
R04=00000006 R05=00000000 R06=c026e048 R07=00000010
R08=c02b8443 R09=ffffffff R10=c026e042 R11=c02a5ec4
R12=00000004 R13=c02a5e34 R14=28206425 R15=c01163bc
PSR=000001d3 ---- A svc32
----------------
IN: 
0xc01163d4:  e3520000  cmp      r2, #0
0xc01163d8:  aaffffd5  bge      #0xc0116334

R00=c02b8448 R01=c026e048 R02=ffffffe5 R03=4d524128
R04=00000006 R05=00000000 R06=c026e048 R07=00000010
R08=c02b8443 R09=ffffffff R10=c026e042 R11=c02a5ec4
R12=00000000 R13=c02a5e34 R14=764d5241 R15=c01163d4
PSR=600001d3 -ZC- A svc32
----------------
IN: 
0xc01163dc:  e2411001  sub      r1, r1, #1
0xc01163e0:  eaffff4d  b        #0xc011611c

R00=c02b8448 R01=c026e048 R02=ffffffe5 R03=4d524128
R04=00000006 R05=00000000 R06=c026e048 R07=00000010
R08=c02b8443 R09=ffffffff R10=c026e042 R11=c02a5ec4
R12=00000000 R13=c02a5e34 R14=764d5241 R15=c01163dc
PSR=a00001d3 N-C- A svc32
R00=c02b8448 R01=c026e047 R02=ffffffe5 R03=4d524128
R04=00000006 R05=00000000 R06=c026e048 R07=00000010
R08=c02b8443 R09=ffffffff R10=c026e042 R11=c02a5ec4
R12=00000000 R13=c02a5e34 R14=764d5241 R15=c011611c
PSR=a00001d3 N-C- A svc32
R00=c02b8450 R01=c026e04d R02=ffffffff R03=00000029
R04=0000002c R05=c02a5e50 R06=c026e050 R07=00000004
R08=c02b844d R09=ffffffff R10=c026e04a R11=c02a5ec4
R12=00000003 R13=c02a5e34 R14=00000020 R15=c011611c
PSR=800001d3 N--- A svc32
----------------
IN: 
0xc011fc60:  e50b0054  str      r0, [fp, #-0x54]
0xc011fc64:  e51bc054  ldr      ip, [fp, #-0x54]
0xc011fc68:  e5f50001  ldrb     r0, [r5, #1]!
0xc011fc6c:  e15c0000  cmp      ip, r0
0xc011fc70:  1a00000a  bne      #0xc011fca0

R00=0000006c R01=00000002 R02=00000003 R03=ffffffff
R04=00000006 R05=c026e053 R06=c026e050 R07=00000000
R08=c02b8453 R09=00000008 R10=c026e050 R11=c02a5ec4
R12=0000006c R13=c02a5e40 R14=00000020 R15=c011fc60
PSR=a00001d3 N-C- A svc32
R00=00000078 R01=00000002 R02=00000003 R03=ffffffff
R04=00000006 R05=c026e054 R06=c026e050 R07=00000000
R08=c02b8453 R09=00000008 R10=c026e050 R11=c02a5ec4
R12=0000006c R13=c02a5e40 R14=00000020 R15=c011fca0
PSR=800001d3 N--- A svc32
----------------
IN: 
0xc011ff9c:  e51b304c  ldr      r3, [fp, #-0x4c]
0xc011ffa0:  e3130002  tst      r3, #2
0xc011ffa4:  1a0000b7  bne      #0xc0120288

R00=00000078 R01=00000002 R02=0000006c R03=00000021
R04=00000006 R05=c026e054 R06=c026e050 R07=00000000
R08=c02b8453 R09=00000008 R10=c026e050 R11=c02a5ec4
R12=00000010 R13=c02a5e40 R14=00000020 R15=c011ff9c
PSR=600001d3 -ZC- A svc32
----------------
IN: 
0xc011ffa8:  ea0000ad  b        #0xc0120264

R00=00000078 R01=00000002 R02=0000006c R03=00000021
R04=00000006 R05=c026e054 R06=c026e050 R07=00000000
R08=c02b8453 R09=00000008 R10=c026e050 R11=c02a5ec4
R12=00000010 R13=c02a5e40 R14=00000020 R15=c011ffa8
PSR=600001d3 -ZC- A svc32
----------------
IN: 
0xc0120264:  e51b2048  ldr      r2, [fp, #-0x48]
0xc0120268:  e2856001  add      r6, r5, #1
0xc012026c:  e3a07009  mov      r7, #9
0xc0120270:  e5923000  ldr      r3, [r2]
0xc0120274:  e2821004  add      r1, r2, #4
0xc0120278:  e50b1058  str      r1, [fp, #-0x58]
0xc012027c:  e1a04003  mov      r4, r3
0xc0120280:  e3a05000  mov      r5, #0
0xc0120284:  eaffffcd  b        #0xc01201c0

R00=00000078 R01=00000002 R02=0000006c R03=00000021
R04=00000006 R05=c026e054 R06=c026e050 R07=00000000
R08=c02b8453 R09=00000008 R10=c026e050 R11=c02a5ec4
R12=00000010 R13=c02a5e40 R14=00000020 R15=c0120264
PSR=600001d3 -ZC- A svc32
R00=00000078 R01=c02a5f88 R02=c02a5f84 R03=00093177
R04=00093177 R05=00000000 R06=c026e055 R07=00000009
R08=c02b8453 R09=00000008 R10=c026e050 R11=c02a5ec4
R12=00000010 R13=c02a5e40 R14=00000020 R15=c01201c0
PSR=600001d3 -ZC- A svc32
----------------
IN: 
0xc011e76c:  e1540008  cmp      r4, r8
0xc011e770:  2a000000  bhs      #0xc011e778

R00=00000021 R01=00000005 R02=00000002 R03=00000030
R04=c02b8453 R05=00000005 R06=ffffffe4 R07=00000004
R08=c02b8820 R09=00000000 R10=c02a5dce R11=c02a5e3c
R12=00000000 R13=c02a5da0 R14=c0120210 R15=c011e76c
PSR=200001d3 --C- A svc32
----------------
IN: 
0xc011e774:  e5c43000  strb     r3, [r4]
0xc011e778:  e2844001  add      r4, r4, #1
0xc011e77c:  e2522001  subs     r2, r2, #1
0xc011e780:  5afffff9  bpl      #0xc011e76c

R00=00000021 R01=00000005 R02=00000002 R03=00000030
R04=c02b8453 R05=00000005 R06=ffffffe4 R07=00000004
R08=c02b8820 R09=00000000 R10=c02a5dce R11=c02a5e3c
R12=00000000 R13=c02a5da0 R14=c0120210 R15=c011e774
PSR=800001d3 N--- A svc32
R00=00000021 R01=00000005 R02=00000001 R03=00000030
R04=c02b8454 R05=00000005 R06=ffffffe4 R07=00000004
R08=c02b8820 R09=00000000 R10=c02a5dce R11=c02a5e3c
R12=00000000 R13=c02a5da0 R14=c0120210 R15=c011e76c
PSR=200001d3 --C- A svc32
R00=00000021 R01=00000005 R02=ffffffff R03=00000030
R04=c02b8456 R05=00000005 R06=ffffffe4 R07=00000004
R08=c02b8820 R09=00000000 R10=c02a5dce R11=c02a5e3c
R12=00000000 R13=c02a5da0 R14=c0120210 R15=c011e784
PSR=800001d3 N--- A svc32
R00=00000000 R01=c02a5f88 R02=fffffffe R03=c026e056
R04=00093177 R05=00000000 R06=c026e055 R07=00000009
R08=c02b845b R09=00000008 R10=c026e055 R11=c02a5ec4
R12=00000000 R13=c02a5e40 R14=c0120210 R15=c011fa1c
PSR=600001d3 -ZC- A svc32
----------------
IN: 
0xc00314a8:  e28290b8  add      sb, r2, #0xb8
0xc00314ac:  ea000016  b        #0xc003150c

R00=0000003c R01=c02b8420 R02=c02b8368 R03=00000043
R04=0000003c R05=00000004 R06=00000000 R07=00000007
R08=c02a5f74 R09=41069265 R10=c026e028 R11=c02a5f54
R12=c02b8820 R13=c02a5ee0 R14=c0120070 R15=c00314a8
PSR=200001d3 --C- A svc32
----------------
IN: 
0xc003150c:  e2853030  add      r3, r5, #0x30
0xc0031510:  e0844006  add      r4, r4, r6
0xc0031514:  e20330ff  and      r3, r3, #0xff
0xc0031518:  e3a0a000  mov      sl, #0
0xc003151c:  e50b4068  str      r4, [fp, #-0x68]
0xc0031520:  e50b3070  str      r3, [fp, #-0x70]
0xc0031524:  ea000049  b        #0xc0031650

R00=0000003c R01=c02b8420 R02=c02b8368 R03=00000043
R04=0000003c R05=00000004 R06=00000000 R07=00000007
R08=c02a5f74 R09=c02b8420 R10=c026e028 R11=c02a5f54
R12=c02b8820 R13=c02a5ee0 R14=c0120070 R15=c003150c
PSR=200001d3 --C- A svc32
R00=0000003c R01=c02b8420 R02=c02b8368 R03=00000034
R04=0000003c R05=00000004 R06=00000000 R07=00000007
R08=c02a5f74 R09=c02b8420 R10=00000000 R11=c02a5f54
R12=c02b8820 R13=c02a5ee0 R14=c0120070 R15=c0031650
PSR=200001d3 --C- A svc32
R00=c02aa14c R01=000000ac R02=600001d3 R03=600001d3
R04=0000003c R05=00000004 R06=00000000 R07=00000007
R08=c02a5f74 R09=c02b8420 R10=0000003c R11=c02a5ecc
R12=c02a5ed0 R13=c02a5ec0 R14=c0030e6c R15=c0049ab4
PSR=600001d3 -ZC- A svc32
R00=c02aa14c R01=000000ac R02=600001d3 R03=00000000
R04=0000003c R05=00000004 R06=00000000 R07=00000007
R08=c02a5f74 R09=c02b8420 R10=0000003c R11=c02a5ecc
R12=c02a5ed0 R13=c02a5ec0 R14=c0030e6c R15=c0049ac8
PSR=600001d3 -ZC- A svc32
R00=00000000 R01=c02aa110 R02=c02b8368 R03=600001d3
R04=0000003c R05=00000004 R06=c02aa110 R07=600001d3
R08=c02aa110 R09=c02b8368 R10=00000000 R11=c02a5edc
R12=c02a5ee0 R13=c02a5eb0 R14=c0031698 R15=c0030ef0
PSR=600001d3 -ZC- A svc32
R00=000000ac R01=00000000 R02=00000000 R03=00000000
R04=000000ac R05=000000ac R06=c02aa110 R07=600001d3
R08=c02aa110 R09=c02b8368 R10=ffffff54 R11=c02a5edc
R12=000000ac R13=c02a5eb0 R14=c0031010 R15=c0031014
PSR=400001d3 -Z-- A svc32
R00=000000ac R01=00000000 R02=00000000 R03=400001d3
R04=000000ac R05=000000ac R06=c02aa110 R07=400001d3
R08=c02aa110 R09=c02b8368 R10=ffffff54 R11=c02a5edc
R12=000000ac R13=c02a5eb0 R14=c0031010 R15=c0030ef0
PSR=400001d3 -Z-- A svc32
R00=c02aa14c R01=00000000 R02=00000000 R03=600001d3
R04=600001d3 R05=000000ac R06=c02aa110 R07=400001d3
R08=c02aa110 R09=c02b8368 R10=ffffff54 R11=c02a5eac
R12=c02a5eb0 R13=c02a5e98 R14=c003102c R15=c0049ae8
PSR=600001d3 -ZC- A svc32
R00=c02aa14c R01=00000000 R02=c02aa150 R03=00000001
R04=600001d3 R05=000000ac R06=c02aa110 R07=400001d3
R08=c02aa110 R09=c02b8368 R10=ffffff54 R11=c02a5eac
R12=c02a5eb0 R13=c02a5e98 R14=c003102c R15=c0049b10
PSR=600001d3 -ZC- A svc32
R00=c02aa14c R01=00000000 R02=c02aa150 R03=00000001
R04=000000ac R05=000000ac R06=c02aa110 R07=400001d3
R08=c02aa110 R09=c02b8368 R10=ffffff54 R11=c02a5edc
R12=c02a5eb0 R13=c02a5eb0 R14=c003102c R15=c0031030
PSR=600001d3 -ZC- A svc32
R00=600001d3 R01=00000000 R02=c02aa12c R03=ffffffff
R04=0000003c R05=00000004 R06=00000000 R07=00000007
R08=c02a5f74 R09=c02b8420 R10=0000003c R11=c02a5f54
R12=c02a5eb0 R13=c02a5ee0 R14=c003102c R15=c003167c
PSR=600001d3 -ZC- A svc32
----------------
IN: 
0xc000aa54:  e59fc550  ldr      ip, [pc, #0x550]
0xc000aa58:  e59f1564  ldr      r1, [pc, #0x564]
0xc000aa5c:  e5982014  ldr      r2, [r8, #0x14]
0xc000aa60:  e5dc3408  ldrb     r3, [ip, #0x408]
0xc000aa64:  e59f055c  ldr      r0, [pc, #0x55c]
0xc000aa68:  eb04565b  bl       #0xc01203dc

R00=0000003f R01=00000000 R02=c02aa12c R03=ffffffff
R04=00093177 R05=c026e1b0 R06=c021054b R07=00000007
R08=c001d018 R09=41069265 R10=0001d018 R11=c02a5fcc
R12=c02a5eb0 R13=c02a5f80 R14=c003102c R15=c000aa54
PSR=600001d3 -ZC- A svc32
----------------
IN: 
0xc01203dc:  e1a0c00d  mov      ip, sp
0xc01203e0:  e92d000e  push     {r1, r2, r3}
0xc01203e4:  e92dd800  push     {fp, ip, lr, pc}
0xc01203e8:  e24cb010  sub      fp, ip, #0x10
0xc01203ec:  e24dd00c  sub      sp, sp, #0xc
0xc01203f0:  e28bc008  add      ip, fp, #8
0xc01203f4:  e3e01102  mvn      r1, #0x80000000
0xc01203f8:  e1a0300c  mov      r3, ip
0xc01203fc:  e59b2004  ldr      r2, [fp, #4]

R00=c02a7984 R01=c026e058 R02=c0210540 R03=0000006c
R04=00093177 R05=c026e1b0 R06=c021054b R07=00000007
R08=c001d018 R09=41069265 R10=0001d018 R11=c02a5fcc
R12=c001e9d4 R13=c02a5f80 R14=c000aa6c R15=c01203dc
PSR=600001d3 -ZC- A svc32
----------------
IN: 
0xc0120400:  e50bc014  str      ip, [fp, #-0x14]
0xc0120404:  ebfffd3e  bl       #0xc011f904

R00=c02a7984 R01=7fffffff R02=c026e058 R03=c02a5f78
R04=00093177 R05=c026e1b0 R06=c021054b R07=00000007
R08=c001d018 R09=41069265 R10=0001d018 R11=c02a5f70
R12=c02a5f78 R13=c02a5f58 R14=c000aa6c R15=c0120400
PSR=600001d3 -ZC- A svc32
----------------
IN: 
0xc011f974:  e51b3060  ldr      r3, [fp, #-0x60]
0xc011f978:  e3e0c000  mvn      ip, #0
0xc011f97c:  e50bc05c  str      ip, [fp, #-0x5c]
0xc011f980:  e1e03003  mvn      r3, r3
0xc011f984:  e50b3064  str      r3, [fp, #-0x64]
0xc011f988:  e3a01000  mov      r1, #0
0xc011f98c:  e24b2044  sub      r2, fp, #0x44
0xc011f990:  e50b1050  str      r1, [fp, #-0x50]
0xc011f994:  e24b3040  sub      r3, fp, #0x40
0xc011f998:  e51b8060  ldr      r8, [fp, #-0x60]
0xc011f99c:  e1a09001  mov      sb, r1
0xc011f9a0:  e1a07001  mov      r7, r1
0xc011f9a4:  e5da0000  ldrb     r0, [sl]
0xc011f9a8:  e50b104c  str      r1, [fp, #-0x4c]
0xc011f9ac:  e50b206c  str      r2, [fp, #-0x6c]
0xc011f9b0:  e50b3068  str      r3, [fp, #-0x68]
0xc011f9b4:  ea00021a  b        #0xc0120224

R00=c02a7984 R01=402a7983 R02=7fffffff R03=c02a5f78
R04=00093177 R05=c026e1b0 R06=c021054b R07=00000007
R08=c001d018 R09=41069265 R10=c026e058 R11=c02a5f54
R12=c02a5f58 R13=c02a5ed0 R14=c0120408 R15=c011f974
PSR=200001d3 --C- A svc32
----------------
IN: 
0xc011fe08:  e51b304c  ldr      r3, [fp, #-0x4c]
0xc011fe0c:  e2856001  add      r6, r5, #1
0xc011fe10:  e3130010  tst      r3, #0x10
0xc011fe14:  0a0000a1  beq      #0xc01200a0

R00=00000063 R01=c02a5f7c R02=0000000a R03=0000003e
R04=00000002 R05=c026e05b R06=c026e05a R07=00000004
R08=c02a798b R09=ffffffff R10=c026e05a R11=c02a5f54
R12=00000063 R13=c02a5ed0 R14=c011f058 R15=c011fe08
PSR=800001d3 N--- A svc32
----------------
IN: 
0xc01200a0:  e2499001  sub      sb, sb, #1
0xc01200a4:  e3590000  cmp      sb, #0
0xc01200a8:  cafffff6  bgt      #0xc0120088

R00=00000063 R01=c02a5f7c R02=0000000a R03=00000000
R04=00000002 R05=c026e05b R06=c026e05c R07=00000004
R08=c02a798b R09=ffffffff R10=c026e05a R11=c02a5f54
R12=00000063 R13=c02a5ed0 R14=c011f058 R15=c01200a0
PSR=400001d3 -Z-- A svc32
----------------
IN: 
0xc01200ac:  e51b105c  ldr      r1, [fp, #-0x5c]
0xc01200b0:  e51bc048  ldr      ip, [fp, #-0x48]
0xc01200b4:  e1580001  cmp      r8, r1
0xc01200b8:  e59c3000  ldr      r3, [ip]
0xc01200bc:  2a000005  bhs      #0xc01200d8

R00=00000063 R01=c02a5f7c R02=0000000a R03=00000000
R04=00000002 R05=c026e05b R06=c026e05c R07=00000004
R08=c02a798b R09=fffffffe R10=c026e05a R11=c02a5f54
R12=00000063 R13=c02a5ed0 R14=c011f058 R15=c01200ac
PSR=a00001d3 N-C- A svc32
----------------
IN: 
0xc01200c0:  ea000003  b        #0xc01200d4

R00=00000063 R01=ffffffff R02=0000000a R03=0000006c
R04=00000002 R05=c026e05b R06=c026e05c R07=00000004
R08=c02a798b R09=fffffffe R10=c026e05a R11=c02a5f54
R12=c02a5f7c R13=c02a5ed0 R14=c011f058 R15=c01200c0
PSR=800001d3 N--- A svc32
----------------
IN: 
0xc01200d4:  e5c83000  strb     r3, [r8]
0xc01200d8:  e2499001  sub      sb, sb, #1
0xc01200dc:  e2888001  add      r8, r8, #1
0xc01200e0:  e3590000  cmp      sb, #0
0xc01200e4:  cafffff6  bgt      #0xc01200c4

R00=00000063 R01=ffffffff R02=0000000a R03=0000006c
R04=00000002 R05=c026e05b R06=c026e05c R07=00000004
R08=c02a798b R09=fffffffe R10=c026e05a R11=c02a5f54
R12=c02a5f7c R13=c02a5ed0 R14=c011f058 R15=c01200d4
PSR=800001d3 N--- A svc32
----------------
IN: 
0xc01200e8:  e51bc048  ldr      ip, [fp, #-0x48]
0xc01200ec:  e3a07003  mov      r7, #3
0xc01200f0:  e28cc004  add      ip, ip, #4
0xc01200f4:  e50bc058  str      ip, [fp, #-0x58]
0xc01200f8:  e5d60000  ldrb     r0, [r6]
0xc01200fc:  ea000045  b        #0xc0120218

R00=00000063 R01=ffffffff R02=0000000a R03=0000006c
R04=00000002 R05=c026e05b R06=c026e05c R07=00000004
R08=c02a798c R09=fffffffd R10=c026e05a R11=c02a5f54
R12=c02a5f7c R13=c02a5ed0 R14=c011f058 R15=c01200e8
PSR=a00001d3 N-C- A svc32
R00=00000000 R01=ffffffff R02=0000000a R03=0000006c
R04=00000002 R05=c026e05b R06=c026e05c R07=00000003
R08=c02a798c R09=fffffffd R10=c026e05a R11=c02a5f54
R12=c02a5f80 R13=c02a5ed0 R14=c011f058 R15=c0120218
PSR=a00001d3 N-C- A svc32
----------------
IN: 
0xc0120408:  e24bd00c  sub      sp, fp, #0xc
0xc012040c:  e89da800  ldm      sp, {fp, sp, pc}

R00=00000008 R01=c02a7984 R02=3fd5867b R03=ffffffff
R04=00093177 R05=c026e1b0 R06=c021054b R07=00000007
R08=c001d018 R09=41069265 R10=0001d018 R11=c02a5f70
R12=c02a5f80 R13=c02a5f58 R14=c011f058 R15=c0120408
PSR=800001d3 N--- A svc32
----------------
IN: 
0xc000aa6c:  e59f1540  ldr      r1, [pc, #0x540]
0xc000aa70:  e59fc534  ldr      ip, [pc, #0x534]
0xc000aa74:  e5982018  ldr      r2, [r8, #0x18]
0xc000aa78:  e2810050  add      r0, r1, #0x50
0xc000aa7c:  e59f1540  ldr      r1, [pc, #0x540]
0xc000aa80:  e5dc3408  ldrb     r3, [ip, #0x408]
0xc000aa84:  eb045654  bl       #0xc01203dc

R00=00000008 R01=c02a7984 R02=3fd5867b R03=ffffffff
R04=00093177 R05=c026e1b0 R06=c021054b R07=00000007
R08=c001d018 R09=41069265 R10=0001d018 R11=c02a5fcc
R12=c02a5f80 R13=c02a5f80 R14=c011f058 R15=c000aa6c
PSR=800001d3 N--- A svc32
----------------
IN: 
0xc000aa88:  e598301c  ldr      r3, [r8, #0x1c]
0xc000aa8c:  e59f0520  ldr      r0, [pc, #0x520]
0xc000aa90:  ee102f30  mrc      p15, #0, r2, c0, c0, #1
0xc000aa94:  e3570007  cmp      r7, #7
0xc000aa98:  e3c33004  bic      r3, r3, #4
0xc000aa9c:  e5803058  str      r3, [r0, #0x58]
0xc000aaa0:  9a000014  bls      #0xc000aaf8

R00=00000003 R01=c02b7bd0 R02=3fd4842f R03=ffffffff
R04=00093177 R05=c026e1b0 R06=c021054b R07=00000007
R08=c001d018 R09=41069265 R10=0001d018 R11=c02a5fcc
R12=c02a5f80 R13=c02a5f80 R14=c011f058 R15=c000aa88
PSR=800001d3 N--- A svc32
----------------
IN: 
0xc000aaf8:  e59fc4b4  ldr      ip, [pc, #0x4b4]
0xc000aafc:  e3a03001  mov      r3, #1
0xc000ab00:  e58c3084  str      r3, [ip, #0x84]
0xc000ab04:  e59f14c0  ldr      r1, [pc, #0x4c0]
0xc000ab08:  e59f04c0  ldr      r0, [pc, #0x4c0]
0xc000ab0c:  e1a02001  mov      r2, r1
0xc000ab10:  eb080c42  bl       #0xc020dc20

R00=c02b7b80 R01=c02b7bd0 R02=01dd20d2 R03=00000093
R04=00093177 R05=c026e1b0 R06=c021054b R07=00000007
R08=c001d018 R09=41069265 R10=0001d018 R11=c02a5fcc
R12=c02a5f80 R13=c02a5f80 R14=c011f058 R15=c000aaf8
PSR=600001d3 -ZC- A svc32
R00=c02b8368 R01=c02aa110 R02=600001d3 R03=600001d3
R04=00093177 R05=00000004 R06=c021054b R07=00000007
R08=c02a5f74 R09=41069265 R10=c026e060 R11=c02a5f54
R12=c02a5f58 R13=c02a5ee0 R14=c020dc48 R15=c0031394
PSR=600001d3 -ZC- A svc32
R00=c02b843c R01=c026e078 R02=0000000d R03=000003e6
R04=00000020 R05=c02a5e50 R06=c026e089 R07=00000004
R08=c02b843a R09=ffffffff R10=c026e076 R11=c02a5ec4
R12=00000000 R13=c02a5e34 R14=00000069 R15=c0116060
PSR=600001d3 -ZC- A svc32
----------------
IN: 
0xc01160dc:  e4916004  ldr      r6, [r1], #4
0xc01160e0:  e4917004  ldr      r7, [r1], #4
0xc01160e4:  e4918004  ldr      r8, [r1], #4
0xc01160e8:  e491e004  ldr      lr, [r1], #4
0xc01160ec:  e08ff00c  add      pc, pc, ip

R00=c02b843c R01=c026e078 R02=fffffff1 R03=000003e6
R04=00000020 R05=c02a5e50 R06=c026e089 R07=00000004
R08=c02b843a R09=ffffffff R10=c026e076 R11=c02a5ec4
R12=00000010 R13=c02a5e24 R14=00000069 R15=c01160dc
PSR=000001d3 ---- A svc32
----------------
IN: 
0xc0116104:  e4806004  str      r6, [r0], #4
0xc0116108:  e4807004  str      r7, [r0], #4
0xc011610c:  e4808004  str      r8, [r0], #4
0xc0116110:  e480e004  str      lr, [r0], #4
0xc0116114:  2affffdc  bhs      #0xc011608c

R00=c02b843c R01=c026e088 R02=fffffff1 R03=000003e6
R04=00000020 R05=c02a5e50 R06=7274736e R07=69746375
R08=63206e6f R09=ffffffff R10=c026e076 R11=c02a5ec4
R12=00000010 R13=c02a5e24 R14=65686361 R15=c0116104
PSR=000001d3 ---- A svc32
R00=c02b844c R01=c026e088 R02=fffffff1 R03=000003e6
R04=00000020 R05=c02a5e50 R06=7274736e R07=69746375
R08=63206e6f R09=ffffffff R10=c026e076 R11=c02a5ec4
R12=00000010 R13=c02a5e24 R14=65686361 R15=c0116118
PSR=000001d3 ---- A svc32
R00=c02aa14c R01=000000dc R02=600001d3 R03=600001d3
R04=0000002d R05=00000004 R06=00000000 R07=00000007
R08=c02a5f74 R09=c02b8420 R10=0000002d R11=c02a5ecc
R12=c02a5ed0 R13=c02a5ec0 R14=c0030e6c R15=c0049ab4
PSR=600001d3 -ZC- A svc32
R00=c02aa14c R01=000000dc R02=600001d3 R03=00000000
R04=0000002d R05=00000004 R06=00000000 R07=00000007
R08=c02a5f74 R09=c02b8420 R10=0000002d R11=c02a5ecc
R12=c02a5ed0 R13=c02a5ec0 R14=c0030e6c R15=c0049ac8
PSR=600001d3 -ZC- A svc32
R00=00000000 R01=c02aa110 R02=c02b8368 R03=600001d3
R04=0000002d R05=00000004 R06=c02aa110 R07=600001d3
R08=c02aa110 R09=c02b8368 R10=00000000 R11=c02a5edc
R12=c02a5ee0 R13=c02a5eb0 R14=c0031698 R15=c0030ef0
PSR=600001d3 -ZC- A svc32
R00=000000dc R01=00000000 R02=00000000 R03=00000000
R04=000000dc R05=000000dc R06=c02aa110 R07=600001d3
R08=c02aa110 R09=c02b8368 R10=ffffff24 R11=c02a5edc
R12=000000dc R13=c02a5eb0 R14=c0031010 R15=c0031014
PSR=400001d3 -Z-- A svc32
R00=000000dc R01=00000000 R02=00000000 R03=400001d3
R04=000000dc R05=000000dc R06=c02aa110 R07=400001d3
R08=c02aa110 R09=c02b8368 R10=ffffff24 R11=c02a5edc
R12=000000dc R13=c02a5eb0 R14=c0031010 R15=c0030ef0
PSR=400001d3 -Z-- A svc32
R00=c02aa14c R01=00000000 R02=00000000 R03=600001d3
R04=600001d3 R05=000000dc R06=c02aa110 R07=400001d3
R08=c02aa110 R09=c02b8368 R10=ffffff24 R11=c02a5eac
R12=c02a5eb0 R13=c02a5e98 R14=c003102c R15=c0049ae8
PSR=600001d3 -ZC- A svc32
R00=c02aa14c R01=00000000 R02=c02aa150 R03=00000001
R04=600001d3 R05=000000dc R06=c02aa110 R07=400001d3
R08=c02aa110 R09=c02b8368 R10=ffffff24 R11=c02a5eac
R12=c02a5eb0 R13=c02a5e98 R14=c003102c R15=c0049b10
PSR=600001d3 -ZC- A svc32
R00=c02aa14c R01=00000000 R02=c02aa150 R03=00000001
R04=000000dc R05=000000dc R06=c02aa110 R07=400001d3
R08=c02aa110 R09=c02b8368 R10=ffffff24 R11=c02a5edc
R12=c02a5eb0 R13=c02a5eb0 R14=c003102c R15=c0031030
PSR=600001d3 -ZC- A svc32
R00=600001d3 R01=00000000 R02=c02aa12c R03=ffffffff
R04=0000002d R05=00000004 R06=00000000 R07=00000007
R08=c02a5f74 R09=c02b8420 R10=0000002d R11=c02a5f54
R12=c02a5eb0 R13=c02a5ee0 R14=c003102c R15=c003167c
PSR=600001d3 -ZC- A svc32
----------------
IN: 
0xc000ab14:  eb0078fa  bl       #0xc0028f04

R00=00000030 R01=00000000 R02=c02aa12c R03=ffffffff
R04=00093177 R05=c026e1b0 R06=c021054b R07=00000007
R08=c001d018 R09=41069265 R10=0001d018 R11=c02a5fcc
R12=c02a5eb0 R13=c02a5f80 R14=c003102c R15=c000ab14
PSR=600001d3 -ZC- A svc32
----------------
IN: 
0xc0028f04:  ee100f30  mrc      p15, #0, r0, c0, c0, #1
0xc0028f08:  e51f1010  ldr      r1, [pc, #-0x10]
0xc0028f0c:  e3a02c02  mov      r2, #0x200
0xc0028f10:  e3100801  tst      r0, #0x10000
0xc0028f14:  e1a00920  lsr      r0, r0, #0x12
0xc0028f18:  13a03103  movne    r3, #-0x40000000
0xc0028f1c:  e200000f  and      r0, r0, #0xf
0xc0028f20:  03a03000  moveq    r3, #0
0xc0028f24:  e1a02012  lsl      r2, r2, r0
0xc0028f28:  11a02122  lsrne    r2, r2, #2
0xc0028f2c:  e2422020  sub      r2, r2, #0x20
0xc0028f30:  e881000c  stm      r1, {r2, r3}
0xc0028f34:  e1a0f00e  mov      pc, lr

R00=00000030 R01=00000000 R02=c02aa12c R03=ffffffff
R04=00093177 R05=c026e1b0 R06=c021054b R07=00000007
R08=c001d018 R09=41069265 R10=0001d018 R11=c02a5fcc
R12=c02a5eb0 R13=c02a5f80 R14=c000ab18 R15=c0028f04
PSR=600001d3 -ZC- A svc32
----------------
IN: 
0xc000ab18:  e59f0494  ldr      r0, [pc, #0x494]
0xc000ab1c:  e5904088  ldr      r4, [r0, #0x88]
0xc000ab20:  e1a00004  mov      r0, r4
0xc000ab24:  ebfff5b4  bl       #0xc00081fc

R00=00000007 R01=c02b7ce8 R02=00003fe0 R03=c0000000
R04=00093177 R05=c026e1b0 R06=c021054b R07=00000007
R08=c001d018 R09=41069265 R10=0001d018 R11=c02a5fcc
R12=c02a5eb0 R13=c02a5f80 R14=c000ab18 R15=c000ab18
PSR=000001d3 ---- A svc32
----------------
IN: 
0xc00081fc:  e92d4070  push     {r4, r5, r6, lr}
0xc0008200:  e1a01000  mov      r1, r0
0xc0008204:  ebffffef  bl       #0xc00081c8

R00=00000661 R01=c02b7ce8 R02=00003fe0 R03=c0000000
R04=00000661 R05=c026e1b0 R06=c021054b R07=00000007
R08=c001d018 R09=41069265 R10=0001d018 R11=c02a5fcc
R12=c02a5eb0 R13=c02a5f80 R14=c000ab28 R15=c00081fc
PSR=000001d3 ---- A svc32
----------------
IN: 
0xc00081c8:  e24f3014  sub      r3, pc, #0x14
0xc00081cc:  e8930070  ldm      r3, {r4, r5, r6}
0xc00081d0:  e0433004  sub      r3, r3, r4
0xc00081d4:  e0855003  add      r5, r5, r3
0xc00081d8:  e0866003  add      r6, r6, r3
0xc00081dc:  e5953000  ldr      r3, [r5]
0xc00081e0:  e1330001  teq      r3, r1
0xc00081e4:  0a000003  beq      #0xc00081f8

R00=00000661 R01=00000661 R02=00003fe0 R03=c0000000
R04=00000661 R05=c026e1b0 R06=c021054b R07=00000007
R08=c001d018 R09=41069265 R10=0001d018 R11=c02a5fcc
R12=c02a5eb0 R13=c02a5f70 R14=c0008208 R15=c00081c8
PSR=000001d3 ---- A svc32
----------------
IN: 
0xc00081f8:  e1a0f00e  mov      pc, lr

R00=00000661 R01=00000661 R02=00003fe0 R03=00000661
R04=c00081bc R05=c001d0e8 R06=c001d184 R07=00000007
R08=c001d018 R09=41069265 R10=0001d018 R11=c02a5fcc
R12=c02a5eb0 R13=c02a5f70 R14=c0008208 R15=c00081f8
PSR=400001d3 -Z-- A svc32
----------------
IN: 
0xc0008208:  e1a00005  mov      r0, r5
0xc000820c:  e8bd8070  pop      {r4, r5, r6, pc}

R00=00000661 R01=00000661 R02=00003fe0 R03=00000661
R04=c00081bc R05=c001d0e8 R06=c001d184 R07=00000007
R08=c001d018 R09=41069265 R10=0001d018 R11=c02a5fcc
R12=c02a5eb0 R13=c02a5f70 R14=c0008208 R15=c0008208
PSR=400001d3 -Z-- A svc32
----------------
IN: 
0xc000ab28:  e250a000  subs     sl, r0, #0
0xc000ab2c:  1a000003  bne      #0xc000ab40

R00=c001d0e8 R01=00000661 R02=00003fe0 R03=00000661
R04=00000661 R05=c026e1b0 R06=c021054b R07=00000007
R08=c001d018 R09=41069265 R10=0001d018 R11=c02a5fcc
R12=c02a5eb0 R13=c02a5f80 R14=c0008208 R15=c000ab28
PSR=400001d3 -Z-- A svc32
----------------
IN: 
0xc000ab40:  e59a100c  ldr      r1, [sl, #0xc]
0xc000ab44:  e59f048c  ldr      r0, [pc, #0x48c]
0xc000ab48:  eb080c34  bl       #0xc020dc20

R00=c001d0e8 R01=00000661 R02=00003fe0 R03=00000661
R04=00000661 R05=c026e1b0 R06=c021054b R07=00000007
R08=c001d018 R09=41069265 R10=c001d0e8 R11=c02a5fcc
R12=c02a5eb0 R13=c02a5f80 R14=c0008208 R15=c000ab40
PSR=a00001d3 N-C- A svc32
R00=c02b8368 R01=c02aa110 R02=600001d3 R03=600001d3
R04=00000661 R05=00000004 R06=c021054b R07=00000007
R08=c02a5f74 R09=41069265 R10=c026e0d0 R11=c02a5f54
R12=c02a5f58 R13=c02a5ee0 R14=c020dc48 R15=c0031394
PSR=600001d3 -ZC- A svc32
----------------
IN: 
0xc01160e4:  e4918004  ldr      r8, [r1], #4
0xc01160e8:  e491e004  ldr      lr, [r1], #4
0xc01160ec:  e08ff00c  add      pc, pc, ip

R00=c02b8420 R01=c026e0d0 R02=ffffffe9 R03=00000400
R04=00000009 R05=00000004 R06=c026e0d9 R07=00000000
R08=c02b8420 R09=00000000 R10=c026e0d0 R11=c02a5ec4
R12=00000018 R13=c02a5e24 R14=c0120070 R15=c01160e4
PSR=000001d3 ---- A svc32
----------------
IN: 
0xc011610c:  e4808004  str      r8, [r0], #4
0xc0116110:  e480e004  str      lr, [r0], #4
0xc0116114:  2affffdc  bhs      #0xc011608c

R00=c02b8420 R01=c026e0d8 R02=ffffffe9 R03=00000400
R04=00000009 R05=00000004 R06=c026e0d9 R07=00000000
R08=6863614d R09=00000000 R10=c026e0d0 R11=c02a5ec4
R12=00000018 R13=c02a5e24 R14=3a656e69 R15=c011610c
PSR=000001d3 ---- A svc32
R00=c02b8428 R01=c026e0d8 R02=ffffffe9 R03=00000400
R04=00000009 R05=00000004 R06=c026e0d9 R07=00000000
R08=6863614d R09=00000000 R10=c026e0d0 R11=c02a5ec4
R12=00000018 R13=c02a5e24 R14=3a656e69 R15=c0116118
PSR=000001d3 ---- A svc32
R00=c02aa14c R01=000000fb R02=600001d3 R03=600001d3
R04=0000001c R05=00000004 R06=00000000 R07=00000007
R08=c02a5f74 R09=c02b8420 R10=0000001c R11=c02a5ecc
R12=c02a5ed0 R13=c02a5ec0 R14=c0030e6c R15=c0049ab4
PSR=600001d3 -ZC- A svc32
R00=c02aa14c R01=000000fb R02=600001d3 R03=00000000
R04=0000001c R05=00000004 R06=00000000 R07=00000007
R08=c02a5f74 R09=c02b8420 R10=0000001c R11=c02a5ecc
R12=c02a5ed0 R13=c02a5ec0 R14=c0030e6c R15=c0049ac8
PSR=600001d3 -ZC- A svc32
R00=00000000 R01=c02aa110 R02=c02b8368 R03=600001d3
R04=0000001c R05=00000004 R06=c02aa110 R07=600001d3
R08=c02aa110 R09=c02b8368 R10=00000000 R11=c02a5edc
R12=c02a5ee0 R13=c02a5eb0 R14=c0031698 R15=c0030ef0
PSR=600001d3 -ZC- A svc32
R00=000000fb R01=00000000 R02=00000000 R03=00000000
R04=000000fb R05=000000fb R06=c02aa110 R07=600001d3
R08=c02aa110 R09=c02b8368 R10=ffffff05 R11=c02a5edc
R12=000000fb R13=c02a5eb0 R14=c0031010 R15=c0031014
PSR=400001d3 -Z-- A svc32
R00=000000fb R01=00000000 R02=00000000 R03=400001d3
R04=000000fb R05=000000fb R06=c02aa110 R07=400001d3
R08=c02aa110 R09=c02b8368 R10=ffffff05 R11=c02a5edc
R12=000000fb R13=c02a5eb0 R14=c0031010 R15=c0030ef0
PSR=400001d3 -Z-- A svc32
R00=c02aa14c R01=00000000 R02=00000000 R03=600001d3
R04=600001d3 R05=000000fb R06=c02aa110 R07=400001d3
R08=c02aa110 R09=c02b8368 R10=ffffff05 R11=c02a5eac
R12=c02a5eb0 R13=c02a5e98 R14=c003102c R15=c0049ae8
PSR=600001d3 -ZC- A svc32
R00=c02aa14c R01=00000000 R02=c02aa150 R03=00000001
R04=600001d3 R05=000000fb R06=c02aa110 R07=400001d3
R08=c02aa110 R09=c02b8368 R10=ffffff05 R11=c02a5eac
R12=c02a5eb0 R13=c02a5e98 R14=c003102c R15=c0049b10
PSR=600001d3 -ZC- A svc32
R00=c02aa14c R01=00000000 R02=c02aa150 R03=00000001
R04=000000fb R05=000000fb R06=c02aa110 R07=400001d3
R08=c02aa110 R09=c02b8368 R10=ffffff05 R11=c02a5edc
R12=c02a5eb0 R13=c02a5eb0 R14=c003102c R15=c0031030
PSR=600001d3 -ZC- A svc32
R00=600001d3 R01=00000000 R02=c02aa12c R03=ffffffff
R04=0000001c R05=00000004 R06=00000000 R07=00000007
R08=c02a5f74 R09=c02b8420 R10=0000001c R11=c02a5f54
R12=c02a5eb0 R13=c02a5ee0 R14=c003102c R15=c003167c
PSR=600001d3 -ZC- A svc32
----------------
IN: 
0xc000ab4c:  e59a300c  ldr      r3, [sl, #0xc]
0xc000ab50:  e59f245c  ldr      r2, [pc, #0x45c]
0xc000ab54:  e582305c  str      r3, [r2, #0x5c]
0xc000ab58:  e5da101c  ldrb     r1, [sl, #0x1c]
0xc000ab5c:  e3110008  tst      r1, #8
0xc000ab60:  0a000001  beq      #0xc000ab6c

R00=0000001f R01=00000000 R02=c02aa12c R03=ffffffff
R04=00000661 R05=c026e1b0 R06=c021054b R07=00000007
R08=c001d018 R09=41069265 R10=c001d0e8 R11=c02a5fcc
R12=c02a5eb0 R13=c02a5f80 R14=c003102c R15=c000ab4c
PSR=600001d3 -ZC- A svc32
----------------
IN: 
0xc000ab6c:  e59f1438  ldr      r1, [pc, #0x438]
0xc000ab70:  e59f5468  ldr      r5, [pc, #0x468]
0xc000ab74:  e5910438  ldr      r0, [r1, #0x438]
0xc000ab78:  e3500000  cmp      r0, #0
0xc000ab7c:  1a000004  bne      #0xc000ab94

R00=0000001f R01=00000000 R02=c02b7b80 R03=c026fb40
R04=00000661 R05=c026e1b0 R06=c021054b R07=00000007
R08=c001d018 R09=41069265 R10=c001d0e8 R11=c02a5fcc
R12=c02a5eb0 R13=c02a5f80 R14=c003102c R15=c000ab6c
PSR=600001d3 -ZC- A svc32
----------------
IN: 
0xc000ab94:  e2804103  add      r4, r0, #-0x40000000
0xc000ab98:  e59f6444  ldr      r6, [pc, #0x444]
0xc000ab9c:  e5943004  ldr      r3, [r4, #4]
0xc000aba0:  e1530006  cmp      r3, r6
0xc000aba4:  0a000004  beq      #0xc000abbc

R00=00000100 R01=c001e9d4 R02=c02b7b80 R03=c026fb40
R04=00000661 R05=c001ede0 R06=c021054b R07=00000007
R08=c001d018 R09=41069265 R10=c001d0e8 R11=c02a5fcc
R12=c02a5eb0 R13=c02a5f80 R14=c003102c R15=c000ab94
PSR=200001d3 --C- A svc32
----------------
IN: 
0xc000abbc:  e1a05004  mov      r5, r4
0xc000abc0:  e59ac020  ldr      ip, [sl, #0x20]
0xc000abc4:  e35c0000  cmp      ip, #0
0xc000abc8:  1a000002  bne      #0xc000abd8

R00=00000100 R01=c001e9d4 R02=c02b7b80 R03=54410001
R04=c0000100 R05=c001ede0 R06=54410001 R07=00000007
R08=c001d018 R09=41069265 R10=c001d0e8 R11=c02a5fcc
R12=c02a5eb0 R13=c02a5f80 R14=c003102c R15=c000abbc
PSR=600001d3 -ZC- A svc32
----------------
IN: 
0xc000abd8:  e59f3408  ldr      r3, [pc, #0x408]
0xc000abdc:  e1a0000a  mov      r0, sl
0xc000abe0:  e1a01005  mov      r1, r5
0xc000abe4:  e24b2030  sub      r2, fp, #0x30
0xc000abe8:  e50b303c  str      r3, [fp, #-0x3c]
0xc000abec:  e12fff3c  blx      ip

R00=00000100 R01=c001e9d4 R02=c02b7b80 R03=54410001
R04=c0000100 R05=c0000100 R06=54410001 R07=00000007
R08=c001d018 R09=41069265 R10=c001d0e8 R11=c02a5fcc
R12=c000cd48 R13=c02a5f80 R14=c003102c R15=c000abd8
PSR=a00001d3 N-C- A svc32
----------------
IN: 
0xc000cd48:  e1a0c00d  mov      ip, sp
0xc000cd4c:  e92dd8f0  push     {r4, r5, r6, r7, fp, ip, lr, pc}
0xc000cd50:  e24cb004  sub      fp, ip, #4
0xc000cd54:  e59f5074  ldr      r5, [pc, #0x74]
0xc000cd58:  e1a04001  mov      r4, r1
0xc000cd5c:  e3a06000  mov      r6, #0
0xc000cd60:  ea000016  b        #0xc000cdc0

R00=c001d0e8 R01=c0000100 R02=c02a5f9c R03=c02b7c4c
R04=c0000100 R05=c0000100 R06=54410001 R07=00000007
R08=c001d018 R09=41069265 R10=c001d0e8 R11=c02a5fcc
R12=c000cd48 R13=c02a5f80 R14=c000abf0 R15=c000cd48
PSR=a00001d3 N-C- A svc32
----------------
IN: 
0xc000cdc0:  e5940000  ldr      r0, [r4]
0xc000cdc4:  e3500000  cmp      r0, #0
0xc000cdc8:  1affffe5  bne      #0xc000cd64

R00=c001d0e8 R01=c0000100 R02=c02a5f9c R03=c02b7c4c
R04=c0000100 R05=54410002 R06=00000000 R07=00000007
R08=c001d018 R09=41069265 R10=c001d0e8 R11=c02a5f7c
R12=c02a5f80 R13=c02a5f60 R14=c000abf0 R15=c000cdc0
PSR=a00001d3 N-C- A svc32
----------------
IN: 
0xc000cd64:  e5943004  ldr      r3, [r4, #4]
0xc000cd68:  e1530005  cmp      r3, r5
0xc000cd6c:  1a000012  bne      #0xc000cdbc

R00=00000005 R01=c0000100 R02=c02a5f9c R03=c02b7c4c
R04=c0000100 R05=54410002 R06=00000000 R07=00000007
R08=c001d018 R09=41069265 R10=c001d0e8 R11=c02a5f7c
R12=c02a5f80 R13=c02a5f60 R14=c000abf0 R15=c000cd64
PSR=200001d3 --C- A svc32
----------------
IN: 
0xc000cdbc:  e0844100  add      r4, r4, r0, lsl #2
0xc000cdc0:  e5940000  ldr      r0, [r4]
0xc000cdc4:  e3500000  cmp      r0, #0
0xc000cdc8:  1affffe5  bne      #0xc000cd64

R00=00000005 R01=c0000100 R02=c02a5f9c R03=54410001
R04=c0000100 R05=54410002 R06=00000000 R07=00000007
R08=c001d018 R09=41069265 R10=c001d0e8 R11=c02a5f7c
R12=c02a5f80 R13=c02a5f60 R14=c000abf0 R15=c000cdbc
PSR=800001d3 N--- A svc32
R00=00000004 R01=c0000100 R02=c02a5f9c R03=54410001
R04=c0000114 R05=54410002 R06=00000000 R07=00000007
R08=c001d018 R09=41069265 R10=c001d0e8 R11=c02a5f7c
R12=c02a5f80 R13=c02a5f60 R14=c000abf0 R15=c000cd64
PSR=200001d3 --C- A svc32
----------------
IN: 
0xc000cd70:  e5941008  ldr      r1, [r4, #8]
0xc000cd74:  e3510000  cmp      r1, #0
0xc000cd78:  e1a03a01  lsl      r3, r1, #0x14
0xc000cd7c:  0a000002  beq      #0xc000cd8c

R00=00000004 R01=c0000100 R02=c02a5f9c R03=54410002
R04=c0000114 R05=54410002 R06=00000000 R07=00000007
R08=c001d018 R09=41069265 R10=c001d0e8 R11=c02a5f7c
R12=c02a5f80 R13=c02a5f60 R14=c000abf0 R15=c000cd70
PSR=600001d3 -ZC- A svc32
----------------
IN: 
0xc000cd80:  e1a03a23  lsr      r3, r3, #0x14
0xc000cd84:  e3530000  cmp      r3, #0
0xc000cd88:  0a000001  beq      #0xc000cd94

R00=00000004 R01=02000000 R02=c02a5f9c R03=00000000
R04=c0000114 R05=54410002 R06=00000000 R07=00000007
R08=c001d018 R09=41069265 R10=c001d0e8 R11=c02a5f7c
R12=c02a5f80 R13=c02a5f60 R14=c000abf0 R15=c000cd80
PSR=200001d3 --C- A svc32
----------------
IN: 
0xc000cd94:  e594200c  ldr      r2, [r4, #0xc]
0xc000cd98:  e1a03a02  lsl      r3, r2, #0x14
0xc000cd9c:  e1a03a23  lsr      r3, r3, #0x14
0xc000cda0:  e3530000  cmp      r3, #0
0xc000cda4:  0a000004  beq      #0xc000cdbc

R00=00000004 R01=02000000 R02=c02a5f9c R03=00000000
R04=c0000114 R05=54410002 R06=00000000 R07=00000007
R08=c001d018 R09=41069265 R10=c001d0e8 R11=c02a5f7c
R12=c02a5f80 R13=c02a5f60 R14=c000abf0 R15=c000cd94
PSR=600001d3 -ZC- A svc32
R00=00000004 R01=02000000 R02=00000000 R03=00000000
R04=c0000114 R05=54410002 R06=00000000 R07=00000007
R08=c001d018 R09=41069265 R10=c001d0e8 R11=c02a5f7c
R12=c02a5f80 R13=c02a5f60 R14=c000abf0 R15=c000cdbc
PSR=600001d3 -ZC- A svc32
----------------
IN: 
0xc000cdcc:  e89da8f0  ldm      sp, {r4, r5, r6, r7, fp, sp, pc}

R00=00000000 R01=02000000 R02=00000000 R03=00000000
R04=c0000124 R05=54410002 R06=00000000 R07=00000007
R08=c001d018 R09=41069265 R10=c001d0e8 R11=c02a5f7c
R12=c02a5f80 R13=c02a5f60 R14=c000abf0 R15=c000cdcc
PSR=600001d3 -ZC- A svc32
----------------
IN: 
0xc000abf0:  e5952004  ldr      r2, [r5, #4]
0xc000abf4:  e59f33e8  ldr      r3, [pc, #0x3e8]
0xc000abf8:  e1520003  cmp      r2, r3
0xc000abfc:  1a00001b  bne      #0xc000ac70

R00=00000000 R01=02000000 R02=00000000 R03=00000000
R04=c0000100 R05=c0000100 R06=54410001 R07=00000007
R08=c001d018 R09=41069265 R10=c001d0e8 R11=c02a5fcc
R12=c02a5f80 R13=c02a5f80 R14=c000abf0 R15=c000abf0
PSR=600001d3 -ZC- A svc32
----------------
IN: 
0xc000ac00:  e51bc03c  ldr      ip, [fp, #-0x3c]
0xc000ac04:  e59c3000  ldr      r3, [ip]
0xc000ac08:  e3530000  cmp      r3, #0
0xc000ac0c:  0a000001  beq      #0xc000ac18

R00=00000000 R01=02000000 R02=54410001 R03=54410001
R04=c0000100 R05=c0000100 R06=54410001 R07=00000007
R08=c001d018 R09=41069265 R10=c001d0e8 R11=c02a5fcc
R12=c02a5f80 R13=c02a5f80 R14=c000abf0 R15=c000ac00
PSR=600001d3 -ZC- A svc32
----------------
IN: 
0xc000ac18:  e1a04005  mov      r4, r5
0xc000ac1c:  e59f53c8  ldr      r5, [pc, #0x3c8]
0xc000ac20:  ea00000c  b        #0xc000ac58

R00=00000000 R01=02000000 R02=54410001 R03=00000000
R04=c0000100 R05=c0000100 R06=54410001 R07=00000007
R08=c001d018 R09=41069265 R10=c001d0e8 R11=c02a5fcc
R12=c02b7c4c R13=c02a5f80 R14=c000abf0 R15=c000ac18
PSR=600001d3 -ZC- A svc32
----------------
IN: 
0xc000ac58:  e5943000  ldr      r3, [r4]
0xc000ac5c:  e3530000  cmp      r3, #0
0xc000ac60:  0a000002  beq      #0xc000ac70

R00=00000000 R01=02000000 R02=54410001 R03=00000000
R04=c0000100 R05=c001d1cc R06=54410001 R07=00000007
R08=c001d018 R09=41069265 R10=c001d0e8 R11=c02a5fcc
R12=c02b7c4c R13=c02a5f80 R14=c000abf0 R15=c000ac58
PSR=600001d3 -ZC- A svc32
----------------
IN: 
0xc000ac64:  e5941004  ldr      r1, [r4, #4]
0xc000ac68:  e59f2380  ldr      r2, [pc, #0x380]
0xc000ac6c:  eafffff4  b        #0xc000ac44

R00=00000000 R01=02000000 R02=54410001 R03=00000005
R04=c0000100 R05=c001d1cc R06=54410001 R07=00000007
R08=c001d018 R09=41069265 R10=c001d0e8 R11=c02a5fcc
R12=c02b7c4c R13=c02a5f80 R14=c000abf0 R15=c000ac64
PSR=200001d3 --C- A svc32
----------------
IN: 
0xc000ac44:  e1520005  cmp      r2, r5
0xc000ac48:  3afffff5  blo      #0xc000ac24

R00=00000000 R01=54410001 R02=c001d184 R03=00000005
R04=c0000100 R05=c001d1cc R06=54410001 R07=00000007
R08=c001d018 R09=41069265 R10=c001d0e8 R11=c02a5fcc
R12=c02b7c4c R13=c02a5f80 R14=c000abf0 R15=c000ac44
PSR=200001d3 --C- A svc32
----------------
IN: 
0xc000ac24:  e5923000  ldr      r3, [r2]
0xc000ac28:  e1530001  cmp      r3, r1
0xc000ac2c:  1a000003  bne      #0xc000ac40

R00=00000000 R01=54410001 R02=c001d184 R03=00000005
R04=c0000100 R05=c001d1cc R06=54410001 R07=00000007
R08=c001d018 R09=41069265 R10=c001d0e8 R11=c02a5fcc
R12=c02b7c4c R13=c02a5f80 R14=c000abf0 R15=c000ac24
PSR=800001d3 N--- A svc32
----------------
IN: 
0xc000ac40:  e2822008  add      r2, r2, #8
0xc000ac44:  e1520005  cmp      r2, r5
0xc000ac48:  3afffff5  blo      #0xc000ac24

R00=00000000 R01=54410001 R02=c001d184 R03=54410009
R04=c0000100 R05=c001d1cc R06=54410001 R07=00000007
R08=c001d018 R09=41069265 R10=c001d0e8 R11=c02a5fcc
R12=c02b7c4c R13=c02a5f80 R14=c000abf0 R15=c000ac40
PSR=200001d3 --C- A svc32
R00=00000000 R01=54410001 R02=c001d18c R03=54410009
R04=c0000100 R05=c001d1cc R06=54410001 R07=00000007
R08=c001d018 R09=41069265 R10=c001d0e8 R11=c02a5fcc
R12=c02b7c4c R13=c02a5f80 R14=c000abf0 R15=c000ac24
PSR=800001d3 N--- A svc32
----------------
IN: 
0xc000ac30:  e1a00004  mov      r0, r4
0xc000ac34:  e1a0e00f  mov      lr, pc
0xc000ac38:  e592f004  ldr      pc, [r2, #4]

R00=00000000 R01=54410001 R02=c001d1ac R03=54410001
R04=c0000100 R05=c001d1cc R06=54410001 R07=00000007
R08=c001d018 R09=41069265 R10=c001d0e8 R11=c02a5fcc
R12=c02b7c4c R13=c02a5f80 R14=c000abf0 R15=c000ac30
PSR=600001d3 -ZC- A svc32
----------------
IN: 
0xc000a73c:  e1a0c00d  mov      ip, sp
0xc000a740:  e92dd800  push     {fp, ip, lr, pc}
0xc000a744:  e24cb004  sub      fp, ip, #4
0xc000a748:  e5903000  ldr      r3, [r0]
0xc000a74c:  e3530002  cmp      r3, #2
0xc000a750:  9a00000e  bls      #0xc000a790

R00=c0000100 R01=54410001 R02=c001d1ac R03=54410001
R04=c0000100 R05=c001d1cc R06=54410001 R07=00000007
R08=c001d018 R09=41069265 R10=c001d0e8 R11=c02a5fcc
R12=c02b7c4c R13=c02a5f80 R14=c000ac3c R15=c000a73c
PSR=600001d3 -ZC- A svc32
----------------
IN: 
0xc000a754:  e5903008  ldr      r3, [r0, #8]
0xc000a758:  e3130001  tst      r3, #1
0xc000a75c:  1a000003  bne      #0xc000a770

R00=c0000100 R01=54410001 R02=c001d1ac R03=00000005
R04=c0000100 R05=c001d1cc R06=54410001 R07=00000007
R08=c001d018 R09=41069265 R10=c001d0e8 R11=c02a5f7c
R12=c02a5f80 R13=c02a5f70 R14=c000ac3c R15=c000a754
PSR=200001d3 --C- A svc32
----------------
IN: 
0xc000a770:  e5903010  ldr      r3, [r0, #0x10]
0xc000a774:  e59f2020  ldr      r2, [pc, #0x20]
0xc000a778:  e1a03803  lsl      r3, r3, #0x10
0xc000a77c:  e1a01c23  lsr      r1, r3, #0x18
0xc000a780:  e1a03823  lsr      r3, r3, #0x10
0xc000a784:  e20330ff  and      r3, r3, #0xff
0xc000a788:  e1833a01  orr      r3, r3, r1, lsl #20
0xc000a78c:  e5823000  str      r3, [r2]
0xc000a790:  e3a00000  mov      r0, #0
0xc000a794:  e89da800  ldm      sp, {fp, sp, pc}

R00=c0000100 R01=54410001 R02=c001d1ac R03=00000001
R04=c0000100 R05=c001d1cc R06=54410001 R07=00000007
R08=c001d018 R09=41069265 R10=c001d0e8 R11=c02a5f7c
R12=c02a5f80 R13=c02a5f70 R14=c000ac3c R15=c000a770
PSR=200001d3 --C- A svc32
----------------
IN: 
0xc000ac3c:  ea000003  b        #0xc000ac50

R00=00000000 R01=00000000 R02=c02b7b20 R03=00000000
R04=c0000100 R05=c001d1cc R06=54410001 R07=00000007
R08=c001d018 R09=41069265 R10=c001d0e8 R11=c02a5fcc
R12=c02a5f80 R13=c02a5f80 R14=c000ac3c R15=c000ac3c
PSR=200001d3 --C- A svc32
----------------
IN: 
0xc000ac50:  e5943000  ldr      r3, [r4]
0xc000ac54:  e0844103  add      r4, r4, r3, lsl #2
0xc000ac58:  e5943000  ldr      r3, [r4]
0xc000ac5c:  e3530000  cmp      r3, #0
0xc000ac60:  0a000002  beq      #0xc000ac70

R00=00000000 R01=00000000 R02=c02b7b20 R03=00000000
R04=c0000100 R05=c001d1cc R06=54410001 R07=00000007
R08=c001d018 R09=41069265 R10=c001d0e8 R11=c02a5fcc
R12=c02a5f80 R13=c02a5f80 R14=c000ac3c R15=c000ac50
PSR=200001d3 --C- A svc32
R00=00000000 R01=00000000 R02=c02b7b20 R03=00000004
R04=c0000114 R05=c001d1cc R06=54410001 R07=00000007
R08=c001d018 R09=41069265 R10=c001d0e8 R11=c02a5fcc
R12=c02a5f80 R13=c02a5f80 R14=c000ac3c R15=c000ac64
PSR=200001d3 --C- A svc32
----------------
IN: 
0xc000a95c:  e1a0c00d  mov      ip, sp
0xc000a960:  e92dd800  push     {fp, ip, lr, pc}
0xc000a964:  e24cb004  sub      fp, ip, #4
0xc000a968:  e5901008  ldr      r1, [r0, #8]
0xc000a96c:  e590000c  ldr      r0, [r0, #0xc]
0xc000a970:  ebffffb4  bl       #0xc000a848

R00=c0000114 R01=54410002 R02=c001d1a4 R03=54410002
R04=c0000114 R05=c001d1cc R06=54410001 R07=00000007
R08=c001d018 R09=41069265 R10=c001d0e8 R11=c02a5fcc
R12=c02a5f80 R13=c02a5f80 R14=c000ac3c R15=c000a95c
PSR=600001d3 -ZC- A svc32
----------------
IN: 
0xc000a848:  e1a0c00d  mov      ip, sp
0xc000a84c:  e92dd830  push     {r4, r5, fp, ip, lr, pc}
0xc000a850:  e24cb004  sub      fp, ip, #4
0xc000a854:  e59f4080  ldr      r4, [pc, #0x80]
0xc000a858:  e594c000  ldr      ip, [r4]
0xc000a85c:  e35c0007  cmp      ip, #7
0xc000a860:  da000004  ble      #0xc000a878

R00=00000000 R01=02000000 R02=c001d1a4 R03=54410002
R04=c0000114 R05=c001d1cc R06=54410001 R07=00000007
R08=c001d018 R09=41069265 R10=c001d0e8 R11=c02a5f7c
R12=c02a5f80 R13=c02a5f70 R14=c000a974 R15=c000a848
PSR=600001d3 -ZC- A svc32
----------------
IN: 
0xc000a878:  e1a03a00  lsl      r3, r0, #0x14
0xc000a87c:  e08cc08c  add      ip, ip, ip, lsl #1
0xc000a880:  e1a03a23  lsr      r3, r3, #0x14
0xc000a884:  e2802eff  add      r2, r0, #0xff0
0xc000a888:  e0633001  rsb      r3, r3, r1
0xc000a88c:  e2840004  add      r0, r4, #4
0xc000a890:  e282200f  add      r2, r2, #0xf
0xc000a894:  e3c33eff  bic      r3, r3, #0xff0
0xc000a898:  e080110c  add      r1, r0, ip, lsl #2
0xc000a89c:  e3c3300f  bic      r3, r3, #0xf
0xc000a8a0:  e3c22eff  bic      r2, r2, #0xff0
0xc000a8a4:  e3a05000  mov      r5, #0
0xc000a8a8:  e3c2200f  bic      r2, r2, #0xf
0xc000a8ac:  e3530000  cmp      r3, #0
0xc000a8b0:  e1c150b8  strh     r5, [r1, #8]
0xc000a8b4:  e780210c  str      r2, [r0, ip, lsl #2]
0xc000a8b8:  e5813004  str      r3, [r1, #4]
0xc000a8bc:  1a000001  bne      #0xc000a8c8

R00=00000000 R01=02000000 R02=c001d1a4 R03=54410002
R04=c02b7c4c R05=c001d1cc R06=54410001 R07=00000007
R08=c001d018 R09=41069265 R10=c001d0e8 R11=c02a5f6c
R12=00000000 R13=c02a5f58 R14=c000a974 R15=c000a878
PSR=800001d3 N--- A svc32
----------------
IN: 
0xc000a8c8:  e5943000  ldr      r3, [r4]
0xc000a8cc:  e3a00000  mov      r0, #0
0xc000a8d0:  e2833001  add      r3, r3, #1
0xc000a8d4:  e5843000  str      r3, [r4]
0xc000a8d8:  e89da830  ldm      sp, {r4, r5, fp, sp, pc}

R00=c02b7c50 R01=c02b7c50 R02=00000000 R03=02000000
R04=c02b7c4c R05=00000000 R06=54410001 R07=00000007
R08=c001d018 R09=41069265 R10=c001d0e8 R11=c02a5f6c
R12=00000000 R13=c02a5f58 R14=c000a974 R15=c000a8c8
PSR=200001d3 --C- A svc32
----------------
IN: 
0xc000a974:  e89da800  ldm      sp, {fp, sp, pc}

R00=00000000 R01=c02b7c50 R02=00000000 R03=00000001
R04=c0000114 R05=c001d1cc R06=54410001 R07=00000007
R08=c001d018 R09=41069265 R10=c001d0e8 R11=c02a5f7c
R12=00000000 R13=c02a5f70 R14=c000a974 R15=c000a974
PSR=200001d3 --C- A svc32
----------------
IN: 
0xc000ac70:  e59f437c  ldr      r4, [pc, #0x37c]
0xc000ac74:  e24b002c  sub      r0, fp, #0x2c
0xc000ac78:  e59f3378  ldr      r3, [pc, #0x378]
0xc000ac7c:  e3a02b01  mov      r2, #0x400
0xc000ac80:  e59fc374  ldr      ip, [pc, #0x374]
0xc000ac84:  e50b0040  str      r0, [fp, #-0x40]
0xc000ac88:  e59f5370  ldr      r5, [pc, #0x370]
0xc000ac8c:  e5843078  str      r3, [r4, #0x78]
0xc000ac90:  e584c084  str      ip, [r4, #0x84]
0xc000ac94:  e1a00005  mov      r0, r5
0xc000ac98:  e59f3364  ldr      r3, [pc, #0x364]
0xc000ac9c:  e59fc364  ldr      ip, [pc, #0x364]
0xc000aca0:  e51b1030  ldr      r1, [fp, #-0x30]
0xc000aca4:  e59f8360  ldr      r8, [pc, #0x360]
0xc000aca8:  e584308c  str      r3, [r4, #0x8c]
0xc000acac:  e584c07c  str      ip, [r4, #0x7c]
0xc000acb0:  eb042ce2  bl       #0xc0116040

R00=00000000 R01=c02b7c50 R02=00000000 R03=00000000
R04=c0000124 R05=c001d1cc R06=54410001 R07=00000007
R08=c001d018 R09=41069265 R10=c001d0e8 R11=c02a5fcc
R12=00000000 R13=c02a5f80 R14=c000a974 R15=c000ac70
PSR=600001d3 -ZC- A svc32
----------------
IN: 
0xc011606c:  e210c01f  ands     ip, r0, #0x1f
0xc0116070:  e26c3020  rsb      r3, ip, #0x20
0xc0116074:  10d34002  sbcsne   r4, r3, r2
0xc0116078:  2a000003  bhs      #0xc011608c

R00=c001e404 R01=c001e9dc R02=000003e0 R03=c02d8624
R04=c02add94 R05=c001e404 R06=54410001 R07=00000007
R08=c001ee10 R09=41069265 R10=c001d0e8 R11=c02a5fcc
R12=00000000 R13=c02a5f64 R14=c000acb4 R15=c011606c
PSR=200001d3 --C- A svc32
----------------
IN: 
0xc011607c:  e28f4048  add      r4, pc, #0x48
0xc0116080:  e0522003  subs     r2, r2, r3
0xc0116084:  e084f00c  add      pc, r4, ip

R00=c001e404 R01=c001e9dc R02=000003e0 R03=0000001c
R04=fffffc3c R05=c001e404 R06=54410001 R07=00000007
R08=c001ee10 R09=41069265 R10=c001d0e8 R11=c02a5fcc
R12=00000004 R13=c02a5f64 R14=c000acb4 R15=c011607c
PSR=800001d3 N--- A svc32
----------------
IN: 
0xc01160d0:  e4913004  ldr      r3, [r1], #4
0xc01160d4:  e4914004  ldr      r4, [r1], #4
0xc01160d8:  e4915004  ldr      r5, [r1], #4
0xc01160dc:  e4916004  ldr      r6, [r1], #4
0xc01160e0:  e4917004  ldr      r7, [r1], #4
0xc01160e4:  e4918004  ldr      r8, [r1], #4
0xc01160e8:  e491e004  ldr      lr, [r1], #4
0xc01160ec:  e08ff00c  add      pc, pc, ip

R00=c001e404 R01=c001e9dc R02=000003c4 R03=0000001c
R04=c01160cc R05=c001e404 R06=54410001 R07=00000007
R08=c001ee10 R09=41069265 R10=c001d0e8 R11=c02a5fcc
R12=00000004 R13=c02a5f64 R14=c000acb4 R15=c01160d0
PSR=200001d3 --C- A svc32
----------------
IN: 
0xc01160f8:  e4803004  str      r3, [r0], #4
0xc01160fc:  e4804004  str      r4, [r0], #4
0xc0116100:  e4805004  str      r5, [r0], #4
0xc0116104:  e4806004  str      r6, [r0], #4
0xc0116108:  e4807004  str      r7, [r0], #4
0xc011610c:  e4808004  str      r8, [r0], #4
0xc0116110:  e480e004  str      lr, [r0], #4
0xc0116114:  2affffdc  bhs      #0xc011608c

R00=c001e404 R01=c001e9f8 R02=000003c4 R03=746f6f72
R04=65642f3d R05=746d2f76 R06=6f6c6264 R07=20316b63
R08=746f6f72 R09=41069265 R10=c001d0e8 R11=c02a5fcc
R12=00000004 R13=c02a5f64 R14=79747366 R15=c01160f8
PSR=200001d3 --C- A svc32
----------------
IN: 
0xc011608c:  e2522060  subs     r2, r2, #0x60
0xc0116090:  f5d1f01c  pld      [r1, #0x1c]
0xc0116094:  ba000002  blt      #0xc01160a4

R00=c001e420 R01=c001e9f8 R02=000003c4 R03=746f6f72
R04=65642f3d R05=746d2f76 R06=6f6c6264 R07=20316b63
R08=746f6f72 R09=41069265 R10=c001d0e8 R11=c02a5fcc
R12=00000004 R13=c02a5f64 R14=79747366 R15=c011608c
PSR=200001d3 --C- A svc32
----------------
IN: 
0xc0116098:  f5d1f03c  pld      [r1, #0x3c]
0xc011609c:  f5d1f05c  pld      [r1, #0x5c]
0xc01160a0:  f5d1f07c  pld      [r1, #0x7c]
0xc01160a4:  e8b151f8  ldm      r1!, {r3, r4, r5, r6, r7, r8, ip, lr}
0xc01160a8:  e2522020  subs     r2, r2, #0x20
0xc01160ac:  e8a051f8  stm      r0!, {r3, r4, r5, r6, r7, r8, ip, lr}
0xc01160b0:  aafffffa  bge      #0xc01160a0

R00=c001e420 R01=c001e9f8 R02=00000364 R03=746f6f72
R04=65642f3d R05=746d2f76 R06=6f6c6264 R07=20316b63
R08=746f6f72 R09=41069265 R10=c001d0e8 R11=c02a5fcc
R12=00000004 R13=c02a5f64 R14=79747366 R15=c0116098
PSR=200001d3 --C- A svc32
----------------
IN: 
0xc01160a0:  f5d1f07c  pld      [r1, #0x7c]
0xc01160a4:  e8b151f8  ldm      r1!, {r3, r4, r5, r6, r7, r8, ip, lr}
0xc01160a8:  e2522020  subs     r2, r2, #0x20
0xc01160ac:  e8a051f8  stm      r0!, {r3, r4, r5, r6, r7, r8, ip, lr}
0xc01160b0:  aafffffa  bge      #0xc01160a0

R00=c001e440 R01=c001ea18 R02=00000344 R03=733d6570
R04=73617571 R05=2c736668 R06=7366666a R07=6f6e2032
R08=74696e69 R09=41069265 R10=c001d0e8 R11=c02a5fcc
R12=63206472 R13=c02a5f64 R14=6f736e6f R15=c01160a0
PSR=200001d3 --C- A svc32
R00=c001e460 R01=c001ea38 R02=00000324 R03=743d656c
R04=30537974 R05=3531312c R06=00303032 R07=00000000
R08=00000000 R09=41069265 R10=c001d0e8 R11=c02a5fcc
R12=00000000 R13=c02a5f64 R14=00000000 R15=c01160a0
PSR=200001d3 --C- A svc32
----------------
IN: 
0xc01160b4:  e3720060  cmn      r2, #0x60
0xc01160b8:  aafffff9  bge      #0xc01160a4

R00=c001e7a0 R01=c001ed78 R02=ffffffe4 R03=00000000
R04=00000000 R05=00000000 R06=00000000 R07=00000000
R08=00000000 R09=41069265 R10=c001d0e8 R11=c02a5fcc
R12=00000000 R13=c02a5f64 R14=00000000 R15=c01160b4
PSR=800001d3 N--- A svc32
----------------
IN: 
0xc01160a4:  e8b151f8  ldm      r1!, {r3, r4, r5, r6, r7, r8, ip, lr}
0xc01160a8:  e2522020  subs     r2, r2, #0x20
0xc01160ac:  e8a051f8  stm      r0!, {r3, r4, r5, r6, r7, r8, ip, lr}
0xc01160b0:  aafffffa  bge      #0xc01160a0

R00=c001e7a0 R01=c001ed78 R02=ffffffe4 R03=00000000
R04=00000000 R05=00000000 R06=00000000 R07=00000000
R08=00000000 R09=41069265 R10=c001d0e8 R11=c02a5fcc
R12=00000000 R13=c02a5f64 R14=00000000 R15=c01160a4
PSR=200001d3 --C- A svc32
R00=c001e7c0 R01=c001ed98 R02=ffffffc4 R03=00000000
R04=00000000 R05=00000000 R06=00000000 R07=00000000
R08=00000000 R09=41069265 R10=c001d0e8 R11=c02a5fcc
R12=00000000 R13=c02a5f64 R14=00000000 R15=c01160b4
PSR=a00001d3 N-C- A svc32
R00=c001e800 R01=c001edd8 R02=ffffff84 R03=00000000
R04=00000000 R05=00000000 R06=00000000 R07=00000000
R08=00000000 R09=41069265 R10=c001d0e8 R11=c02a5fcc
R12=00000000 R13=c02a5f64 R14=00000000 R15=c01160bc
PSR=800001d3 N--- A svc32
----------------
IN: 
0xc000acb4:  e3a03000  mov      r3, #0
0xc000acb8:  e5c533ff  strb     r3, [r5, #0x3ff]
0xc000acbc:  e1a09003  mov      sb, r3
0xc000acc0:  e51b2030  ldr      r2, [fp, #-0x30]
0xc000acc4:  e3a03020  mov      r3, #0x20
0xc000acc8:  e51b1040  ldr      r1, [fp, #-0x40]
0xc000accc:  e1a05002  mov      r5, r2
0xc000acd0:  e5212008  str      r2, [r1, #-8]!
0xc000acd4:  e50b1040  str      r1, [fp, #-0x40]
0xc000acd8:  e3530020  cmp      r3, #0x20
0xc000acdc:  1a000023  bne      #0xc000ad70

R00=c001e404 R01=c001eddc R02=00000000 R03=00000000
R04=c02add94 R05=c001e404 R06=54410001 R07=00000007
R08=c001ee10 R09=41069265 R10=c001d0e8 R11=c02a5fcc
R12=0000001c R13=c02a5f80 R14=00000000 R15=c000acb4
PSR=400001d3 -Z-- A svc32
----------------
IN: 
0xc000ace0:  e59f6328  ldr      r6, [pc, #0x328]
0xc000ace4:  ea00001e  b        #0xc000ad64

R00=c001e404 R01=c02a5f98 R02=c001e9dc R03=00000020
R04=c02add94 R05=c001e9dc R06=54410001 R07=00000007
R08=c001ee10 R09=00000000 R10=c001d0e8 R11=c02a5fcc
R12=0000001c R13=c02a5f80 R14=00000000 R15=c000ace0
PSR=600001d3 -ZC- A svc32
----------------
IN: 
0xc000ad64:  e59f32a8  ldr      r3, [pc, #0x2a8]
0xc000ad68:  e1560003  cmp      r6, r3
0xc000ad6c:  3affffdd  blo      #0xc000ace8

R00=c001e404 R01=c02a5f98 R02=c001e9dc R03=00000020
R04=c02add94 R05=c001e9dc R06=c001d464 R07=00000007
R08=c001ee10 R09=00000000 R10=c001d0e8 R11=c02a5fcc
R12=0000001c R13=c02a5f80 R14=00000000 R15=c000ad64
PSR=600001d3 -ZC- A svc32
----------------
IN: 
0xc000ace8:  e5964000  ldr      r4, [r6]
0xc000acec:  e1a00004  mov      r0, r4
0xc000acf0:  eb044b97  bl       #0xc011db54

R00=c001e404 R01=c02a5f98 R02=c001e9dc R03=c001d49c
R04=c02add94 R05=c001e9dc R06=c001d464 R07=00000007
R08=c001ee10 R09=00000000 R10=c001d0e8 R11=c02a5fcc
R12=0000001c R13=c02a5f80 R14=00000000 R15=c000ace8
PSR=800001d3 N--- A svc32
----------------
IN: 
0xc011db54:  e1a0c00d  mov      ip, sp
0xc011db58:  e92dd800  push     {fp, ip, lr, pc}
0xc011db5c:  e24cb004  sub      fp, ip, #4
0xc011db60:  e1a02000  mov      r2, r0
0xc011db64:  ea000000  b        #0xc011db6c

R00=c026e114 R01=c02a5f98 R02=c001e9dc R03=c001d49c
R04=c026e114 R05=c001e9dc R06=c001d464 R07=00000007
R08=c001ee10 R09=00000000 R10=c001d0e8 R11=c02a5fcc
R12=0000001c R13=c02a5f80 R14=c000acf4 R15=c011db54
PSR=800001d3 N--- A svc32
----------------
IN: 
0xc011db6c:  e5d03000  ldrb     r3, [r0]
0xc011db70:  e3530000  cmp      r3, #0
0xc011db74:  1afffffb  bne      #0xc011db68

R00=c026e114 R01=c02a5f98 R02=c026e114 R03=c001d49c
R04=c026e114 R05=c001e9dc R06=c001d464 R07=00000007
R08=c001ee10 R09=00000000 R10=c001d0e8 R11=c02a5f7c
R12=c02a5f80 R13=c02a5f70 R14=c000acf4 R15=c011db6c
PSR=800001d3 N--- A svc32
----------------
IN: 
0xc011db68:  e2800001  add      r0, r0, #1
0xc011db6c:  e5d03000  ldrb     r3, [r0]
0xc011db70:  e3530000  cmp      r3, #0
0xc011db74:  1afffffb  bne      #0xc011db68

R00=c026e114 R01=c02a5f98 R02=c026e114 R03=0000006d
R04=c026e114 R05=c001e9dc R06=c001d464 R07=00000007
R08=c001ee10 R09=00000000 R10=c001d0e8 R11=c02a5f7c
R12=c02a5f80 R13=c02a5f70 R14=c000acf4 R15=c011db68
PSR=200001d3 --C- A svc32
R00=c026e115 R01=c02a5f98 R02=c026e114 R03=00000065
R04=c026e114 R05=c001e9dc R06=c001d464 R07=00000007
R08=c001ee10 R09=00000000 R10=c001d0e8 R11=c02a5f7c
R12=c02a5f80 R13=c02a5f70 R14=c000acf4 R15=c011db68
PSR=200001d3 --C- A svc32
----------------
IN: 
0xc011db78:  e0620000  rsb      r0, r2, r0
0xc011db7c:  e89da800  ldm      sp, {fp, sp, pc}

R00=c026e118 R01=c02a5f98 R02=c026e114 R03=00000000
R04=c026e114 R05=c001e9dc R06=c001d464 R07=00000007
R08=c001ee10 R09=00000000 R10=c001d0e8 R11=c02a5f7c
R12=c02a5f80 R13=c02a5f70 R14=c000acf4 R15=c011db78
PSR=600001d3 -ZC- A svc32
----------------
IN: 
0xc000acf4:  e1a01004  mov      r1, r4
0xc000acf8:  e1a07000  mov      r7, r0
0xc000acfc:  e1a00005  mov      r0, r5
0xc000ad00:  e1a02007  mov      r2, r7
0xc000ad04:  eb044c2b  bl       #0xc011ddb8

R00=00000004 R01=c02a5f98 R02=c026e114 R03=00000000
R04=c026e114 R05=c001e9dc R06=c001d464 R07=00000007
R08=c001ee10 R09=00000000 R10=c001d0e8 R11=c02a5fcc
R12=c02a5f80 R13=c02a5f80 R14=c000acf4 R15=c000acf4
PSR=600001d3 -ZC- A svc32
----------------
IN: 
0xc011ddb8:  e1a0c00d  mov      ip, sp
0xc011ddbc:  e92dd830  push     {r4, r5, fp, ip, lr, pc}
0xc011ddc0:  e24cb004  sub      fp, ip, #4
0xc011ddc4:  e3a0c000  mov      ip, #0
0xc011ddc8:  e1a04001  mov      r4, r1
0xc011ddcc:  e1a05000  mov      r5, r0
0xc011ddd0:  e1a01002  mov      r1, r2
0xc011ddd4:  ea000005  b        #0xc011ddf0

R00=c001e9dc R01=c026e114 R02=00000004 R03=00000000
R04=c026e114 R05=c001e9dc R06=c001d464 R07=00000004
R08=c001ee10 R09=00000000 R10=c001d0e8 R11=c02a5fcc
R12=c02a5f80 R13=c02a5f80 R14=c000ad08 R15=c011ddb8
PSR=600001d3 -ZC- A svc32
----------------
IN: 
0xc011ddf0:  e3510000  cmp      r1, #0
0xc011ddf4:  1afffff7  bne      #0xc011ddd8

R00=c001e9dc R01=00000004 R02=00000004 R03=00000000
R04=c026e114 R05=c001e9dc R06=c001d464 R07=00000004
R08=c001ee10 R09=00000000 R10=c001d0e8 R11=c02a5f7c
R12=00000000 R13=c02a5f68 R14=c000ad08 R15=c011ddf0
PSR=600001d3 -ZC- A svc32
----------------
IN: 
0xc011ddd8:  e7d5200c  ldrb     r2, [r5, ip]
0xc011dddc:  e2411001  sub      r1, r1, #1
0xc011dde0:  e7d4300c  ldrb     r3, [r4, ip]
0xc011dde4:  e28cc001  add      ip, ip, #1
0xc011dde8:  e0520003  subs     r0, r2, r3
0xc011ddec:  1a000002  bne      #0xc011ddfc

R00=c001e9dc R01=00000004 R02=00000004 R03=00000000
R04=c026e114 R05=c001e9dc R06=c001d464 R07=00000004
R08=c001ee10 R09=00000000 R10=c001d0e8 R11=c02a5f7c
R12=00000000 R13=c02a5f68 R14=c000ad08 R15=c011ddd8
PSR=200001d3 --C- A svc32
----------------
IN: 
0xc011ddfc:  e89da830  ldm      sp, {r4, r5, fp, sp, pc}

R00=00000005 R01=00000003 R02=00000072 R03=0000006d
R04=c026e114 R05=c001e9dc R06=c001d464 R07=00000004
R08=c001ee10 R09=00000000 R10=c001d0e8 R11=c02a5f7c
R12=00000001 R13=c02a5f68 R14=c000ad08 R15=c011ddfc
PSR=200001d3 --C- A svc32
----------------
IN: 
0xc000ad08:  e3500000  cmp      r0, #0
0xc000ad0c:  1a000013  bne      #0xc000ad60

R00=00000005 R01=00000003 R02=00000072 R03=0000006d
R04=c026e114 R05=c001e9dc R06=c001d464 R07=00000004
R08=c001ee10 R09=00000000 R10=c001d0e8 R11=c02a5fcc
R12=00000001 R13=c02a5f80 R14=c000ad08 R15=c000ad08
PSR=200001d3 --C- A svc32
----------------
IN: 
0xc000ad60:  e2866008  add      r6, r6, #8
0xc000ad64:  e59f32a8  ldr      r3, [pc, #0x2a8]
0xc000ad68:  e1560003  cmp      r6, r3
0xc000ad6c:  3affffdd  blo      #0xc000ace8

R00=00000005 R01=00000003 R02=00000072 R03=0000006d
R04=c026e114 R05=c001e9dc R06=c001d464 R07=00000004
R08=c001ee10 R09=00000000 R10=c001d0e8 R11=c02a5fcc
R12=00000001 R13=c02a5f80 R14=c000ad08 R15=c000ad60
PSR=200001d3 --C- A svc32
R00=00000005 R01=00000003 R02=00000072 R03=c001d49c
R04=c026e114 R05=c001e9dc R06=c001d46c R07=00000004
R08=c001ee10 R09=00000000 R10=c001d0e8 R11=c02a5fcc
R12=00000001 R13=c02a5f80 R14=c000ad08 R15=c000ace8
PSR=800001d3 N--- A svc32
----------------
IN: 
0xc000ad70:  e4d53001  ldrb     r3, [r5], #1
0xc000ad74:  e50b5034  str      r5, [fp, #-0x34]
0xc000ad78:  e3530000  cmp      r3, #0
0xc000ad7c:  0a000004  beq      #0xc000ad94

R00=0000000f R01=0000000b R02=00000072 R03=c001d49c
R04=c026f4b4 R05=c001e9dc R06=c001d49c R07=0000000c
R08=c001ee10 R09=00000000 R10=c001d0e8 R11=c02a5fcc
R12=00000001 R13=c02a5f80 R14=c000ad08 R15=c000ad70
PSR=600001d3 -ZC- A svc32
----------------
IN: 
0xc000ad80:  e2899001  add      sb, sb, #1
0xc000ad84:  e3590b01  cmp      sb, #0x400
0xc000ad88:  0a000001  beq      #0xc000ad94

R00=0000000f R01=0000000b R02=00000072 R03=00000072
R04=c026f4b4 R05=c001e9dd R06=c001d49c R07=0000000c
R08=c001ee10 R09=00000000 R10=c001d0e8 R11=c02a5fcc
R12=00000001 R13=c02a5f80 R14=c000ad08 R15=c000ad80
PSR=200001d3 --C- A svc32
----------------
IN: 
0xc000ad8c:  e4c83001  strb     r3, [r8], #1
0xc000ad90:  eaffffd0  b        #0xc000acd8

R00=0000000f R01=0000000b R02=00000072 R03=00000072
R04=c026f4b4 R05=c001e9dd R06=c001d49c R07=0000000c
R08=c001ee10 R09=00000001 R10=c001d0e8 R11=c02a5fcc
R12=00000001 R13=c02a5f80 R14=c000ad08 R15=c000ad8c
PSR=800001d3 N--- A svc32
----------------
IN: 
0xc000acd8:  e3530020  cmp      r3, #0x20
0xc000acdc:  1a000023  bne      #0xc000ad70

R00=0000000f R01=0000000b R02=00000072 R03=00000072
R04=c026f4b4 R05=c001e9dd R06=c001d49c R07=0000000c
R08=c001ee11 R09=00000001 R10=c001d0e8 R11=c02a5fcc
R12=00000001 R13=c02a5f80 R14=c000ad08 R15=c000acd8
PSR=800001d3 N--- A svc32
R00=0000000f R01=0000000b R02=00000072 R03=00000072
R04=c026f4b4 R05=c001e9dd R06=c001d49c R07=0000000c
R08=c001ee11 R09=00000001 R10=c001d0e8 R11=c02a5fcc
R12=00000001 R13=c02a5f80 R14=c000ad08 R15=c000ad70
PSR=200001d3 --C- A svc32
R00=0000000f R01=0000000b R02=00000072 R03=00000020
R04=c026f4b4 R05=c001e9f0 R06=c001d49c R07=0000000c
R08=c001ee24 R09=00000014 R10=c001d0e8 R11=c02a5fcc
R12=00000001 R13=c02a5f80 R14=c000ad08 R15=c000ace0
PSR=600001d3 -ZC- A svc32
R00=00000000 R01=00000003 R02=0000006e R03=0000006e
R04=c026f4a4 R05=c001ea0a R06=c001d484 R07=00000004
R08=c001ee3e R09=0000002e R10=c001d0e8 R11=c02a5f7c
R12=00000001 R13=c02a5f68 R14=c000ad08 R15=c011ddf0
PSR=600001d3 -ZC- A svc32
----------------
IN: 
0xc000ad94:  e3a03000  mov      r3, #0
0xc000ad98:  e59f126c  ldr      r1, [pc, #0x26c]
0xc000ad9c:  e5c83000  strb     r3, [r8]
0xc000ada0:  e1a0000a  mov      r0, sl
0xc000ada4:  e51bc038  ldr      ip, [fp, #-0x38]
0xc000ada8:  e1a08003  mov      r8, r3
0xc000adac:  e1a07003  mov      r7, r3
0xc000adb0:  e59f6260  ldr      r6, [pc, #0x260]
0xc000adb4:  e59f9260  ldr      sb, [pc, #0x260]
0xc000adb8:  e58c1000  str      r1, [ip]
0xc000adbc:  eb0005d3  bl       #0xc000c510

R00=0000000e R01=0000000a R02=0000006f R03=00000000
R04=c026f4b4 R05=c001ea28 R06=c001d49c R07=0000000c
R08=c001ee5b R09=0000004b R10=c001d0e8 R11=c02a5fcc
R12=00000002 R13=c02a5f80 R14=c000ad08 R15=c000ad94
PSR=600001d3 -ZC- A svc32
----------------
IN: 
0xc000c510:  e1a0c00d  mov      ip, sp
0xc000c514:  e92ddff0  push     {r4, r5, r6, r7, r8, sb, sl, fp, ip, lr, pc}
0xc000c518:  e24cb004  sub      fp, ip, #4
0xc000c51c:  e24dd01c  sub      sp, sp, #0x1c
0xc000c520:  e50b0040  str      r0, [fp, #-0x40]
0xc000c524:  eb0059cb  bl       #0xc0022c58

R00=c001d0e8 R01=c001ee10 R02=0000006f R03=00000000
R04=c026f4b4 R05=c001ea28 R06=c02a7a98 R07=00000000
R08=00000000 R09=c026e0e0 R10=c001d0e8 R11=c02a5fcc
R12=c02a5fdc R13=c02a5f80 R14=c000adc0 R15=c000c510
PSR=600001d3 -ZC- A svc32
----------------
IN: 
0xc000c528:  ee114f10  mrc      p15, #0, r4, c1, c0, #0
0xc000c52c:  e3500003  cmp      r0, #3
0xc000c530:  ca000016  bgt      #0xc000c590

R00=00000007 R01=c001ee10 R02=00009000 R03=00004106
R04=c026f4b4 R05=c001ea28 R06=c02a7a98 R07=00000000
R08=00000000 R09=c026e0e0 R10=c001d0e8 R11=c02a5f7c
R12=c02a5f38 R13=c02a5f38 R14=c000c528 R15=c000c528
PSR=000001d3 ---- A svc32
----------------
IN: 
0xc000c590:  e3500007  cmp      r0, #7
0xc000c594:  ca000004  bgt      #0xc000c5ac

R00=00000007 R01=c001ee10 R02=00009000 R03=00004106
R04=00093177 R05=c001ea28 R06=c02a7a98 R07=00000000
R08=00000000 R09=c026e0e0 R10=c001d0e8 R11=c02a5f7c
R12=c02a5f38 R13=c02a5f38 R14=c000c528 R15=c000c590
PSR=200001d3 --C- A svc32
----------------
IN: 
0xc000c598:  e59f6610  ldr      r6, [pc, #0x610]
0xc000c59c:  e59f3608  ldr      r3, [pc, #0x608]
0xc000c5a0:  e28610c0  add      r1, r6, #0xc0
0xc000c5a4:  e50b3044  str      r3, [fp, #-0x44]
0xc000c5a8:  ea000009  b        #0xc000c5d4

R00=00000007 R01=c001ee10 R02=00009000 R03=00004106
R04=00093177 R05=c001ea28 R06=c02a7a98 R07=00000000
R08=00000000 R09=c026e0e0 R10=c001d0e8 R11=c02a5f7c
R12=c02a5f38 R13=c02a5f38 R14=c000c528 R15=c000c598
PSR=600001d3 -ZC- A svc32
----------------
IN: 
0xc000c5d4:  e59f25d4  ldr      r2, [pc, #0x5d4]
0xc000c5d8:  e5923008  ldr      r3, [r2, #8]
0xc000c5dc:  e59fc5cc  ldr      ip, [pc, #0x5cc]
0xc000c5e0:  e3c33801  bic      r3, r3, #0x10000
0xc000c5e4:  e5823008  str      r3, [r2, #8]
0xc000c5e8:  e2822010  add      r2, r2, #0x10
0xc000c5ec:  e1520001  cmp      r2, r1
0xc000c5f0:  1afffff8  bne      #0xc000c5d8

R00=00000007 R01=c02a8224 R02=00009000 R03=c001f218
R04=00093177 R05=c001ea28 R06=c02a8164 R07=00000000
R08=00000000 R09=c026e0e0 R10=c001d0e8 R11=c02a5f7c
R12=c02a5f38 R13=c02a5f38 R14=c000c528 R15=c000c5d4
PSR=600001d3 -ZC- A svc32
----------------
IN: 
0xc000c5d8:  e5923008  ldr      r3, [r2, #8]
0xc000c5dc:  e59fc5cc  ldr      ip, [pc, #0x5cc]
0xc000c5e0:  e3c33801  bic      r3, r3, #0x10000
0xc000c5e4:  e5823008  str      r3, [r2, #8]
0xc000c5e8:  e2822010  add      r2, r2, #0x10
0xc000c5ec:  e1520001  cmp      r2, r1
0xc000c5f0:  1afffff8  bne      #0xc000c5d8

R00=00000007 R01=c02a8224 R02=c02a8174 R03=00000402
R04=00093177 R05=c001ea28 R06=c02a8164 R07=00000000
R08=00000000 R09=c026e0e0 R10=c001d0e8 R11=c02a5f7c
R12=c02a8164 R13=c02a5f38 R14=c000c528 R15=c000c5d8
PSR=800001d3 N--- A svc32
R00=00000007 R01=c02a8224 R02=c02a8184 R03=00000402
R04=00093177 R05=c001ea28 R06=c02a8164 R07=00000000
R08=00000000 R09=c026e0e0 R10=c001d0e8 R11=c02a5f7c
R12=c02a8164 R13=c02a5f38 R14=c000c528 R15=c000c5d8
PSR=800001d3 N--- A svc32
----------------
IN: 
0xc000c5f4:  e3500007  cmp      r0, #7
0xc000c5f8:  ca000010  bgt      #0xc000c640

R00=00000007 R01=c02a8224 R02=c02a8224 R03=00000402
R04=00093177 R05=c001ea28 R06=c02a8164 R07=00000000
R08=00000000 R09=c026e0e0 R10=c001d0e8 R11=c02a5f7c
R12=c02a8164 R13=c02a5f38 R14=c000c528 R15=c000c5f4
PSR=600001d3 -ZC- A svc32
----------------
IN: 
0xc000c5fc:  e28c10c4  add      r1, ip, #0xc4
0xc000c600:  e28c2004  add      r2, ip, #4
0xc000c604:  e5923000  ldr      r3, [r2]
0xc000c608:  e59fc5a0  ldr      ip, [pc, #0x5a0]
0xc000c60c:  e3530000  cmp      r3, #0
0xc000c610:  e3833010  orr      r3, r3, #0x10
0xc000c614:  0a000000  beq      #0xc000c61c

R00=00000007 R01=c02a8224 R02=c02a8224 R03=00000402
R04=00093177 R05=c001ea28 R06=c02a8164 R07=00000000
R08=00000000 R09=c026e0e0 R10=c001d0e8 R11=c02a5f7c
R12=c02a8164 R13=c02a5f38 R14=c000c528 R15=c000c5fc
PSR=600001d3 -ZC- A svc32
----------------
IN: 
0xc000c618:  e5823000  str      r3, [r2]
0xc000c61c:  e5923004  ldr      r3, [r2, #4]
0xc000c620:  e3530000  cmp      r3, #0
0xc000c624:  e3833010  orr      r3, r3, #0x10
0xc000c628:  0a000000  beq      #0xc000c630

R00=00000007 R01=c02a8228 R02=c02a8168 R03=00000011
R04=00093177 R05=c001ea28 R06=c02a8164 R07=00000000
R08=00000000 R09=c026e0e0 R10=c001d0e8 R11=c02a5f7c
R12=c02a8164 R13=c02a5f38 R14=c000c528 R15=c000c618
PSR=200001d3 --C- A svc32
----------------
IN: 
0xc000c62c:  e5823004  str      r3, [r2, #4]
0xc000c630:  e2822010  add      r2, r2, #0x10
0xc000c634:  e1520001  cmp      r2, r1
0xc000c638:  1afffff1  bne      #0xc000c604

R00=00000007 R01=c02a8228 R02=c02a8168 R03=00000412
R04=00093177 R05=c001ea28 R06=c02a8164 R07=00000000
R08=00000000 R09=c026e0e0 R10=c001d0e8 R11=c02a5f7c
R12=c02a8164 R13=c02a5f38 R14=c000c528 R15=c000c62c
PSR=200001d3 --C- A svc32
----------------
IN: 
0xc000c604:  e5923000  ldr      r3, [r2]
0xc000c608:  e59fc5a0  ldr      ip, [pc, #0x5a0]
0xc000c60c:  e3530000  cmp      r3, #0
0xc000c610:  e3833010  orr      r3, r3, #0x10
0xc000c614:  0a000000  beq      #0xc000c61c

R00=00000007 R01=c02a8228 R02=c02a8178 R03=00000412
R04=00093177 R05=c001ea28 R06=c02a8164 R07=00000000
R08=00000000 R09=c026e0e0 R10=c001d0e8 R11=c02a5f7c
R12=c02a8164 R13=c02a5f38 R14=c000c528 R15=c000c604
PSR=800001d3 N--- A svc32
R00=00000007 R01=c02a8228 R02=c02a8178 R03=00000011
R04=00093177 R05=c001ea28 R06=c02a8164 R07=00000000
R08=00000000 R09=c026e0e0 R10=c001d0e8 R11=c02a5f7c
R12=c02a8164 R13=c02a5f38 R14=c000c528 R15=c000c618
PSR=200001d3 --C- A svc32
----------------
IN: 
0xc000c61c:  e5923004  ldr      r3, [r2, #4]
0xc000c620:  e3530000  cmp      r3, #0
0xc000c624:  e3833010  orr      r3, r3, #0x10
0xc000c628:  0a000000  beq      #0xc000c630

R00=00000007 R01=c02a8228 R02=c02a81b8 R03=00000010
R04=00093177 R05=c001ea28 R06=c02a8164 R07=00000000
R08=00000000 R09=c026e0e0 R10=c001d0e8 R11=c02a5f7c
R12=c02a8164 R13=c02a5f38 R14=c000c528 R15=c000c61c
PSR=600001d3 -ZC- A svc32
R00=00000007 R01=c02a8228 R02=c02a81b8 R03=00000012
R04=00093177 R05=c001ea28 R06=c02a8164 R07=00000000
R08=00000000 R09=c026e0e0 R10=c001d0e8 R11=c02a5f7c
R12=c02a8164 R13=c02a5f38 R14=c000c528 R15=c000c62c
PSR=200001d3 --C- A svc32
----------------
IN: 
0xc000c630:  e2822010  add      r2, r2, #0x10
0xc000c634:  e1520001  cmp      r2, r1
0xc000c638:  1afffff1  bne      #0xc000c604

R00=00000007 R01=c02a8228 R02=c02a81d8 R03=00000010
R04=00093177 R05=c001ea28 R06=c02a8164 R07=00000000
R08=00000000 R09=c026e0e0 R10=c001d0e8 R11=c02a5f7c
R12=c02a8164 R13=c02a5f38 R14=c000c528 R15=c000c630
PSR=600001d3 -ZC- A svc32
R00=00000007 R01=c02a8228 R02=c02a81e8 R03=00000010
R04=00093177 R05=c001ea28 R06=c02a8164 R07=00000000
R08=00000000 R09=c026e0e0 R10=c001d0e8 R11=c02a5f7c
R12=c02a8164 R13=c02a5f38 R14=c000c528 R15=c000c604
PSR=800001d3 N--- A svc32
----------------
IN: 
0xc000c63c:  ea000023  b        #0xc000c6d0

R00=00000007 R01=c02a8228 R02=c02a8228 R03=00000412
R04=00093177 R05=c001ea28 R06=c02a8164 R07=00000000
R08=00000000 R09=c026e0e0 R10=c001d0e8 R11=c02a5f7c
R12=c02a8164 R13=c02a5f38 R14=c000c528 R15=c000c63c
PSR=600001d3 -ZC- A svc32
----------------
IN: 
0xc000c6d0:  e51b2044  ldr      r2, [fp, #-0x44]
0xc000c6d4:  e3500003  cmp      r0, #3
0xc000c6d8:  e59c3038  ldr      r3, [ip, #0x38]
0xc000c6dc:  e592e090  ldr      lr, [r2, #0x90]
0xc000c6e0:  e59f24cc  ldr      r2, [pc, #0x4cc]
0xc000c6e4:  e3833004  orr      r3, r3, #4
0xc000c6e8:  e58c3038  str      r3, [ip, #0x38]
0xc000c6ec:  e06e118e  rsb      r1, lr, lr, lsl #3
0xc000c6f0:  e082a101  add      sl, r2, r1, lsl #2
0xc000c6f4:  e59a5018  ldr      r5, [sl, #0x18]
0xc000c6f8:  da000013  ble      #0xc000c74c

R00=00000007 R01=c02a8228 R02=c02a8228 R03=00000412
R04=00093177 R05=c001ea28 R06=c02a8164 R07=00000000
R08=00000000 R09=c026e0e0 R10=c001d0e8 R11=c02a5f7c
R12=c02a8164 R13=c02a5f38 R14=c000c528 R15=c000c6d0
PSR=600001d3 -ZC- A svc32
----------------
IN: 
0xc000c6fc:  e35e0002  cmp      lr, #2
0xc000c700:  8a000001  bhi      #0xc000c70c

R00=00000007 R01=00000015 R02=c001f21c R03=00000416
R04=00093177 R05=0000000c R06=c02a8164 R07=00000000
R08=00000000 R09=c026e0e0 R10=c001f270 R11=c02a5f7c
R12=c02a8164 R13=c02a5f38 R14=00000003 R15=c000c6fc
PSR=200001d3 --C- A svc32
----------------
IN: 
0xc000c70c:  e51b3044  ldr      r3, [fp, #-0x44]
0xc000c710:  e5939054  ldr      sb, [r3, #0x54]
0xc000c714:  e3500007  cmp      r0, #7
0xc000c718:  da00000f  ble      #0xc000c75c

R00=00000007 R01=00000015 R02=c001f21c R03=00000416
R04=00093177 R05=0000000c R06=c02a8164 R07=00000000
R08=00000000 R09=c026e0e0 R10=c001f270 R11=c02a5f7c
R12=c02a8164 R13=c02a5f38 R14=00000003 R15=c000c70c
PSR=200001d3 --C- A svc32
----------------
IN: 
0xc000c75c:  e59630b8  ldr      r3, [r6, #0xb8]
0xc000c760:  e3833004  orr      r3, r3, #4
0xc000c764:  e58630b8  str      r3, [r6, #0xb8]
0xc000c768:  e3a02000  mov      r2, #0
0xc000c76c:  e59f1444  ldr      r1, [pc, #0x444]
0xc000c770:  ea000003  b        #0xc000c784

R00=00000007 R01=00000015 R02=c001f21c R03=c001f218
R04=00093177 R05=0000000c R06=c02a8164 R07=00000000
R08=00000000 R09=00000008 R10=c001f270 R11=c02a5f7c
R12=c02a8164 R13=c02a5f38 R14=00000003 R15=c000c75c
PSR=600001d3 -ZC- A svc32
----------------
IN: 
0xc000c784:  e7913002  ldr      r3, [r1, r2]
0xc000c788:  e1853003  orr      r3, r5, r3
0xc000c78c:  e7813002  str      r3, [r1, r2]
0xc000c790:  e2822004  add      r2, r2, #4
0xc000c794:  e3520040  cmp      r2, #0x40
0xc000c798:  1afffff9  bne      #0xc000c784

R00=00000007 R01=c02add24 R02=00000000 R03=00000416
R04=00093177 R05=0000000c R06=c02a8164 R07=00000000
R08=00000000 R09=00000008 R10=c001f270 R11=c02a5f7c
R12=c02a8164 R13=c02a5f38 R14=00000003 R15=c000c784
PSR=600001d3 -ZC- A svc32
R00=00000007 R01=c02add24 R02=00000004 R03=0000000f
R04=00093177 R05=0000000c R06=c02a8164 R07=00000000
R08=00000000 R09=00000008 R10=c001f270 R11=c02a5f7c
R12=c02a8164 R13=c02a5f38 R14=00000003 R15=c000c784
PSR=800001d3 N--- A svc32
----------------
IN: 
0xc000c79c:  e51bc044  ldr      ip, [fp, #-0x44]
0xc000c7a0:  e3854d0b  orr      r4, r5, #0x2c0
0xc000c7a4:  e5961074  ldr      r1, [r6, #0x74]
0xc000c7a8:  e3844003  orr      r4, r4, #3
0xc000c7ac:  e596e098  ldr      lr, [r6, #0x98]
0xc000c7b0:  e3855003  orr      r5, r5, #3
0xc000c7b4:  e59a7014  ldr      r7, [sl, #0x14]
0xc000c7b8:  e59c8000  ldr      r8, [ip]
0xc000c7bc:  e5963070  ldr      r3, [r6, #0x70]
0xc000c7c0:  e5962080  ldr      r2, [r6, #0x80]
0xc000c7c4:  e5960084  ldr      r0, [r6, #0x84]
0xc000c7c8:  e357000c  cmp      r7, #0xc
0xc000c7cc:  e596c0a8  ldr      ip, [r6, #0xa8]
0xc000c7d0:  e1881001  orr      r1, r8, r1
0xc000c7d4:  e5861074  str      r1, [r6, #0x74]
0xc000c7d8:  e188e00e  orr      lr, r8, lr
0xc000c7dc:  e59f13d8  ldr      r1, [pc, #0x3d8]
0xc000c7e0:  e1892002  orr      r2, sb, r2
0xc000c7e4:  e18ee007  orr      lr, lr, r7
0xc000c7e8:  e5862080  str      r2, [r6, #0x80]
0xc000c7ec:  e1893003  orr      r3, sb, r3
0xc000c7f0:  e59f23b8  ldr      r2, [pc, #0x3b8]
0xc000c7f4:  e1800008  orr      r0, r0, r8
0xc000c7f8:  e5863070  str      r3, [r6, #0x70]
0xc000c7fc:  e187c00c  orr      ip, r7, ip

R00=00000007 R01=c02add24 R02=00000040 R03=0000038f
R04=00093177 R05=0000000c R06=c02a8164 R07=00000000
R08=00000000 R09=00000008 R10=c001f270 R11=c02a5f7c
R12=c02a8164 R13=c02a5f38 R14=00000003 R15=c000c79c
PSR=600001d3 -ZC- A svc32
----------------
IN: 
0xc000c800:  e5815000  str      r5, [r1]
0xc000c804:  e5814004  str      r4, [r1, #4]
0xc000c808:  e5860084  str      r0, [r6, #0x84]
0xc000c80c:  e586e098  str      lr, [r6, #0x98]
0xc000c810:  e586c0a8  str      ip, [r6, #0xa8]
0xc000c814:  0a000008  beq      #0xc000c83c

R00=00000011 R01=c02b7cb4 R02=c02a8164 R03=0000024b
R04=000002cf R05=0000000f R06=c02a8164 R07=0000000c
R08=00000000 R09=00000008 R10=c001f270 R11=c02a5f7c
R12=0000001e R13=c02a5f38 R14=0000041e R15=c000c800
PSR=600001d3 -ZC- A svc32
----------------
IN: 
0xc000c83c:  e5963058  ldr      r3, [r6, #0x58]
0xc000c840:  e383300c  orr      r3, r3, #0xc
0xc000c844:  e5863058  str      r3, [r6, #0x58]
0xc000c848:  e3580000  cmp      r8, #0
0xc000c84c:  1a000001  bne      #0xc000c858

R00=00000011 R01=c02b7cb4 R02=c02a8164 R03=0000024b
R04=000002cf R05=0000000f R06=c02a8164 R07=0000000c
R08=00000000 R09=00000008 R10=c001f270 R11=c02a5f7c
R12=0000001e R13=c02a5f38 R14=0000041e R15=c000c83c
PSR=600001d3 -ZC- A svc32
----------------
IN: 
0xc000c850:  e59f136c  ldr      r1, [pc, #0x36c]
0xc000c854:  ea000000  b        #0xc000c85c

R00=00000011 R01=c02b7cb4 R02=c02a8164 R03=0000001e
R04=000002cf R05=0000000f R06=c02a8164 R07=0000000c
R08=00000000 R09=00000008 R10=c001f270 R11=c02a5f7c
R12=0000001e R13=c02a5f38 R14=0000041e R15=c000c850
PSR=600001d3 -ZC- A svc32
----------------
IN: 
0xc000c85c:  e1a0200a  mov      r2, sl
0xc000c860:  e59f0364  ldr      r0, [pc, #0x364]
0xc000c864:  eb0804ed  bl       #0xc020dc20

R00=00000011 R01=c026e7c8 R02=c02a8164 R03=0000001e
R04=000002cf R05=0000000f R06=c02a8164 R07=0000000c
R08=00000000 R09=00000008 R10=c001f270 R11=c02a5f7c
R12=0000001e R13=c02a5f38 R14=0000041e R15=c000c85c
PSR=600001d3 -ZC- A svc32
R00=c02b8368 R01=c02aa110 R02=600001d3 R03=600001d3
R04=000002cf R05=00000004 R06=c02a8164 R07=0000000c
R08=c02a5f2c R09=00000008 R10=c026f3e0 R11=c02a5f0c
R12=c02a5f10 R13=c02a5e98 R14=c020dc48 R15=c0031394
PSR=600001d3 -ZC- A svc32
R00=c02b843c R01=c026f3fc R02=fffffff0 R03=2c64656c
R04=00000061 R05=c02a5e08 R06=c026f407 R07=00000004
R08=c02b8436 R09=ffffffff R10=c026f3f5 R11=c02a5e7c
R12=0000000c R13=c02a5dec R14=202c6465 R15=c01163bc
PSR=200001d3 --C- A svc32
R00=c02aa14c R01=00000130 R02=600001d3 R03=600001d3
R04=00000032 R05=00000004 R06=00000000 R07=0000000c
R08=c02a5f2c R09=c02b8420 R10=00000032 R11=c02a5e84
R12=c02a5e88 R13=c02a5e78 R14=c0030e6c R15=c0049ab4
PSR=600001d3 -ZC- A svc32
R00=c02aa14c R01=00000130 R02=600001d3 R03=00000000
R04=00000032 R05=00000004 R06=00000000 R07=0000000c
R08=c02a5f2c R09=c02b8420 R10=00000032 R11=c02a5e84
R12=c02a5e88 R13=c02a5e78 R14=c0030e6c R15=c0049ac8
PSR=600001d3 -ZC- A svc32
R00=00000000 R01=c02aa110 R02=c02b8368 R03=600001d3
R04=00000032 R05=00000004 R06=c02aa110 R07=600001d3
R08=c02aa110 R09=c02b8368 R10=00000000 R11=c02a5e94
R12=c02a5e98 R13=c02a5e68 R14=c0031698 R15=c0030ef0
PSR=600001d3 -ZC- A svc32
R00=00000130 R01=00000000 R02=00000000 R03=00000000
R04=00000130 R05=00000130 R06=c02aa110 R07=600001d3
R08=c02aa110 R09=c02b8368 R10=fffffed0 R11=c02a5e94
R12=00000130 R13=c02a5e68 R14=c0031010 R15=c0031014
PSR=400001d3 -Z-- A svc32
R00=00000130 R01=00000000 R02=00000000 R03=400001d3
R04=00000130 R05=00000130 R06=c02aa110 R07=400001d3
R08=c02aa110 R09=c02b8368 R10=fffffed0 R11=c02a5e94
R12=00000130 R13=c02a5e68 R14=c0031010 R15=c0030ef0
PSR=400001d3 -Z-- A svc32
R00=c02aa14c R01=00000000 R02=00000000 R03=600001d3
R04=600001d3 R05=00000130 R06=c02aa110 R07=400001d3
R08=c02aa110 R09=c02b8368 R10=fffffed0 R11=c02a5e64
R12=c02a5e68 R13=c02a5e50 R14=c003102c R15=c0049ae8
PSR=600001d3 -ZC- A svc32
R00=c02aa14c R01=00000000 R02=c02aa150 R03=00000001
R04=600001d3 R05=00000130 R06=c02aa110 R07=400001d3
R08=c02aa110 R09=c02b8368 R10=fffffed0 R11=c02a5e64
R12=c02a5e68 R13=c02a5e50 R14=c003102c R15=c0049b10
PSR=600001d3 -ZC- A svc32
R00=c02aa14c R01=00000000 R02=c02aa150 R03=00000001
R04=00000130 R05=00000130 R06=c02aa110 R07=400001d3
R08=c02aa110 R09=c02b8368 R10=fffffed0 R11=c02a5e94
R12=c02a5e68 R13=c02a5e68 R14=c003102c R15=c0031030
PSR=600001d3 -ZC- A svc32
R00=600001d3 R01=00000000 R02=c02aa12c R03=ffffffff
R04=00000032 R05=00000004 R06=00000000 R07=0000000c
R08=c02a5f2c R09=c02b8420 R10=00000032 R11=c02a5f0c
R12=c02a5e68 R13=c02a5e98 R14=c003102c R15=c003167c
PSR=600001d3 -ZC- A svc32
----------------
IN: 
0xc000c868:  e3a00000  mov      r0, #0
0xc000c86c:  e1a0c000  mov      ip, r0
0xc000c870:  e086220c  add      r2, r6, ip, lsl #4
0xc000c874:  e2800001  add      r0, r0, #1
0xc000c878:  e1a0c000  mov      ip, r0
0xc000c87c:  e5921004  ldr      r1, [r2, #4]
0xc000c880:  e3510000  cmp      r1, #0
0xc000c884:  0a000002  beq      #0xc000c894

R00=00000035 R01=00000000 R02=c02aa12c R03=ffffffff
R04=000002cf R05=0000000f R06=c02a8164 R07=0000000c
R08=00000000 R09=00000008 R10=c001f270 R11=c02a5f7c
R12=c02a5e68 R13=c02a5f38 R14=c003102c R15=c000c868
PSR=600001d3 -ZC- A svc32
----------------
IN: 
0xc000c888:  e592300c  ldr      r3, [r2, #0xc]
0xc000c88c:  e1813283  orr      r3, r1, r3, lsl #5
0xc000c890:  e5823004  str      r3, [r2, #4]
0xc000c894:  e5921008  ldr      r1, [r2, #8]
0xc000c898:  e3510000  cmp      r1, #0
0xc000c89c:  0a000002  beq      #0xc000c8ac

R00=00000001 R01=00000011 R02=c02a8164 R03=ffffffff
R04=000002cf R05=0000000f R06=c02a8164 R07=0000000c
R08=00000000 R09=00000008 R10=c001f270 R11=c02a5f7c
R12=00000001 R13=c02a5f38 R14=c003102c R15=c000c888
PSR=200001d3 --C- A svc32
----------------
IN: 
0xc000c8a0:  e592300c  ldr      r3, [r2, #0xc]
0xc000c8a4:  e1813283  orr      r3, r1, r3, lsl #5
0xc000c8a8:  e5823008  str      r3, [r2, #8]
0xc000c8ac:  e350000c  cmp      r0, #0xc
0xc000c8b0:  1affffee  bne      #0xc000c870

R00=00000001 R01=00000412 R02=c02a8164 R03=00000051
R04=000002cf R05=0000000f R06=c02a8164 R07=0000000c
R08=00000000 R09=00000008 R10=c001f270 R11=c02a5f7c
R12=00000001 R13=c02a5f38 R14=c003102c R15=c000c8a0
PSR=200001d3 --C- A svc32
----------------
IN: 
0xc000c870:  e086220c  add      r2, r6, ip, lsl #4
0xc000c874:  e2800001  add      r0, r0, #1
0xc000c878:  e1a0c000  mov      ip, r0
0xc000c87c:  e5921004  ldr      r1, [r2, #4]
0xc000c880:  e3510000  cmp      r1, #0
0xc000c884:  0a000002  beq      #0xc000c894

R00=00000001 R01=00000412 R02=c02a8164 R03=00000452
R04=000002cf R05=0000000f R06=c02a8164 R07=0000000c
R08=00000000 R09=00000008 R10=c001f270 R11=c02a5f7c
R12=00000001 R13=c02a5f38 R14=c003102c R15=c000c870
PSR=800001d3 N--- A svc32
R00=00000002 R01=00000011 R02=c02a8174 R03=00000452
R04=000002cf R05=0000000f R06=c02a8164 R07=0000000c
R08=00000000 R09=00000008 R10=c001f270 R11=c02a5f7c
R12=00000002 R13=c02a5f38 R14=c003102c R15=c000c888
PSR=200001d3 --C- A svc32
----------------
IN: 
0xc000c894:  e5921008  ldr      r1, [r2, #8]
0xc000c898:  e3510000  cmp      r1, #0
0xc000c89c:  0a000002  beq      #0xc000c8ac

R00=00000006 R01=00000000 R02=c02a81b4 R03=00000052
R04=000002cf R05=0000000f R06=c02a8164 R07=0000000c
R08=00000000 R09=00000008 R10=c001f270 R11=c02a5f7c
R12=00000006 R13=c02a5f38 R14=c003102c R15=c000c894
PSR=600001d3 -ZC- A svc32
R00=00000006 R01=0000001e R02=c02a81b4 R03=00000052
R04=000002cf R05=0000000f R06=c02a8164 R07=0000000c
R08=00000000 R09=00000008 R10=c001f270 R11=c02a5f7c
R12=00000006 R13=c02a5f38 R14=c003102c R15=c000c8a0
PSR=200001d3 --C- A svc32
----------------
IN: 
0xc000c8ac:  e350000c  cmp      r0, #0xc
0xc000c8b0:  1affffee  bne      #0xc000c870

R00=00000008 R01=00000000 R02=c02a81d4 R03=00000031
R04=000002cf R05=0000000f R06=c02a8164 R07=0000000c
R08=00000000 R09=00000008 R10=c001f270 R11=c02a5f7c
R12=00000008 R13=c02a5f38 R14=c003102c R15=c000c8ac
PSR=600001d3 -ZC- A svc32
R00=00000008 R01=00000000 R02=c02a81d4 R03=00000031
R04=000002cf R05=0000000f R06=c02a8164 R07=0000000c
R08=00000000 R09=00000008 R10=c001f270 R11=c02a5f7c
R12=00000008 R13=c02a5f38 R14=c003102c R15=c000c870
PSR=800001d3 N--- A svc32
----------------
IN: 
0xc000c8b4:  e3a07000  mov      r7, #0
0xc000c8b8:  e1a0a007  mov      sl, r7
0xc000c8bc:  e1a08007  mov      r8, r7
0xc000c8c0:  ea000027  b        #0xc000c964

R00=0000000c R01=00000416 R02=c02a8214 R03=00000416
R04=000002cf R05=0000000f R06=c02a8164 R07=0000000c
R08=00000000 R09=00000008 R10=c001f270 R11=c02a5f7c
R12=0000000c R13=c02a5f38 R14=c003102c R15=c000c8b4
PSR=600001d3 -ZC- A svc32
----------------
IN: 
0xc000c964:  e59fc270  ldr      ip, [pc, #0x270]
0xc000c968:  e0874087  add      r4, r7, r7, lsl #1
0xc000c96c:  e59f325c  ldr      r3, [pc, #0x25c]
0xc000c970:  e59f2264  ldr      r2, [pc, #0x264]
0xc000c974:  e0836104  add      r6, r3, r4, lsl #2
0xc000c978:  e59c3000  ldr      r3, [ip]
0xc000c97c:  e1a00006  mov      r0, r6
0xc000c980:  e0821008  add      r1, r2, r8
0xc000c984:  e3a0200c  mov      r2, #0xc
0xc000c988:  e15a0003  cmp      sl, r3
0xc000c98c:  e2811004  add      r1, r1, #4
0xc000c990:  baffffcb  blt      #0xc000c8c4

R00=0000000c R01=00000416 R02=c02a8214 R03=00000416
R04=000002cf R05=0000000f R06=c02a8164 R07=00000000
R08=00000000 R09=00000008 R10=00000000 R11=c02a5f7c
R12=0000000c R13=c02a5f38 R14=c003102c R15=c000c964
PSR=600001d3 -ZC- A svc32
----------------
IN: 
0xc000c8c4:  eb0425dd  bl       #0xc0116040

R00=c02b7c50 R01=c02b7c50 R02=0000000c R03=00000001
R04=00000000 R05=0000000f R06=c02b7c50 R07=00000000
R08=00000000 R09=00000008 R10=00000000 R11=c02a5f7c
R12=c02b7c4c R13=c02a5f38 R14=c003102c R15=c000c8c4
PSR=800001d3 N--- A svc32
----------------
IN: 
0xc01160e0:  e4917004  ldr      r7, [r1], #4
0xc01160e4:  e4918004  ldr      r8, [r1], #4
0xc01160e8:  e491e004  ldr      lr, [r1], #4
0xc01160ec:  e08ff00c  add      pc, pc, ip

R00=c02b7c50 R01=c02b7c50 R02=ffffffec R03=00000001
R04=00000000 R05=0000000f R06=c02b7c50 R07=00000000
R08=00000000 R09=00000008 R10=00000000 R11=c02a5f7c
R12=00000014 R13=c02a5f1c R14=c000c8c8 R15=c01160e0
PSR=000001d3 ---- A svc32
----------------
IN: 
0xc0116108:  e4807004  str      r7, [r0], #4
0xc011610c:  e4808004  str      r8, [r0], #4
0xc0116110:  e480e004  str      lr, [r0], #4
0xc0116114:  2affffdc  bhs      #0xc011608c

R00=c02b7c50 R01=c02b7c5c R02=ffffffec R03=00000001
R04=00000000 R05=0000000f R06=c02b7c50 R07=00000000
R08=02000000 R09=00000008 R10=00000000 R11=c02a5f7c
R12=00000014 R13=c02a5f1c R14=00000000 R15=c0116108
PSR=000001d3 ---- A svc32
R00=c02b7c5c R01=c02b7c5c R02=ffffffec R03=00000001
R04=00000000 R05=0000000f R06=c02b7c50 R07=00000000
R08=02000000 R09=00000008 R10=00000000 R11=c02a5f7c
R12=00000014 R13=c02a5f1c R14=00000000 R15=c0116118
PSR=000001d3 ---- A svc32
----------------
IN: 
0xc000c8c8:  e51b2044  ldr      r2, [fp, #-0x44]
0xc000c8cc:  e59fc2fc  ldr      ip, [pc, #0x2fc]
0xc000c8d0:  e3a01000  mov      r1, #0
0xc000c8d4:  e59f02f8  ldr      r0, [pc, #0x2f8]
0xc000c8d8:  e5923094  ldr      r3, [r2, #0x94]
0xc000c8dc:  e79ce104  ldr      lr, [ip, r4, lsl #2]
0xc000c8e0:  e1c610ba  strh     r1, [r6, #0xa]
0xc000c8e4:  e26344fd  rsb      r4, r3, #-0x3000000
0xc000c8e8:  e2844502  add      r4, r4, #0x800000
0xc000c8ec:  e28e5103  add      r5, lr, #-0x40000000
0xc000c8f0:  e1550004  cmp      r5, r4
0xc000c8f4:  e1a0100e  mov      r1, lr
0xc000c8f8:  2a000001  bhs      #0xc000c904

R00=c02b7c50 R01=c02b7c5c R02=00000000 R03=00000001
R04=00000000 R05=0000000f R06=c02b7c50 R07=00000000
R08=00000000 R09=00000008 R10=00000000 R11=c02a5f7c
R12=00000014 R13=c02a5f38 R14=00000000 R15=c000c8c8
PSR=400001d3 -Z-- A svc32
----------------
IN: 
0xc000c8fc:  e3750105  cmn      r5, #0x40000001
0xc000c900:  8a000004  bhi      #0xc000c918

R00=c026f40c R01=00000000 R02=c001f218 R03=08000000
R04=f5800000 R05=c0000000 R06=c02b7c50 R07=00000000
R08=00000000 R09=00000008 R10=00000000 R11=c02a5f7c
R12=c02b7c50 R13=c02a5f38 R14=00000000 R15=c000c8fc
PSR=800001d3 N--- A svc32
----------------
IN: 
0xc000c918:  e596c004  ldr      ip, [r6, #4]
0xc000c91c:  e26e3101  rsb      r3, lr, #0x40000000
0xc000c920:  e0839004  add      sb, r3, r4
0xc000c924:  e24e3001  sub      r3, lr, #1
0xc000c928:  e1a0100e  mov      r1, lr
0xc000c92c:  e59f02a4  ldr      r0, [pc, #0x2a4]
0xc000c930:  e0833009  add      r3, r3, sb
0xc000c934:  e2877001  add      r7, r7, #1
0xc000c938:  e08ec00c  add      ip, lr, ip
0xc000c93c:  e24c2001  sub      r2, ip, #1
0xc000c940:  e28cc103  add      ip, ip, #-0x40000000
0xc000c944:  e154000c  cmp      r4, ip
0xc000c948:  3a000001  blo      #0xc000c954

R00=c026f40c R01=00000000 R02=c001f218 R03=08000000
R04=f5800000 R05=c0000000 R06=c02b7c50 R07=00000000
R08=00000000 R09=00000008 R10=00000000 R11=c02a5f7c
R12=c02b7c50 R13=c02a5f38 R14=00000000 R15=c000c918
PSR=200001d3 --C- A svc32
----------------
IN: 
0xc000c94c:  e155000c  cmp      r5, ip
0xc000c950:  9a000001  bls      #0xc000c95c

R00=c026f448 R01=00000000 R02=01ffffff R03=357fffff
R04=f5800000 R05=c0000000 R06=c02b7c50 R07=00000001
R08=00000000 R09=35800000 R10=00000000 R11=c02a5f7c
R12=c2000000 R13=c02a5f38 R14=00000000 R15=c000c94c
PSR=200001d3 --C- A svc32
----------------
IN: 
0xc000c95c:  e28aa001  add      sl, sl, #1
0xc000c960:  e288800c  add      r8, r8, #0xc
0xc000c964:  e59fc270  ldr      ip, [pc, #0x270]
0xc000c968:  e0874087  add      r4, r7, r7, lsl #1
0xc000c96c:  e59f325c  ldr      r3, [pc, #0x25c]
0xc000c970:  e59f2264  ldr      r2, [pc, #0x264]
0xc000c974:  e0836104  add      r6, r3, r4, lsl #2
0xc000c978:  e59c3000  ldr      r3, [ip]
0xc000c97c:  e1a00006  mov      r0, r6
0xc000c980:  e0821008  add      r1, r2, r8
0xc000c984:  e3a0200c  mov      r2, #0xc
0xc000c988:  e15a0003  cmp      sl, r3
0xc000c98c:  e2811004  add      r1, r1, #4
0xc000c990:  baffffcb  blt      #0xc000c8c4

R00=c026f448 R01=00000000 R02=01ffffff R03=357fffff
R04=f5800000 R05=c0000000 R06=c02b7c50 R07=00000001
R08=00000000 R09=35800000 R10=00000000 R11=c02a5f7c
R12=c2000000 R13=c02a5f38 R14=00000000 R15=c000c95c
PSR=800001d3 N--- A svc32
----------------
IN: 
0xc000c994:  e59f5244  ldr      r5, [pc, #0x244]
0xc000c998:  e3a02000  mov      r2, #0
0xc000c99c:  e58c7000  str      r7, [ip]
0xc000c9a0:  e1a00002  mov      r0, r2
0xc000c9a4:  e5951024  ldr      r1, [r5, #0x24]
0xc000c9a8:  e1a03aa2  lsr      r3, r2, #0x15
0xc000c9ac:  e7810183  str      r0, [r1, r3, lsl #3]
0xc000c9b0:  e5951024  ldr      r1, [r5, #0x24]
0xc000c9b4:  e0813183  add      r3, r1, r3, lsl #3
0xc000c9b8:  e5830004  str      r0, [r3, #4]
0xc000c9bc:  ee073f3a  mcr      p15, #0, r3, c7, c10, #1
0xc000c9c0:  ee2f3f39  mcr      p15, #1, r3, c15, c9, #1
0xc000c9c4:  e2822602  add      r2, r2, #0x200000
0xc000c9c8:  e35204bf  cmp      r2, #-0x41000000
0xc000c9cc:  1afffff5  bne      #0xc000c9a8

R00=c02b7c5c R01=c02b7c5c R02=0000000c R03=00000001
R04=00000003 R05=c0000000 R06=c02b7c5c R07=00000001
R08=0000000c R09=35800000 R10=00000001 R11=c02a5f7c
R12=c02b7c4c R13=c02a5f38 R14=00000000 R15=c000c994
PSR=600001d3 -ZC- A svc32
----------------
IN: 
0xc000c9a8:  e1a03aa2  lsr      r3, r2, #0x15
0xc000c9ac:  e7810183  str      r0, [r1, r3, lsl #3]
0xc000c9b0:  e5951024  ldr      r1, [r5, #0x24]
0xc000c9b4:  e0813183  add      r3, r1, r3, lsl #3
0xc000c9b8:  e5830004  str      r0, [r3, #4]
0xc000c9bc:  ee073f3a  mcr      p15, #0, r3, c7, c10, #1
0xc000c9c0:  ee2f3f39  mcr      p15, #1, r3, c15, c9, #1
0xc000c9c4:  e2822602  add      r2, r2, #0x200000
0xc000c9c8:  e35204bf  cmp      r2, #-0x41000000
0xc000c9cc:  1afffff5  bne      #0xc000c9a8

R00=00000000 R01=c0004000 R02=00200000 R03=c0004000
R04=00000003 R05=c02add94 R06=c02b7c5c R07=00000001
R08=0000000c R09=35800000 R10=00000001 R11=c02a5f7c
R12=c02b7c4c R13=c02a5f38 R14=00000000 R15=c000c9a8
PSR=000001d3 ---- A svc32
R00=00000000 R01=c0004000 R02=00400000 R03=c0004008
R04=00000003 R05=c02add94 R06=c02b7c5c R07=00000001
R08=0000000c R09=35800000 R10=00000001 R11=c02a5f7c
R12=c02b7c4c R13=c02a5f38 R14=00000000 R15=c000c9a8
PSR=000001d3 ---- A svc32
----------------
IN: 
0xc000c9d0:  e1a03aa2  lsr      r3, r2, #0x15
0xc000c9d4:  e7810183  str      r0, [r1, r3, lsl #3]
0xc000c9d8:  e5951024  ldr      r1, [r5, #0x24]
0xc000c9dc:  e0813183  add      r3, r1, r3, lsl #3
0xc000c9e0:  e5830004  str      r0, [r3, #4]
0xc000c9e4:  ee073f3a  mcr      p15, #0, r3, c7, c10, #1
0xc000c9e8:  ee2f3f39  mcr      p15, #1, r3, c15, c9, #1
0xc000c9ec:  e2822602  add      r2, r2, #0x200000
0xc000c9f0:  e3520103  cmp      r2, #-0x40000000
0xc000c9f4:  1afffff5  bne      #0xc000c9d0

R00=00000000 R01=c0004000 R02=bf000000 R03=c0006fb8
R04=00000003 R05=c02add94 R06=c02b7c5c R07=00000001
R08=0000000c R09=35800000 R10=00000001 R11=c02a5f7c
R12=c02b7c4c R13=c02a5f38 R14=00000000 R15=c000c9d0
PSR=600001d3 -ZC- A svc32
R00=00000000 R01=c0004000 R02=bf200000 R03=c0006fc0
R04=00000003 R05=c02add94 R06=c02b7c5c R07=00000001
R08=0000000c R09=35800000 R10=00000001 R11=c02a5f7c
R12=c02b7c4c R13=c02a5f38 R14=00000000 R15=c000c9d0
PSR=800001d3 N--- A svc32
----------------
IN: 
0xc000c9f8:  e59f11dc  ldr      r1, [pc, #0x1dc]
0xc000c9fc:  e1a0c000  mov      ip, r0
0xc000ca00:  e3e0e50a  mvn      lr, #0x2800000
0xc000ca04:  e5912008  ldr      r2, [r1, #8]
0xc000ca08:  e5913004  ldr      r3, [r1, #4]
0xc000ca0c:  e0833002  add      r3, r3, r2
0xc000ca10:  e2831103  add      r1, r3, #-0x40000000
0xc000ca14:  ea000007  b        #0xc000ca38

R00=00000000 R01=c0004000 R02=c0000000 R03=c0006ff8
R04=00000003 R05=c02add94 R06=c02b7c5c R07=00000001
R08=0000000c R09=35800000 R10=00000001 R11=c02a5f7c
R12=c02b7c4c R13=c02a5f38 R14=00000000 R15=c000c9f8
PSR=600001d3 -ZC- A svc32
----------------
IN: 
0xc000ca38:  e151000e  cmp      r1, lr
0xc000ca3c:  e1a00aa1  lsr      r0, r1, #0x15
0xc000ca40:  9afffff4  bls      #0xc000ca18

R00=00000000 R01=c2000000 R02=02000000 R03=02000000
R04=00000003 R05=c02add94 R06=c02b7c5c R07=00000001
R08=0000000c R09=35800000 R10=00000001 R11=c02a5f7c
R12=00000000 R13=c02a5f38 R14=fd7fffff R15=c000ca38
PSR=600001d3 -ZC- A svc32
----------------
IN: 
0xc000ca18:  e5952024  ldr      r2, [r5, #0x24]
0xc000ca1c:  e782c180  str      ip, [r2, r0, lsl #3]
0xc000ca20:  e5953024  ldr      r3, [r5, #0x24]
0xc000ca24:  e0833180  add      r3, r3, r0, lsl #3
0xc000ca28:  e583c004  str      ip, [r3, #4]
0xc000ca2c:  ee073f3a  mcr      p15, #0, r3, c7, c10, #1
0xc000ca30:  ee2f3f39  mcr      p15, #1, r3, c15, c9, #1
0xc000ca34:  e2811602  add      r1, r1, #0x200000
0xc000ca38:  e151000e  cmp      r1, lr
0xc000ca3c:  e1a00aa1  lsr      r0, r1, #0x15
0xc000ca40:  9afffff4  bls      #0xc000ca18

R00=00000610 R01=c2000000 R02=02000000 R03=02000000
R04=00000003 R05=c02add94 R06=c02b7c5c R07=00000001
R08=0000000c R09=35800000 R10=00000001 R11=c02a5f7c
R12=00000000 R13=c02a5f38 R14=fd7fffff R15=c000ca18
PSR=800001d3 N--- A svc32
R00=00000611 R01=c2200000 R02=c0004000 R03=c0007080
R04=00000003 R05=c02add94 R06=c02b7c5c R07=00000001
R08=0000000c R09=35800000 R10=00000001 R11=c02a5f7c
R12=00000000 R13=c02a5f38 R14=fd7fffff R15=c000ca18
PSR=800001d3 N--- A svc32
----------------
IN: 
0xc000ca44:  ebfffb89  bl       #0xc000b870

R00=000007ec R01=fd800000 R02=c0004000 R03=c0007f58
R04=00000003 R05=c02add94 R06=c02b7c5c R07=00000001
R08=0000000c R09=35800000 R10=00000001 R11=c02a5f7c
R12=00000000 R13=c02a5f38 R14=fd7fffff R15=c000ca44
PSR=200001d3 --C- A svc32
----------------
IN: 
0xc000b870:  e1a0c00d  mov      ip, sp
0xc000b874:  e92ddff0  push     {r4, r5, r6, r7, r8, sb, sl, fp, ip, lr, pc}
0xc000b878:  e24cb004  sub      fp, ip, #4
0xc000b87c:  e24dd02c  sub      sp, sp, #0x2c
0xc000b880:  e59f043c  ldr      r0, [pc, #0x43c]
0xc000b884:  e3a0200c  mov      r2, #0xc
0xc000b888:  e59f3438  ldr      r3, [pc, #0x438]
0xc000b88c:  e3a0c000  mov      ip, #0
0xc000b890:  e4901004  ldr      r1, [r0], #4
0xc000b894:  e58dc000  str      ip, [sp]
0xc000b898:  eb04542a  bl       #0xc0120948

R00=000007ec R01=fd800000 R02=c0004000 R03=c0007f58
R04=00000003 R05=c02add94 R06=c02b7c5c R07=00000001
R08=0000000c R09=35800000 R10=00000001 R11=c02a5f7c
R12=00000000 R13=c02a5f38 R14=c000ca48 R15=c000b870
PSR=200001d3 --C- A svc32
----------------
IN: 
0xc0120948:  e1a0c00d  mov      ip, sp
0xc012094c:  e92ddff0  push     {r4, r5, r6, r7, r8, sb, sl, fp, ip, lr, pc}
0xc0120950:  e24cb004  sub      fp, ip, #4
0xc0120954:  e24dd01c  sub      sp, sp, #0x1c
0xc0120958:  e1a09003  mov      sb, r3
0xc012095c:  e59b3004  ldr      r3, [fp, #4]
0xc0120960:  e1a07002  mov      r7, r2
0xc0120964:  e1a06000  mov      r6, r0
0xc0120968:  e0020791  mul      r2, r1, r7
0xc012096c:  e3530000  cmp      r3, #0
0xc0120970:  e50b203c  str      r2, [fp, #-0x3c]
0xc0120974:  1a000006  bne      #0xc0120994

R00=c02b7c50 R01=00000001 R02=0000000c R03=c000b570
R04=00000003 R05=c02add94 R06=c02b7c5c R07=00000001
R08=0000000c R09=35800000 R10=00000001 R11=c02a5f34
R12=00000000 R13=c02a5ee0 R14=c000b89c R15=c0120948
PSR=200001d3 --C- A svc32
----------------
IN: 
0xc0120978:  e3570004  cmp      r7, #4
0xc012097c:  0a000002  beq      #0xc012098c

R00=c02b7c50 R01=00000001 R02=0000000c R03=00000000
R04=00000003 R05=c02add94 R06=c02b7c50 R07=0000000c
R08=0000000c R09=c000b570 R10=00000001 R11=c02a5edc
R12=c02a5ee0 R13=c02a5e98 R14=c000b89c R15=c0120978
PSR=600001d3 -ZC- A svc32
----------------
IN: 
0xc0120980:  e59fc184  ldr      ip, [pc, #0x184]
0xc0120984:  e58bc004  str      ip, [fp, #4]
0xc0120988:  ea000001  b        #0xc0120994

R00=c02b7c50 R01=00000001 R02=0000000c R03=00000000
R04=00000003 R05=c02add94 R06=c02b7c50 R07=0000000c
R08=0000000c R09=c000b570 R10=00000001 R11=c02a5edc
R12=c02a5ee0 R13=c02a5e98 R14=c000b89c R15=c0120980
PSR=200001d3 --C- A svc32
----------------
IN: 
0xc0120994:  e1a030a1  lsr      r3, r1, #1
0xc0120998:  e51bc03c  ldr      ip, [fp, #-0x3c]
0xc012099c:  e2433001  sub      r3, r3, #1
0xc01209a0:  e0030397  mul      r3, r7, r3
0xc01209a4:  e2672000  rsb      r2, r7, #0
0xc01209a8:  e50b2040  str      r2, [fp, #-0x40]
0xc01209ac:  e067a00c  rsb      sl, r7, ip
0xc01209b0:  e50b3038  str      r3, [fp, #-0x38]
0xc01209b4:  ea00001d  b        #0xc0120a30

R00=c02b7c50 R01=00000001 R02=0000000c R03=00000000
R04=00000003 R05=c02add94 R06=c02b7c50 R07=0000000c
R08=0000000c R09=c000b570 R10=00000001 R11=c02a5edc
R12=c0120910 R13=c02a5e98 R14=c000b89c R15=c0120994
PSR=200001d3 --C- A svc32
----------------
IN: 
0xc0120a30:  e51bc038  ldr      ip, [fp, #-0x38]
0xc0120a34:  e35c0000  cmp      ip, #0
0xc0120a38:  ba000001  blt      #0xc0120a44

R00=c02b7c50 R01=00000001 R02=fffffff4 R03=fffffff4
R04=00000003 R05=c02add94 R06=c02b7c50 R07=0000000c
R08=0000000c R09=c000b570 R10=00000000 R11=c02a5edc
R12=0000000c R13=c02a5e98 R14=c000b89c R15=c0120a30
PSR=200001d3 --C- A svc32
----------------
IN: 
0xc0120a44:  e067200a  rsb      r2, r7, sl
0xc0120a48:  e086300a  add      r3, r6, sl
0xc0120a4c:  e50b2034  str      r2, [fp, #-0x34]
0xc0120a50:  e50b3030  str      r3, [fp, #-0x30]
0xc0120a54:  ea000028  b        #0xc0120afc

R00=c02b7c50 R01=00000001 R02=fffffff4 R03=fffffff4
R04=00000003 R05=c02add94 R06=c02b7c50 R07=0000000c
R08=0000000c R09=c000b570 R10=00000000 R11=c02a5edc
R12=fffffff4 R13=c02a5e98 R14=c000b89c R15=c0120a44
PSR=a00001d3 N-C- A svc32
----------------
IN: 
0xc0120afc:  e35a0000  cmp      sl, #0
0xc0120b00:  caffffd4  bgt      #0xc0120a58

R00=c02b7c50 R01=00000001 R02=fffffff4 R03=c02b7c50
R04=00000003 R05=c02add94 R06=c02b7c50 R07=0000000c
R08=0000000c R09=c000b570 R10=00000000 R11=c02a5edc
R12=fffffff4 R13=c02a5e98 R14=c000b89c R15=c0120afc
PSR=a00001d3 N-C- A svc32
----------------
IN: 
0xc0120b04:  e24bd028  sub      sp, fp, #0x28
0xc0120b08:  e89daff0  ldm      sp, {r4, r5, r6, r7, r8, sb, sl, fp, sp, pc}

R00=c02b7c50 R01=00000001 R02=fffffff4 R03=c02b7c50
R04=00000003 R05=c02add94 R06=c02b7c50 R07=0000000c
R08=0000000c R09=c000b570 R10=00000000 R11=c02a5edc
R12=fffffff4 R13=c02a5e98 R14=c000b89c R15=c0120b04
PSR=600001d3 -ZC- A svc32
----------------
IN: 
0xc000b89c:  e59f3428  ldr      r3, [pc, #0x428]
0xc000b8a0:  e8930006  ldm      r3, {r1, r2}
0xc000b8a4:  e3520000  cmp      r2, #0
0xc000b8a8:  e0825001  add      r5, r2, r1
0xc000b8ac:  1a000004  bne      #0xc000b8c4

R00=c02b7c50 R01=00000001 R02=fffffff4 R03=c02b7c50
R04=00000003 R05=c02add94 R06=c02b7c5c R07=00000001
R08=0000000c R09=35800000 R10=00000001 R11=c02a5f34
R12=fffffff4 R13=c02a5ee0 R14=c000b89c R15=c000b89c
PSR=600001d3 -ZC- A svc32
----------------
IN: 
0xc000b8b0:  e59fc40c  ldr      ip, [pc, #0x40c]
0xc000b8b4:  e3e02001  mvn      r2, #1
0xc000b8b8:  e50b2048  str      r2, [fp, #-0x48]
0xc000b8bc:  e59ce000  ldr      lr, [ip]
0xc000b8c0:  ea00001d  b        #0xc000b93c

R00=c02b7c50 R01=00000000 R02=00000000 R03=c001f210
R04=00000003 R05=00000000 R06=c02b7c5c R07=00000001
R08=0000000c R09=35800000 R10=00000001 R11=c02a5f34
R12=fffffff4 R13=c02a5ee0 R14=c000b89c R15=c000b8b0
PSR=600001d3 -ZC- A svc32
----------------
IN: 
0xc000b93c:  e59f6390  ldr      r6, [pc, #0x390]
0xc000b940:  e3a00000  mov      r0, #0
0xc000b944:  e3e04000  mvn      r4, #0
0xc000b948:  e1a08000  mov      r8, r0
0xc000b94c:  e1a0a000  mov      sl, r0
0xc000b950:  e1a01006  mov      r1, r6
0xc000b954:  ea000014  b        #0xc000b9ac

R00=c02b7c50 R01=00000000 R02=fffffffe R03=c001f210
R04=00000003 R05=00000000 R06=c02b7c5c R07=00000001
R08=0000000c R09=35800000 R10=00000001 R11=c02a5f34
R12=c02b7c4c R13=c02a5ee0 R14=00000001 R15=c000b93c
PSR=600001d3 -ZC- A svc32
----------------
IN: 
0xc000b9ac:  e150000e  cmp      r0, lr
0xc000b9b0:  e2800001  add      r0, r0, #1
0xc000b9b4:  baffffe7  blt      #0xc000b958

R00=00000000 R01=c02b7c58 R02=fffffffe R03=c001f210
R04=ffffffff R05=00000000 R06=c02b7c58 R07=00000001
R08=00000000 R09=35800000 R10=00000000 R11=c02a5f34
R12=c02b7c4c R13=c02a5ee0 R14=00000001 R15=c000b9ac
PSR=600001d3 -ZC- A svc32
----------------
IN: 
0xc000b958:  e1d130b0  ldrh     r3, [r1]
0xc000b95c:  e3530000  cmp      r3, #0
0xc000b960:  1a000010  bne      #0xc000b9a8

R00=00000001 R01=c02b7c58 R02=fffffffe R03=c001f210
R04=ffffffff R05=00000000 R06=c02b7c58 R07=00000001
R08=00000000 R09=35800000 R10=00000000 R11=c02a5f34
R12=c02b7c4c R13=c02a5ee0 R14=00000001 R15=c000b958
PSR=800001d3 N--- A svc32
----------------
IN: 
0xc000b964:  e5113008  ldr      r3, [r1, #-8]
0xc000b968:  e5112004  ldr      r2, [r1, #-4]
0xc000b96c:  e1a0c623  lsr      ip, r3, #0xc
0xc000b970:  e154000c  cmp      r4, ip
0xc000b974:  e0833002  add      r3, r3, r2
0xc000b978:  e1a02623  lsr      r2, r3, #0xc
0xc000b97c:  9a000000  bls      #0xc000b984

R00=00000001 R01=c02b7c58 R02=fffffffe R03=00000000
R04=ffffffff R05=00000000 R06=c02b7c58 R07=00000001
R08=00000000 R09=35800000 R10=00000000 R11=c02a5f34
R12=c02b7c4c R13=c02a5ee0 R14=00000001 R15=c000b964
PSR=600001d3 -ZC- A svc32
----------------
IN: 
0xc000b980:  e1a0400c  mov      r4, ip
0xc000b984:  e15a0002  cmp      sl, r2
0xc000b988:  2a000000  bhs      #0xc000b990

R00=00000001 R01=c02b7c58 R02=00002000 R03=02000000
R04=ffffffff R05=00000000 R06=c02b7c58 R07=00000001
R08=00000000 R09=35800000 R10=00000000 R11=c02a5f34
R12=00000000 R13=c02a5ee0 R14=00000001 R15=c000b980
PSR=a00001d3 N-C- A svc32
----------------
IN: 
0xc000b98c:  e1a0a002  mov      sl, r2
0xc000b990:  e1d130b2  ldrh     r3, [r1, #2]
0xc000b994:  e3530000  cmp      r3, #0
0xc000b998:  1a000002  bne      #0xc000b9a8

R00=00000001 R01=c02b7c58 R02=00002000 R03=02000000
R04=00000000 R05=00000000 R06=c02b7c58 R07=00000001
R08=00000000 R09=35800000 R10=00000000 R11=c02a5f34
R12=00000000 R13=c02a5ee0 R14=00000001 R15=c000b98c
PSR=800001d3 N--- A svc32
----------------
IN: 
0xc000b99c:  e1520008  cmp      r2, r8
0xc000b9a0:  9a000000  bls      #0xc000b9a8

R00=00000001 R01=c02b7c58 R02=00002000 R03=00000000
R04=00000000 R05=00000000 R06=c02b7c58 R07=00000001
R08=00000000 R09=35800000 R10=00002000 R11=c02a5f34
R12=00000000 R13=c02a5ee0 R14=00000001 R15=c000b99c
PSR=600001d3 -ZC- A svc32
----------------
IN: 
0xc000b9a4:  e1a08002  mov      r8, r2
0xc000b9a8:  e281100c  add      r1, r1, #0xc
0xc000b9ac:  e150000e  cmp      r0, lr
0xc000b9b0:  e2800001  add      r0, r0, #1
0xc000b9b4:  baffffe7  blt      #0xc000b958

R00=00000001 R01=c02b7c58 R02=00002000 R03=00000000
R04=00000000 R05=00000000 R06=c02b7c58 R07=00000001
R08=00000000 R09=35800000 R10=00002000 R11=c02a5f34
R12=00000000 R13=c02a5ee0 R14=00000001 R15=c000b9a4
PSR=200001d3 --C- A svc32
----------------
IN: 
0xc000b9b8:  e3580000  cmp      r8, #0
0xc000b9bc:  1a000001  bne      #0xc000b9c8

R00=00000002 R01=c02b7c64 R02=00002000 R03=00000000
R04=00000000 R05=00000000 R06=c02b7c58 R07=00000001
R08=00002000 R09=35800000 R10=00002000 R11=c02a5f34
R12=00000000 R13=c02a5ee0 R14=00000001 R15=c000b9b8
PSR=600001d3 -ZC- A svc32
----------------
IN: 
0xc000b9c8:  e59f5304  ldr      r5, [pc, #0x304]
0xc000b9cc:  e3a07000  mov      r7, #0
0xc000b9d0:  e24b9044  sub      sb, fp, #0x44
0xc000b9d4:  ea000013  b        #0xc000ba28

R00=00000002 R01=c02b7c64 R02=00002000 R03=00000000
R04=00000000 R05=00000000 R06=c02b7c58 R07=00000001
R08=00002000 R09=35800000 R10=00002000 R11=c02a5f34
R12=00000000 R13=c02a5ee0 R14=00000001 R15=c000b9c8
PSR=200001d3 --C- A svc32
----------------
IN: 
0xc000ba28:  e15e0007  cmp      lr, r7
0xc000ba2c:  e2877001  add      r7, r7, #1
0xc000ba30:  caffffe8  bgt      #0xc000b9d8

R00=00000002 R01=c02b7c64 R02=00002000 R03=00000000
R04=00000000 R05=c02b7c58 R06=c02b7c58 R07=00000000
R08=00002000 R09=c02a5ef0 R10=00002000 R11=c02a5f34
R12=00000000 R13=c02a5ee0 R14=00000001 R15=c000ba28
PSR=200001d3 --C- A svc32
