----------------
IN: 
0x00000000:  e3a00000  mov      r0, #0
0x00000004:  e59f1004  ldr      r1, [pc, #4]
0x00000008:  e59f2004  ldr      r2, [pc, #4]
0x0000000c:  e59ff004  ldr      pc, [pc, #4]

R00=00000000 R01=00000000 R02=00000000 R03=00000000
R04=00000000 R05=00000000 R06=00000000 R07=00000000
R08=00000000 R09=00000000 R10=00000000 R11=00000000
R12=00000000 R13=00000000 R14=00000000 R15=00000000
PSR=400001d3 -Z-- A svc32
----------------
IN: 
0x00008000:  e1a00000  mov      r0, r0
0x00008004:  e1a00000  mov      r0, r0
0x00008008:  e1a00000  mov      r0, r0
0x0000800c:  e1a00000  mov      r0, r0
0x00008010:  e1a00000  mov      r0, r0
0x00008014:  e1a00000  mov      r0, r0
0x00008018:  e1a00000  mov      r0, r0
0x0000801c:  e1a00000  mov      r0, r0
0x00008020:  ea000003  b        #0x8034

R00=00000000 R01=ffffffff R02=146dc000 R03=00000000
R04=00000000 R05=00000000 R06=00000000 R07=00000000
R08=00000000 R09=00000000 R10=00000000 R11=00000000
R12=00000000 R13=00000000 R14=00000000 R15=00008000
PSR=400001d3 -Z-- A svc32
----------------
IN: 
0x00008034:  e10f9000  mrs      sb, apsr
0x00008038:  e1a07001  mov      r7, r1
0x0000803c:  e1a08002  mov      r8, r2
0x00008040:  e10f2000  mrs      r2, apsr
0x00008044:  e3120003  tst      r2, #3
0x00008048:  1a000001  bne      #0x8054

R00=00000000 R01=ffffffff R02=146dc000 R03=00000000
R04=00000000 R05=00000000 R06=00000000 R07=00000000
R08=00000000 R09=00000000 R10=00000000 R11=00000000
R12=00000000 R13=00000000 R14=00000000 R15=00008034
PSR=400001d3 -Z-- A svc32
----------------
IN: 
0x00008054:  e10f0000  mrs      r0, apsr
0x00008058:  e220001a  eor      r0, r0, #0x1a
0x0000805c:  e310001f  tst      r0, #0x1f
0x00008060:  e3c0001f  bic      r0, r0, #0x1f
0x00008064:  e38000d3  orr      r0, r0, #0xd3
0x00008068:  1a000004  bne      #0x8080

R00=00000000 R01=ffffffff R02=400001d3 R03=00000000
R04=00000000 R05=00000000 R06=00000000 R07=ffffffff
R08=146dc000 R09=400001d3 R10=00000000 R11=00000000
R12=00000000 R13=00000000 R14=00000000 R15=00008054
PSR=000001d3 ---- A svc32
----------------
IN: 
0x00008080:  e121f000  msr      cpsr_c, r0

R00=000001d3 R01=ffffffff R02=400001d3 R03=00000000
R04=00000000 R05=00000000 R06=00000000 R07=ffffffff
R08=146dc000 R09=400001d3 R10=00000000 R11=00000000
R12=00000000 R13=00000000 R14=00000000 R15=00008080
PSR=000001d3 ---- A svc32
----------------
IN: 
0x00008084:  e16ff009  msr      spsr_fsxc, sb

R00=000001d3 R01=ffffffff R02=400001d3 R03=00000000
R04=00000000 R05=00000000 R06=00000000 R07=ffffffff
R08=146dc000 R09=400001d3 R10=00000000 R11=00000000
R12=00000000 R13=00000000 R14=00000000 R15=00008084
PSR=000001d3 ---- A svc32
----------------
IN: 
0x00008088:  00000000  andeq    r0, r0, r0
0x0000808c:  00000000  andeq    r0, r0, r0
0x00008090:  00000000  andeq    r0, r0, r0
0x00008094:  00000000  andeq    r0, r0, r0
0x00008098:  00000000  andeq    r0, r0, r0
0x0000809c:  00000000  andeq    r0, r0, r0
0x000080a0:  e1a0400f  mov      r4, pc
0x000080a4:  e204433e  and      r4, r4, #0xf8000000
0x000080a8:  e2844902  add      r4, r4, #0x8000
0x000080ac:  e1a0000f  mov      r0, pc
0x000080b0:  e1500004  cmp      r0, r4
0x000080b4:  359f0164  ldrlo    r0, [pc, #0x164]
0x000080b8:  3080000f  addlo    r0, r0, pc
0x000080bc:  31540000  cmplo    r4, r0
0x000080c0:  33844001  orrlo    r4, r4, #1
0x000080c4:  2b00005d  blhs     #0x8240

R00=000001d3 R01=ffffffff R02=400001d3 R03=00000000
R04=00000000 R05=00000000 R06=00000000 R07=ffffffff
R08=146dc000 R09=400001d3 R10=00000000 R11=00000000
R12=00000000 R13=00000000 R14=00000000 R15=00008088
PSR=000001d3 ---- A svc32
----------------
IN: 
0x00008240:  e3a03008  mov      r3, #8
0x00008244:  ea000088  b        #0x846c

R00=000080b4 R01=ffffffff R02=400001d3 R03=00000000
R04=00008000 R05=00000000 R06=00000000 R07=ffffffff
R08=146dc000 R09=400001d3 R10=00000000 R11=00000000
R12=00000000 R13=00000000 R14=000080c8 R15=00008240
PSR=200001d3 --C- A svc32
----------------
IN: 
0x0000846c:  e28fc01c  add      ip, pc, #0x1c
0x00008470:  ee109f10  mrc      p15, #0, sb, c0, c0, #0
0x00008474:  e59c1000  ldr      r1, [ip]
0x00008478:  e59c2004  ldr      r2, [ip, #4]
0x0000847c:  e0211009  eor      r1, r1, sb
0x00008480:  e1110002  tst      r1, r2
0x00008484:  008cf003  addeq    pc, ip, r3

R00=000080b4 R01=ffffffff R02=400001d3 R03=00000008
R04=00008000 R05=00000000 R06=00000000 R07=ffffffff
R08=146dc000 R09=400001d3 R10=00000000 R11=00000000
R12=00000000 R13=00000000 R14=000080c8 R15=0000846c
PSR=200001d3 --C- A svc32
----------------
IN: 
0x00008488:  e28cc014  add      ip, ip, #0x14
0x0000848c:  eafffff8  b        #0x8474

R00=000080b4 R01=000fb022 R02=ff00f000 R03=00000008
R04=00008000 R05=00000000 R06=00000000 R07=ffffffff
R08=146dc000 R09=410fb022 R10=00000000 R11=00000000
R12=00008490 R13=00000000 R14=000080c8 R15=00008488
PSR=200001d3 --C- A svc32
----------------
IN: 
0x00008474:  e59c1000  ldr      r1, [ip]
0x00008478:  e59c2004  ldr      r2, [ip, #4]
0x0000847c:  e0211009  eor      r1, r1, sb
0x00008480:  e1110002  tst      r1, r2
0x00008484:  008cf003  addeq    pc, ip, r3

R00=000080b4 R01=000fb022 R02=ff00f000 R03=00000008
R04=00008000 R05=00000000 R06=00000000 R07=ffffffff
R08=146dc000 R09=410fb022 R10=00000000 R11=00000000
R12=000084a4 R13=00000000 R14=000080c8 R15=00008474
PSR=200001d3 --C- A svc32
R00=000080b4 R01=000fc022 R02=fff8fe00 R03=00000008
R04=00008000 R05=00000000 R06=00000000 R07=ffffffff
R08=146dc000 R09=410fb022 R10=00000000 R11=00000000
R12=000084a4 R13=00000000 R14=000080c8 R15=00008488
PSR=200001d3 --C- A svc32
----------------
IN: 
0x000085ec:  eaffff69  b        #0x8398

R00=000080b4 R01=4100b022 R02=000f0000 R03=00000008
R04=00008000 R05=00000000 R06=00000000 R07=ffffffff
R08=146dc000 R09=410fb022 R10=00000000 R11=00000000
R12=000085e4 R13=00000000 R14=000080c8 R15=000085ec
PSR=600001d3 -ZC- A svc32
----------------
IN: 
0x00008398:  e1a0c00e  mov      ip, lr
0x0000839c:  ee10bf91  mrc      p15, #0, fp, c0, c1, #4
0x000083a0:  e31b000f  tst      fp, #0xf
0x000083a4:  13a0600e  movne    r6, #0xe
0x000083a8:  1bffffcb  blne     #0x82dc

R00=000080b4 R01=4100b022 R02=000f0000 R03=00000008
R04=00008000 R05=00000000 R06=00000000 R07=ffffffff
R08=146dc000 R09=410fb022 R10=00000000 R11=00000000
R12=000085e4 R13=00000000 R14=000080c8 R15=00008398
PSR=600001d3 -ZC- A svc32
----------------
IN: 
0x000082dc:  e2443901  sub      r3, r4, #0x4000
0x000082e0:  e3c330ff  bic      r3, r3, #0xff
0x000082e4:  e3c33c3f  bic      r3, r3, #0x3f00
0x000082e8:  e1a00003  mov      r0, r3
0x000082ec:  e1a09920  lsr      sb, r0, #0x12
0x000082f0:  e1a09909  lsl      sb, sb, #0x12
0x000082f4:  e289a201  add      sl, sb, #0x10000000
0x000082f8:  e3a01012  mov      r1, #0x12
0x000082fc:  e3811b03  orr      r1, r1, #0xc00
0x00008300:  e2832901  add      r2, r3, #0x4000
0x00008304:  e1510009  cmp      r1, sb
0x00008308:  215a0001  cmphs    sl, r1
0x0000830c:  e3c1101c  bic      r1, r1, #0x1c
0x00008310:  33811010  orrlo    r1, r1, #0x10
0x00008314:  21811006  orrhs    r1, r1, r6
0x00008318:  e4801004  str      r1, [r0], #4
0x0000831c:  e2811601  add      r1, r1, #0x100000
0x00008320:  e1300002  teq      r0, r2
0x00008324:  1afffff6  bne      #0x8304

R00=000080b4 R01=4100b022 R02=000f0000 R03=00000008
R04=00008000 R05=00000000 R06=0000000e R07=ffffffff
R08=146dc000 R09=410fb022 R10=00000000 R11=01100103
R12=000080c8 R13=00000000 R14=000083ac R15=000082dc
PSR=200001d3 --C- A svc32
----------------
IN: 
0x00008304:  e1510009  cmp      r1, sb
0x00008308:  215a0001  cmphs    sl, r1
0x0000830c:  e3c1101c  bic      r1, r1, #0x1c
0x00008310:  33811010  orrlo    r1, r1, #0x10
0x00008314:  21811006  orrhs    r1, r1, r6
0x00008318:  e4801004  str      r1, [r0], #4
0x0000831c:  e2811601  add      r1, r1, #0x100000
0x00008320:  e1300002  teq      r0, r2
0x00008324:  1afffff6  bne      #0x8304

R00=00004004 R01=00100c0e R02=00008000 R03=00004000
R04=00008000 R05=00000000 R06=0000000e R07=ffffffff
R08=146dc000 R09=00000000 R10=10000000 R11=01100103
R12=000080c8 R13=00000000 R14=000083ac R15=00008304
PSR=200001d3 --C- A svc32
R00=00004008 R01=00200c0e R02=00008000 R03=00004000
R04=00008000 R05=00000000 R06=0000000e R07=ffffffff
R08=146dc000 R09=00000000 R10=10000000 R11=01100103
R12=000080c8 R13=00000000 R14=000083ac R15=00008304
PSR=200001d3 --C- A svc32
----------------
IN: 
0x00008328:  e3861004  orr      r1, r6, #4
0x0000832c:  e3811b03  orr      r1, r1, #0xc00
0x00008330:  e1a0200f  mov      r2, pc
0x00008334:  e1a02a22  lsr      r2, r2, #0x14
0x00008338:  e1811a02  orr      r1, r1, r2, lsl #20
0x0000833c:  e0830102  add      r0, r3, r2, lsl #2
0x00008340:  e4801004  str      r1, [r0], #4
0x00008344:  e2811601  add      r1, r1, #0x100000
0x00008348:  e5801000  str      r1, [r0]
0x0000834c:  e1a0f00e  mov      pc, lr

R00=00008000 R01=00000c12 R02=00008000 R03=00004000
R04=00008000 R05=00000000 R06=0000000e R07=ffffffff
R08=146dc000 R09=00000000 R10=10000000 R11=01100103
R12=000080c8 R13=00000000 R14=000083ac R15=00008328
PSR=400001d3 -Z-- A svc32
----------------
IN: 
0x000083ac:  e3a00000  mov      r0, #0
0x000083b0:  ee070f9a  mcr      p15, #0, r0, c7, c10, #4
0x000083b4:  e31b000f  tst      fp, #0xf
0x000083b8:  1e080f17  mcrne    p15, #0, r0, c8, c7, #0

R00=00004004 R01=00100c0e R02=00000000 R03=00004000
R04=00008000 R05=00000000 R06=0000000e R07=ffffffff
R08=146dc000 R09=00000000 R10=10000000 R11=01100103
R12=000080c8 R13=00000000 R14=000083ac R15=000083ac
PSR=400001d3 -Z-- A svc32
----------------
IN: 
0x000083bc:  ee110f10  mrc      p15, #0, r0, c1, c0, #0
0x000083c0:  e3c00201  bic      r0, r0, #0x10000000
0x000083c4:  e3800a05  orr      r0, r0, #0x5000
0x000083c8:  e380003c  orr      r0, r0, #0x3c
0x000083cc:  e3c00002  bic      r0, r0, #2
0x000083d0:  e3800501  orr      r0, r0, #0x400000
0x000083d4:  1e126f50  mrcne    p15, #0, r6, c2, c0, #2
0x000083d8:  13800001  orrne    r0, r0, #1
0x000083dc:  13e01002  mvnne    r1, #2
0x000083e0:  e3c66102  bic      r6, r6, #0x80000000
0x000083e4:  e3c66003  bic      r6, r6, #3
0x000083e8:  1e023f10  mcrne    p15, #0, r3, c2, c0, #0

R00=00000000 R01=00100c0e R02=00000000 R03=00004000
R04=00008000 R05=00000000 R06=0000000e R07=ffffffff
R08=146dc000 R09=00000000 R10=10000000 R11=01100103
R12=000080c8 R13=00000000 R14=000083ac R15=000083bc
PSR=000001d3 ---- A svc32
----------------
IN: 
0x000083ec:  1e031f10  mcrne    p15, #0, r1, c3, c0, #0

R00=0040503d R01=fffffffd R02=00000000 R03=00004000
R04=00008000 R05=00000000 R06=00000000 R07=ffffffff
R08=146dc000 R09=00000000 R10=10000000 R11=01100103
R12=000080c8 R13=00000000 R14=000083ac R15=000083ec
PSR=000001d3 ---- A svc32
----------------
IN: 
0x000083f0:  1e026f50  mcrne    p15, #0, r6, c2, c0, #2

R00=0040503d R01=fffffffd R02=00000000 R03=00004000
R04=00008000 R05=00000000 R06=00000000 R07=ffffffff
R08=146dc000 R09=00000000 R10=10000000 R11=01100103
R12=000080c8 R13=00000000 R14=000083ac R15=000083f0
PSR=000001d3 ---- A svc32
----------------
IN: 
0x000083f4:  ee070f95  mcr      p15, #0, r0, c7, c5, #4

R00=0040503d R01=fffffffd R02=00000000 R03=00004000
R04=00008000 R05=00000000 R06=00000000 R07=ffffffff
R08=146dc000 R09=00000000 R10=10000000 R11=01100103
R12=000080c8 R13=00000000 R14=000083ac R15=000083f4
PSR=000001d3 ---- A svc32
----------------
IN: 
0x000083f8:  ee010f10  mcr      p15, #0, r0, c1, c0, #0

R00=0040503d R01=fffffffd R02=00000000 R03=00004000
R04=00008000 R05=00000000 R06=00000000 R07=ffffffff
R08=146dc000 R09=00000000 R10=10000000 R11=01100103
R12=000080c8 R13=00000000 R14=000083ac R15=000083f8
PSR=000001d3 ---- A svc32
----------------
IN: 
0x000083fc:  ee110f10  mrc      p15, #0, r0, c1, c0, #0

R00=0040503d R01=fffffffd R02=00000000 R03=00004000
R04=00008000 R05=00000000 R06=00000000 R07=ffffffff
R08=146dc000 R09=00000000 R10=10000000 R11=01100103
R12=000080c8 R13=00000000 R14=000083ac R15=000083fc
PSR=000001d3 ---- A svc32
----------------
IN: 
0x00008400:  e3a00000  mov      r0, #0
0x00008404:  ee070f95  mcr      p15, #0, r0, c7, c5, #4

R00=0040503d R01=fffffffd R02=00000000 R03=00004000
R04=00008000 R05=00000000 R06=00000000 R07=ffffffff
R08=146dc000 R09=00000000 R10=10000000 R11=01100103
R12=000080c8 R13=00000000 R14=000083ac R15=00008400
PSR=000001d3 ---- A svc32
----------------
IN: 
0x00008408:  e1a0f00c  mov      pc, ip

R00=00000000 R01=fffffffd R02=00000000 R03=00004000
R04=00008000 R05=00000000 R06=00000000 R07=ffffffff
R08=146dc000 R09=00000000 R10=10000000 R11=01100103
R12=000080c8 R13=00000000 R14=000083ac R15=00008408
PSR=000001d3 ---- A svc32
----------------
IN: 
0x000080c8:  e28f0e13  add      r0, pc, #0x130
0x000080cc:  e8901c4e  ldm      r0, {r1, r2, r3, r6, sl, fp, ip}
0x000080d0:  e590d01c  ldr      sp, [r0, #0x1c]
0x000080d4:  e0400001  sub      r0, r0, r1
0x000080d8:  e0866000  add      r6, r6, r0
0x000080dc:  e08aa000  add      sl, sl, r0
0x000080e0:  e5da9000  ldrb     sb, [sl]
0x000080e4:  e5dae001  ldrb     lr, [sl, #1]
0x000080e8:  e189940e  orr      sb, sb, lr, lsl #8
0x000080ec:  e5dae002  ldrb     lr, [sl, #2]
0x000080f0:  e5daa003  ldrb     sl, [sl, #3]
0x000080f4:  e189980e  orr      sb, sb, lr, lsl #16
0x000080f8:  e1899c0a  orr      sb, sb, sl, lsl #24
0x000080fc:  e08dd000  add      sp, sp, r0
0x00008100:  e28da801  add      sl, sp, #0x10000
0x00008104:  e3a05000  mov      r5, #0
0x00008108:  e28aa901  add      sl, sl, #0x4000
0x0000810c:  e154000a  cmp      r4, sl
0x00008110:  2a000016  bhs      #0x8170

R00=00000000 R01=fffffffd R02=00000000 R03=00004000
R04=00008000 R05=00000000 R06=00000000 R07=ffffffff
R08=146dc000 R09=00000000 R10=10000000 R11=01100103
R12=000080c8 R13=00000000 R14=000083ac R15=000080c8
PSR=000001d3 ---- A svc32
----------------
IN: 
0x00008114:  e084a009  add      sl, r4, sb
0x00008118:  e28f9050  add      sb, pc, #0x50
0x0000811c:  e15a0009  cmp      sl, sb
0x00008120:  9a000012  bls      #0x8170

R00=00008000 R01=00000200 R02=002d8508 R03=002d8924
R04=00008000 R05=00000000 R06=002e0508 R07=ffffffff
R08=146dc000 R09=0088b4f8 R10=002f5928 R11=002d84d4
R12=002d8500 R13=002e1928 R14=00000088 R15=00008114
PSR=800001d3 N--- A svc32
----------------
IN: 
0x00008124:  e28aab02  add      sl, sl, #0x800
0x00008128:  e3caa0ff  bic      sl, sl, #0xff
0x0000812c:  e24f506c  sub      r5, pc, #0x6c
0x00008130:  e3c5501f  bic      r5, r5, #0x1f
0x00008134:  e0469005  sub      sb, r6, r5
0x00008138:  e289901f  add      sb, sb, #0x1f
0x0000813c:  e3c9901f  bic      sb, sb, #0x1f
0x00008140:  e0896005  add      r6, sb, r5
0x00008144:  e089900a  add      sb, sb, sl
0x00008148:  e9365c0f  ldmdb    r6!, {r0, r1, r2, r3, sl, fp, ip, lr}
0x0000814c:  e1560005  cmp      r6, r5
0x00008150:  e9295c0f  stmdb    sb!, {r0, r1, r2, r3, sl, fp, ip, lr}
0x00008154:  8afffffb  bhi      #0x8148

R00=00008000 R01=00000200 R02=002d8508 R03=002d8924
R04=00008000 R05=00000000 R06=002e0508 R07=ffffffff
R08=146dc000 R09=00008170 R10=008934f8 R11=002d84d4
R12=002d8500 R13=002e1928 R14=00000088 R15=00008124
PSR=200001d3 --C- A svc32
----------------
IN: 
0x00008148:  e9365c0f  ldmdb    r6!, {r0, r1, r2, r3, sl, fp, ip, lr}
0x0000814c:  e1560005  cmp      r6, r5
0x00008150:  e9295c0f  stmdb    sb!, {r0, r1, r2, r3, sl, fp, ip, lr}
0x00008154:  8afffffb  bhi      #0x8148

R00=00000000 R01=00000000 R02=00000000 R03=00000000
R04=00008000 R05=000080c0 R06=002e0500 R07=ffffffff
R08=146dc000 R09=00b6c040 R10=00000000 R11=00000000
R12=00000000 R13=002e1928 R14=00000000 R15=00008148
PSR=200001d3 --C- A svc32
R00=00003a48 R01=002d891c R02=002d851c R03=002d850c
R04=00008000 R05=000080c0 R06=002e04e0 R07=ffffffff
R08=146dc000 R09=00b6c020 R10=0000091c R11=002d8514
R12=002d8518 R13=002e1928 R14=002d8510 R15=00008148
PSR=200001d3 --C- A svc32
----------------
IN: 
0x00008158:  e0496006  sub      r6, sb, r6
0x0000815c:  e08dd006  add      sp, sp, r6
0x00008160:  eb000156  bl       #0x86c0

R00=33844001 R01=2b00005d R02=e28f0e13 R03=e8901c4e
R04=00008000 R05=000080c0 R06=000080c0 R07=ffffffff
R08=146dc000 R09=00893c00 R10=e590d01c R11=e0400001
R12=e0866000 R13=002e1928 R14=e08aa000 R15=00008158
PSR=600001d3 -ZC- A svc32
----------------
IN: 
0x000086c0:  e3a03010  mov      r3, #0x10
0x000086c4:  eaffff68  b        #0x846c

R00=33844001 R01=2b00005d R02=e28f0e13 R03=e8901c4e
R04=00008000 R05=000080c0 R06=0088bb40 R07=ffffffff
R08=146dc000 R09=00893c00 R10=e590d01c R11=e0400001
R12=e0866000 R13=00b6d468 R14=00008164 R15=000086c0
PSR=600001d3 -ZC- A svc32
R00=33844001 R01=2b00005d R02=e28f0e13 R03=00000010
R04=00008000 R05=000080c0 R06=0088bb40 R07=ffffffff
R08=146dc000 R09=00893c00 R10=e590d01c R11=e0400001
R12=e0866000 R13=00b6d468 R14=00008164 R15=0000846c
PSR=600001d3 -ZC- A svc32
----------------
IN: 
0x000085f4:  ea000051  b        #0x8740

R00=33844001 R01=4100b022 R02=000f0000 R03=00000010
R04=00008000 R05=000080c0 R06=0088bb40 R07=ffffffff
R08=146dc000 R09=410fb022 R10=e590d01c R11=e0400001
R12=000085e4 R13=00b6d468 R14=00008164 R15=000085f4
PSR=600001d3 -ZC- A svc32
----------------
IN: 
0x00008740:  e3140001  tst      r4, #1
0x00008744:  1a000029  bne      #0x87f0

R00=33844001 R01=4100b022 R02=000f0000 R03=00000010
R04=00008000 R05=000080c0 R06=0088bb40 R07=ffffffff
R08=146dc000 R09=410fb022 R10=e590d01c R11=e0400001
R12=000085e4 R13=00b6d468 R14=00008164 R15=00008740
PSR=600001d3 -ZC- A svc32
----------------
IN: 
0x00008748:  ee10afb1  mrc      p15, #0, sl, c0, c1, #5
0x0000874c:  e31a080f  tst      sl, #0xf0000
0x00008750:  e3a0a000  mov      sl, #0
0x00008754:  0a000001  beq      #0x8760

R00=33844001 R01=4100b022 R02=000f0000 R03=00000010
R04=00008000 R05=000080c0 R06=0088bb40 R07=ffffffff
R08=146dc000 R09=410fb022 R10=e590d01c R11=e0400001
R12=000085e4 R13=00b6d468 R14=00008164 R15=00008748
PSR=600001d3 -ZC- A svc32
----------------
IN: 
0x00008758:  ee07af1e  mcr      p15, #0, sl, c7, c14, #0
0x0000875c:  ea000023  b        #0x87f0

R00=33844001 R01=4100b022 R02=000f0000 R03=00000010
R04=00008000 R05=000080c0 R06=0088bb40 R07=ffffffff
R08=146dc000 R09=410fb022 R10=00000000 R11=e0400001
R12=000085e4 R13=00b6d468 R14=00008164 R15=00008758
PSR=000001d3 ---- A svc32
----------------
IN: 
0x000087f0:  ee07af9a  mcr      p15, #0, sl, c7, c10, #4
0x000087f4:  ee07af15  mcr      p15, #0, sl, c7, c5, #0
0x000087f8:  ee07af9a  mcr      p15, #0, sl, c7, c10, #4
0x000087fc:  ee07af95  mcr      p15, #0, sl, c7, c5, #4

R00=33844001 R01=4100b022 R02=000f0000 R03=00000010
R04=00008000 R05=000080c0 R06=0088bb40 R07=ffffffff
R08=146dc000 R09=410fb022 R10=00000000 R11=e0400001
R12=000085e4 R13=00b6d468 R14=00008164 R15=000087f0
PSR=000001d3 ---- A svc32
----------------
IN: 
0x00008800:  e1a0f00e  mov      pc, lr

R00=33844001 R01=4100b022 R02=000f0000 R03=00000010
R04=00008000 R05=000080c0 R06=0088bb40 R07=ffffffff
R08=146dc000 R09=410fb022 R10=00000000 R11=e0400001
R12=000085e4 R13=00b6d468 R14=00008164 R15=00008800
PSR=000001d3 ---- A svc32
----------------
IN: 
0x00008164:  e24f00a4  sub      r0, pc, #0xa4
0x00008168:  e0800006  add      r0, r0, r6
0x0000816c:  e1a0f000  mov      pc, r0

R00=33844001 R01=4100b022 R02=000f0000 R03=00000010
R04=00008000 R05=000080c0 R06=0088bb40 R07=ffffffff
R08=146dc000 R09=410fb022 R10=00000000 R11=e0400001
R12=000085e4 R13=00b6d468 R14=00008164 R15=00008164
PSR=000001d3 ---- A svc32
----------------
IN: 
0x00893c08:  e28f0e13  add      r0, pc, #0x130
0x00893c0c:  e8901c4e  ldm      r0, {r1, r2, r3, r6, sl, fp, ip}
0x00893c10:  e590d01c  ldr      sp, [r0, #0x1c]
0x00893c14:  e0400001  sub      r0, r0, r1
0x00893c18:  e0866000  add      r6, r6, r0
0x00893c1c:  e08aa000  add      sl, sl, r0
0x00893c20:  e5da9000  ldrb     sb, [sl]
0x00893c24:  e5dae001  ldrb     lr, [sl, #1]
0x00893c28:  e189940e  orr      sb, sb, lr, lsl #8
0x00893c2c:  e5dae002  ldrb     lr, [sl, #2]
0x00893c30:  e5daa003  ldrb     sl, [sl, #3]
0x00893c34:  e189980e  orr      sb, sb, lr, lsl #16
0x00893c38:  e1899c0a  orr      sb, sb, sl, lsl #24
0x00893c3c:  e08dd000  add      sp, sp, r0
0x00893c40:  e28da801  add      sl, sp, #0x10000
0x00893c44:  e3a05000  mov      r5, #0
0x00893c48:  e28aa901  add      sl, sl, #0x4000
0x00893c4c:  e154000a  cmp      r4, sl
0x00893c50:  2a000016  bhs      #0x893cb0

R00=00893c08 R01=4100b022 R02=000f0000 R03=00000010
R04=00008000 R05=000080c0 R06=0088bb40 R07=ffffffff
R08=146dc000 R09=410fb022 R10=00000000 R11=e0400001
R12=000085e4 R13=00b6d468 R14=00008164 R15=00893c08
PSR=000001d3 ---- A svc32
----------------
IN: 
0x00893c54:  e084a009  add      sl, r4, sb
0x00893c58:  e28f9050  add      sb, pc, #0x50
0x00893c5c:  e15a0009  cmp      sl, sb
0x00893c60:  9a000012  bls      #0x893cb0

R00=00893b40 R01=00000200 R02=002d8508 R03=002d8924
R04=00008000 R05=00000000 R06=00b6c048 R07=ffffffff
R08=146dc000 R09=0088b4f8 R10=00b81468 R11=002d84d4
R12=002d8500 R13=00b6d468 R14=00000088 R15=00893c54
PSR=800001d3 N--- A svc32
----------------
IN: 
0x00893cb0:  e1901005  orrs     r1, r0, r5
0x00893cb4:  0a00000d  beq      #0x893cf0

R00=00893b40 R01=00000200 R02=002d8508 R03=002d8924
R04=00008000 R05=00000000 R06=00b6c048 R07=ffffffff
R08=146dc000 R09=00893cb0 R10=008934f8 R11=002d84d4
R12=002d8500 R13=00b6d468 R14=00000088 R15=00893cb0
PSR=800001d3 N--- A svc32
----------------
IN: 
0x00893cb8:  e08bb000  add      fp, fp, r0
0x00893cbc:  e08cc000  add      ip, ip, r0
0x00893cc0:  e0822000  add      r2, r2, r0
0x00893cc4:  e0833000  add      r3, r3, r0
0x00893cc8:  e59b1000  ldr      r1, [fp]
0x00893ccc:  e0811000  add      r1, r1, r0
0x00893cd0:  e1510002  cmp      r1, r2
0x00893cd4:  21530001  cmphs    r3, r1
0x00893cd8:  80811005  addhi    r1, r1, r5
0x00893cdc:  e48b1004  str      r1, [fp], #4
0x00893ce0:  e15b000c  cmp      fp, ip
0x00893ce4:  3afffff7  blo      #0x893cc8

R00=00893b40 R01=00893b40 R02=002d8508 R03=002d8924
R04=00008000 R05=00000000 R06=00b6c048 R07=ffffffff
R08=146dc000 R09=00893cb0 R10=008934f8 R11=002d84d4
R12=002d8500 R13=00b6d468 R14=00000088 R15=00893cb8
PSR=000001d3 ---- A svc32
----------------
IN: 
0x00893cc8:  e59b1000  ldr      r1, [fp]
0x00893ccc:  e0811000  add      r1, r1, r0
0x00893cd0:  e1510002  cmp      r1, r2
0x00893cd4:  21530001  cmphs    r3, r1
0x00893cd8:  80811005  addhi    r1, r1, r5
0x00893cdc:  e48b1004  str      r1, [fp], #4
0x00893ce0:  e15b000c  cmp      fp, ip
0x00893ce4:  3afffff7  blo      #0x893cc8

R00=00893b40 R01=00b6c048 R02=00b6c048 R03=00b6c464
R04=00008000 R05=00000000 R06=00b6c048 R07=ffffffff
R08=146dc000 R09=00893cb0 R10=008934f8 R11=00b6c018
R12=00b6c040 R13=00b6d468 R14=00000088 R15=00893cc8
PSR=800001d3 N--- A svc32
R00=00893b40 R01=00b6c008 R02=00b6c048 R03=00b6c464
R04=00008000 R05=00000000 R06=00b6c048 R07=ffffffff
R08=146dc000 R09=00893cb0 R10=008934f8 R11=00b6c01c
R12=00b6c040 R13=00b6d468 R14=00000088 R15=00893cc8
PSR=800001d3 N--- A svc32
----------------
IN: 
0x00893ce8:  e0822005  add      r2, r2, r5
0x00893cec:  e0833005  add      r3, r3, r5
0x00893cf0:  e3a00000  mov      r0, #0
0x00893cf4:  e4820004  str      r0, [r2], #4
0x00893cf8:  e4820004  str      r0, [r2], #4
0x00893cfc:  e4820004  str      r0, [r2], #4
0x00893d00:  e4820004  str      r0, [r2], #4
0x00893d04:  e1520003  cmp      r2, r3
0x00893d08:  3afffff9  blo      #0x893cf4

R00=00893b40 R01=00b6c050 R02=00b6c048 R03=00b6c464
R04=00008000 R05=00000000 R06=00b6c048 R07=ffffffff
R08=146dc000 R09=00893cb0 R10=008934f8 R11=00b6c040
R12=00b6c040 R13=00b6d468 R14=00000088 R15=00893ce8
PSR=600001d3 -ZC- A svc32
----------------
IN: 
0x00893cf4:  e4820004  str      r0, [r2], #4
0x00893cf8:  e4820004  str      r0, [r2], #4
0x00893cfc:  e4820004  str      r0, [r2], #4
0x00893d00:  e4820004  str      r0, [r2], #4
0x00893d04:  e1520003  cmp      r2, r3
0x00893d08:  3afffff9  blo      #0x893cf4

R00=00000000 R01=00b6c050 R02=00b6c058 R03=00b6c464
R04=00008000 R05=00000000 R06=00b6c048 R07=ffffffff
R08=146dc000 R09=00893cb0 R10=008934f8 R11=00b6c040
R12=00b6c040 R13=00b6d468 R14=00000088 R15=00893cf4
PSR=800001d3 N--- A svc32
R00=00000000 R01=00b6c050 R02=00b6c068 R03=00b6c464
R04=00008000 R05=00000000 R06=00b6c048 R07=ffffffff
R08=146dc000 R09=00893cb0 R10=008934f8 R11=00b6c040
R12=00b6c040 R13=00b6d468 R14=00000088 R15=00893cf4
PSR=800001d3 N--- A svc32
----------------
IN: 
0x00893d0c:  e3140001  tst      r4, #1
0x00893d10:  e3c44001  bic      r4, r4, #1
0x00893d14:  1b000019  blne     #0x893d80

R00=00000000 R01=00b6c050 R02=00b6c468 R03=00b6c464
R04=00008000 R05=00000000 R06=00b6c048 R07=ffffffff
R08=146dc000 R09=00893cb0 R10=008934f8 R11=00b6c040
R12=00b6c040 R13=00b6d468 R14=00000088 R15=00893d0c
PSR=200001d3 --C- A svc32
----------------
IN: 
0x00893d18:  e1a00004  mov      r0, r4
0x00893d1c:  e1a0100d  mov      r1, sp
0x00893d20:  e28d2801  add      r2, sp, #0x10000
0x00893d24:  e1a03007  mov      r3, r7
0x00893d28:  eb0001ea  bl       #0x8944d8

R00=00000000 R01=00b6c050 R02=00b6c468 R03=00b6c464
R04=00008000 R05=00000000 R06=00b6c048 R07=ffffffff
R08=146dc000 R09=00893cb0 R10=008934f8 R11=00b6c040
R12=00b6c040 R13=00b6d468 R14=00000088 R15=00893d18
PSR=600001d3 -ZC- A svc32
----------------
IN: 
0x008944d8:  e92d43f8  push     {r3, r4, r5, r6, r7, r8, sb, lr}
0x008944dc:  e1a09000  mov      sb, r0
0x008944e0:  e59f4098  ldr      r4, [pc, #0x98]
0x008944e4:  e1a08001  mov      r8, r1
0x008944e8:  e1a07002  mov      r7, r2
0x008944ec:  e1a06003  mov      r6, r3
0x008944f0:  ebffffea  bl       #0x8944a0

R00=00008000 R01=00b6d468 R02=00b7d468 R03=ffffffff
R04=00008000 R05=00000000 R06=00b6c048 R07=ffffffff
R08=146dc000 R09=00893cb0 R10=008934f8 R11=00b6c040
R12=00b6c040 R13=00b6d468 R14=00893d2c R15=008944d8
PSR=600001d3 -ZC- A svc32
----------------
IN: 
0x008944a0:  e59f3014  ldr      r3, [pc, #0x14]
0x008944a4:  e59f1014  ldr      r1, [pc, #0x14]
0x008944a8:  e08f3003  add      r3, pc, r3
0x008944ac:  e59f2010  ldr      r2, [pc, #0x10]
0x008944b0:  e7933001  ldr      r3, [r3, r1]
0x008944b4:  e5832000  str      r2, [r3]
0x008944b8:  e12fff1e  bx       lr

R00=00008000 R01=00b6d468 R02=00b7d468 R03=ffffffff
R04=002d7b14 R05=00000000 R06=ffffffff R07=00b7d468
R08=00b6d468 R09=00008000 R10=008934f8 R11=00b6c040
R12=00b6c040 R13=00b6d448 R14=008944f4 R15=008944a0
PSR=600001d3 -ZC- A svc32
----------------
IN: 
0x008944f4:  e59f3088  ldr      r3, [pc, #0x88]
0x008944f8:  e08f4004  add      r4, pc, r4
0x008944fc:  e59f1084  ldr      r1, [pc, #0x84]
0x00894500:  e7945003  ldr      r5, [r4, r3]
0x00894504:  e59f2080  ldr      r2, [pc, #0x80]
0x00894508:  e59f3080  ldr      r3, [pc, #0x80]
0x0089450c:  e5859000  str      sb, [r5]
0x00894510:  e7941001  ldr      r1, [r4, r1]
0x00894514:  e59f0078  ldr      r0, [pc, #0x78]
0x00894518:  e5818000  str      r8, [r1]
0x0089451c:  e7942002  ldr      r2, [r4, r2]
0x00894520:  e08f0000  add      r0, pc, r0
0x00894524:  e5827000  str      r7, [r2]
0x00894528:  e7943003  ldr      r3, [r4, r3]
0x0089452c:  e5836000  str      r6, [r3]
0x00894530:  ebffffb2  bl       #0x894400

R00=00008000 R01=00000000 R02=000a0dff R03=00b6c048
R04=002d7b14 R05=00000000 R06=ffffffff R07=00b7d468
R08=00b6d468 R09=00008000 R10=008934f8 R11=00b6c040
R12=00b6c040 R13=00b6d448 R14=008944f4 R15=008944f4
PSR=600001d3 -ZC- A svc32
----------------
IN: 
0x00894400:  e52de004  str      lr, [sp, #-4]!
0x00894404:  e3a0e00d  mov      lr, #0xd
0x00894408:  e59f2048  ldr      r2, [pc, #0x48]
0x0089440c:  ea00000d  b        #0x894448

R00=0089744c R01=00b6c050 R02=00b6c04c R03=00b6c058
R04=00b6c014 R05=00b6c054 R06=ffffffff R07=00b7d468
R08=00b6d468 R09=00008000 R10=008934f8 R11=00b6c040
R12=00b6c040 R13=00b6d448 R14=00894534 R15=00894400
PSR=600001d3 -ZC- A svc32
----------------
IN: 
0x00894448:  e4d0c001  ldrb     ip, [r0], #1
0x0089444c:  e35c0000  cmp      ip, #0
0x00894450:  1affffee  bne      #0x894410

R00=0089744c R01=00b6c050 R02=44200000 R03=00b6c058
R04=00b6c014 R05=00b6c054 R06=ffffffff R07=00b7d468
R08=00b6d468 R09=00008000 R10=008934f8 R11=00b6c040
R12=00b6c040 R13=00b6d444 R14=0000000d R15=00894448
PSR=600001d3 -ZC- A svc32
----------------
IN: 
0x00894410:  e35c000a  cmp      ip, #0xa
0x00894414:  1a000006  bne      #0x894434

R00=0089744d R01=00b6c050 R02=44200000 R03=00b6c058
R04=00b6c014 R05=00b6c054 R06=ffffffff R07=00b7d468
R08=00b6d468 R09=00008000 R10=008934f8 R11=00b6c040
R12=00000055 R13=00b6d444 R14=0000000d R15=00894410
PSR=200001d3 --C- A svc32
----------------
IN: 
0x00894434:  e5d23005  ldrb     r3, [r2, #5]
0x00894438:  e59f1018  ldr      r1, [pc, #0x18]
0x0089443c:  e3130020  tst      r3, #0x20
0x00894440:  0afffffb  beq      #0x894434

R00=0089744d R01=00b6c050 R02=44200000 R03=00b6c058
R04=00b6c014 R05=00b6c054 R06=ffffffff R07=00b7d468
R08=00b6d468 R09=00008000 R10=008934f8 R11=00b6c040
R12=00000055 R13=00b6d444 R14=0000000d R15=00894434
PSR=200001d3 --C- A svc32
----------------
IN: 
0x00894444:  e5c1c000  strb     ip, [r1]
0x00894448:  e4d0c001  ldrb     ip, [r0], #1
0x0089444c:  e35c0000  cmp      ip, #0
0x00894450:  1affffee  bne      #0x894410

R00=0089744d R01=44200000 R02=44200000 R03=00000060
R04=00b6c014 R05=00b6c054 R06=ffffffff R07=00b7d468
R08=00b6d468 R09=00008000 R10=008934f8 R11=00b6c040
R12=00000055 R13=00b6d444 R14=0000000d R15=00894444
PSR=200001d3 --C- A svc32
R00=0089744e R01=44200000 R02=44200000 R03=00000060
R04=00b6c014 R05=00b6c054 R06=ffffffff R07=00b7d468
R08=00b6d468 R09=00008000 R10=008934f8 R11=00b6c040
R12=0000006e R13=00b6d444 R14=0000000d R15=00894410
PSR=200001d3 --C- A svc32
----------------
IN: 
0x00894454:  e49df004  pop      {pc}

R00=00897463 R01=44200000 R02=44200000 R03=00000060
R04=00b6c014 R05=00b6c054 R06=ffffffff R07=00b7d468
R08=00b6d468 R09=00008000 R10=008934f8 R11=00b6c040
R12=00000000 R13=00b6d444 R14=0000000d R15=00894454
PSR=600001d3 -ZC- A svc32
----------------
IN: 
0x00894534:  e59f105c  ldr      r1, [pc, #0x5c]
0x00894538:  e59f205c  ldr      r2, [pc, #0x5c]
0x0089453c:  e59f305c  ldr      r3, [pc, #0x5c]
0x00894540:  e7940001  ldr      r0, [r4, r1]
0x00894544:  e7941002  ldr      r1, [r4, r2]
0x00894548:  e7943003  ldr      r3, [r4, r3]
0x0089454c:  e5952000  ldr      r2, [r5]
0x00894550:  e0601001  rsb      r1, r0, r1
0x00894554:  eb0009e7  bl       #0x896cf8

R00=00897463 R01=44200000 R02=44200000 R03=00000060
R04=00b6c014 R05=00b6c054 R06=ffffffff R07=00b7d468
R08=00b6d468 R09=00008000 R10=008934f8 R11=00b6c040
R12=00000000 R13=00b6d448 R14=0000000d R15=00894534
PSR=600001d3 -ZC- A svc32
----------------
IN: 
0x00896cf8:  e92d43f0  push     {r4, r5, r6, r7, r8, sb, lr}
0x00896cfc:  e1a07000  mov      r7, r0
0x00896d00:  e59fe178  ldr      lr, [pc, #0x178]
0x00896d04:  e59fc178  ldr      ip, [pc, #0x178]
0x00896d08:  e08fe00e  add      lr, pc, lr
0x00896d0c:  e1a08001  mov      r8, r1
0x00896d10:  e79e000c  ldr      r0, [lr, ip]
0x00896d14:  e1a0100e  mov      r1, lr
0x00896d18:  e1a09002  mov      sb, r2
0x00896d1c:  e1a06003  mov      r6, r3
0x00896d20:  e24dd01c  sub      sp, sp, #0x1c
0x00896d24:  e2402004  sub      r2, r0, #4
0x00896d28:  e3a03000  mov      r3, #0
0x00896d2c:  ea00000a  b        #0x896d5c

R00=00897588 R01=002d4a80 R02=00008000 R03=0089445c
R04=00b6c014 R05=00b6c054 R06=ffffffff R07=00b7d468
R08=00b6d468 R09=00008000 R10=008934f8 R11=00b6c040
R12=00000000 R13=00b6d448 R14=00894558 R15=00896cf8
PSR=600001d3 -ZC- A svc32
----------------
IN: 
0x00896d5c:  e1a0e003  mov      lr, r3
0x00896d60:  e3a00008  mov      r0, #8
0x00896d64:  eafffff1  b        #0x896d30

R00=00b6c05c R01=00b6c014 R02=00b6c058 R03=00000000
R04=00b6c014 R05=00b6c054 R06=0089445c R07=00897588
R08=002d4a80 R09=00008000 R10=008934f8 R11=00b6c040
R12=00000014 R13=00b6d410 R14=00b6c014 R15=00896d5c
PSR=600001d3 -ZC- A svc32
----------------
IN: 
0x00896d30:  e59fc150  ldr      ip, [pc, #0x150]
0x00896d34:  e21e5001  ands     r5, lr, #1
0x00896d38:  13e05000  mvnne    r5, #0
0x00896d3c:  e00cc005  and      ip, ip, r5
0x00896d40:  e2500001  subs     r0, r0, #1
0x00896d44:  e02ce0ae  eor      lr, ip, lr, lsr #1
0x00896d48:  1afffff8  bne      #0x896d30

R00=00000008 R01=00b6c014 R02=00b6c058 R03=00000000
R04=00b6c014 R05=00b6c054 R06=0089445c R07=00897588
R08=002d4a80 R09=00008000 R10=008934f8 R11=00b6c040
R12=00000014 R13=00b6d410 R14=00000000 R15=00896d30
PSR=600001d3 -ZC- A svc32
R00=00000007 R01=00b6c014 R02=00b6c058 R03=00000000
R04=00b6c014 R05=00000000 R06=0089445c R07=00897588
R08=002d4a80 R09=00008000 R10=008934f8 R11=00b6c040
R12=00000000 R13=00b6d410 R14=00000000 R15=00896d30
PSR=200001d3 --C- A svc32
----------------
IN: 
0x00896d4c:  e2833001  add      r3, r3, #1
0x00896d50:  e3530c01  cmp      r3, #0x100
0x00896d54:  e5a2e004  str      lr, [r2, #4]!
0x00896d58:  0a000002  beq      #0x896d68

R00=00000000 R01=00b6c014 R02=00b6c058 R03=00000000
R04=00b6c014 R05=00000000 R06=0089445c R07=00897588
R08=002d4a80 R09=00008000 R10=008934f8 R11=00b6c040
R12=00000000 R13=00b6d410 R14=00000000 R15=00896d4c
PSR=600001d3 -ZC- A svc32
R00=00000000 R01=00b6c014 R02=00b6c05c R03=00000001
R04=00b6c014 R05=00000000 R06=0089445c R07=00897588
R08=002d4a80 R09=00008000 R10=008934f8 R11=00b6c040
R12=00000000 R13=00b6d410 R14=00000000 R15=00896d5c
PSR=800001d3 N--- A svc32
----------------
IN: 
0x00896d68:  e1a01000  mov      r1, r0
0x00896d6c:  ebfff6ab  bl       #0x894820

R00=00000000 R01=00b6c014 R02=00b6c458 R03=00000100
R04=00b6c014 R05=00000000 R06=0089445c R07=00897588
R08=002d4a80 R09=00008000 R10=008934f8 R11=00b6c040
R12=00000000 R13=00b6d410 R14=2d02ef8d R15=00896d68
PSR=600001d3 -ZC- A svc32
----------------
IN: 
0x00894820:  e92d41f0  push     {r4, r5, r6, r7, r8, lr}
0x00894824:  e1a05000  mov      r5, r0
0x00894828:  e59f01b8  ldr      r0, [pc, #0x1b8]
0x0089482c:  e1a08001  mov      r8, r1
0x00894830:  ebffff5d  bl       #0x8945ac

R00=00000000 R01=00000000 R02=00b6c458 R03=00000100
R04=00b6c014 R05=00000000 R06=0089445c R07=00897588
R08=002d4a80 R09=00008000 R10=008934f8 R11=00b6c040
R12=00000000 R13=00b6d410 R14=00896d70 R15=00894820
PSR=600001d3 -ZC- A svc32
----------------
IN: 
0x008945ac:  e59f3080  ldr      r3, [pc, #0x80]
0x008945b0:  e2501000  subs     r1, r0, #0
0x008945b4:  e08f3003  add      r3, pc, r3
0x008945b8:  aa000002  bge      #0x8945c8

R00=000004b8 R01=00000000 R02=00b6c458 R03=00000100
R04=00b6c014 R05=00000000 R06=0089445c R07=00897588
R08=00000000 R09=00008000 R10=008934f8 R11=00b6c040
R12=00000000 R13=00b6d3f8 R14=00894834 R15=008945ac
PSR=600001d3 -ZC- A svc32
----------------
IN: 
0x008945c8:  e59f2068  ldr      r2, [pc, #0x68]
0x008945cc:  e52de004  str      lr, [sp, #-4]!
0x008945d0:  e7932002  ldr      r2, [r3, r2]
0x008945d4:  e592c000  ldr      ip, [r2]
0x008945d8:  e35c0000  cmp      ip, #0
0x008945dc:  059f0058  ldreq    r0, [pc, #0x58]
0x008945e0:  07930000  ldreq    r0, [r3, r0]
0x008945e4:  0590c000  ldreq    ip, [r0]
0x008945e8:  e28c0003  add      r0, ip, #3
0x008945ec:  e59fe04c  ldr      lr, [pc, #0x4c]
0x008945f0:  e3c00003  bic      r0, r0, #3
0x008945f4:  e0801001  add      r1, r0, r1
0x008945f8:  e5821000  str      r1, [r2]
0x008945fc:  e793200e  ldr      r2, [r3, lr]
0x00894600:  e5922000  ldr      r2, [r2]
0x00894604:  e3520000  cmp      r2, #0
0x00894608:  0a000001  beq      #0x894614

R00=000004b8 R01=000004b8 R02=00b6c458 R03=00b6c014
R04=00b6c014 R05=00000000 R06=0089445c R07=00897588
R08=00000000 R09=00008000 R10=008934f8 R11=00b6c040
R12=00000000 R13=00b6d3f8 R14=00894834 R15=008945c8
PSR=200001d3 --C- A svc32
----------------
IN: 
0x0089460c:  e1510002  cmp      r1, r2
0x00894610:  2affffea  bhs      #0x8945c0

R00=00b6d468 R01=00b6d920 R02=00b7d468 R03=00b6c014
R04=00b6c014 R05=00000000 R06=0089445c R07=00897588
R08=00000000 R09=00008000 R10=008934f8 R11=00b6c040
R12=00b6d468 R13=00b6d3f4 R14=00000018 R15=0089460c
PSR=200001d3 --C- A svc32
----------------
IN: 
0x00894614:  e59f2028  ldr      r2, [pc, #0x28]
0x00894618:  e7933002  ldr      r3, [r3, r2]
0x0089461c:  e5932000  ldr      r2, [r3]
0x00894620:  e2822001  add      r2, r2, #1
0x00894624:  e5832000  str      r2, [r3]
0x00894628:  e49df004  pop      {pc}

R00=00b6d468 R01=00b6d920 R02=00b7d468 R03=00b6c014
R04=00b6c014 R05=00000000 R06=0089445c R07=00897588
R08=00000000 R09=00008000 R10=008934f8 R11=00b6c040
R12=00b6d468 R13=00b6d3f4 R14=00000018 R15=00894614
PSR=800001d3 N--- A svc32
----------------
IN: 
0x00894834:  e59f71b0  ldr      r7, [pc, #0x1b0]
0x00894838:  e08f7007  add      r7, pc, r7
0x0089483c:  e2504000  subs     r4, r0, #0
0x00894840:  1a000001  bne      #0x89484c

R00=00b6d468 R01=00b6d920 R02=00000001 R03=00b6c45c
R04=00b6c014 R05=00000000 R06=0089445c R07=00897588
R08=00000000 R09=00008000 R10=008934f8 R11=00b6c040
R12=00b6d468 R13=00b6d3f8 R14=00000018 R15=00894834
PSR=800001d3 N--- A svc32
----------------
IN: 
0x0089484c:  e5845020  str      r5, [r4, #0x20]
0x00894850:  e3a00038  mov      r0, #0x38
0x00894854:  ebffff54  bl       #0x8945ac

R00=00b6d468 R01=00b6d920 R02=00000001 R03=00b6c45c
R04=00b6d468 R05=00000000 R06=0089445c R07=00b6c014
R08=00000000 R09=00008000 R10=008934f8 R11=00b6c040
R12=00b6d468 R13=00b6d3f8 R14=00000018 R15=0089484c
PSR=200001d3 --C- A svc32
----------------
IN: 
0x00894858:  e16f3f15  clz      r3, r5
0x0089485c:  e1a032a3  lsr      r3, r3, #5
0x00894860:  e2502000  subs     r2, r0, #0
0x00894864:  0a000047  beq      #0x894988

R00=00b6d920 R01=00b6d958 R02=00000002 R03=00b6c45c
R04=00b6d468 R05=00000000 R06=0089445c R07=00b6c014
R08=00000000 R09=00008000 R10=008934f8 R11=00b6c040
R12=00b6d920 R13=00b6d3f8 R14=00000018 R15=00894858
PSR=800001d3 N--- A svc32
